========================================================
Job ID        : 44370841
Node          : mgh3
CPUs          : 8
Start time    : Wed Jul  1 09:48:37 MDT 2026
Project dir   : /home/ganeshiny.sridharan/dgg/deep-green-GO
Log .out      : /home/ganeshiny.sridharan/dgg/deep-green-GO/logs/deepgreengo_jk_44370841.out
Log .err      : /home/ganeshiny.sridharan/dgg/deep-green-GO/logs/deepgreengo_jk_44370841.err
========================================================
Array Job Detected: Running ONLY for biological_process
--- Running Best Hyperparameters Test First ---
Fetching best hyperparameters for biological_process...
Found Best Params -> LR: 0.0005, Dropout: 0.3, Batch Size: 32
Running HybridGNN_JK training test...
Using device: cuda

[RESUME] Found successfully completed run in runs_jk_test/biological_process/bp_Hybrid_JK_Focal_lr0.0005_dp0.3_bs32_s42.
[RESUME] Skipping training to save compute!

--- Starting Full Grid Search ---
Running tuning only for: biological_process
=========================================
  DeepGreenGO Hyperparameter Tuning (JK)
=========================================
Dataset: preprocessing/data/split_files/datasets.pkl
Output Directory: tuning_runs_jk

------------------------------------------------------
  Tuning Run 1 / 18
  Ontology: biological_process | LR: 1e-4 | Dropout: 0.2 | Batch: 16
------------------------------------------------------
Using device: cuda

[RESUME] Found successfully completed run in tuning_runs_jk/bp_Hybrid_JK_Focal_lr0.0001_dp0.2_bs16_s42.
[RESUME] Skipping training to save compute!

------------------------------------------------------
  Tuning Run 2 / 18
  Ontology: biological_process | LR: 1e-4 | Dropout: 0.2 | Batch: 32
------------------------------------------------------
Using device: cuda

[RESUME] Found successfully completed run in tuning_runs_jk/bp_Hybrid_JK_Focal_lr0.0001_dp0.2_bs32_s42.
[RESUME] Skipping training to save compute!

------------------------------------------------------
  Tuning Run 3 / 18
  Ontology: biological_process | LR: 1e-4 | Dropout: 0.3 | Batch: 16
------------------------------------------------------
Using device: cuda

[RESUME] Found successfully completed run in tuning_runs_jk/bp_Hybrid_JK_Focal_lr0.0001_dp0.3_bs16_s42.
[RESUME] Skipping training to save compute!

------------------------------------------------------
  Tuning Run 4 / 18
  Ontology: biological_process | LR: 1e-4 | Dropout: 0.3 | Batch: 32
------------------------------------------------------
Using device: cuda

[RESUME] Found successfully completed run in tuning_runs_jk/bp_Hybrid_JK_Focal_lr0.0001_dp0.3_bs32_s42.
[RESUME] Skipping training to save compute!

------------------------------------------------------
  Tuning Run 5 / 18
  Ontology: biological_process | LR: 1e-4 | Dropout: 0.4 | Batch: 16
------------------------------------------------------
Using device: cuda

[RESUME] Found successfully completed run in tuning_runs_jk/bp_Hybrid_JK_Focal_lr0.0001_dp0.4_bs16_s42.
[RESUME] Skipping training to save compute!

------------------------------------------------------
  Tuning Run 6 / 18
  Ontology: biological_process | LR: 1e-4 | Dropout: 0.4 | Batch: 32
------------------------------------------------------
Using device: cuda

[RESUME] Found successfully completed run in tuning_runs_jk/bp_Hybrid_JK_Focal_lr0.0001_dp0.4_bs32_s42.
[RESUME] Skipping training to save compute!

------------------------------------------------------
  Tuning Run 7 / 18
  Ontology: biological_process | LR: 5e-4 | Dropout: 0.2 | Batch: 16
------------------------------------------------------
Using device: cuda

[RESUME] Found successfully completed run in tuning_runs_jk/bp_Hybrid_JK_Focal_lr0.0005_dp0.2_bs16_s42.
[RESUME] Skipping training to save compute!

------------------------------------------------------
  Tuning Run 8 / 18
  Ontology: biological_process | LR: 5e-4 | Dropout: 0.2 | Batch: 32
------------------------------------------------------
Using device: cuda

[RESUME] Found successfully completed run in tuning_runs_jk/bp_Hybrid_JK_Focal_lr0.0005_dp0.2_bs32_s42.
[RESUME] Skipping training to save compute!

------------------------------------------------------
  Tuning Run 9 / 18
  Ontology: biological_process | LR: 5e-4 | Dropout: 0.3 | Batch: 16
------------------------------------------------------
Using device: cuda

[RESUME] Found successfully completed run in tuning_runs_jk/bp_Hybrid_JK_Focal_lr0.0005_dp0.3_bs16_s42.
[RESUME] Skipping training to save compute!

------------------------------------------------------
  Tuning Run 10 / 18
  Ontology: biological_process | LR: 5e-4 | Dropout: 0.3 | Batch: 32
------------------------------------------------------
Using device: cuda

[RESUME] Found successfully completed run in tuning_runs_jk/bp_Hybrid_JK_Focal_lr0.0005_dp0.3_bs32_s42.
[RESUME] Skipping training to save compute!

------------------------------------------------------
  Tuning Run 11 / 18
  Ontology: biological_process | LR: 5e-4 | Dropout: 0.4 | Batch: 16
------------------------------------------------------
Using device: cuda

[RESUME] Found successfully completed run in tuning_runs_jk/bp_Hybrid_JK_Focal_lr0.0005_dp0.4_bs16_s42.
[RESUME] Skipping training to save compute!

------------------------------------------------------
  Tuning Run 12 / 18
  Ontology: biological_process | LR: 5e-4 | Dropout: 0.4 | Batch: 32
------------------------------------------------------
Using device: cuda

[RESUME] Found successfully completed run in tuning_runs_jk/bp_Hybrid_JK_Focal_lr0.0005_dp0.4_bs32_s42.
[RESUME] Skipping training to save compute!

------------------------------------------------------
  Tuning Run 13 / 18
  Ontology: biological_process | LR: 1e-3 | Dropout: 0.2 | Batch: 16
------------------------------------------------------
Using device: cuda

[RESUME] Found successfully completed run in tuning_runs_jk/bp_Hybrid_JK_Focal_lr0.001_dp0.2_bs16_s42.
[RESUME] Skipping training to save compute!

------------------------------------------------------
  Tuning Run 14 / 18
  Ontology: biological_process | LR: 1e-3 | Dropout: 0.2 | Batch: 32
------------------------------------------------------
Using device: cuda

[RESUME] Found successfully completed run in tuning_runs_jk/bp_Hybrid_JK_Focal_lr0.001_dp0.2_bs32_s42.
[RESUME] Skipping training to save compute!

------------------------------------------------------
  Tuning Run 15 / 18
  Ontology: biological_process | LR: 1e-3 | Dropout: 0.3 | Batch: 16
------------------------------------------------------
Using device: cuda

[RESUME] Found successfully completed run in tuning_runs_jk/bp_Hybrid_JK_Focal_lr0.001_dp0.3_bs16_s42.
[RESUME] Skipping training to save compute!

------------------------------------------------------
  Tuning Run 16 / 18
  Ontology: biological_process | LR: 1e-3 | Dropout: 0.3 | Batch: 32
------------------------------------------------------
Using device: cuda

[RESUME] Found successfully completed run in tuning_runs_jk/bp_Hybrid_JK_Focal_lr0.001_dp0.3_bs32_s42.
[RESUME] Skipping training to save compute!

------------------------------------------------------
  Tuning Run 17 / 18
  Ontology: biological_process | LR: 1e-3 | Dropout: 0.4 | Batch: 16
------------------------------------------------------
Using device: cuda

[RESUME] Found successfully completed run in tuning_runs_jk/bp_Hybrid_JK_Focal_lr0.001_dp0.4_bs16_s42.
[RESUME] Skipping training to save compute!

------------------------------------------------------
  Tuning Run 18 / 18
  Ontology: biological_process | LR: 1e-3 | Dropout: 0.4 | Batch: 32
------------------------------------------------------
Using device: cuda

[RESUME] Found successfully completed run in tuning_runs_jk/bp_Hybrid_JK_Focal_lr0.001_dp0.4_bs32_s42.
[RESUME] Skipping training to save compute!


=========================================
  Tuning sweep complete.
  Completed: 18  /  18
=========================================
Run 'python3 aggregate_tuning.py' to summarize results.
--- Aggregating JK Tuning Results ---

All tuning results saved to tuning_runs_jk/tuning_results_summary.csv

===========================================================================
  Tuning Results: biological_process (Best configurations at the top)
===========================================================================
    LR Dropout BatchSize  Val_Macro_Fmax  Val_Micro_Fmax  Val_Smin
0.0005     0.4        32          0.7452          0.7466   25.6504
0.0005     0.3        16          0.7435          0.7319   26.5875
 0.001     0.3        32          0.7422          0.7413   25.7768
0.0005     0.3        32          0.7421          0.7520   24.9222
 0.001     0.4        32          0.7419          0.7458   25.7621
0.0001     0.3        16          0.7379          0.7365   26.4514
0.0001     0.4        16          0.7375          0.7357   26.6255
0.0001     0.4        32          0.7372          0.7515   25.5841
0.0001     0.2        16          0.7371          0.7243   27.6238
0.0001     0.3        32          0.7349          0.7470   25.5098
 0.001     0.4        16          0.7342          0.7323   27.3207
 0.001     0.3        16          0.7335          0.7471   25.4639
 0.001     0.2        16          0.7321          0.7583   24.5182
0.0005     0.4        16          0.7318          0.7558   24.9371
0.0005     0.2        16          0.7306          0.7405   25.9754
0.0001     0.2        32          0.7292          0.7435   26.1667
 0.001     0.2        32          0.7256          0.7217   27.6188
0.0005     0.2        32          0.7244          0.7166   28.7973

===========================================================================
  Tuning Results: cellular_component (Best configurations at the top)
===========================================================================
    LR Dropout BatchSize  Val_Macro_Fmax  Val_Micro_Fmax  Val_Smin
0.0005     0.2        16          0.7087          0.7048    5.4309
 0.001     0.4        16          0.7053          0.6879    5.7228
0.0001     0.2        32          0.7020          0.7033    5.5484
0.0001     0.3        32          0.7012          0.7058    5.3946
0.0001     0.4        32          0.7003          0.7034    5.5316
0.0001     0.3        16          0.6986          0.6835    5.8733
0.0001     0.2        16          0.6974          0.6977    5.5857
 0.001     0.3        16          0.6966          0.6881    5.8280
0.0005     0.3        16          0.6951          0.7059    5.4545
0.0005     0.4        16          0.6850          0.7064    5.4435
0.0001     0.4        16          0.6841          0.6956    5.6815
0.0005     0.4        32          0.6838          0.6955    5.6850
0.0005     0.3        32          0.6673          0.6855    5.7775
 0.001     0.2        16          0.6666          0.6892    5.8084
0.0005     0.2        32          0.6657          0.6772    5.8917
 0.001     0.3        32          0.6583          0.6676    6.0983
 0.001     0.2        32          0.6564          0.6955    5.5816
 0.001     0.4        32          0.6406          0.6910    5.7724

===========================================================================
  Tuning Results: molecular_function (Best configurations at the top)
===========================================================================
    LR Dropout BatchSize  Val_Macro_Fmax  Val_Micro_Fmax  Val_Smin
0.0005     0.2        16          0.9069          0.8640    6.3895
0.0001     0.4        32          0.9064          0.8543    6.4151
0.0005     0.3        32          0.9036          0.8670    5.9507
0.0005     0.2        32          0.9021          0.8680    6.1752
0.0005     0.4        32          0.9000          0.8512    6.6884
0.0001     0.3        16          0.8996          0.8511    6.7719
0.0001     0.4        16          0.8945          0.8521    6.6639
 0.001     0.3        32          0.8926          0.8446    6.8701
0.0001     0.2        16          0.8906          0.8525    6.6815
 0.001     0.2        32          0.8893          0.8320    7.2550
 0.001     0.3        16          0.8890          0.8419    6.9378
 0.001     0.4        32          0.8878          0.8367    7.4766
0.0001     0.3        32          0.8874          0.8470    7.1809
 0.001     0.2        16          0.8873          0.8485    6.8677
 0.001     0.4        16          0.8864          0.8533    6.4614
0.0005     0.3        16          0.8852          0.8537    6.5328
0.0001     0.2        32          0.8844          0.8486    7.1679
0.0005     0.4        16          0.8778          0.8335    7.6104
--- Starting Full Ablations ---
Running ablations only for: biological_process
=========================================
  DeepGreenGO  Ablation Sweep
=========================================
Dataset: preprocessing/data/split_files/datasets.pkl
Epochs:  1000  | Batch: 16

  [✓] Found Tuned Params: LR=0.0005 | Dropout=0.4 | BatchSize=32
=========================================
------------------------------------------------------
  Run 1 / 30
  Run: biological_process_MLP_BCE_s42
------------------------------------------------------
Using device: cuda

[RESUME] Found successfully completed run in runs/bp_MLP_BCE_lr0.0005_dp0.4_bs32_s42.
[RESUME] Skipping training to save compute!

------------------------------------------------------
  Run 2 / 30
  Run: biological_process_MLP_BCE_s123
------------------------------------------------------
Using device: cuda

[RESUME] Found successfully completed run in runs/bp_MLP_BCE_lr0.0005_dp0.4_bs32_s123.
[RESUME] Skipping training to save compute!

------------------------------------------------------
  Run 3 / 30
  Run: biological_process_MLP_BCE_s456
------------------------------------------------------
Using device: cuda

[RESUME] Found successfully completed run in runs/bp_MLP_BCE_lr0.0005_dp0.4_bs32_s456.
[RESUME] Skipping training to save compute!

------------------------------------------------------
  Run 4 / 30
  Run: biological_process_MLP_Focal_s42
------------------------------------------------------
Using device: cuda

[RESUME] Found successfully completed run in runs/bp_MLP_Focal_lr0.0005_dp0.4_bs32_s42.
[RESUME] Skipping training to save compute!

------------------------------------------------------
  Run 5 / 30
  Run: biological_process_MLP_Focal_s123
------------------------------------------------------
Using device: cuda

[RESUME] Found successfully completed run in runs/bp_MLP_Focal_lr0.0005_dp0.4_bs32_s123.
[RESUME] Skipping training to save compute!

------------------------------------------------------
  Run 6 / 30
  Run: biological_process_MLP_Focal_s456
------------------------------------------------------
Using device: cuda

[RESUME] Found successfully completed run in runs/bp_MLP_Focal_lr0.0005_dp0.4_bs32_s456.
[RESUME] Skipping training to save compute!

------------------------------------------------------
  Run 7 / 30
  Run: biological_process_GCN_BCE_s42
------------------------------------------------------
Using device: cuda

[RESUME] Found successfully completed run in runs/bp_GCN_BCE_lr0.0005_dp0.4_bs32_s42.
[RESUME] Skipping training to save compute!

------------------------------------------------------
  Run 8 / 30
  Run: biological_process_GCN_BCE_s123
------------------------------------------------------
Using device: cuda

[RESUME] Found successfully completed run in runs/bp_GCN_BCE_lr0.0005_dp0.4_bs32_s123.
[RESUME] Skipping training to save compute!

------------------------------------------------------
  Run 9 / 30
  Run: biological_process_GCN_BCE_s456
------------------------------------------------------
Using device: cuda

[RESUME] Found successfully completed run in runs/bp_GCN_BCE_lr0.0005_dp0.4_bs32_s456.
[RESUME] Skipping training to save compute!

------------------------------------------------------
  Run 10 / 30
  Run: biological_process_GCN_Focal_s42
------------------------------------------------------
Using device: cuda

[RESUME] Found successfully completed run in runs/bp_GCN_Focal_lr0.0005_dp0.4_bs32_s42.
[RESUME] Skipping training to save compute!

------------------------------------------------------
  Run 11 / 30
  Run: biological_process_GCN_Focal_s123
------------------------------------------------------
Using device: cuda

[RESUME] Found successfully completed run in runs/bp_GCN_Focal_lr0.0005_dp0.4_bs32_s123.
[RESUME] Skipping training to save compute!

------------------------------------------------------
  Run 12 / 30
  Run: biological_process_GCN_Focal_s456
------------------------------------------------------
Using device: cuda

[RESUME] Found successfully completed run in runs/bp_GCN_Focal_lr0.0005_dp0.4_bs32_s456.
[RESUME] Skipping training to save compute!

------------------------------------------------------
  Run 13 / 30
  Run: biological_process_GAT_BCE_s42
------------------------------------------------------
Using device: cuda

[RESUME] Found successfully completed run in runs/bp_GAT_BCE_lr0.0005_dp0.4_bs32_s42.
[RESUME] Skipping training to save compute!

------------------------------------------------------
  Run 14 / 30
  Run: biological_process_GAT_BCE_s123
------------------------------------------------------
Using device: cuda

[RESUME] Found successfully completed run in runs/bp_GAT_BCE_lr0.0005_dp0.4_bs32_s123.
[RESUME] Skipping training to save compute!

------------------------------------------------------
  Run 15 / 30
  Run: biological_process_GAT_BCE_s456
------------------------------------------------------
Using device: cuda

[RESUME] Found successfully completed run in runs/bp_GAT_BCE_lr0.0005_dp0.4_bs32_s456.
[RESUME] Skipping training to save compute!

------------------------------------------------------
  Run 16 / 30
  Run: biological_process_GAT_Focal_s42
------------------------------------------------------
Using device: cuda

[RESUME] Found successfully completed run in runs/bp_GAT_Focal_lr0.0005_dp0.4_bs32_s42.
[RESUME] Skipping training to save compute!

------------------------------------------------------
  Run 17 / 30
  Run: biological_process_GAT_Focal_s123
------------------------------------------------------
Using device: cuda

[RESUME] Found successfully completed run in runs/bp_GAT_Focal_lr0.0005_dp0.4_bs32_s123.
[RESUME] Skipping training to save compute!

------------------------------------------------------
  Run 18 / 30
  Run: biological_process_GAT_Focal_s456
------------------------------------------------------
Using device: cuda

[RESUME] Found successfully completed run in runs/bp_GAT_Focal_lr0.0005_dp0.4_bs32_s456.
[RESUME] Skipping training to save compute!

------------------------------------------------------
  Run 19 / 30
  Run: biological_process_Hybrid_BCE_s42
------------------------------------------------------
Using device: cuda
Loading datasets from preprocessing/data/split_files/datasets.pkl for biological_process...
Epoch 001 | Loss: 0.6217 | Val MiFmax: 0.1349 | Val MaFmax: 0.1419 | Val Smin: 66.7650
  --> New best model saved!
Epoch 002 | Loss: 0.2333 | Val MiFmax: 0.2463 | Val MaFmax: 0.1311 | Val Smin: 63.4604
Epoch 003 | Loss: 0.0817 | Val MiFmax: 0.3076 | Val MaFmax: 0.2318 | Val Smin: 59.7523
  --> New best model saved!
Epoch 004 | Loss: 0.0584 | Val MiFmax: 0.3584 | Val MaFmax: 0.2773 | Val Smin: 57.6856
  --> New best model saved!
Epoch 005 | Loss: 0.0488 | Val MiFmax: 0.4143 | Val MaFmax: 0.3716 | Val Smin: 54.3630
  --> New best model saved!
Epoch 006 | Loss: 0.0417 | Val MiFmax: 0.4471 | Val MaFmax: 0.4312 | Val Smin: 51.8104
  --> New best model saved!
Epoch 007 | Loss: 0.0359 | Val MiFmax: 0.4759 | Val MaFmax: 0.4546 | Val Smin: 49.7410
  --> New best model saved!
Epoch 008 | Loss: 0.0318 | Val MiFmax: 0.5220 | Val MaFmax: 0.5081 | Val Smin: 45.2641
  --> New best model saved!
Epoch 009 | Loss: 0.0286 | Val MiFmax: 0.5633 | Val MaFmax: 0.5301 | Val Smin: 41.7247
  --> New best model saved!
Epoch 010 | Loss: 0.0266 | Val MiFmax: 0.5402 | Val MaFmax: 0.5456 | Val Smin: 44.6005
  --> New best model saved!
Epoch 011 | Loss: 0.0230 | Val MiFmax: 0.6144 | Val MaFmax: 0.5763 | Val Smin: 37.4767
  --> New best model saved!
Epoch 012 | Loss: 0.0209 | Val MiFmax: 0.6005 | Val MaFmax: 0.5764 | Val Smin: 38.2661
  --> New best model saved!
Epoch 013 | Loss: 0.0194 | Val MiFmax: 0.6310 | Val MaFmax: 0.6011 | Val Smin: 36.1472
  --> New best model saved!
Epoch 014 | Loss: 0.0171 | Val MiFmax: 0.6361 | Val MaFmax: 0.6126 | Val Smin: 35.6053
  --> New best model saved!
Epoch 015 | Loss: 0.0160 | Val MiFmax: 0.6488 | Val MaFmax: 0.6279 | Val Smin: 34.5990
  --> New best model saved!
Epoch 016 | Loss: 0.0146 | Val MiFmax: 0.6500 | Val MaFmax: 0.6466 | Val Smin: 34.3002
  --> New best model saved!
Epoch 017 | Loss: 0.0138 | Val MiFmax: 0.6546 | Val MaFmax: 0.6482 | Val Smin: 34.1316
  --> New best model saved!
Epoch 018 | Loss: 0.0124 | Val MiFmax: 0.6617 | Val MaFmax: 0.6551 | Val Smin: 33.4767
  --> New best model saved!
Epoch 019 | Loss: 0.0113 | Val MiFmax: 0.6623 | Val MaFmax: 0.6645 | Val Smin: 33.3598
  --> New best model saved!
Epoch 020 | Loss: 0.0106 | Val MiFmax: 0.6677 | Val MaFmax: 0.6672 | Val Smin: 33.0542
  --> New best model saved!
Epoch 021 | Loss: 0.0099 | Val MiFmax: 0.6733 | Val MaFmax: 0.6772 | Val Smin: 32.2919
  --> New best model saved!
Epoch 022 | Loss: 0.0095 | Val MiFmax: 0.6723 | Val MaFmax: 0.6737 | Val Smin: 32.2429
Epoch 023 | Loss: 0.0089 | Val MiFmax: 0.6862 | Val MaFmax: 0.6763 | Val Smin: 31.2758
Epoch 024 | Loss: 0.0079 | Val MiFmax: 0.6955 | Val MaFmax: 0.6879 | Val Smin: 30.2340
  --> New best model saved!
Epoch 025 | Loss: 0.0078 | Val MiFmax: 0.6841 | Val MaFmax: 0.6884 | Val Smin: 31.7913
  --> New best model saved!
Epoch 026 | Loss: 0.0070 | Val MiFmax: 0.7064 | Val MaFmax: 0.7001 | Val Smin: 29.5191
  --> New best model saved!
Epoch 027 | Loss: 0.0067 | Val MiFmax: 0.6903 | Val MaFmax: 0.6977 | Val Smin: 31.1952
Epoch 028 | Loss: 0.0062 | Val MiFmax: 0.6991 | Val MaFmax: 0.6964 | Val Smin: 30.0880
Epoch 029 | Loss: 0.0058 | Val MiFmax: 0.7050 | Val MaFmax: 0.7020 | Val Smin: 29.5954
  --> New best model saved!
Epoch 030 | Loss: 0.0056 | Val MiFmax: 0.7071 | Val MaFmax: 0.7063 | Val Smin: 29.7239
  --> New best model saved!
Epoch 031 | Loss: 0.0055 | Val MiFmax: 0.6991 | Val MaFmax: 0.7039 | Val Smin: 29.9929
Epoch 032 | Loss: 0.0050 | Val MiFmax: 0.7056 | Val MaFmax: 0.7017 | Val Smin: 29.1785
Epoch 033 | Loss: 0.0048 | Val MiFmax: 0.7037 | Val MaFmax: 0.7084 | Val Smin: 29.2662
  --> New best model saved!
Epoch 034 | Loss: 0.0045 | Val MiFmax: 0.7012 | Val MaFmax: 0.7056 | Val Smin: 29.6108
Epoch 035 | Loss: 0.0048 | Val MiFmax: 0.7141 | Val MaFmax: 0.7065 | Val Smin: 28.8559
Epoch 036 | Loss: 0.0043 | Val MiFmax: 0.7160 | Val MaFmax: 0.7079 | Val Smin: 28.2570
Epoch 037 | Loss: 0.0039 | Val MiFmax: 0.7047 | Val MaFmax: 0.7120 | Val Smin: 29.8660
  --> New best model saved!
Epoch 038 | Loss: 0.0036 | Val MiFmax: 0.7199 | Val MaFmax: 0.7189 | Val Smin: 28.0947
  --> New best model saved!
Epoch 039 | Loss: 0.0036 | Val MiFmax: 0.7107 | Val MaFmax: 0.7146 | Val Smin: 28.8452
Epoch 040 | Loss: 0.0035 | Val MiFmax: 0.7197 | Val MaFmax: 0.7199 | Val Smin: 28.0058
  --> New best model saved!
Epoch 041 | Loss: 0.0031 | Val MiFmax: 0.7259 | Val MaFmax: 0.7163 | Val Smin: 27.4433
Epoch 042 | Loss: 0.0028 | Val MiFmax: 0.7169 | Val MaFmax: 0.7143 | Val Smin: 28.2845
Epoch 043 | Loss: 0.0028 | Val MiFmax: 0.7346 | Val MaFmax: 0.7187 | Val Smin: 26.9475
Epoch 044 | Loss: 0.0028 | Val MiFmax: 0.7263 | Val MaFmax: 0.7206 | Val Smin: 27.7457
  --> New best model saved!
Epoch 045 | Loss: 0.0028 | Val MiFmax: 0.7254 | Val MaFmax: 0.7185 | Val Smin: 27.5227
Epoch 046 | Loss: 0.0025 | Val MiFmax: 0.7250 | Val MaFmax: 0.7186 | Val Smin: 27.5472
Epoch 047 | Loss: 0.0027 | Val MiFmax: 0.7237 | Val MaFmax: 0.7173 | Val Smin: 27.7992
Epoch 048 | Loss: 0.0025 | Val MiFmax: 0.7337 | Val MaFmax: 0.7221 | Val Smin: 26.8368
  --> New best model saved!
Epoch 049 | Loss: 0.0024 | Val MiFmax: 0.7296 | Val MaFmax: 0.7231 | Val Smin: 27.0227
  --> New best model saved!
Epoch 050 | Loss: 0.0025 | Val MiFmax: 0.7204 | Val MaFmax: 0.7264 | Val Smin: 27.7417
  --> New best model saved!
Epoch 051 | Loss: 0.0023 | Val MiFmax: 0.7279 | Val MaFmax: 0.7245 | Val Smin: 27.2717
Epoch 052 | Loss: 0.0024 | Val MiFmax: 0.7355 | Val MaFmax: 0.7263 | Val Smin: 26.5873
Epoch 053 | Loss: 0.0020 | Val MiFmax: 0.7379 | Val MaFmax: 0.7276 | Val Smin: 26.5264
  --> New best model saved!
Epoch 054 | Loss: 0.0019 | Val MiFmax: 0.7308 | Val MaFmax: 0.7195 | Val Smin: 27.0368
Epoch 055 | Loss: 0.0021 | Val MiFmax: 0.7311 | Val MaFmax: 0.7257 | Val Smin: 27.0898
Epoch 056 | Loss: 0.0026 | Val MiFmax: 0.7285 | Val MaFmax: 0.7221 | Val Smin: 27.1048
Epoch 057 | Loss: 0.0023 | Val MiFmax: 0.7314 | Val MaFmax: 0.7221 | Val Smin: 26.9727
Epoch 058 | Loss: 0.0020 | Val MiFmax: 0.7185 | Val MaFmax: 0.7217 | Val Smin: 28.1106
Epoch 059 | Loss: 0.0019 | Val MiFmax: 0.7209 | Val MaFmax: 0.7202 | Val Smin: 28.3361
Epoch 060 | Loss: 0.0014 | Val MiFmax: 0.7362 | Val MaFmax: 0.7310 | Val Smin: 26.6335
  --> New best model saved!
Epoch 061 | Loss: 0.0011 | Val MiFmax: 0.7371 | Val MaFmax: 0.7280 | Val Smin: 26.5290
Epoch 062 | Loss: 0.0010 | Val MiFmax: 0.7407 | Val MaFmax: 0.7317 | Val Smin: 26.2256
  --> New best model saved!
Epoch 063 | Loss: 0.0009 | Val MiFmax: 0.7403 | Val MaFmax: 0.7310 | Val Smin: 26.1811
Epoch 064 | Loss: 0.0009 | Val MiFmax: 0.7374 | Val MaFmax: 0.7335 | Val Smin: 26.3967
  --> New best model saved!
Epoch 065 | Loss: 0.0009 | Val MiFmax: 0.7359 | Val MaFmax: 0.7318 | Val Smin: 26.5654
Epoch 066 | Loss: 0.0009 | Val MiFmax: 0.7394 | Val MaFmax: 0.7305 | Val Smin: 26.4066
Epoch 067 | Loss: 0.0008 | Val MiFmax: 0.7335 | Val MaFmax: 0.7324 | Val Smin: 26.5761
Epoch 068 | Loss: 0.0008 | Val MiFmax: 0.7437 | Val MaFmax: 0.7319 | Val Smin: 25.8999
Epoch 069 | Loss: 0.0008 | Val MiFmax: 0.7420 | Val MaFmax: 0.7335 | Val Smin: 26.0450
  --> New best model saved!
Epoch 070 | Loss: 0.0007 | Val MiFmax: 0.7364 | Val MaFmax: 0.7309 | Val Smin: 26.5856
Epoch 071 | Loss: 0.0006 | Val MiFmax: 0.7395 | Val MaFmax: 0.7338 | Val Smin: 26.2836
  --> New best model saved!
Epoch 072 | Loss: 0.0006 | Val MiFmax: 0.7462 | Val MaFmax: 0.7355 | Val Smin: 25.7920
  --> New best model saved!
Epoch 073 | Loss: 0.0006 | Val MiFmax: 0.7404 | Val MaFmax: 0.7350 | Val Smin: 26.1856
Epoch 074 | Loss: 0.0006 | Val MiFmax: 0.7370 | Val MaFmax: 0.7329 | Val Smin: 26.3786
Epoch 075 | Loss: 0.0006 | Val MiFmax: 0.7450 | Val MaFmax: 0.7320 | Val Smin: 25.8096
Epoch 076 | Loss: 0.0006 | Val MiFmax: 0.7434 | Val MaFmax: 0.7315 | Val Smin: 26.0060
Epoch 077 | Loss: 0.0005 | Val MiFmax: 0.7466 | Val MaFmax: 0.7324 | Val Smin: 25.6506
Epoch 078 | Loss: 0.0005 | Val MiFmax: 0.7424 | Val MaFmax: 0.7334 | Val Smin: 25.9166
Epoch 079 | Loss: 0.0005 | Val MiFmax: 0.7431 | Val MaFmax: 0.7339 | Val Smin: 25.8570
Epoch 080 | Loss: 0.0005 | Val MiFmax: 0.7442 | Val MaFmax: 0.7338 | Val Smin: 25.7556
Epoch 081 | Loss: 0.0005 | Val MiFmax: 0.7432 | Val MaFmax: 0.7334 | Val Smin: 26.0193
Epoch 082 | Loss: 0.0004 | Val MiFmax: 0.7441 | Val MaFmax: 0.7326 | Val Smin: 26.0099
Epoch 083 | Loss: 0.0005 | Val MiFmax: 0.7429 | Val MaFmax: 0.7327 | Val Smin: 25.9627
Epoch 084 | Loss: 0.0004 | Val MiFmax: 0.7455 | Val MaFmax: 0.7338 | Val Smin: 25.7993
Epoch 085 | Loss: 0.0004 | Val MiFmax: 0.7452 | Val MaFmax: 0.7345 | Val Smin: 25.8421
Epoch 086 | Loss: 0.0004 | Val MiFmax: 0.7453 | Val MaFmax: 0.7345 | Val Smin: 25.8908
Epoch 087 | Loss: 0.0004 | Val MiFmax: 0.7444 | Val MaFmax: 0.7347 | Val Smin: 25.9002
Early stopping triggered after 87 epochs.
Training finished. Evaluating on Test Set...

--- TEST METRICS ---
Micro_Fmax: 0.6684
Macro_Fmax: 0.6477
Macro_AUROC: 0.8853
Micro_AUROC: 0.8957
Macro_AUPRC: 0.6052
Micro_AUPRC: 0.6313
Smin: 36.2085
------------------------------------------------------
  Run 20 / 30
  Run: biological_process_Hybrid_BCE_s123
------------------------------------------------------
Using device: cuda
Loading datasets from preprocessing/data/split_files/datasets.pkl for biological_process...
Epoch 001 | Loss: 0.6268 | Val MiFmax: 0.1281 | Val MaFmax: 0.1281 | Val Smin: 66.4740
  --> New best model saved!
Epoch 002 | Loss: 0.2341 | Val MiFmax: 0.2402 | Val MaFmax: 0.1382 | Val Smin: 62.3901
  --> New best model saved!
Epoch 003 | Loss: 0.0819 | Val MiFmax: 0.3128 | Val MaFmax: 0.2135 | Val Smin: 59.6418
  --> New best model saved!
Epoch 004 | Loss: 0.0582 | Val MiFmax: 0.3689 | Val MaFmax: 0.3313 | Val Smin: 57.2012
  --> New best model saved!
Epoch 005 | Loss: 0.0481 | Val MiFmax: 0.4025 | Val MaFmax: 0.3472 | Val Smin: 54.8002
  --> New best model saved!
Epoch 006 | Loss: 0.0408 | Val MiFmax: 0.4437 | Val MaFmax: 0.4149 | Val Smin: 51.7269
  --> New best model saved!
Epoch 007 | Loss: 0.0368 | Val MiFmax: 0.4696 | Val MaFmax: 0.4426 | Val Smin: 49.3631
  --> New best model saved!
Epoch 008 | Loss: 0.0318 | Val MiFmax: 0.5238 | Val MaFmax: 0.4742 | Val Smin: 44.9149
  --> New best model saved!
Epoch 009 | Loss: 0.0282 | Val MiFmax: 0.5506 | Val MaFmax: 0.5169 | Val Smin: 42.4605
  --> New best model saved!
Epoch 010 | Loss: 0.0251 | Val MiFmax: 0.5649 | Val MaFmax: 0.5457 | Val Smin: 41.4725
  --> New best model saved!
Epoch 011 | Loss: 0.0227 | Val MiFmax: 0.5936 | Val MaFmax: 0.5667 | Val Smin: 38.7516
  --> New best model saved!
Epoch 012 | Loss: 0.0202 | Val MiFmax: 0.6031 | Val MaFmax: 0.5807 | Val Smin: 38.0051
  --> New best model saved!
Epoch 013 | Loss: 0.0181 | Val MiFmax: 0.6167 | Val MaFmax: 0.5977 | Val Smin: 37.0756
  --> New best model saved!
Epoch 014 | Loss: 0.0169 | Val MiFmax: 0.6223 | Val MaFmax: 0.6181 | Val Smin: 36.3833
  --> New best model saved!
Epoch 015 | Loss: 0.0155 | Val MiFmax: 0.6308 | Val MaFmax: 0.6184 | Val Smin: 35.9212
  --> New best model saved!
Epoch 016 | Loss: 0.0143 | Val MiFmax: 0.6456 | Val MaFmax: 0.6374 | Val Smin: 34.6826
  --> New best model saved!
Epoch 017 | Loss: 0.0131 | Val MiFmax: 0.6484 | Val MaFmax: 0.6497 | Val Smin: 34.3581
  --> New best model saved!
Epoch 018 | Loss: 0.0122 | Val MiFmax: 0.6554 | Val MaFmax: 0.6518 | Val Smin: 33.9815
  --> New best model saved!
Epoch 019 | Loss: 0.0112 | Val MiFmax: 0.6521 | Val MaFmax: 0.6545 | Val Smin: 33.9245
  --> New best model saved!
Epoch 020 | Loss: 0.0105 | Val MiFmax: 0.6650 | Val MaFmax: 0.6633 | Val Smin: 32.8813
  --> New best model saved!
Epoch 021 | Loss: 0.0097 | Val MiFmax: 0.6749 | Val MaFmax: 0.6726 | Val Smin: 32.0187
  --> New best model saved!
Epoch 022 | Loss: 0.0088 | Val MiFmax: 0.6718 | Val MaFmax: 0.6772 | Val Smin: 32.3850
  --> New best model saved!
Epoch 023 | Loss: 0.0084 | Val MiFmax: 0.6819 | Val MaFmax: 0.6784 | Val Smin: 31.3018
  --> New best model saved!
Epoch 024 | Loss: 0.0079 | Val MiFmax: 0.6873 | Val MaFmax: 0.6927 | Val Smin: 31.1575
  --> New best model saved!
Epoch 025 | Loss: 0.0076 | Val MiFmax: 0.6882 | Val MaFmax: 0.6944 | Val Smin: 30.9181
  --> New best model saved!
Epoch 026 | Loss: 0.0068 | Val MiFmax: 0.6905 | Val MaFmax: 0.6910 | Val Smin: 30.7776
Epoch 027 | Loss: 0.0065 | Val MiFmax: 0.6944 | Val MaFmax: 0.6951 | Val Smin: 30.2871
  --> New best model saved!
Epoch 028 | Loss: 0.0060 | Val MiFmax: 0.6942 | Val MaFmax: 0.6947 | Val Smin: 30.1751
Epoch 029 | Loss: 0.0060 | Val MiFmax: 0.7015 | Val MaFmax: 0.7011 | Val Smin: 29.5042
  --> New best model saved!
Epoch 030 | Loss: 0.0052 | Val MiFmax: 0.7032 | Val MaFmax: 0.6995 | Val Smin: 29.4840
Epoch 031 | Loss: 0.0051 | Val MiFmax: 0.6971 | Val MaFmax: 0.6963 | Val Smin: 29.8930
Epoch 032 | Loss: 0.0047 | Val MiFmax: 0.7041 | Val MaFmax: 0.6987 | Val Smin: 29.3594
Epoch 033 | Loss: 0.0045 | Val MiFmax: 0.7081 | Val MaFmax: 0.7091 | Val Smin: 28.9798
  --> New best model saved!
Epoch 034 | Loss: 0.0045 | Val MiFmax: 0.7064 | Val MaFmax: 0.6992 | Val Smin: 29.0078
Epoch 035 | Loss: 0.0041 | Val MiFmax: 0.6993 | Val MaFmax: 0.7022 | Val Smin: 29.5575
Epoch 036 | Loss: 0.0039 | Val MiFmax: 0.7079 | Val MaFmax: 0.7071 | Val Smin: 28.8515
Epoch 037 | Loss: 0.0037 | Val MiFmax: 0.7091 | Val MaFmax: 0.7076 | Val Smin: 28.8195
Epoch 038 | Loss: 0.0034 | Val MiFmax: 0.7143 | Val MaFmax: 0.7064 | Val Smin: 28.3303
Epoch 039 | Loss: 0.0034 | Val MiFmax: 0.7105 | Val MaFmax: 0.7113 | Val Smin: 28.5661
  --> New best model saved!
Epoch 040 | Loss: 0.0031 | Val MiFmax: 0.7112 | Val MaFmax: 0.7113 | Val Smin: 28.5211
  --> New best model saved!
Epoch 041 | Loss: 0.0030 | Val MiFmax: 0.7188 | Val MaFmax: 0.7148 | Val Smin: 28.0075
  --> New best model saved!
Epoch 042 | Loss: 0.0028 | Val MiFmax: 0.7140 | Val MaFmax: 0.7138 | Val Smin: 28.3454
Epoch 043 | Loss: 0.0027 | Val MiFmax: 0.7151 | Val MaFmax: 0.7104 | Val Smin: 28.3123
Epoch 044 | Loss: 0.0025 | Val MiFmax: 0.7057 | Val MaFmax: 0.7148 | Val Smin: 29.2000
Epoch 045 | Loss: 0.0026 | Val MiFmax: 0.7163 | Val MaFmax: 0.7054 | Val Smin: 28.1077
Epoch 046 | Loss: 0.0026 | Val MiFmax: 0.7192 | Val MaFmax: 0.7113 | Val Smin: 28.1004
Epoch 047 | Loss: 0.0024 | Val MiFmax: 0.7127 | Val MaFmax: 0.7109 | Val Smin: 28.4015
Epoch 048 | Loss: 0.0018 | Val MiFmax: 0.7243 | Val MaFmax: 0.7118 | Val Smin: 27.6190
Epoch 049 | Loss: 0.0014 | Val MiFmax: 0.7244 | Val MaFmax: 0.7149 | Val Smin: 27.6623
  --> New best model saved!
Epoch 050 | Loss: 0.0014 | Val MiFmax: 0.7223 | Val MaFmax: 0.7185 | Val Smin: 27.7521
  --> New best model saved!
Epoch 051 | Loss: 0.0014 | Val MiFmax: 0.7275 | Val MaFmax: 0.7173 | Val Smin: 27.3217
Epoch 052 | Loss: 0.0014 | Val MiFmax: 0.7218 | Val MaFmax: 0.7168 | Val Smin: 27.5822
Epoch 053 | Loss: 0.0014 | Val MiFmax: 0.7277 | Val MaFmax: 0.7197 | Val Smin: 27.2876
  --> New best model saved!
Epoch 054 | Loss: 0.0013 | Val MiFmax: 0.7256 | Val MaFmax: 0.7207 | Val Smin: 27.3643
  --> New best model saved!
Epoch 055 | Loss: 0.0013 | Val MiFmax: 0.7261 | Val MaFmax: 0.7171 | Val Smin: 27.3085
Epoch 056 | Loss: 0.0012 | Val MiFmax: 0.7235 | Val MaFmax: 0.7206 | Val Smin: 27.5826
Epoch 057 | Loss: 0.0012 | Val MiFmax: 0.7265 | Val MaFmax: 0.7194 | Val Smin: 27.3132
Epoch 058 | Loss: 0.0011 | Val MiFmax: 0.7259 | Val MaFmax: 0.7202 | Val Smin: 27.4208
Epoch 059 | Loss: 0.0010 | Val MiFmax: 0.7251 | Val MaFmax: 0.7176 | Val Smin: 27.3667
Epoch 060 | Loss: 0.0011 | Val MiFmax: 0.7233 | Val MaFmax: 0.7162 | Val Smin: 27.5347
Epoch 061 | Loss: 0.0010 | Val MiFmax: 0.7245 | Val MaFmax: 0.7170 | Val Smin: 27.5162
Epoch 062 | Loss: 0.0009 | Val MiFmax: 0.7268 | Val MaFmax: 0.7196 | Val Smin: 27.4280
Epoch 063 | Loss: 0.0009 | Val MiFmax: 0.7250 | Val MaFmax: 0.7185 | Val Smin: 27.4071
Epoch 064 | Loss: 0.0008 | Val MiFmax: 0.7258 | Val MaFmax: 0.7200 | Val Smin: 27.4063
Epoch 065 | Loss: 0.0008 | Val MiFmax: 0.7254 | Val MaFmax: 0.7206 | Val Smin: 27.3268
Epoch 066 | Loss: 0.0008 | Val MiFmax: 0.7253 | Val MaFmax: 0.7202 | Val Smin: 27.3493
Epoch 067 | Loss: 0.0007 | Val MiFmax: 0.7279 | Val MaFmax: 0.7221 | Val Smin: 27.2081
  --> New best model saved!
Epoch 068 | Loss: 0.0007 | Val MiFmax: 0.7271 | Val MaFmax: 0.7196 | Val Smin: 27.2597
Epoch 069 | Loss: 0.0007 | Val MiFmax: 0.7280 | Val MaFmax: 0.7204 | Val Smin: 27.1763
Epoch 070 | Loss: 0.0007 | Val MiFmax: 0.7276 | Val MaFmax: 0.7212 | Val Smin: 27.1866
Epoch 071 | Loss: 0.0006 | Val MiFmax: 0.7279 | Val MaFmax: 0.7223 | Val Smin: 27.1303
  --> New best model saved!
Epoch 072 | Loss: 0.0006 | Val MiFmax: 0.7282 | Val MaFmax: 0.7227 | Val Smin: 27.2098
  --> New best model saved!
Epoch 073 | Loss: 0.0006 | Val MiFmax: 0.7285 | Val MaFmax: 0.7209 | Val Smin: 27.1796
Epoch 074 | Loss: 0.0006 | Val MiFmax: 0.7309 | Val MaFmax: 0.7221 | Val Smin: 27.0309
Epoch 075 | Loss: 0.0006 | Val MiFmax: 0.7286 | Val MaFmax: 0.7227 | Val Smin: 27.1484
  --> New best model saved!
Epoch 076 | Loss: 0.0006 | Val MiFmax: 0.7297 | Val MaFmax: 0.7215 | Val Smin: 27.0454
Epoch 077 | Loss: 0.0006 | Val MiFmax: 0.7304 | Val MaFmax: 0.7227 | Val Smin: 27.0453
Epoch 078 | Loss: 0.0006 | Val MiFmax: 0.7296 | Val MaFmax: 0.7233 | Val Smin: 27.0059
  --> New best model saved!
Epoch 079 | Loss: 0.0006 | Val MiFmax: 0.7283 | Val MaFmax: 0.7182 | Val Smin: 27.1871
Epoch 080 | Loss: 0.0006 | Val MiFmax: 0.7280 | Val MaFmax: 0.7199 | Val Smin: 27.2001
Epoch 081 | Loss: 0.0006 | Val MiFmax: 0.7296 | Val MaFmax: 0.7209 | Val Smin: 27.0284
Epoch 082 | Loss: 0.0006 | Val MiFmax: 0.7299 | Val MaFmax: 0.7241 | Val Smin: 27.0019
  --> New best model saved!
Epoch 083 | Loss: 0.0006 | Val MiFmax: 0.7291 | Val MaFmax: 0.7231 | Val Smin: 27.0054
Epoch 084 | Loss: 0.0006 | Val MiFmax: 0.7315 | Val MaFmax: 0.7228 | Val Smin: 27.0245
Epoch 085 | Loss: 0.0006 | Val MiFmax: 0.7302 | Val MaFmax: 0.7206 | Val Smin: 26.9756
Epoch 086 | Loss: 0.0005 | Val MiFmax: 0.7306 | Val MaFmax: 0.7218 | Val Smin: 26.9465
Epoch 087 | Loss: 0.0005 | Val MiFmax: 0.7303 | Val MaFmax: 0.7230 | Val Smin: 26.9774
Epoch 088 | Loss: 0.0005 | Val MiFmax: 0.7293 | Val MaFmax: 0.7219 | Val Smin: 27.0339
Epoch 089 | Loss: 0.0005 | Val MiFmax: 0.7309 | Val MaFmax: 0.7224 | Val Smin: 26.9090
Epoch 090 | Loss: 0.0005 | Val MiFmax: 0.7290 | Val MaFmax: 0.7231 | Val Smin: 27.0468
Epoch 091 | Loss: 0.0005 | Val MiFmax: 0.7293 | Val MaFmax: 0.7230 | Val Smin: 27.0116
Epoch 092 | Loss: 0.0005 | Val MiFmax: 0.7300 | Val MaFmax: 0.7227 | Val Smin: 27.0150
Epoch 093 | Loss: 0.0005 | Val MiFmax: 0.7311 | Val MaFmax: 0.7228 | Val Smin: 26.9073
Epoch 094 | Loss: 0.0005 | Val MiFmax: 0.7296 | Val MaFmax: 0.7234 | Val Smin: 27.0084
Epoch 095 | Loss: 0.0005 | Val MiFmax: 0.7296 | Val MaFmax: 0.7238 | Val Smin: 26.9617
Epoch 096 | Loss: 0.0005 | Val MiFmax: 0.7299 | Val MaFmax: 0.7244 | Val Smin: 26.9696
  --> New best model saved!
Epoch 097 | Loss: 0.0005 | Val MiFmax: 0.7303 | Val MaFmax: 0.7239 | Val Smin: 26.9230
Epoch 098 | Loss: 0.0004 | Val MiFmax: 0.7299 | Val MaFmax: 0.7240 | Val Smin: 26.9837
Epoch 099 | Loss: 0.0005 | Val MiFmax: 0.7293 | Val MaFmax: 0.7238 | Val Smin: 27.0369
Epoch 100 | Loss: 0.0004 | Val MiFmax: 0.7297 | Val MaFmax: 0.7235 | Val Smin: 27.0227
Epoch 101 | Loss: 0.0004 | Val MiFmax: 0.7303 | Val MaFmax: 0.7237 | Val Smin: 26.9756
Epoch 102 | Loss: 0.0004 | Val MiFmax: 0.7307 | Val MaFmax: 0.7238 | Val Smin: 26.9261
Epoch 103 | Loss: 0.0004 | Val MiFmax: 0.7312 | Val MaFmax: 0.7240 | Val Smin: 26.9193
Epoch 104 | Loss: 0.0004 | Val MiFmax: 0.7306 | Val MaFmax: 0.7243 | Val Smin: 26.9188
Epoch 105 | Loss: 0.0004 | Val MiFmax: 0.7312 | Val MaFmax: 0.7242 | Val Smin: 26.9148
Epoch 106 | Loss: 0.0004 | Val MiFmax: 0.7302 | Val MaFmax: 0.7239 | Val Smin: 26.9692
Epoch 107 | Loss: 0.0004 | Val MiFmax: 0.7311 | Val MaFmax: 0.7242 | Val Smin: 26.8948
Epoch 108 | Loss: 0.0004 | Val MiFmax: 0.7311 | Val MaFmax: 0.7243 | Val Smin: 26.9396
Epoch 109 | Loss: 0.0004 | Val MiFmax: 0.7299 | Val MaFmax: 0.7243 | Val Smin: 26.9770
Epoch 110 | Loss: 0.0004 | Val MiFmax: 0.7311 | Val MaFmax: 0.7238 | Val Smin: 26.9084
Epoch 111 | Loss: 0.0004 | Val MiFmax: 0.7305 | Val MaFmax: 0.7239 | Val Smin: 26.9378
Early stopping triggered after 111 epochs.
Training finished. Evaluating on Test Set...

--- TEST METRICS ---
Micro_Fmax: 0.6685
Macro_Fmax: 0.6680
Macro_AUROC: 0.8646
Micro_AUROC: 0.8680
Macro_AUPRC: 0.6194
Micro_AUPRC: 0.6259
Smin: 35.7081
------------------------------------------------------
  Run 21 / 30
  Run: biological_process_Hybrid_BCE_s456
------------------------------------------------------
Using device: cuda
Loading datasets from preprocessing/data/split_files/datasets.pkl for biological_process...
Epoch 001 | Loss: 0.6223 | Val MiFmax: 0.1694 | Val MaFmax: 0.1277 | Val Smin: 65.4030
  --> New best model saved!
Epoch 002 | Loss: 0.2288 | Val MiFmax: 0.2497 | Val MaFmax: 0.1714 | Val Smin: 62.9795
  --> New best model saved!
Epoch 003 | Loss: 0.0813 | Val MiFmax: 0.3090 | Val MaFmax: 0.2290 | Val Smin: 59.9310
  --> New best model saved!
Epoch 004 | Loss: 0.0571 | Val MiFmax: 0.3675 | Val MaFmax: 0.3397 | Val Smin: 56.8150
  --> New best model saved!
Epoch 005 | Loss: 0.0472 | Val MiFmax: 0.4165 | Val MaFmax: 0.3637 | Val Smin: 53.7518
  --> New best model saved!
Epoch 006 | Loss: 0.0411 | Val MiFmax: 0.4425 | Val MaFmax: 0.4111 | Val Smin: 51.8586
  --> New best model saved!
Epoch 007 | Loss: 0.0361 | Val MiFmax: 0.4845 | Val MaFmax: 0.4672 | Val Smin: 48.5283
  --> New best model saved!
Epoch 008 | Loss: 0.0309 | Val MiFmax: 0.5046 | Val MaFmax: 0.5001 | Val Smin: 47.0048
  --> New best model saved!
Epoch 009 | Loss: 0.0274 | Val MiFmax: 0.5588 | Val MaFmax: 0.5293 | Val Smin: 41.8696
  --> New best model saved!
Epoch 010 | Loss: 0.0248 | Val MiFmax: 0.5774 | Val MaFmax: 0.5579 | Val Smin: 40.5663
  --> New best model saved!
Epoch 011 | Loss: 0.0223 | Val MiFmax: 0.6066 | Val MaFmax: 0.5823 | Val Smin: 38.0833
  --> New best model saved!
Epoch 012 | Loss: 0.0202 | Val MiFmax: 0.6006 | Val MaFmax: 0.5873 | Val Smin: 38.8489
  --> New best model saved!
Epoch 013 | Loss: 0.0183 | Val MiFmax: 0.6066 | Val MaFmax: 0.5922 | Val Smin: 38.2714
  --> New best model saved!
Epoch 014 | Loss: 0.0168 | Val MiFmax: 0.6227 | Val MaFmax: 0.6215 | Val Smin: 36.7747
  --> New best model saved!
Epoch 015 | Loss: 0.0153 | Val MiFmax: 0.6261 | Val MaFmax: 0.6261 | Val Smin: 36.5949
  --> New best model saved!
Epoch 016 | Loss: 0.0143 | Val MiFmax: 0.6436 | Val MaFmax: 0.6340 | Val Smin: 35.3581
  --> New best model saved!
Epoch 017 | Loss: 0.0129 | Val MiFmax: 0.6484 | Val MaFmax: 0.6418 | Val Smin: 34.3266
  --> New best model saved!
Epoch 018 | Loss: 0.0121 | Val MiFmax: 0.6533 | Val MaFmax: 0.6554 | Val Smin: 33.7479
  --> New best model saved!
Epoch 019 | Loss: 0.0109 | Val MiFmax: 0.6565 | Val MaFmax: 0.6457 | Val Smin: 33.5122
Epoch 020 | Loss: 0.0103 | Val MiFmax: 0.6563 | Val MaFmax: 0.6620 | Val Smin: 34.0918
  --> New best model saved!
Epoch 021 | Loss: 0.0094 | Val MiFmax: 0.6603 | Val MaFmax: 0.6745 | Val Smin: 33.6483
  --> New best model saved!
Epoch 022 | Loss: 0.0092 | Val MiFmax: 0.6823 | Val MaFmax: 0.6744 | Val Smin: 31.4849
Epoch 023 | Loss: 0.0086 | Val MiFmax: 0.6697 | Val MaFmax: 0.6710 | Val Smin: 32.2330
Epoch 024 | Loss: 0.0076 | Val MiFmax: 0.6770 | Val MaFmax: 0.6913 | Val Smin: 32.4643
  --> New best model saved!
Epoch 025 | Loss: 0.0072 | Val MiFmax: 0.6812 | Val MaFmax: 0.6881 | Val Smin: 31.5727
Epoch 026 | Loss: 0.0066 | Val MiFmax: 0.6899 | Val MaFmax: 0.6969 | Val Smin: 30.9029
  --> New best model saved!
Epoch 027 | Loss: 0.0061 | Val MiFmax: 0.6902 | Val MaFmax: 0.6921 | Val Smin: 30.6738
Epoch 028 | Loss: 0.0062 | Val MiFmax: 0.7060 | Val MaFmax: 0.6951 | Val Smin: 29.4052
Epoch 029 | Loss: 0.0056 | Val MiFmax: 0.6982 | Val MaFmax: 0.6938 | Val Smin: 29.9900
Epoch 030 | Loss: 0.0053 | Val MiFmax: 0.6921 | Val MaFmax: 0.6954 | Val Smin: 30.7247
Epoch 031 | Loss: 0.0054 | Val MiFmax: 0.7018 | Val MaFmax: 0.6948 | Val Smin: 29.7882
Epoch 032 | Loss: 0.0051 | Val MiFmax: 0.7132 | Val MaFmax: 0.7113 | Val Smin: 28.9650
  --> New best model saved!
Epoch 033 | Loss: 0.0045 | Val MiFmax: 0.7159 | Val MaFmax: 0.7048 | Val Smin: 28.7365
Epoch 034 | Loss: 0.0040 | Val MiFmax: 0.7152 | Val MaFmax: 0.7029 | Val Smin: 28.5468
Epoch 035 | Loss: 0.0040 | Val MiFmax: 0.7129 | Val MaFmax: 0.7021 | Val Smin: 28.8108
Epoch 036 | Loss: 0.0038 | Val MiFmax: 0.7011 | Val MaFmax: 0.7016 | Val Smin: 29.6039
Epoch 037 | Loss: 0.0038 | Val MiFmax: 0.7240 | Val MaFmax: 0.7102 | Val Smin: 27.9848
Epoch 038 | Loss: 0.0036 | Val MiFmax: 0.7191 | Val MaFmax: 0.7166 | Val Smin: 28.0948
  --> New best model saved!
Epoch 039 | Loss: 0.0032 | Val MiFmax: 0.7221 | Val MaFmax: 0.7109 | Val Smin: 27.7553
Epoch 040 | Loss: 0.0031 | Val MiFmax: 0.7164 | Val MaFmax: 0.7077 | Val Smin: 28.4371
Epoch 041 | Loss: 0.0032 | Val MiFmax: 0.7140 | Val MaFmax: 0.7125 | Val Smin: 28.5376
Epoch 042 | Loss: 0.0030 | Val MiFmax: 0.7194 | Val MaFmax: 0.7121 | Val Smin: 28.0611
Epoch 043 | Loss: 0.0029 | Val MiFmax: 0.7115 | Val MaFmax: 0.7098 | Val Smin: 28.6967
Epoch 044 | Loss: 0.0026 | Val MiFmax: 0.7229 | Val MaFmax: 0.7170 | Val Smin: 27.9094
  --> New best model saved!
Epoch 045 | Loss: 0.0024 | Val MiFmax: 0.7202 | Val MaFmax: 0.7227 | Val Smin: 28.0003
  --> New best model saved!
Epoch 046 | Loss: 0.0024 | Val MiFmax: 0.7161 | Val MaFmax: 0.7203 | Val Smin: 28.2814
Epoch 047 | Loss: 0.0024 | Val MiFmax: 0.7154 | Val MaFmax: 0.7154 | Val Smin: 28.2428
Epoch 048 | Loss: 0.0023 | Val MiFmax: 0.7235 | Val MaFmax: 0.7201 | Val Smin: 27.8555
Epoch 049 | Loss: 0.0022 | Val MiFmax: 0.7242 | Val MaFmax: 0.7191 | Val Smin: 28.1581
Epoch 050 | Loss: 0.0020 | Val MiFmax: 0.7207 | Val MaFmax: 0.7203 | Val Smin: 27.9566
Epoch 051 | Loss: 0.0021 | Val MiFmax: 0.7236 | Val MaFmax: 0.7221 | Val Smin: 27.6954
Epoch 052 | Loss: 0.0017 | Val MiFmax: 0.7343 | Val MaFmax: 0.7228 | Val Smin: 26.7634
  --> New best model saved!
Epoch 053 | Loss: 0.0014 | Val MiFmax: 0.7355 | Val MaFmax: 0.7245 | Val Smin: 26.8593
  --> New best model saved!
Epoch 054 | Loss: 0.0013 | Val MiFmax: 0.7368 | Val MaFmax: 0.7267 | Val Smin: 26.5969
  --> New best model saved!
Epoch 055 | Loss: 0.0012 | Val MiFmax: 0.7394 | Val MaFmax: 0.7278 | Val Smin: 26.5963
  --> New best model saved!
Epoch 056 | Loss: 0.0011 | Val MiFmax: 0.7376 | Val MaFmax: 0.7244 | Val Smin: 26.7022
Epoch 057 | Loss: 0.0011 | Val MiFmax: 0.7364 | Val MaFmax: 0.7248 | Val Smin: 26.7293
Epoch 058 | Loss: 0.0011 | Val MiFmax: 0.7416 | Val MaFmax: 0.7218 | Val Smin: 26.4064
Epoch 059 | Loss: 0.0010 | Val MiFmax: 0.7323 | Val MaFmax: 0.7221 | Val Smin: 27.0499
Epoch 060 | Loss: 0.0010 | Val MiFmax: 0.7393 | Val MaFmax: 0.7231 | Val Smin: 26.5057
Epoch 061 | Loss: 0.0009 | Val MiFmax: 0.7381 | Val MaFmax: 0.7233 | Val Smin: 26.4901
Epoch 062 | Loss: 0.0009 | Val MiFmax: 0.7380 | Val MaFmax: 0.7248 | Val Smin: 26.5695
Epoch 063 | Loss: 0.0008 | Val MiFmax: 0.7367 | Val MaFmax: 0.7222 | Val Smin: 26.5738
Epoch 064 | Loss: 0.0008 | Val MiFmax: 0.7361 | Val MaFmax: 0.7230 | Val Smin: 26.6704
Epoch 065 | Loss: 0.0008 | Val MiFmax: 0.7389 | Val MaFmax: 0.7250 | Val Smin: 26.5355
Epoch 066 | Loss: 0.0008 | Val MiFmax: 0.7375 | Val MaFmax: 0.7252 | Val Smin: 26.5986
Epoch 067 | Loss: 0.0007 | Val MiFmax: 0.7400 | Val MaFmax: 0.7251 | Val Smin: 26.3188
Epoch 068 | Loss: 0.0007 | Val MiFmax: 0.7419 | Val MaFmax: 0.7269 | Val Smin: 26.2433
Epoch 069 | Loss: 0.0006 | Val MiFmax: 0.7412 | Val MaFmax: 0.7261 | Val Smin: 26.2531
Epoch 070 | Loss: 0.0006 | Val MiFmax: 0.7393 | Val MaFmax: 0.7264 | Val Smin: 26.5179
Early stopping triggered after 70 epochs.
Training finished. Evaluating on Test Set...

--- TEST METRICS ---
Micro_Fmax: 0.6638
Macro_Fmax: 0.6462
Macro_AUROC: 0.8637
Micro_AUROC: 0.8680
Macro_AUPRC: 0.5998
Micro_AUPRC: 0.6219
Smin: 36.1738
------------------------------------------------------
  Run 22 / 30
  Run: biological_process_Hybrid_Focal_s42
------------------------------------------------------
