========================================================
Job ID        : 44338031
Node          : mgh5
CPUs          : 8
Start time    : Mon Jun 29 00:38:15 MDT 2026
Project dir   : /home/ganeshiny.sridharan/dgg/deep-green-GO
Log .out      : /home/ganeshiny.sridharan/dgg/deep-green-GO/logs/deepgreengo_jk_44338031.out
Log .err      : /home/ganeshiny.sridharan/dgg/deep-green-GO/logs/deepgreengo_jk_44338031.err
========================================================
Array Job Detected: Running ONLY for cellular_component
--- Running Best Hyperparameters Test First ---
Fetching best hyperparameters for cellular_component...
Found Best Params -> LR: 0.0001, Dropout: 0.3, Batch Size: 16
Running HybridGNN_JK training test...
Using device: cuda
Loading datasets from preprocessing/data/split_files/datasets.pkl for cellular_component...
Alpha weights not found. Using default FocalLoss (alpha=0.25, gamma=4.0).
Epoch 001 | Loss: 0.0147 | Val MiFmax: 0.1840 | Val MaFmax: 0.1879 | Val Smin: 12.0627
  --> New best model saved!
Epoch 002 | Loss: 0.0109 | Val MiFmax: 0.2969 | Val MaFmax: 0.2352 | Val Smin: 11.0998
  --> New best model saved!
Epoch 003 | Loss: 0.0063 | Val MiFmax: 0.3446 | Val MaFmax: 0.2673 | Val Smin: 10.8464
  --> New best model saved!
Epoch 004 | Loss: 0.0033 | Val MiFmax: 0.4126 | Val MaFmax: 0.3702 | Val Smin: 9.9894
  --> New best model saved!
Epoch 005 | Loss: 0.0019 | Val MiFmax: 0.4790 | Val MaFmax: 0.4048 | Val Smin: 8.9240
  --> New best model saved!
Epoch 006 | Loss: 0.0014 | Val MiFmax: 0.5302 | Val MaFmax: 0.4619 | Val Smin: 8.3288
  --> New best model saved!
Epoch 007 | Loss: 0.0011 | Val MiFmax: 0.5312 | Val MaFmax: 0.4497 | Val Smin: 8.3659
Epoch 008 | Loss: 0.0008 | Val MiFmax: 0.5765 | Val MaFmax: 0.5141 | Val Smin: 7.6884
  --> New best model saved!
Epoch 009 | Loss: 0.0007 | Val MiFmax: 0.6054 | Val MaFmax: 0.5372 | Val Smin: 7.1202
  --> New best model saved!
Epoch 010 | Loss: 0.0006 | Val MiFmax: 0.6219 | Val MaFmax: 0.5685 | Val Smin: 6.8737
  --> New best model saved!
Epoch 011 | Loss: 0.0005 | Val MiFmax: 0.6204 | Val MaFmax: 0.5727 | Val Smin: 6.9860
  --> New best model saved!
Epoch 012 | Loss: 0.0005 | Val MiFmax: 0.6430 | Val MaFmax: 0.6344 | Val Smin: 6.4760
  --> New best model saved!
Epoch 013 | Loss: 0.0004 | Val MiFmax: 0.6360 | Val MaFmax: 0.5962 | Val Smin: 6.5837
Epoch 014 | Loss: 0.0004 | Val MiFmax: 0.6334 | Val MaFmax: 0.6158 | Val Smin: 6.7418
Epoch 015 | Loss: 0.0003 | Val MiFmax: 0.6582 | Val MaFmax: 0.6186 | Val Smin: 6.2488
Epoch 016 | Loss: 0.0003 | Val MiFmax: 0.6691 | Val MaFmax: 0.6209 | Val Smin: 6.0479
Epoch 017 | Loss: 0.0003 | Val MiFmax: 0.6735 | Val MaFmax: 0.6378 | Val Smin: 6.0100
  --> New best model saved!
Epoch 018 | Loss: 0.0002 | Val MiFmax: 0.6407 | Val MaFmax: 0.6018 | Val Smin: 6.4834
Epoch 019 | Loss: 0.0002 | Val MiFmax: 0.6637 | Val MaFmax: 0.6389 | Val Smin: 6.1427
  --> New best model saved!
Epoch 020 | Loss: 0.0002 | Val MiFmax: 0.6821 | Val MaFmax: 0.6440 | Val Smin: 5.9439
  --> New best model saved!
Epoch 021 | Loss: 0.0002 | Val MiFmax: 0.6733 | Val MaFmax: 0.6608 | Val Smin: 6.0184
  --> New best model saved!
Epoch 022 | Loss: 0.0002 | Val MiFmax: 0.6629 | Val MaFmax: 0.6537 | Val Smin: 6.2707
Epoch 023 | Loss: 0.0002 | Val MiFmax: 0.6597 | Val MaFmax: 0.6635 | Val Smin: 6.2087
  --> New best model saved!
Epoch 024 | Loss: 0.0002 | Val MiFmax: 0.6640 | Val MaFmax: 0.6398 | Val Smin: 6.2036
Epoch 025 | Loss: 0.0001 | Val MiFmax: 0.6580 | Val MaFmax: 0.6512 | Val Smin: 6.2293
Epoch 026 | Loss: 0.0001 | Val MiFmax: 0.6712 | Val MaFmax: 0.6392 | Val Smin: 6.0361
Epoch 027 | Loss: 0.0001 | Val MiFmax: 0.6789 | Val MaFmax: 0.6801 | Val Smin: 5.8443
  --> New best model saved!
Epoch 028 | Loss: 0.0001 | Val MiFmax: 0.6803 | Val MaFmax: 0.6569 | Val Smin: 5.9100
Epoch 029 | Loss: 0.0001 | Val MiFmax: 0.6790 | Val MaFmax: 0.6545 | Val Smin: 5.8604
Epoch 030 | Loss: 0.0001 | Val MiFmax: 0.6843 | Val MaFmax: 0.6555 | Val Smin: 5.7455
Epoch 031 | Loss: 0.0001 | Val MiFmax: 0.6731 | Val MaFmax: 0.6573 | Val Smin: 5.9128
Epoch 032 | Loss: 0.0001 | Val MiFmax: 0.6741 | Val MaFmax: 0.6710 | Val Smin: 5.9122
Epoch 033 | Loss: 0.0001 | Val MiFmax: 0.6834 | Val MaFmax: 0.6856 | Val Smin: 5.7698
  --> New best model saved!
Epoch 034 | Loss: 0.0001 | Val MiFmax: 0.6952 | Val MaFmax: 0.6714 | Val Smin: 5.6333
Epoch 035 | Loss: 0.0001 | Val MiFmax: 0.6791 | Val MaFmax: 0.6591 | Val Smin: 5.8124
Epoch 036 | Loss: 0.0001 | Val MiFmax: 0.6918 | Val MaFmax: 0.6918 | Val Smin: 5.6127
  --> New best model saved!
Epoch 037 | Loss: 0.0001 | Val MiFmax: 0.6759 | Val MaFmax: 0.6507 | Val Smin: 6.0619
Epoch 038 | Loss: 0.0001 | Val MiFmax: 0.6740 | Val MaFmax: 0.6834 | Val Smin: 5.9586
Epoch 039 | Loss: 0.0001 | Val MiFmax: 0.6854 | Val MaFmax: 0.6832 | Val Smin: 5.7753
Epoch 040 | Loss: 0.0001 | Val MiFmax: 0.6731 | Val MaFmax: 0.6655 | Val Smin: 5.9664
Epoch 041 | Loss: 0.0001 | Val MiFmax: 0.6801 | Val MaFmax: 0.6579 | Val Smin: 5.8656
Epoch 042 | Loss: 0.0001 | Val MiFmax: 0.6850 | Val MaFmax: 0.6700 | Val Smin: 5.7486
Epoch 043 | Loss: 0.0001 | Val MiFmax: 0.6935 | Val MaFmax: 0.6700 | Val Smin: 5.6923
Epoch 044 | Loss: 0.0000 | Val MiFmax: 0.6950 | Val MaFmax: 0.6760 | Val Smin: 5.7052
Epoch 045 | Loss: 0.0000 | Val MiFmax: 0.6919 | Val MaFmax: 0.6777 | Val Smin: 5.7110
Epoch 046 | Loss: 0.0000 | Val MiFmax: 0.6918 | Val MaFmax: 0.6678 | Val Smin: 5.6880
Epoch 047 | Loss: 0.0000 | Val MiFmax: 0.6944 | Val MaFmax: 0.6769 | Val Smin: 5.6591
Epoch 048 | Loss: 0.0000 | Val MiFmax: 0.6927 | Val MaFmax: 0.6892 | Val Smin: 5.6550
Epoch 049 | Loss: 0.0000 | Val MiFmax: 0.6951 | Val MaFmax: 0.6769 | Val Smin: 5.6489
Epoch 050 | Loss: 0.0000 | Val MiFmax: 0.6973 | Val MaFmax: 0.6820 | Val Smin: 5.6353
Epoch 051 | Loss: 0.0000 | Val MiFmax: 0.6962 | Val MaFmax: 0.6785 | Val Smin: 5.6051
Early stopping triggered after 51 epochs.
Training finished. Evaluating on Test Set...

--- TEST METRICS ---
Micro_Fmax: 0.5869
Macro_Fmax: 0.6330
Macro_AUROC: 0.9049
Micro_AUROC: 0.9038
Macro_AUPRC: 0.5758
Micro_AUPRC: 0.5687
Smin: 9.3214
--- Starting Full Grid Search ---
Running tuning only for: cellular_component
=========================================
  DeepGreenGO Hyperparameter Tuning (JK)
=========================================
Dataset: preprocessing/data/split_files/datasets.pkl
Output Directory: tuning_runs_jk

------------------------------------------------------
  Tuning Run 1 / 18
  Ontology: cellular_component | LR: 1e-4 | Dropout: 0.2 | Batch: 16
------------------------------------------------------
Using device: cuda
Loading datasets from preprocessing/data/split_files/datasets.pkl for cellular_component...
Alpha weights not found. Using default FocalLoss (alpha=0.25, gamma=4.0).
Epoch 001 | Loss: 0.0128 | Val MiFmax: 0.2123 | Val MaFmax: 0.1961 | Val Smin: 11.9474
  --> New best model saved!
Epoch 002 | Loss: 0.0092 | Val MiFmax: 0.3179 | Val MaFmax: 0.2682 | Val Smin: 10.7915
  --> New best model saved!
Epoch 003 | Loss: 0.0048 | Val MiFmax: 0.3903 | Val MaFmax: 0.2838 | Val Smin: 10.2204
  --> New best model saved!
Epoch 004 | Loss: 0.0024 | Val MiFmax: 0.4364 | Val MaFmax: 0.3760 | Val Smin: 9.7494
  --> New best model saved!
Epoch 005 | Loss: 0.0015 | Val MiFmax: 0.4931 | Val MaFmax: 0.4365 | Val Smin: 8.6896
  --> New best model saved!
Epoch 006 | Loss: 0.0010 | Val MiFmax: 0.5346 | Val MaFmax: 0.4784 | Val Smin: 8.2404
  --> New best model saved!
Epoch 007 | Loss: 0.0008 | Val MiFmax: 0.5865 | Val MaFmax: 0.5254 | Val Smin: 7.5373
  --> New best model saved!
Epoch 008 | Loss: 0.0007 | Val MiFmax: 0.5798 | Val MaFmax: 0.5358 | Val Smin: 7.6812
  --> New best model saved!
Epoch 009 | Loss: 0.0005 | Val MiFmax: 0.6136 | Val MaFmax: 0.5925 | Val Smin: 7.0518
  --> New best model saved!
Epoch 010 | Loss: 0.0005 | Val MiFmax: 0.6506 | Val MaFmax: 0.5924 | Val Smin: 6.3661
Epoch 011 | Loss: 0.0004 | Val MiFmax: 0.6642 | Val MaFmax: 0.6132 | Val Smin: 6.2078
  --> New best model saved!
Epoch 012 | Loss: 0.0003 | Val MiFmax: 0.6610 | Val MaFmax: 0.6449 | Val Smin: 6.1889
  --> New best model saved!
Epoch 013 | Loss: 0.0003 | Val MiFmax: 0.6433 | Val MaFmax: 0.6007 | Val Smin: 6.3363
Epoch 014 | Loss: 0.0003 | Val MiFmax: 0.6696 | Val MaFmax: 0.6604 | Val Smin: 6.0867
  --> New best model saved!
Epoch 015 | Loss: 0.0002 | Val MiFmax: 0.6647 | Val MaFmax: 0.6669 | Val Smin: 6.1044
  --> New best model saved!
Epoch 016 | Loss: 0.0002 | Val MiFmax: 0.6758 | Val MaFmax: 0.6819 | Val Smin: 5.8813
  --> New best model saved!
Epoch 017 | Loss: 0.0002 | Val MiFmax: 0.6800 | Val MaFmax: 0.6776 | Val Smin: 5.8806
Epoch 018 | Loss: 0.0002 | Val MiFmax: 0.6789 | Val MaFmax: 0.6674 | Val Smin: 5.8747
Epoch 019 | Loss: 0.0002 | Val MiFmax: 0.6710 | Val MaFmax: 0.6430 | Val Smin: 6.0516
Epoch 020 | Loss: 0.0002 | Val MiFmax: 0.6767 | Val MaFmax: 0.6417 | Val Smin: 5.9989
Epoch 021 | Loss: 0.0001 | Val MiFmax: 0.6553 | Val MaFmax: 0.6177 | Val Smin: 6.3197
Epoch 022 | Loss: 0.0001 | Val MiFmax: 0.6707 | Val MaFmax: 0.6755 | Val Smin: 6.1015
Epoch 023 | Loss: 0.0001 | Val MiFmax: 0.6850 | Val MaFmax: 0.6779 | Val Smin: 5.8117
Epoch 024 | Loss: 0.0001 | Val MiFmax: 0.6902 | Val MaFmax: 0.6745 | Val Smin: 5.6981
Epoch 025 | Loss: 0.0001 | Val MiFmax: 0.6903 | Val MaFmax: 0.6673 | Val Smin: 5.7113
Epoch 026 | Loss: 0.0001 | Val MiFmax: 0.6918 | Val MaFmax: 0.6724 | Val Smin: 5.7507
Epoch 027 | Loss: 0.0001 | Val MiFmax: 0.6912 | Val MaFmax: 0.6843 | Val Smin: 5.7106
  --> New best model saved!
Epoch 028 | Loss: 0.0001 | Val MiFmax: 0.6983 | Val MaFmax: 0.6869 | Val Smin: 5.5844
  --> New best model saved!
Epoch 029 | Loss: 0.0001 | Val MiFmax: 0.6932 | Val MaFmax: 0.6629 | Val Smin: 5.7244
Epoch 030 | Loss: 0.0001 | Val MiFmax: 0.6889 | Val MaFmax: 0.6600 | Val Smin: 5.7295
Epoch 031 | Loss: 0.0001 | Val MiFmax: 0.6923 | Val MaFmax: 0.6751 | Val Smin: 5.7014
Epoch 032 | Loss: 0.0001 | Val MiFmax: 0.6960 | Val MaFmax: 0.6815 | Val Smin: 5.6395
Epoch 033 | Loss: 0.0001 | Val MiFmax: 0.6861 | Val MaFmax: 0.6792 | Val Smin: 5.7749
Epoch 034 | Loss: 0.0001 | Val MiFmax: 0.6929 | Val MaFmax: 0.6714 | Val Smin: 5.6817
Epoch 035 | Loss: 0.0000 | Val MiFmax: 0.6863 | Val MaFmax: 0.6734 | Val Smin: 5.7860
Epoch 036 | Loss: 0.0000 | Val MiFmax: 0.6920 | Val MaFmax: 0.6764 | Val Smin: 5.7082
Epoch 037 | Loss: 0.0000 | Val MiFmax: 0.6957 | Val MaFmax: 0.6859 | Val Smin: 5.6412
Epoch 038 | Loss: 0.0000 | Val MiFmax: 0.6948 | Val MaFmax: 0.6820 | Val Smin: 5.6779
Epoch 039 | Loss: 0.0000 | Val MiFmax: 0.6934 | Val MaFmax: 0.6840 | Val Smin: 5.6804
Epoch 040 | Loss: 0.0000 | Val MiFmax: 0.6953 | Val MaFmax: 0.6803 | Val Smin: 5.6385
Epoch 041 | Loss: 0.0000 | Val MiFmax: 0.6933 | Val MaFmax: 0.6825 | Val Smin: 5.6846
Epoch 042 | Loss: 0.0000 | Val MiFmax: 0.6934 | Val MaFmax: 0.6859 | Val Smin: 5.6789
Epoch 043 | Loss: 0.0000 | Val MiFmax: 0.6949 | Val MaFmax: 0.6870 | Val Smin: 5.6414
  --> New best model saved!
Epoch 044 | Loss: 0.0000 | Val MiFmax: 0.6961 | Val MaFmax: 0.6934 | Val Smin: 5.6468
  --> New best model saved!
Epoch 045 | Loss: 0.0000 | Val MiFmax: 0.6977 | Val MaFmax: 0.6974 | Val Smin: 5.5857
  --> New best model saved!
Epoch 046 | Loss: 0.0000 | Val MiFmax: 0.6968 | Val MaFmax: 0.6911 | Val Smin: 5.6085
Epoch 047 | Loss: 0.0000 | Val MiFmax: 0.6942 | Val MaFmax: 0.6967 | Val Smin: 5.6762
Epoch 048 | Loss: 0.0000 | Val MiFmax: 0.6955 | Val MaFmax: 0.6926 | Val Smin: 5.6574
Epoch 049 | Loss: 0.0000 | Val MiFmax: 0.6958 | Val MaFmax: 0.6934 | Val Smin: 5.6509
Epoch 050 | Loss: 0.0000 | Val MiFmax: 0.6984 | Val MaFmax: 0.6898 | Val Smin: 5.6133
Epoch 051 | Loss: 0.0000 | Val MiFmax: 0.6953 | Val MaFmax: 0.6811 | Val Smin: 5.6465
Epoch 052 | Loss: 0.0000 | Val MiFmax: 0.6972 | Val MaFmax: 0.6887 | Val Smin: 5.6121
Epoch 053 | Loss: 0.0000 | Val MiFmax: 0.6947 | Val MaFmax: 0.6880 | Val Smin: 5.6756
Epoch 054 | Loss: 0.0000 | Val MiFmax: 0.6991 | Val MaFmax: 0.6890 | Val Smin: 5.5976
Epoch 055 | Loss: 0.0000 | Val MiFmax: 0.6967 | Val MaFmax: 0.6942 | Val Smin: 5.6195
Epoch 056 | Loss: 0.0000 | Val MiFmax: 0.6988 | Val MaFmax: 0.6921 | Val Smin: 5.6087
Epoch 057 | Loss: 0.0000 | Val MiFmax: 0.6980 | Val MaFmax: 0.6930 | Val Smin: 5.6135
Epoch 058 | Loss: 0.0000 | Val MiFmax: 0.6987 | Val MaFmax: 0.6940 | Val Smin: 5.6016
Epoch 059 | Loss: 0.0000 | Val MiFmax: 0.6994 | Val MaFmax: 0.6944 | Val Smin: 5.5977
Epoch 060 | Loss: 0.0000 | Val MiFmax: 0.6957 | Val MaFmax: 0.6939 | Val Smin: 5.6764
Early stopping triggered after 60 epochs.
Training finished. Evaluating on Test Set...

--- TEST METRICS ---
Micro_Fmax: 0.6002
Macro_Fmax: 0.6379
Macro_AUROC: 0.8951
Micro_AUROC: 0.8967
Macro_AUPRC: 0.5996
Micro_AUPRC: 0.6145
Smin: 9.1755
------------------------------------------------------
  Tuning Run 2 / 18
  Ontology: cellular_component | LR: 1e-4 | Dropout: 0.2 | Batch: 32
------------------------------------------------------
Using device: cuda
Loading datasets from preprocessing/data/split_files/datasets.pkl for cellular_component...
Alpha weights not found. Using default FocalLoss (alpha=0.25, gamma=4.0).
Epoch 001 | Loss: 0.0134 | Val MiFmax: 0.1687 | Val MaFmax: 0.1925 | Val Smin: 12.2352
  --> New best model saved!
Epoch 002 | Loss: 0.0115 | Val MiFmax: 0.2545 | Val MaFmax: 0.2196 | Val Smin: 11.3060
  --> New best model saved!
Epoch 003 | Loss: 0.0095 | Val MiFmax: 0.3092 | Val MaFmax: 0.2758 | Val Smin: 10.8265
  --> New best model saved!
Epoch 004 | Loss: 0.0069 | Val MiFmax: 0.3676 | Val MaFmax: 0.2866 | Val Smin: 10.5892
  --> New best model saved!
Epoch 005 | Loss: 0.0046 | Val MiFmax: 0.4343 | Val MaFmax: 0.3491 | Val Smin: 9.6428
  --> New best model saved!
Epoch 006 | Loss: 0.0030 | Val MiFmax: 0.4400 | Val MaFmax: 0.3559 | Val Smin: 9.6906
  --> New best model saved!
Epoch 007 | Loss: 0.0021 | Val MiFmax: 0.4660 | Val MaFmax: 0.4179 | Val Smin: 9.2479
  --> New best model saved!
Epoch 008 | Loss: 0.0016 | Val MiFmax: 0.5237 | Val MaFmax: 0.4582 | Val Smin: 8.4336
  --> New best model saved!
Epoch 009 | Loss: 0.0012 | Val MiFmax: 0.5428 | Val MaFmax: 0.4572 | Val Smin: 8.0609
Epoch 010 | Loss: 0.0010 | Val MiFmax: 0.5795 | Val MaFmax: 0.5056 | Val Smin: 7.5473
  --> New best model saved!
Epoch 011 | Loss: 0.0008 | Val MiFmax: 0.6000 | Val MaFmax: 0.5359 | Val Smin: 7.2569
  --> New best model saved!
Epoch 012 | Loss: 0.0007 | Val MiFmax: 0.6206 | Val MaFmax: 0.5891 | Val Smin: 6.8112
  --> New best model saved!
Epoch 013 | Loss: 0.0006 | Val MiFmax: 0.6275 | Val MaFmax: 0.5931 | Val Smin: 6.6955
  --> New best model saved!
Epoch 014 | Loss: 0.0005 | Val MiFmax: 0.6323 | Val MaFmax: 0.6095 | Val Smin: 6.7657
  --> New best model saved!
Epoch 015 | Loss: 0.0004 | Val MiFmax: 0.6593 | Val MaFmax: 0.6002 | Val Smin: 6.2340
Epoch 016 | Loss: 0.0004 | Val MiFmax: 0.6699 | Val MaFmax: 0.6453 | Val Smin: 6.0545
  --> New best model saved!
Epoch 017 | Loss: 0.0003 | Val MiFmax: 0.6648 | Val MaFmax: 0.6161 | Val Smin: 6.1424
Epoch 018 | Loss: 0.0003 | Val MiFmax: 0.6594 | Val MaFmax: 0.6379 | Val Smin: 6.2846
Epoch 019 | Loss: 0.0003 | Val MiFmax: 0.6773 | Val MaFmax: 0.6366 | Val Smin: 6.0030
Epoch 020 | Loss: 0.0002 | Val MiFmax: 0.6775 | Val MaFmax: 0.6464 | Val Smin: 5.9309
  --> New best model saved!
Epoch 021 | Loss: 0.0002 | Val MiFmax: 0.6816 | Val MaFmax: 0.6416 | Val Smin: 5.8701
Epoch 022 | Loss: 0.0002 | Val MiFmax: 0.6762 | Val MaFmax: 0.6344 | Val Smin: 6.0002
Epoch 023 | Loss: 0.0002 | Val MiFmax: 0.6764 | Val MaFmax: 0.6578 | Val Smin: 5.9769
  --> New best model saved!
Epoch 024 | Loss: 0.0002 | Val MiFmax: 0.6701 | Val MaFmax: 0.6626 | Val Smin: 6.0991
  --> New best model saved!
Epoch 025 | Loss: 0.0002 | Val MiFmax: 0.6705 | Val MaFmax: 0.6629 | Val Smin: 5.9604
  --> New best model saved!
Epoch 026 | Loss: 0.0001 | Val MiFmax: 0.6766 | Val MaFmax: 0.6739 | Val Smin: 5.9459
  --> New best model saved!
Epoch 027 | Loss: 0.0001 | Val MiFmax: 0.6911 | Val MaFmax: 0.6707 | Val Smin: 5.7465
Epoch 028 | Loss: 0.0001 | Val MiFmax: 0.6862 | Val MaFmax: 0.6869 | Val Smin: 5.7695
  --> New best model saved!
Epoch 029 | Loss: 0.0001 | Val MiFmax: 0.6930 | Val MaFmax: 0.6662 | Val Smin: 5.6288
Epoch 030 | Loss: 0.0001 | Val MiFmax: 0.6803 | Val MaFmax: 0.6600 | Val Smin: 5.8770
Epoch 031 | Loss: 0.0001 | Val MiFmax: 0.6946 | Val MaFmax: 0.6867 | Val Smin: 5.6620
Epoch 032 | Loss: 0.0001 | Val MiFmax: 0.6957 | Val MaFmax: 0.6644 | Val Smin: 5.7030
Epoch 033 | Loss: 0.0001 | Val MiFmax: 0.6835 | Val MaFmax: 0.6678 | Val Smin: 5.7946
Epoch 034 | Loss: 0.0001 | Val MiFmax: 0.6796 | Val MaFmax: 0.6399 | Val Smin: 5.9356
Epoch 035 | Loss: 0.0001 | Val MiFmax: 0.6969 | Val MaFmax: 0.6834 | Val Smin: 5.6509
Epoch 036 | Loss: 0.0001 | Val MiFmax: 0.7001 | Val MaFmax: 0.6873 | Val Smin: 5.5835
  --> New best model saved!
Epoch 037 | Loss: 0.0001 | Val MiFmax: 0.6988 | Val MaFmax: 0.6849 | Val Smin: 5.6308
Epoch 038 | Loss: 0.0000 | Val MiFmax: 0.6932 | Val MaFmax: 0.6874 | Val Smin: 5.7406
  --> New best model saved!
Epoch 039 | Loss: 0.0000 | Val MiFmax: 0.6928 | Val MaFmax: 0.6956 | Val Smin: 5.6827
  --> New best model saved!
Epoch 040 | Loss: 0.0000 | Val MiFmax: 0.7017 | Val MaFmax: 0.6909 | Val Smin: 5.5551
Epoch 041 | Loss: 0.0000 | Val MiFmax: 0.7019 | Val MaFmax: 0.6897 | Val Smin: 5.5903
Epoch 042 | Loss: 0.0000 | Val MiFmax: 0.7002 | Val MaFmax: 0.6940 | Val Smin: 5.5815
Epoch 043 | Loss: 0.0000 | Val MiFmax: 0.7008 | Val MaFmax: 0.6955 | Val Smin: 5.5835
Epoch 044 | Loss: 0.0000 | Val MiFmax: 0.7012 | Val MaFmax: 0.6949 | Val Smin: 5.5762
Epoch 045 | Loss: 0.0000 | Val MiFmax: 0.7037 | Val MaFmax: 0.6956 | Val Smin: 5.5661
Epoch 046 | Loss: 0.0000 | Val MiFmax: 0.7040 | Val MaFmax: 0.6998 | Val Smin: 5.5301
  --> New best model saved!
Epoch 047 | Loss: 0.0000 | Val MiFmax: 0.7002 | Val MaFmax: 0.6998 | Val Smin: 5.6057
  --> New best model saved!
Epoch 048 | Loss: 0.0000 | Val MiFmax: 0.7025 | Val MaFmax: 0.6993 | Val Smin: 5.5576
Epoch 049 | Loss: 0.0000 | Val MiFmax: 0.7026 | Val MaFmax: 0.6898 | Val Smin: 5.5867
Epoch 050 | Loss: 0.0000 | Val MiFmax: 0.7031 | Val MaFmax: 0.6985 | Val Smin: 5.5648
Epoch 051 | Loss: 0.0000 | Val MiFmax: 0.6995 | Val MaFmax: 0.6784 | Val Smin: 5.6066
Epoch 052 | Loss: 0.0000 | Val MiFmax: 0.7014 | Val MaFmax: 0.6945 | Val Smin: 5.5617
Epoch 053 | Loss: 0.0000 | Val MiFmax: 0.6981 | Val MaFmax: 0.6920 | Val Smin: 5.6085
Epoch 054 | Loss: 0.0000 | Val MiFmax: 0.6982 | Val MaFmax: 0.6901 | Val Smin: 5.6365
Epoch 055 | Loss: 0.0000 | Val MiFmax: 0.7013 | Val MaFmax: 0.6936 | Val Smin: 5.5649
Epoch 056 | Loss: 0.0000 | Val MiFmax: 0.7015 | Val MaFmax: 0.6947 | Val Smin: 5.5750
Epoch 057 | Loss: 0.0000 | Val MiFmax: 0.6993 | Val MaFmax: 0.6981 | Val Smin: 5.6005
Epoch 058 | Loss: 0.0000 | Val MiFmax: 0.7031 | Val MaFmax: 0.6957 | Val Smin: 5.5777
Epoch 059 | Loss: 0.0000 | Val MiFmax: 0.7044 | Val MaFmax: 0.6985 | Val Smin: 5.5451
Epoch 060 | Loss: 0.0000 | Val MiFmax: 0.7047 | Val MaFmax: 0.7013 | Val Smin: 5.5284
  --> New best model saved!
Epoch 061 | Loss: 0.0000 | Val MiFmax: 0.7033 | Val MaFmax: 0.7020 | Val Smin: 5.5484
  --> New best model saved!
Epoch 062 | Loss: 0.0000 | Val MiFmax: 0.7056 | Val MaFmax: 0.6984 | Val Smin: 5.5016
Epoch 063 | Loss: 0.0000 | Val MiFmax: 0.7037 | Val MaFmax: 0.6996 | Val Smin: 5.5170
Epoch 064 | Loss: 0.0000 | Val MiFmax: 0.7016 | Val MaFmax: 0.6979 | Val Smin: 5.5663
Epoch 065 | Loss: 0.0000 | Val MiFmax: 0.7009 | Val MaFmax: 0.6960 | Val Smin: 5.5780
Epoch 066 | Loss: 0.0000 | Val MiFmax: 0.7045 | Val MaFmax: 0.6978 | Val Smin: 5.5033
Epoch 067 | Loss: 0.0000 | Val MiFmax: 0.7047 | Val MaFmax: 0.6969 | Val Smin: 5.5134
Epoch 068 | Loss: 0.0000 | Val MiFmax: 0.7016 | Val MaFmax: 0.6951 | Val Smin: 5.5462
Epoch 069 | Loss: 0.0000 | Val MiFmax: 0.7026 | Val MaFmax: 0.6950 | Val Smin: 5.5620
Epoch 070 | Loss: 0.0000 | Val MiFmax: 0.7036 | Val MaFmax: 0.6970 | Val Smin: 5.5615
Epoch 071 | Loss: 0.0000 | Val MiFmax: 0.7012 | Val MaFmax: 0.6982 | Val Smin: 5.5827
Epoch 072 | Loss: 0.0000 | Val MiFmax: 0.7030 | Val MaFmax: 0.6926 | Val Smin: 5.5455
Epoch 073 | Loss: 0.0000 | Val MiFmax: 0.7009 | Val MaFmax: 0.6961 | Val Smin: 5.5854
Epoch 074 | Loss: 0.0000 | Val MiFmax: 0.7010 | Val MaFmax: 0.6943 | Val Smin: 5.5996
Epoch 075 | Loss: 0.0000 | Val MiFmax: 0.7021 | Val MaFmax: 0.6951 | Val Smin: 5.5601
Epoch 076 | Loss: 0.0000 | Val MiFmax: 0.7026 | Val MaFmax: 0.6931 | Val Smin: 5.5300
Early stopping triggered after 76 epochs.
Training finished. Evaluating on Test Set...

--- TEST METRICS ---
Micro_Fmax: 0.5865
Macro_Fmax: 0.5956
Macro_AUROC: 0.8612
Micro_AUROC: 0.8654
Macro_AUPRC: 0.5452
Micro_AUPRC: 0.5724
Smin: 9.4762
------------------------------------------------------
  Tuning Run 3 / 18
  Ontology: cellular_component | LR: 1e-4 | Dropout: 0.3 | Batch: 16
------------------------------------------------------
Using device: cuda
Loading datasets from preprocessing/data/split_files/datasets.pkl for cellular_component...
Alpha weights not found. Using default FocalLoss (alpha=0.25, gamma=4.0).
Epoch 001 | Loss: 0.0147 | Val MiFmax: 0.1895 | Val MaFmax: 0.1896 | Val Smin: 12.0959
  --> New best model saved!
Epoch 002 | Loss: 0.0109 | Val MiFmax: 0.2865 | Val MaFmax: 0.2244 | Val Smin: 11.1395
  --> New best model saved!
Epoch 003 | Loss: 0.0063 | Val MiFmax: 0.3304 | Val MaFmax: 0.2717 | Val Smin: 10.7901
  --> New best model saved!
Epoch 004 | Loss: 0.0033 | Val MiFmax: 0.4116 | Val MaFmax: 0.3417 | Val Smin: 10.0240
  --> New best model saved!
Epoch 005 | Loss: 0.0020 | Val MiFmax: 0.4817 | Val MaFmax: 0.4101 | Val Smin: 8.8958
  --> New best model saved!
Epoch 006 | Loss: 0.0014 | Val MiFmax: 0.5255 | Val MaFmax: 0.4718 | Val Smin: 8.5317
  --> New best model saved!
Epoch 007 | Loss: 0.0011 | Val MiFmax: 0.5245 | Val MaFmax: 0.4400 | Val Smin: 8.4883
Epoch 008 | Loss: 0.0008 | Val MiFmax: 0.5560 | Val MaFmax: 0.5018 | Val Smin: 7.8831
  --> New best model saved!
Epoch 009 | Loss: 0.0007 | Val MiFmax: 0.5996 | Val MaFmax: 0.5370 | Val Smin: 7.2941
  --> New best model saved!
Epoch 010 | Loss: 0.0006 | Val MiFmax: 0.6149 | Val MaFmax: 0.5552 | Val Smin: 6.9372
  --> New best model saved!
Epoch 011 | Loss: 0.0005 | Val MiFmax: 0.6247 | Val MaFmax: 0.5857 | Val Smin: 6.8232
  --> New best model saved!
Epoch 012 | Loss: 0.0004 | Val MiFmax: 0.6380 | Val MaFmax: 0.6241 | Val Smin: 6.5585
  --> New best model saved!
Epoch 013 | Loss: 0.0004 | Val MiFmax: 0.6596 | Val MaFmax: 0.6110 | Val Smin: 6.1939
Epoch 014 | Loss: 0.0004 | Val MiFmax: 0.6542 | Val MaFmax: 0.6337 | Val Smin: 6.2723
  --> New best model saved!
Epoch 015 | Loss: 0.0003 | Val MiFmax: 0.6612 | Val MaFmax: 0.6313 | Val Smin: 6.1562
Epoch 016 | Loss: 0.0003 | Val MiFmax: 0.6639 | Val MaFmax: 0.6264 | Val Smin: 6.2164
Epoch 017 | Loss: 0.0003 | Val MiFmax: 0.6634 | Val MaFmax: 0.6676 | Val Smin: 6.1906
  --> New best model saved!
Epoch 018 | Loss: 0.0002 | Val MiFmax: 0.6833 | Val MaFmax: 0.6549 | Val Smin: 5.8090
Epoch 019 | Loss: 0.0002 | Val MiFmax: 0.6816 | Val MaFmax: 0.6347 | Val Smin: 5.9315
Epoch 020 | Loss: 0.0002 | Val MiFmax: 0.6765 | Val MaFmax: 0.6434 | Val Smin: 5.9703
Epoch 021 | Loss: 0.0002 | Val MiFmax: 0.6785 | Val MaFmax: 0.6535 | Val Smin: 5.9207
Epoch 022 | Loss: 0.0002 | Val MiFmax: 0.6835 | Val MaFmax: 0.6661 | Val Smin: 5.9164
Epoch 023 | Loss: 0.0002 | Val MiFmax: 0.6781 | Val MaFmax: 0.6741 | Val Smin: 5.9724
  --> New best model saved!
Epoch 024 | Loss: 0.0002 | Val MiFmax: 0.6782 | Val MaFmax: 0.6517 | Val Smin: 5.9156
Epoch 025 | Loss: 0.0002 | Val MiFmax: 0.6622 | Val MaFmax: 0.6570 | Val Smin: 6.1803
Epoch 026 | Loss: 0.0001 | Val MiFmax: 0.6797 | Val MaFmax: 0.6670 | Val Smin: 5.8883
Epoch 027 | Loss: 0.0001 | Val MiFmax: 0.6914 | Val MaFmax: 0.6790 | Val Smin: 5.7301
  --> New best model saved!
Epoch 028 | Loss: 0.0001 | Val MiFmax: 0.6924 | Val MaFmax: 0.6546 | Val Smin: 5.7304
Epoch 029 | Loss: 0.0001 | Val MiFmax: 0.6791 | Val MaFmax: 0.6535 | Val Smin: 5.9853
Epoch 030 | Loss: 0.0001 | Val MiFmax: 0.6703 | Val MaFmax: 0.6471 | Val Smin: 6.0363
Epoch 031 | Loss: 0.0001 | Val MiFmax: 0.6827 | Val MaFmax: 0.6850 | Val Smin: 5.8400
  --> New best model saved!
Epoch 032 | Loss: 0.0001 | Val MiFmax: 0.6835 | Val MaFmax: 0.6986 | Val Smin: 5.8733
  --> New best model saved!
Epoch 033 | Loss: 0.0001 | Val MiFmax: 0.6732 | Val MaFmax: 0.6783 | Val Smin: 5.9656
Epoch 034 | Loss: 0.0001 | Val MiFmax: 0.6900 | Val MaFmax: 0.6787 | Val Smin: 5.7874
Epoch 035 | Loss: 0.0001 | Val MiFmax: 0.6824 | Val MaFmax: 0.6611 | Val Smin: 5.8245
Epoch 036 | Loss: 0.0001 | Val MiFmax: 0.6901 | Val MaFmax: 0.6905 | Val Smin: 5.7619
Epoch 037 | Loss: 0.0001 | Val MiFmax: 0.6957 | Val MaFmax: 0.6758 | Val Smin: 5.6685
Epoch 038 | Loss: 0.0001 | Val MiFmax: 0.6949 | Val MaFmax: 0.6853 | Val Smin: 5.7422
Epoch 039 | Loss: 0.0001 | Val MiFmax: 0.6953 | Val MaFmax: 0.6731 | Val Smin: 5.6847
Epoch 040 | Loss: 0.0000 | Val MiFmax: 0.6939 | Val MaFmax: 0.6777 | Val Smin: 5.6972
Epoch 041 | Loss: 0.0001 | Val MiFmax: 0.7007 | Val MaFmax: 0.6837 | Val Smin: 5.5600
Epoch 042 | Loss: 0.0000 | Val MiFmax: 0.6970 | Val MaFmax: 0.6792 | Val Smin: 5.6803
Epoch 043 | Loss: 0.0000 | Val MiFmax: 0.6954 | Val MaFmax: 0.6946 | Val Smin: 5.6419
Epoch 044 | Loss: 0.0000 | Val MiFmax: 0.6963 | Val MaFmax: 0.6945 | Val Smin: 5.6556
Epoch 045 | Loss: 0.0000 | Val MiFmax: 0.6943 | Val MaFmax: 0.6933 | Val Smin: 5.7009
Epoch 046 | Loss: 0.0000 | Val MiFmax: 0.6986 | Val MaFmax: 0.6977 | Val Smin: 5.6112
Epoch 047 | Loss: 0.0000 | Val MiFmax: 0.6919 | Val MaFmax: 0.6896 | Val Smin: 5.7061
Early stopping triggered after 47 epochs.
Training finished. Evaluating on Test Set...

--- TEST METRICS ---
Micro_Fmax: 0.5838
Macro_Fmax: 0.6189
Macro_AUROC: 0.8937
Micro_AUROC: 0.9040
Macro_AUPRC: 0.5572
Micro_AUPRC: 0.5723
Smin: 9.3337
------------------------------------------------------
  Tuning Run 4 / 18
  Ontology: cellular_component | LR: 1e-4 | Dropout: 0.3 | Batch: 32
------------------------------------------------------
Using device: cuda
Loading datasets from preprocessing/data/split_files/datasets.pkl for cellular_component...
Alpha weights not found. Using default FocalLoss (alpha=0.25, gamma=4.0).
Epoch 001 | Loss: 0.0153 | Val MiFmax: 0.1380 | Val MaFmax: 0.1674 | Val Smin: 12.4667
  --> New best model saved!
Epoch 002 | Loss: 0.0130 | Val MiFmax: 0.2274 | Val MaFmax: 0.2157 | Val Smin: 11.6452
  --> New best model saved!
Epoch 003 | Loss: 0.0109 | Val MiFmax: 0.2528 | Val MaFmax: 0.2467 | Val Smin: 11.4506
  --> New best model saved!
Epoch 004 | Loss: 0.0084 | Val MiFmax: 0.3249 | Val MaFmax: 0.2872 | Val Smin: 10.7547
  --> New best model saved!
Epoch 005 | Loss: 0.0059 | Val MiFmax: 0.3727 | Val MaFmax: 0.3118 | Val Smin: 10.3366
  --> New best model saved!
Epoch 006 | Loss: 0.0040 | Val MiFmax: 0.4317 | Val MaFmax: 0.3421 | Val Smin: 9.7637
  --> New best model saved!
Epoch 007 | Loss: 0.0028 | Val MiFmax: 0.4580 | Val MaFmax: 0.3813 | Val Smin: 9.3292
  --> New best model saved!
Epoch 008 | Loss: 0.0021 | Val MiFmax: 0.4724 | Val MaFmax: 0.4114 | Val Smin: 9.2111
  --> New best model saved!
Epoch 009 | Loss: 0.0016 | Val MiFmax: 0.4893 | Val MaFmax: 0.4376 | Val Smin: 8.7685
  --> New best model saved!
Epoch 010 | Loss: 0.0013 | Val MiFmax: 0.5328 | Val MaFmax: 0.4809 | Val Smin: 8.2042
  --> New best model saved!
Epoch 011 | Loss: 0.0011 | Val MiFmax: 0.5582 | Val MaFmax: 0.5160 | Val Smin: 7.8937
  --> New best model saved!
Epoch 012 | Loss: 0.0009 | Val MiFmax: 0.5775 | Val MaFmax: 0.5374 | Val Smin: 7.6081
  --> New best model saved!
Epoch 013 | Loss: 0.0008 | Val MiFmax: 0.5739 | Val MaFmax: 0.5292 | Val Smin: 7.6097
Epoch 014 | Loss: 0.0007 | Val MiFmax: 0.6032 | Val MaFmax: 0.5670 | Val Smin: 7.1307
  --> New best model saved!
Epoch 015 | Loss: 0.0006 | Val MiFmax: 0.6052 | Val MaFmax: 0.5938 | Val Smin: 7.0378
  --> New best model saved!
Epoch 016 | Loss: 0.0006 | Val MiFmax: 0.6150 | Val MaFmax: 0.5584 | Val Smin: 6.8682
Epoch 017 | Loss: 0.0005 | Val MiFmax: 0.6266 | Val MaFmax: 0.5813 | Val Smin: 6.7370
Epoch 018 | Loss: 0.0005 | Val MiFmax: 0.6303 | Val MaFmax: 0.6281 | Val Smin: 6.7292
  --> New best model saved!
Epoch 019 | Loss: 0.0004 | Val MiFmax: 0.6565 | Val MaFmax: 0.6545 | Val Smin: 6.2411
  --> New best model saved!
Epoch 020 | Loss: 0.0004 | Val MiFmax: 0.6624 | Val MaFmax: 0.6392 | Val Smin: 6.2463
Epoch 021 | Loss: 0.0003 | Val MiFmax: 0.6596 | Val MaFmax: 0.6172 | Val Smin: 6.1684
Epoch 022 | Loss: 0.0003 | Val MiFmax: 0.6650 | Val MaFmax: 0.6524 | Val Smin: 6.2129
Epoch 023 | Loss: 0.0003 | Val MiFmax: 0.6758 | Val MaFmax: 0.6632 | Val Smin: 5.9556
  --> New best model saved!
Epoch 024 | Loss: 0.0003 | Val MiFmax: 0.6677 | Val MaFmax: 0.6509 | Val Smin: 6.0731
Epoch 025 | Loss: 0.0003 | Val MiFmax: 0.6770 | Val MaFmax: 0.6551 | Val Smin: 5.9318
Epoch 026 | Loss: 0.0002 | Val MiFmax: 0.6755 | Val MaFmax: 0.6808 | Val Smin: 5.9663
  --> New best model saved!
Epoch 027 | Loss: 0.0002 | Val MiFmax: 0.6770 | Val MaFmax: 0.6653 | Val Smin: 5.9713
Epoch 028 | Loss: 0.0002 | Val MiFmax: 0.6884 | Val MaFmax: 0.6878 | Val Smin: 5.6648
  --> New best model saved!
Epoch 029 | Loss: 0.0002 | Val MiFmax: 0.6802 | Val MaFmax: 0.6900 | Val Smin: 5.8194
  --> New best model saved!
Epoch 030 | Loss: 0.0002 | Val MiFmax: 0.6792 | Val MaFmax: 0.6763 | Val Smin: 5.8568
Epoch 031 | Loss: 0.0002 | Val MiFmax: 0.6860 | Val MaFmax: 0.6917 | Val Smin: 5.7272
  --> New best model saved!
Epoch 032 | Loss: 0.0002 | Val MiFmax: 0.6868 | Val MaFmax: 0.6829 | Val Smin: 5.8136
Epoch 033 | Loss: 0.0002 | Val MiFmax: 0.6941 | Val MaFmax: 0.6828 | Val Smin: 5.5931
Epoch 034 | Loss: 0.0002 | Val MiFmax: 0.6535 | Val MaFmax: 0.6446 | Val Smin: 6.2324
Epoch 035 | Loss: 0.0001 | Val MiFmax: 0.6845 | Val MaFmax: 0.6745 | Val Smin: 5.7967
Epoch 036 | Loss: 0.0001 | Val MiFmax: 0.7058 | Val MaFmax: 0.7012 | Val Smin: 5.3946
  --> New best model saved!
Epoch 037 | Loss: 0.0001 | Val MiFmax: 0.6995 | Val MaFmax: 0.6726 | Val Smin: 5.6282
Epoch 038 | Loss: 0.0001 | Val MiFmax: 0.6895 | Val MaFmax: 0.6565 | Val Smin: 5.7881
Epoch 039 | Loss: 0.0001 | Val MiFmax: 0.6966 | Val MaFmax: 0.6855 | Val Smin: 5.6502
Epoch 040 | Loss: 0.0001 | Val MiFmax: 0.6875 | Val MaFmax: 0.6778 | Val Smin: 5.7520
Epoch 041 | Loss: 0.0001 | Val MiFmax: 0.6982 | Val MaFmax: 0.6304 | Val Smin: 5.6202
Epoch 042 | Loss: 0.0001 | Val MiFmax: 0.6843 | Val MaFmax: 0.6605 | Val Smin: 5.8088
Epoch 043 | Loss: 0.0001 | Val MiFmax: 0.7073 | Val MaFmax: 0.6922 | Val Smin: 5.4237
Epoch 044 | Loss: 0.0001 | Val MiFmax: 0.7088 | Val MaFmax: 0.6983 | Val Smin: 5.3965
Epoch 045 | Loss: 0.0001 | Val MiFmax: 0.7129 | Val MaFmax: 0.6932 | Val Smin: 5.3651
Epoch 046 | Loss: 0.0001 | Val MiFmax: 0.7138 | Val MaFmax: 0.6993 | Val Smin: 5.2910
Epoch 047 | Loss: 0.0001 | Val MiFmax: 0.7161 | Val MaFmax: 0.6870 | Val Smin: 5.3058
Epoch 048 | Loss: 0.0001 | Val MiFmax: 0.7118 | Val MaFmax: 0.6890 | Val Smin: 5.3731
Epoch 049 | Loss: 0.0001 | Val MiFmax: 0.7157 | Val MaFmax: 0.6968 | Val Smin: 5.2955
Epoch 050 | Loss: 0.0001 | Val MiFmax: 0.7183 | Val MaFmax: 0.6945 | Val Smin: 5.2913
Epoch 051 | Loss: 0.0001 | Val MiFmax: 0.7179 | Val MaFmax: 0.6939 | Val Smin: 5.3070
Early stopping triggered after 51 epochs.
Training finished. Evaluating on Test Set...

--- TEST METRICS ---
Micro_Fmax: 0.5983
Macro_Fmax: 0.6195
Macro_AUROC: 0.9077
Micro_AUROC: 0.8980
Macro_AUPRC: 0.5717
Micro_AUPRC: 0.5894
Smin: 9.1026
------------------------------------------------------
  Tuning Run 5 / 18
  Ontology: cellular_component | LR: 1e-4 | Dropout: 0.4 | Batch: 16
------------------------------------------------------
Using device: cuda
Loading datasets from preprocessing/data/split_files/datasets.pkl for cellular_component...
Alpha weights not found. Using default FocalLoss (alpha=0.25, gamma=4.0).
Epoch 001 | Loss: 0.0171 | Val MiFmax: 0.1466 | Val MaFmax: 0.1549 | Val Smin: 12.3282
  --> New best model saved!
Epoch 002 | Loss: 0.0128 | Val MiFmax: 0.2209 | Val MaFmax: 0.2018 | Val Smin: 11.7576
  --> New best model saved!
Epoch 003 | Loss: 0.0081 | Val MiFmax: 0.3067 | Val MaFmax: 0.2314 | Val Smin: 11.1176
  --> New best model saved!
Epoch 004 | Loss: 0.0044 | Val MiFmax: 0.3767 | Val MaFmax: 0.2974 | Val Smin: 10.4623
  --> New best model saved!
Epoch 005 | Loss: 0.0026 | Val MiFmax: 0.4011 | Val MaFmax: 0.3344 | Val Smin: 10.2126
  --> New best model saved!
Epoch 006 | Loss: 0.0018 | Val MiFmax: 0.4441 | Val MaFmax: 0.4237 | Val Smin: 9.4653
  --> New best model saved!
Epoch 007 | Loss: 0.0014 | Val MiFmax: 0.4902 | Val MaFmax: 0.4548 | Val Smin: 9.0006
  --> New best model saved!
Epoch 008 | Loss: 0.0011 | Val MiFmax: 0.5253 | Val MaFmax: 0.4719 | Val Smin: 8.3950
  --> New best model saved!
Epoch 009 | Loss: 0.0009 | Val MiFmax: 0.5724 | Val MaFmax: 0.4906 | Val Smin: 7.6835
  --> New best model saved!
Epoch 010 | Loss: 0.0008 | Val MiFmax: 0.5784 | Val MaFmax: 0.5467 | Val Smin: 7.5631
  --> New best model saved!
Epoch 011 | Loss: 0.0007 | Val MiFmax: 0.6116 | Val MaFmax: 0.5623 | Val Smin: 7.1015
  --> New best model saved!
Epoch 012 | Loss: 0.0006 | Val MiFmax: 0.6176 | Val MaFmax: 0.5655 | Val Smin: 7.0608
  --> New best model saved!
Epoch 013 | Loss: 0.0006 | Val MiFmax: 0.6290 | Val MaFmax: 0.5786 | Val Smin: 6.7024
  --> New best model saved!
Epoch 014 | Loss: 0.0005 | Val MiFmax: 0.6317 | Val MaFmax: 0.6156 | Val Smin: 6.6427
  --> New best model saved!
Epoch 015 | Loss: 0.0005 | Val MiFmax: 0.6478 | Val MaFmax: 0.6164 | Val Smin: 6.3740
  --> New best model saved!
Epoch 016 | Loss: 0.0004 | Val MiFmax: 0.6354 | Val MaFmax: 0.6002 | Val Smin: 6.6428
Epoch 017 | Loss: 0.0004 | Val MiFmax: 0.6602 | Val MaFmax: 0.6273 | Val Smin: 6.1934
  --> New best model saved!
Epoch 018 | Loss: 0.0003 | Val MiFmax: 0.6500 | Val MaFmax: 0.6248 | Val Smin: 6.2497
Epoch 019 | Loss: 0.0003 | Val MiFmax: 0.6450 | Val MaFmax: 0.5905 | Val Smin: 6.4689
Epoch 020 | Loss: 0.0003 | Val MiFmax: 0.6637 | Val MaFmax: 0.6308 | Val Smin: 6.1027
  --> New best model saved!
Epoch 021 | Loss: 0.0003 | Val MiFmax: 0.6627 | Val MaFmax: 0.6346 | Val Smin: 6.1881
  --> New best model saved!
Epoch 022 | Loss: 0.0003 | Val MiFmax: 0.6671 | Val MaFmax: 0.6586 | Val Smin: 6.1086
  --> New best model saved!
Epoch 023 | Loss: 0.0002 | Val MiFmax: 0.6670 | Val MaFmax: 0.6454 | Val Smin: 6.1631
Epoch 024 | Loss: 0.0002 | Val MiFmax: 0.6839 | Val MaFmax: 0.6625 | Val Smin: 5.9024
  --> New best model saved!
Epoch 025 | Loss: 0.0002 | Val MiFmax: 0.6558 | Val MaFmax: 0.6388 | Val Smin: 6.3151
Epoch 026 | Loss: 0.0002 | Val MiFmax: 0.6699 | Val MaFmax: 0.6244 | Val Smin: 6.0286
Epoch 027 | Loss: 0.0002 | Val MiFmax: 0.6741 | Val MaFmax: 0.6311 | Val Smin: 6.0588
Epoch 028 | Loss: 0.0002 | Val MiFmax: 0.6887 | Val MaFmax: 0.6710 | Val Smin: 5.7523
  --> New best model saved!
Epoch 029 | Loss: 0.0002 | Val MiFmax: 0.6824 | Val MaFmax: 0.6469 | Val Smin: 5.9223
Epoch 030 | Loss: 0.0002 | Val MiFmax: 0.6753 | Val MaFmax: 0.6443 | Val Smin: 5.9423
Epoch 031 | Loss: 0.0002 | Val MiFmax: 0.6796 | Val MaFmax: 0.6560 | Val Smin: 5.9192
Epoch 032 | Loss: 0.0002 | Val MiFmax: 0.6897 | Val MaFmax: 0.6757 | Val Smin: 5.8185
  --> New best model saved!
Epoch 033 | Loss: 0.0001 | Val MiFmax: 0.6891 | Val MaFmax: 0.6365 | Val Smin: 5.8302
Epoch 034 | Loss: 0.0001 | Val MiFmax: 0.6854 | Val MaFmax: 0.6641 | Val Smin: 5.8272
Epoch 035 | Loss: 0.0001 | Val MiFmax: 0.6923 | Val MaFmax: 0.6575 | Val Smin: 5.7150
Epoch 036 | Loss: 0.0001 | Val MiFmax: 0.6832 | Val MaFmax: 0.6696 | Val Smin: 5.9290
Epoch 037 | Loss: 0.0001 | Val MiFmax: 0.6872 | Val MaFmax: 0.6745 | Val Smin: 5.9113
Epoch 038 | Loss: 0.0001 | Val MiFmax: 0.6956 | Val MaFmax: 0.6841 | Val Smin: 5.6815
  --> New best model saved!
Epoch 039 | Loss: 0.0001 | Val MiFmax: 0.6905 | Val MaFmax: 0.6604 | Val Smin: 5.7817
Epoch 040 | Loss: 0.0001 | Val MiFmax: 0.6819 | Val MaFmax: 0.6643 | Val Smin: 5.9419
Epoch 041 | Loss: 0.0001 | Val MiFmax: 0.6849 | Val MaFmax: 0.6446 | Val Smin: 5.8771
Epoch 042 | Loss: 0.0001 | Val MiFmax: 0.6809 | Val MaFmax: 0.6469 | Val Smin: 5.9270
Epoch 043 | Loss: 0.0001 | Val MiFmax: 0.6839 | Val MaFmax: 0.6598 | Val Smin: 5.8807
Epoch 044 | Loss: 0.0001 | Val MiFmax: 0.6913 | Val MaFmax: 0.6694 | Val Smin: 5.7851
Epoch 045 | Loss: 0.0001 | Val MiFmax: 0.6904 | Val MaFmax: 0.6538 | Val Smin: 5.8126
Epoch 046 | Loss: 0.0001 | Val MiFmax: 0.6924 | Val MaFmax: 0.6514 | Val Smin: 5.7916
Epoch 047 | Loss: 0.0001 | Val MiFmax: 0.6922 | Val MaFmax: 0.6738 | Val Smin: 5.7713
Epoch 048 | Loss: 0.0001 | Val MiFmax: 0.6933 | Val MaFmax: 0.6699 | Val Smin: 5.7344
Epoch 049 | Loss: 0.0001 | Val MiFmax: 0.6925 | Val MaFmax: 0.6707 | Val Smin: 5.7654
Epoch 050 | Loss: 0.0000 | Val MiFmax: 0.6937 | Val MaFmax: 0.6743 | Val Smin: 5.7308
Epoch 051 | Loss: 0.0000 | Val MiFmax: 0.6964 | Val MaFmax: 0.6730 | Val Smin: 5.7446
Epoch 052 | Loss: 0.0000 | Val MiFmax: 0.6976 | Val MaFmax: 0.6753 | Val Smin: 5.6991
Epoch 053 | Loss: 0.0000 | Val MiFmax: 0.6959 | Val MaFmax: 0.6784 | Val Smin: 5.7322
Early stopping triggered after 53 epochs.
Training finished. Evaluating on Test Set...

--- TEST METRICS ---
Micro_Fmax: 0.5754
Macro_Fmax: 0.5877
Macro_AUROC: 0.9112
Micro_AUROC: 0.9186
Macro_AUPRC: 0.5288
Micro_AUPRC: 0.5838
Smin: 9.7335
------------------------------------------------------
  Tuning Run 6 / 18
  Ontology: cellular_component | LR: 1e-4 | Dropout: 0.4 | Batch: 32
------------------------------------------------------
