========================================================
Job ID        : 44348693
Node          : mgh5
CPUs          : 8
Start time    : Mon Jun 29 20:08:41 MDT 2026
Project dir   : /home/ganeshiny.sridharan/dgg/deep-green-GO
Log .out      : /home/ganeshiny.sridharan/dgg/deep-green-GO/logs/deepgreengo_jk_44348693.out
Log .err      : /home/ganeshiny.sridharan/dgg/deep-green-GO/logs/deepgreengo_jk_44348693.err
========================================================
Array Job Detected: Running ONLY for molecular_function
--- Running Best Hyperparameters Test First ---
Fetching best hyperparameters for molecular_function...
Found Best Params -> LR: 0.0005, Dropout: 0.2, Batch Size: 32
Running HybridGNN_JK training test...
Using device: cuda

[RESUME] Found successfully completed run in runs_jk_test/molecular_function/mf_Hybrid_JK_Focal_lr0.0005_dp0.2_bs32_s42.
[RESUME] Skipping training to save compute!

--- Starting Full Grid Search ---
Running tuning only for: molecular_function
=========================================
  DeepGreenGO Hyperparameter Tuning (JK)
=========================================
Dataset: preprocessing/data/split_files/datasets.pkl
Output Directory: tuning_runs_jk

------------------------------------------------------
  Tuning Run 1 / 18
  Ontology: molecular_function | LR: 1e-4 | Dropout: 0.2 | Batch: 16
------------------------------------------------------
Using device: cuda

[RESUME] Found successfully completed run in tuning_runs_jk/mf_Hybrid_JK_Focal_lr0.0001_dp0.2_bs16_s42.
[RESUME] Skipping training to save compute!

------------------------------------------------------
  Tuning Run 2 / 18
  Ontology: molecular_function | LR: 1e-4 | Dropout: 0.2 | Batch: 32
------------------------------------------------------
Using device: cuda

[RESUME] Found successfully completed run in tuning_runs_jk/mf_Hybrid_JK_Focal_lr0.0001_dp0.2_bs32_s42.
[RESUME] Skipping training to save compute!

------------------------------------------------------
  Tuning Run 3 / 18
  Ontology: molecular_function | LR: 1e-4 | Dropout: 0.3 | Batch: 16
------------------------------------------------------
Using device: cuda

[RESUME] Found successfully completed run in tuning_runs_jk/mf_Hybrid_JK_Focal_lr0.0001_dp0.3_bs16_s42.
[RESUME] Skipping training to save compute!

------------------------------------------------------
  Tuning Run 4 / 18
  Ontology: molecular_function | LR: 1e-4 | Dropout: 0.3 | Batch: 32
------------------------------------------------------
Using device: cuda

[RESUME] Found successfully completed run in tuning_runs_jk/mf_Hybrid_JK_Focal_lr0.0001_dp0.3_bs32_s42.
[RESUME] Skipping training to save compute!

------------------------------------------------------
  Tuning Run 5 / 18
  Ontology: molecular_function | LR: 1e-4 | Dropout: 0.4 | Batch: 16
------------------------------------------------------
Using device: cuda

[RESUME] Found successfully completed run in tuning_runs_jk/mf_Hybrid_JK_Focal_lr0.0001_dp0.4_bs16_s42.
[RESUME] Skipping training to save compute!

------------------------------------------------------
  Tuning Run 6 / 18
  Ontology: molecular_function | LR: 1e-4 | Dropout: 0.4 | Batch: 32
------------------------------------------------------
Using device: cuda

[RESUME] Found successfully completed run in tuning_runs_jk/mf_Hybrid_JK_Focal_lr0.0001_dp0.4_bs32_s42.
[RESUME] Skipping training to save compute!

------------------------------------------------------
  Tuning Run 7 / 18
  Ontology: molecular_function | LR: 5e-4 | Dropout: 0.2 | Batch: 16
------------------------------------------------------
Using device: cuda

[RESUME] Found successfully completed run in tuning_runs_jk/mf_Hybrid_JK_Focal_lr0.0005_dp0.2_bs16_s42.
[RESUME] Skipping training to save compute!

------------------------------------------------------
  Tuning Run 8 / 18
  Ontology: molecular_function | LR: 5e-4 | Dropout: 0.2 | Batch: 32
------------------------------------------------------
Using device: cuda

[RESUME] Found successfully completed run in tuning_runs_jk/mf_Hybrid_JK_Focal_lr0.0005_dp0.2_bs32_s42.
[RESUME] Skipping training to save compute!

------------------------------------------------------
  Tuning Run 9 / 18
  Ontology: molecular_function | LR: 5e-4 | Dropout: 0.3 | Batch: 16
------------------------------------------------------
Using device: cuda

[RESUME] Found successfully completed run in tuning_runs_jk/mf_Hybrid_JK_Focal_lr0.0005_dp0.3_bs16_s42.
[RESUME] Skipping training to save compute!

------------------------------------------------------
  Tuning Run 10 / 18
  Ontology: molecular_function | LR: 5e-4 | Dropout: 0.3 | Batch: 32
------------------------------------------------------
Using device: cuda

[RESUME] Found successfully completed run in tuning_runs_jk/mf_Hybrid_JK_Focal_lr0.0005_dp0.3_bs32_s42.
[RESUME] Skipping training to save compute!

------------------------------------------------------
  Tuning Run 11 / 18
  Ontology: molecular_function | LR: 5e-4 | Dropout: 0.4 | Batch: 16
------------------------------------------------------
Using device: cuda

[RESUME] Found successfully completed run in tuning_runs_jk/mf_Hybrid_JK_Focal_lr0.0005_dp0.4_bs16_s42.
[RESUME] Skipping training to save compute!

------------------------------------------------------
  Tuning Run 12 / 18
  Ontology: molecular_function | LR: 5e-4 | Dropout: 0.4 | Batch: 32
------------------------------------------------------
Using device: cuda

[RESUME] Found successfully completed run in tuning_runs_jk/mf_Hybrid_JK_Focal_lr0.0005_dp0.4_bs32_s42.
[RESUME] Skipping training to save compute!

------------------------------------------------------
  Tuning Run 13 / 18
  Ontology: molecular_function | LR: 1e-3 | Dropout: 0.2 | Batch: 16
------------------------------------------------------
Using device: cuda

[RESUME] Found successfully completed run in tuning_runs_jk/mf_Hybrid_JK_Focal_lr0.001_dp0.2_bs16_s42.
[RESUME] Skipping training to save compute!

------------------------------------------------------
  Tuning Run 14 / 18
  Ontology: molecular_function | LR: 1e-3 | Dropout: 0.2 | Batch: 32
------------------------------------------------------
Using device: cuda
Loading datasets from preprocessing/data/split_files/datasets.pkl for molecular_function...
Alpha weights not found. Using default FocalLoss (alpha=0.25, gamma=4.0).
Epoch 001 | Loss: 0.0088 | Val MiFmax: 0.2895 | Val MaFmax: 0.2905 | Val Smin: 28.4684
  --> New best model saved!
Epoch 002 | Loss: 0.0013 | Val MiFmax: 0.5219 | Val MaFmax: 0.6170 | Val Smin: 20.3272
  --> New best model saved!
Epoch 003 | Loss: 0.0006 | Val MiFmax: 0.6594 | Val MaFmax: 0.7280 | Val Smin: 14.9870
  --> New best model saved!
Epoch 004 | Loss: 0.0004 | Val MiFmax: 0.7141 | Val MaFmax: 0.7876 | Val Smin: 12.8095
  --> New best model saved!
Epoch 005 | Loss: 0.0003 | Val MiFmax: 0.7349 | Val MaFmax: 0.8044 | Val Smin: 12.0889
  --> New best model saved!
Epoch 006 | Loss: 0.0002 | Val MiFmax: 0.7723 | Val MaFmax: 0.8546 | Val Smin: 10.5425
  --> New best model saved!
Epoch 007 | Loss: 0.0002 | Val MiFmax: 0.7667 | Val MaFmax: 0.8483 | Val Smin: 10.7071
Epoch 008 | Loss: 0.0001 | Val MiFmax: 0.7889 | Val MaFmax: 0.8624 | Val Smin: 9.8132
  --> New best model saved!
Epoch 009 | Loss: 0.0002 | Val MiFmax: 0.7449 | Val MaFmax: 0.8202 | Val Smin: 11.7163
Epoch 010 | Loss: 0.0001 | Val MiFmax: 0.7949 | Val MaFmax: 0.8685 | Val Smin: 9.3246
  --> New best model saved!
Epoch 011 | Loss: 0.0001 | Val MiFmax: 0.8092 | Val MaFmax: 0.8722 | Val Smin: 8.5800
  --> New best model saved!
Epoch 012 | Loss: 0.0001 | Val MiFmax: 0.8144 | Val MaFmax: 0.8790 | Val Smin: 8.6663
  --> New best model saved!
Epoch 013 | Loss: 0.0001 | Val MiFmax: 0.8156 | Val MaFmax: 0.8828 | Val Smin: 8.4769
  --> New best model saved!
Epoch 014 | Loss: 0.0001 | Val MiFmax: 0.8019 | Val MaFmax: 0.8714 | Val Smin: 9.2603
Epoch 015 | Loss: 0.0001 | Val MiFmax: 0.8194 | Val MaFmax: 0.8816 | Val Smin: 8.2998
Epoch 016 | Loss: 0.0001 | Val MiFmax: 0.8320 | Val MaFmax: 0.8893 | Val Smin: 7.2550
  --> New best model saved!
Epoch 017 | Loss: 0.0001 | Val MiFmax: 0.8084 | Val MaFmax: 0.8666 | Val Smin: 8.6400
Epoch 018 | Loss: 0.0001 | Val MiFmax: 0.8063 | Val MaFmax: 0.8782 | Val Smin: 8.2815
Epoch 019 | Loss: 0.0000 | Val MiFmax: 0.8355 | Val MaFmax: 0.8817 | Val Smin: 7.3282
Epoch 020 | Loss: 0.0001 | Val MiFmax: 0.8093 | Val MaFmax: 0.8666 | Val Smin: 8.6107
Epoch 021 | Loss: 0.0002 | Val MiFmax: 0.7477 | Val MaFmax: 0.8237 | Val Smin: 11.3037
Epoch 022 | Loss: 0.0001 | Val MiFmax: 0.8100 | Val MaFmax: 0.8537 | Val Smin: 8.8067
Epoch 023 | Loss: 0.0001 | Val MiFmax: 0.8306 | Val MaFmax: 0.8770 | Val Smin: 7.7889
Epoch 024 | Loss: 0.0000 | Val MiFmax: 0.8311 | Val MaFmax: 0.8823 | Val Smin: 7.3537
Epoch 025 | Loss: 0.0000 | Val MiFmax: 0.8393 | Val MaFmax: 0.8850 | Val Smin: 7.0754
Epoch 026 | Loss: 0.0000 | Val MiFmax: 0.8393 | Val MaFmax: 0.8787 | Val Smin: 7.0823
Epoch 027 | Loss: 0.0000 | Val MiFmax: 0.8360 | Val MaFmax: 0.8830 | Val Smin: 7.1636
Epoch 028 | Loss: 0.0000 | Val MiFmax: 0.8420 | Val MaFmax: 0.8836 | Val Smin: 7.1350
Epoch 029 | Loss: 0.0000 | Val MiFmax: 0.8435 | Val MaFmax: 0.8839 | Val Smin: 7.0481
Epoch 030 | Loss: 0.0000 | Val MiFmax: 0.8418 | Val MaFmax: 0.8807 | Val Smin: 7.1223
Epoch 031 | Loss: 0.0000 | Val MiFmax: 0.8435 | Val MaFmax: 0.8813 | Val Smin: 6.9268
Early stopping triggered after 31 epochs.
Training finished. Evaluating on Test Set...

--- TEST METRICS ---
Micro_Fmax: 0.8115
Macro_Fmax: 0.8434
Macro_AUROC: 0.9566
Micro_AUROC: 0.9569
Macro_AUPRC: 0.8278
Micro_AUPRC: 0.8367
Smin: 9.4490
------------------------------------------------------
  Tuning Run 15 / 18
  Ontology: molecular_function | LR: 1e-3 | Dropout: 0.3 | Batch: 16
------------------------------------------------------
