========================================================
Job ID        : 44348692
Node          : mgh5
CPUs          : 8
Start time    : Mon Jun 29 20:08:41 MDT 2026
Project dir   : /home/ganeshiny.sridharan/dgg/deep-green-GO
Log .out      : /home/ganeshiny.sridharan/dgg/deep-green-GO/logs/deepgreengo_jk_44348692.out
Log .err      : /home/ganeshiny.sridharan/dgg/deep-green-GO/logs/deepgreengo_jk_44348692.err
========================================================
Array Job Detected: Running ONLY for biological_process
--- Running Best Hyperparameters Test First ---
Fetching best hyperparameters for biological_process...
Found Best Params -> LR: 0.0005, Dropout: 0.3, Batch Size: 32
Running HybridGNN_JK training test...
Using device: cuda

[RESUME] Found successfully completed run in runs_jk_test/biological_process/bp_Hybrid_JK_Focal_lr0.0005_dp0.3_bs32_s42.
[RESUME] Skipping training to save compute!

--- Starting Full Grid Search ---
Running tuning only for: biological_process
=========================================
  DeepGreenGO Hyperparameter Tuning (JK)
=========================================
Dataset: preprocessing/data/split_files/datasets.pkl
Output Directory: tuning_runs_jk

------------------------------------------------------
  Tuning Run 1 / 18
  Ontology: biological_process | LR: 1e-4 | Dropout: 0.2 | Batch: 16
------------------------------------------------------
Using device: cuda

[RESUME] Found successfully completed run in tuning_runs_jk/bp_Hybrid_JK_Focal_lr0.0001_dp0.2_bs16_s42.
[RESUME] Skipping training to save compute!

------------------------------------------------------
  Tuning Run 2 / 18
  Ontology: biological_process | LR: 1e-4 | Dropout: 0.2 | Batch: 32
------------------------------------------------------
Using device: cuda

[RESUME] Found successfully completed run in tuning_runs_jk/bp_Hybrid_JK_Focal_lr0.0001_dp0.2_bs32_s42.
[RESUME] Skipping training to save compute!

------------------------------------------------------
  Tuning Run 3 / 18
  Ontology: biological_process | LR: 1e-4 | Dropout: 0.3 | Batch: 16
------------------------------------------------------
Using device: cuda

[RESUME] Found successfully completed run in tuning_runs_jk/bp_Hybrid_JK_Focal_lr0.0001_dp0.3_bs16_s42.
[RESUME] Skipping training to save compute!

------------------------------------------------------
  Tuning Run 4 / 18
  Ontology: biological_process | LR: 1e-4 | Dropout: 0.3 | Batch: 32
------------------------------------------------------
Using device: cuda

[RESUME] Found successfully completed run in tuning_runs_jk/bp_Hybrid_JK_Focal_lr0.0001_dp0.3_bs32_s42.
[RESUME] Skipping training to save compute!

------------------------------------------------------
  Tuning Run 5 / 18
  Ontology: biological_process | LR: 1e-4 | Dropout: 0.4 | Batch: 16
------------------------------------------------------
Using device: cuda

[RESUME] Found successfully completed run in tuning_runs_jk/bp_Hybrid_JK_Focal_lr0.0001_dp0.4_bs16_s42.
[RESUME] Skipping training to save compute!

------------------------------------------------------
  Tuning Run 6 / 18
  Ontology: biological_process | LR: 1e-4 | Dropout: 0.4 | Batch: 32
------------------------------------------------------
Using device: cuda

[RESUME] Found successfully completed run in tuning_runs_jk/bp_Hybrid_JK_Focal_lr0.0001_dp0.4_bs32_s42.
[RESUME] Skipping training to save compute!

------------------------------------------------------
  Tuning Run 7 / 18
  Ontology: biological_process | LR: 5e-4 | Dropout: 0.2 | Batch: 16
------------------------------------------------------
Using device: cuda

[RESUME] Found successfully completed run in tuning_runs_jk/bp_Hybrid_JK_Focal_lr0.0005_dp0.2_bs16_s42.
[RESUME] Skipping training to save compute!

------------------------------------------------------
  Tuning Run 8 / 18
  Ontology: biological_process | LR: 5e-4 | Dropout: 0.2 | Batch: 32
------------------------------------------------------
Using device: cuda

[RESUME] Found successfully completed run in tuning_runs_jk/bp_Hybrid_JK_Focal_lr0.0005_dp0.2_bs32_s42.
[RESUME] Skipping training to save compute!

------------------------------------------------------
  Tuning Run 9 / 18
  Ontology: biological_process | LR: 5e-4 | Dropout: 0.3 | Batch: 16
------------------------------------------------------
Using device: cuda

[RESUME] Found successfully completed run in tuning_runs_jk/bp_Hybrid_JK_Focal_lr0.0005_dp0.3_bs16_s42.
[RESUME] Skipping training to save compute!

------------------------------------------------------
  Tuning Run 10 / 18
  Ontology: biological_process | LR: 5e-4 | Dropout: 0.3 | Batch: 32
------------------------------------------------------
Using device: cuda

[RESUME] Found successfully completed run in tuning_runs_jk/bp_Hybrid_JK_Focal_lr0.0005_dp0.3_bs32_s42.
[RESUME] Skipping training to save compute!

------------------------------------------------------
  Tuning Run 11 / 18
  Ontology: biological_process | LR: 5e-4 | Dropout: 0.4 | Batch: 16
------------------------------------------------------
Using device: cuda

[RESUME] Found successfully completed run in tuning_runs_jk/bp_Hybrid_JK_Focal_lr0.0005_dp0.4_bs16_s42.
[RESUME] Skipping training to save compute!

------------------------------------------------------
  Tuning Run 12 / 18
  Ontology: biological_process | LR: 5e-4 | Dropout: 0.4 | Batch: 32
------------------------------------------------------
Using device: cuda

[RESUME] Found successfully completed run in tuning_runs_jk/bp_Hybrid_JK_Focal_lr0.0005_dp0.4_bs32_s42.
[RESUME] Skipping training to save compute!

------------------------------------------------------
  Tuning Run 13 / 18
  Ontology: biological_process | LR: 1e-3 | Dropout: 0.2 | Batch: 16
------------------------------------------------------
Using device: cuda

[RESUME] Found successfully completed run in tuning_runs_jk/bp_Hybrid_JK_Focal_lr0.001_dp0.2_bs16_s42.
[RESUME] Skipping training to save compute!

------------------------------------------------------
  Tuning Run 14 / 18
  Ontology: biological_process | LR: 1e-3 | Dropout: 0.2 | Batch: 32
------------------------------------------------------
Using device: cuda
Loading datasets from preprocessing/data/split_files/datasets.pkl for biological_process...
Alpha weights not found. Using default FocalLoss (alpha=0.25, gamma=4.0).
Epoch 001 | Loss: 0.0087 | Val MiFmax: 0.2080 | Val MaFmax: 0.1444 | Val Smin: 65.7432
  --> New best model saved!
Epoch 002 | Loss: 0.0016 | Val MiFmax: 0.3006 | Val MaFmax: 0.2810 | Val Smin: 59.8918
  --> New best model saved!
Epoch 003 | Loss: 0.0010 | Val MiFmax: 0.4243 | Val MaFmax: 0.4175 | Val Smin: 53.1531
  --> New best model saved!
Epoch 004 | Loss: 0.0007 | Val MiFmax: 0.5279 | Val MaFmax: 0.5352 | Val Smin: 43.6734
  --> New best model saved!
Epoch 005 | Loss: 0.0005 | Val MiFmax: 0.5505 | Val MaFmax: 0.5703 | Val Smin: 42.9618
  --> New best model saved!
Epoch 006 | Loss: 0.0004 | Val MiFmax: 0.6115 | Val MaFmax: 0.6250 | Val Smin: 37.3962
  --> New best model saved!
Epoch 007 | Loss: 0.0003 | Val MiFmax: 0.6394 | Val MaFmax: 0.6454 | Val Smin: 34.7521
  --> New best model saved!
Epoch 008 | Loss: 0.0003 | Val MiFmax: 0.5771 | Val MaFmax: 0.6003 | Val Smin: 39.8359
Epoch 009 | Loss: 0.0003 | Val MiFmax: 0.6479 | Val MaFmax: 0.6708 | Val Smin: 34.3941
  --> New best model saved!
Epoch 010 | Loss: 0.0002 | Val MiFmax: 0.6710 | Val MaFmax: 0.6783 | Val Smin: 32.3357
  --> New best model saved!
Epoch 011 | Loss: 0.0002 | Val MiFmax: 0.6765 | Val MaFmax: 0.6849 | Val Smin: 31.2094
  --> New best model saved!
Epoch 012 | Loss: 0.0002 | Val MiFmax: 0.6627 | Val MaFmax: 0.6650 | Val Smin: 32.6881
Epoch 013 | Loss: 0.0002 | Val MiFmax: 0.6899 | Val MaFmax: 0.6872 | Val Smin: 30.2138
  --> New best model saved!
Epoch 014 | Loss: 0.0001 | Val MiFmax: 0.7040 | Val MaFmax: 0.7022 | Val Smin: 29.2570
  --> New best model saved!
Epoch 015 | Loss: 0.0001 | Val MiFmax: 0.6993 | Val MaFmax: 0.7009 | Val Smin: 29.9461
Epoch 016 | Loss: 0.0001 | Val MiFmax: 0.7012 | Val MaFmax: 0.7096 | Val Smin: 29.6469
  --> New best model saved!
Epoch 017 | Loss: 0.0001 | Val MiFmax: 0.7090 | Val MaFmax: 0.7079 | Val Smin: 28.7875
Epoch 018 | Loss: 0.0001 | Val MiFmax: 0.6969 | Val MaFmax: 0.6969 | Val Smin: 30.2626
Epoch 019 | Loss: 0.0001 | Val MiFmax: 0.7151 | Val MaFmax: 0.7090 | Val Smin: 27.9371
Epoch 020 | Loss: 0.0001 | Val MiFmax: 0.6854 | Val MaFmax: 0.6854 | Val Smin: 31.3605
Epoch 021 | Loss: 0.0001 | Val MiFmax: 0.7175 | Val MaFmax: 0.7117 | Val Smin: 27.5897
  --> New best model saved!
Epoch 022 | Loss: 0.0001 | Val MiFmax: 0.7276 | Val MaFmax: 0.7197 | Val Smin: 26.8439
  --> New best model saved!
Epoch 023 | Loss: 0.0001 | Val MiFmax: 0.6946 | Val MaFmax: 0.7070 | Val Smin: 29.3052
Epoch 024 | Loss: 0.0002 | Val MiFmax: 0.6859 | Val MaFmax: 0.6994 | Val Smin: 31.2313
Epoch 025 | Loss: 0.0001 | Val MiFmax: 0.6993 | Val MaFmax: 0.7117 | Val Smin: 29.5134
Epoch 026 | Loss: 0.0001 | Val MiFmax: 0.7075 | Val MaFmax: 0.7148 | Val Smin: 28.9971
Epoch 027 | Loss: 0.0001 | Val MiFmax: 0.7186 | Val MaFmax: 0.7202 | Val Smin: 28.2534
  --> New best model saved!
Epoch 028 | Loss: 0.0001 | Val MiFmax: 0.7231 | Val MaFmax: 0.7193 | Val Smin: 27.3025
Epoch 029 | Loss: 0.0001 | Val MiFmax: 0.7176 | Val MaFmax: 0.7175 | Val Smin: 28.5461
Epoch 030 | Loss: 0.0001 | Val MiFmax: 0.7000 | Val MaFmax: 0.7057 | Val Smin: 30.0389
Epoch 031 | Loss: 0.0001 | Val MiFmax: 0.7150 | Val MaFmax: 0.7133 | Val Smin: 28.7029
Epoch 032 | Loss: 0.0002 | Val MiFmax: 0.6501 | Val MaFmax: 0.6624 | Val Smin: 34.2475
Epoch 033 | Loss: 0.0001 | Val MiFmax: 0.7115 | Val MaFmax: 0.7219 | Val Smin: 28.4784
  --> New best model saved!
Epoch 034 | Loss: 0.0001 | Val MiFmax: 0.7231 | Val MaFmax: 0.7227 | Val Smin: 27.9245
  --> New best model saved!
Epoch 035 | Loss: 0.0001 | Val MiFmax: 0.7012 | Val MaFmax: 0.7154 | Val Smin: 29.9094
Epoch 036 | Loss: 0.0000 | Val MiFmax: 0.7311 | Val MaFmax: 0.7196 | Val Smin: 26.4783
Epoch 037 | Loss: 0.0000 | Val MiFmax: 0.7316 | Val MaFmax: 0.7237 | Val Smin: 26.8078
  --> New best model saved!
Epoch 038 | Loss: 0.0000 | Val MiFmax: 0.7217 | Val MaFmax: 0.7256 | Val Smin: 27.6188
  --> New best model saved!
Epoch 039 | Loss: 0.0000 | Val MiFmax: 0.7384 | Val MaFmax: 0.7160 | Val Smin: 25.9935
Epoch 040 | Loss: 0.0000 | Val MiFmax: 0.7297 | Val MaFmax: 0.7189 | Val Smin: 27.3395
Epoch 041 | Loss: 0.0000 | Val MiFmax: 0.7258 | Val MaFmax: 0.7215 | Val Smin: 28.0015
Epoch 042 | Loss: 0.0000 | Val MiFmax: 0.7219 | Val MaFmax: 0.7209 | Val Smin: 28.0929
Epoch 043 | Loss: 0.0000 | Val MiFmax: 0.7071 | Val MaFmax: 0.7111 | Val Smin: 29.4296
Epoch 044 | Loss: 0.0000 | Val MiFmax: 0.7252 | Val MaFmax: 0.7169 | Val Smin: 28.1307
Epoch 045 | Loss: 0.0000 | Val MiFmax: 0.7283 | Val MaFmax: 0.7214 | Val Smin: 27.9780
Epoch 046 | Loss: 0.0000 | Val MiFmax: 0.7307 | Val MaFmax: 0.7186 | Val Smin: 26.9595
Epoch 047 | Loss: 0.0000 | Val MiFmax: 0.7311 | Val MaFmax: 0.7207 | Val Smin: 27.6151
Epoch 048 | Loss: 0.0000 | Val MiFmax: 0.7295 | Val MaFmax: 0.7206 | Val Smin: 27.7352
Epoch 049 | Loss: 0.0000 | Val MiFmax: 0.7307 | Val MaFmax: 0.7219 | Val Smin: 26.9078
Epoch 050 | Loss: 0.0000 | Val MiFmax: 0.7323 | Val MaFmax: 0.7206 | Val Smin: 26.5525
Epoch 051 | Loss: 0.0000 | Val MiFmax: 0.7312 | Val MaFmax: 0.7224 | Val Smin: 27.2448
Epoch 052 | Loss: 0.0000 | Val MiFmax: 0.7342 | Val MaFmax: 0.7241 | Val Smin: 26.3599
Epoch 053 | Loss: 0.0000 | Val MiFmax: 0.7321 | Val MaFmax: 0.7237 | Val Smin: 26.6045
Early stopping triggered after 53 epochs.
Training finished. Evaluating on Test Set...

--- TEST METRICS ---
Micro_Fmax: 0.6636
Macro_Fmax: 0.6565
Macro_AUROC: 0.8556
Micro_AUROC: 0.8483
Macro_AUPRC: 0.6056
Micro_AUPRC: 0.6240
Smin: 35.9326
------------------------------------------------------
  Tuning Run 15 / 18
  Ontology: biological_process | LR: 1e-3 | Dropout: 0.3 | Batch: 16
------------------------------------------------------
