========================================================
Job ID        : 44338037
Node          : mgh5
CPUs          : 8
Start time    : Sun Jun 28 22:58:21 MDT 2026
Project dir   : /home/ganeshiny.sridharan/dgg/deep-green-GO
Log .out      : /home/ganeshiny.sridharan/dgg/deep-green-GO/logs/deepgreengo_jk_44338037.out
Log .err      : /home/ganeshiny.sridharan/dgg/deep-green-GO/logs/deepgreengo_jk_44338037.err
========================================================
Array Job Detected: Running ONLY for biological_process
--- Running Best Hyperparameters Test First ---
Fetching best hyperparameters for biological_process...
Found Best Params -> LR: 0.0005, Dropout: 0.3, Batch Size: 32
Running HybridGNN_JK training test...
Using device: cuda
Loading datasets from preprocessing/data/split_files/datasets.pkl for biological_process...
Alpha weights not found. Using default FocalLoss (alpha=0.25, gamma=4.0).
Epoch 001 | Loss: 0.0129 | Val MiFmax: 0.0832 | Val MaFmax: 0.1378 | Val Smin: 68.7332
  --> New best model saved!
Epoch 002 | Loss: 0.0041 | Val MiFmax: 0.2163 | Val MaFmax: 0.1846 | Val Smin: 65.4602
  --> New best model saved!
Epoch 003 | Loss: 0.0016 | Val MiFmax: 0.3152 | Val MaFmax: 0.2534 | Val Smin: 59.8438
  --> New best model saved!
Epoch 004 | Loss: 0.0012 | Val MiFmax: 0.4143 | Val MaFmax: 0.4175 | Val Smin: 54.1521
  --> New best model saved!
Epoch 005 | Loss: 0.0009 | Val MiFmax: 0.5035 | Val MaFmax: 0.4437 | Val Smin: 46.3736
  --> New best model saved!
Epoch 006 | Loss: 0.0007 | Val MiFmax: 0.5414 | Val MaFmax: 0.4978 | Val Smin: 43.0656
  --> New best model saved!
Epoch 007 | Loss: 0.0006 | Val MiFmax: 0.5529 | Val MaFmax: 0.5634 | Val Smin: 42.1361
  --> New best model saved!
Epoch 008 | Loss: 0.0005 | Val MiFmax: 0.6003 | Val MaFmax: 0.5924 | Val Smin: 38.7527
  --> New best model saved!
Epoch 009 | Loss: 0.0004 | Val MiFmax: 0.5931 | Val MaFmax: 0.5931 | Val Smin: 38.9402
  --> New best model saved!
Epoch 010 | Loss: 0.0003 | Val MiFmax: 0.6142 | Val MaFmax: 0.6312 | Val Smin: 37.3491
  --> New best model saved!
Epoch 011 | Loss: 0.0003 | Val MiFmax: 0.6304 | Val MaFmax: 0.6416 | Val Smin: 35.8497
  --> New best model saved!
Epoch 012 | Loss: 0.0003 | Val MiFmax: 0.6477 | Val MaFmax: 0.6562 | Val Smin: 34.7302
  --> New best model saved!
Epoch 013 | Loss: 0.0003 | Val MiFmax: 0.6363 | Val MaFmax: 0.6417 | Val Smin: 35.5838
Epoch 014 | Loss: 0.0002 | Val MiFmax: 0.6493 | Val MaFmax: 0.6702 | Val Smin: 34.7255
  --> New best model saved!
Epoch 015 | Loss: 0.0002 | Val MiFmax: 0.6731 | Val MaFmax: 0.6934 | Val Smin: 32.1781
  --> New best model saved!
Epoch 016 | Loss: 0.0002 | Val MiFmax: 0.6699 | Val MaFmax: 0.6822 | Val Smin: 32.5435
Epoch 017 | Loss: 0.0002 | Val MiFmax: 0.6693 | Val MaFmax: 0.6907 | Val Smin: 32.3613
Epoch 018 | Loss: 0.0001 | Val MiFmax: 0.6855 | Val MaFmax: 0.7010 | Val Smin: 31.4767
  --> New best model saved!
Epoch 019 | Loss: 0.0001 | Val MiFmax: 0.6912 | Val MaFmax: 0.7008 | Val Smin: 30.5944
Epoch 020 | Loss: 0.0001 | Val MiFmax: 0.6925 | Val MaFmax: 0.7067 | Val Smin: 30.4400
  --> New best model saved!
Epoch 021 | Loss: 0.0001 | Val MiFmax: 0.7031 | Val MaFmax: 0.7165 | Val Smin: 29.4583
  --> New best model saved!
Epoch 022 | Loss: 0.0001 | Val MiFmax: 0.7102 | Val MaFmax: 0.7193 | Val Smin: 28.9605
  --> New best model saved!
Epoch 023 | Loss: 0.0001 | Val MiFmax: 0.7088 | Val MaFmax: 0.7259 | Val Smin: 29.2162
  --> New best model saved!
Epoch 024 | Loss: 0.0001 | Val MiFmax: 0.7171 | Val MaFmax: 0.7260 | Val Smin: 28.2907
  --> New best model saved!
Epoch 025 | Loss: 0.0001 | Val MiFmax: 0.7033 | Val MaFmax: 0.7215 | Val Smin: 29.9261
Epoch 026 | Loss: 0.0001 | Val MiFmax: 0.7077 | Val MaFmax: 0.7255 | Val Smin: 29.2584
Epoch 027 | Loss: 0.0001 | Val MiFmax: 0.7097 | Val MaFmax: 0.7139 | Val Smin: 29.2006
Epoch 028 | Loss: 0.0001 | Val MiFmax: 0.7252 | Val MaFmax: 0.7150 | Val Smin: 27.2791
Epoch 029 | Loss: 0.0001 | Val MiFmax: 0.7209 | Val MaFmax: 0.7239 | Val Smin: 28.0354
Epoch 030 | Loss: 0.0001 | Val MiFmax: 0.7171 | Val MaFmax: 0.7122 | Val Smin: 28.1720
Epoch 031 | Loss: 0.0001 | Val MiFmax: 0.7289 | Val MaFmax: 0.7186 | Val Smin: 26.8467
Epoch 032 | Loss: 0.0001 | Val MiFmax: 0.7356 | Val MaFmax: 0.7277 | Val Smin: 26.7676
  --> New best model saved!
Epoch 033 | Loss: 0.0000 | Val MiFmax: 0.7357 | Val MaFmax: 0.7316 | Val Smin: 26.2579
  --> New best model saved!
Epoch 034 | Loss: 0.0000 | Val MiFmax: 0.7357 | Val MaFmax: 0.7291 | Val Smin: 26.4415
Epoch 035 | Loss: 0.0000 | Val MiFmax: 0.7271 | Val MaFmax: 0.7297 | Val Smin: 27.2311
Epoch 036 | Loss: 0.0000 | Val MiFmax: 0.7292 | Val MaFmax: 0.7255 | Val Smin: 27.1168
Epoch 037 | Loss: 0.0000 | Val MiFmax: 0.7427 | Val MaFmax: 0.7295 | Val Smin: 25.8367
Epoch 038 | Loss: 0.0000 | Val MiFmax: 0.7399 | Val MaFmax: 0.7300 | Val Smin: 26.1191
Epoch 039 | Loss: 0.0000 | Val MiFmax: 0.7372 | Val MaFmax: 0.7312 | Val Smin: 26.4063
Epoch 040 | Loss: 0.0000 | Val MiFmax: 0.7400 | Val MaFmax: 0.7352 | Val Smin: 25.9587
  --> New best model saved!
Epoch 041 | Loss: 0.0000 | Val MiFmax: 0.7477 | Val MaFmax: 0.7332 | Val Smin: 25.4519
Epoch 042 | Loss: 0.0000 | Val MiFmax: 0.7435 | Val MaFmax: 0.7328 | Val Smin: 25.7803
Epoch 043 | Loss: 0.0000 | Val MiFmax: 0.7532 | Val MaFmax: 0.7362 | Val Smin: 24.9976
  --> New best model saved!
Epoch 044 | Loss: 0.0000 | Val MiFmax: 0.7492 | Val MaFmax: 0.7336 | Val Smin: 25.2905
Epoch 045 | Loss: 0.0000 | Val MiFmax: 0.7488 | Val MaFmax: 0.7368 | Val Smin: 25.2796
  --> New best model saved!
Epoch 046 | Loss: 0.0000 | Val MiFmax: 0.7447 | Val MaFmax: 0.7301 | Val Smin: 25.7738
Epoch 047 | Loss: 0.0000 | Val MiFmax: 0.7420 | Val MaFmax: 0.7322 | Val Smin: 25.7473
Epoch 048 | Loss: 0.0000 | Val MiFmax: 0.7432 | Val MaFmax: 0.7320 | Val Smin: 25.6290
Epoch 049 | Loss: 0.0000 | Val MiFmax: 0.7386 | Val MaFmax: 0.7347 | Val Smin: 26.0844
Epoch 050 | Loss: 0.0000 | Val MiFmax: 0.7483 | Val MaFmax: 0.7323 | Val Smin: 25.2420
Epoch 051 | Loss: 0.0000 | Val MiFmax: 0.7429 | Val MaFmax: 0.7292 | Val Smin: 25.6141
Epoch 052 | Loss: 0.0000 | Val MiFmax: 0.7521 | Val MaFmax: 0.7358 | Val Smin: 25.0765
Epoch 053 | Loss: 0.0000 | Val MiFmax: 0.7473 | Val MaFmax: 0.7358 | Val Smin: 25.2296
Epoch 054 | Loss: 0.0000 | Val MiFmax: 0.7520 | Val MaFmax: 0.7350 | Val Smin: 25.0914
Epoch 055 | Loss: 0.0000 | Val MiFmax: 0.7523 | Val MaFmax: 0.7360 | Val Smin: 24.9493
Epoch 056 | Loss: 0.0000 | Val MiFmax: 0.7499 | Val MaFmax: 0.7348 | Val Smin: 25.1360
Epoch 057 | Loss: 0.0000 | Val MiFmax: 0.7498 | Val MaFmax: 0.7341 | Val Smin: 25.2045
Epoch 058 | Loss: 0.0000 | Val MiFmax: 0.7505 | Val MaFmax: 0.7334 | Val Smin: 25.1283
Epoch 059 | Loss: 0.0000 | Val MiFmax: 0.7517 | Val MaFmax: 0.7335 | Val Smin: 25.1048
Epoch 060 | Loss: 0.0000 | Val MiFmax: 0.7511 | Val MaFmax: 0.7338 | Val Smin: 25.1689
Early stopping triggered after 60 epochs.
Training finished. Evaluating on Test Set...

--- TEST METRICS ---
Micro_Fmax: 0.6832
Macro_Fmax: 0.6763
Macro_AUROC: 0.8572
Micro_AUROC: 0.8665
Macro_AUPRC: 0.6296
Micro_AUPRC: 0.6523
Smin: 34.0544
--- Starting Full Grid Search ---
Running tuning only for: biological_process
=========================================
  DeepGreenGO Hyperparameter Tuning (JK)
=========================================
Dataset: preprocessing/data/split_files/datasets.pkl
Output Directory: tuning_runs_jk

------------------------------------------------------
  Tuning Run 1 / 18
  Ontology: biological_process | LR: 1e-4 | Dropout: 0.2 | Batch: 16
------------------------------------------------------
Using device: cuda
Loading datasets from preprocessing/data/split_files/datasets.pkl for biological_process...
Alpha weights not found. Using default FocalLoss (alpha=0.25, gamma=4.0).
Epoch 001 | Loss: 0.0133 | Val MiFmax: 0.0546 | Val MaFmax: 0.0826 | Val Smin: 68.8611
  --> New best model saved!
Epoch 002 | Loss: 0.0096 | Val MiFmax: 0.0941 | Val MaFmax: 0.0915 | Val Smin: 68.3581
  --> New best model saved!
Epoch 003 | Loss: 0.0047 | Val MiFmax: 0.1775 | Val MaFmax: 0.1125 | Val Smin: 66.6583
  --> New best model saved!
Epoch 004 | Loss: 0.0024 | Val MiFmax: 0.2258 | Val MaFmax: 0.1621 | Val Smin: 64.7403
  --> New best model saved!
Epoch 005 | Loss: 0.0017 | Val MiFmax: 0.3037 | Val MaFmax: 0.2382 | Val Smin: 60.7480
  --> New best model saved!
Epoch 006 | Loss: 0.0013 | Val MiFmax: 0.3422 | Val MaFmax: 0.3274 | Val Smin: 58.2637
  --> New best model saved!
Epoch 007 | Loss: 0.0010 | Val MiFmax: 0.4736 | Val MaFmax: 0.4527 | Val Smin: 49.4133
  --> New best model saved!
Epoch 008 | Loss: 0.0008 | Val MiFmax: 0.5482 | Val MaFmax: 0.5103 | Val Smin: 42.9289
  --> New best model saved!
Epoch 009 | Loss: 0.0006 | Val MiFmax: 0.5660 | Val MaFmax: 0.5374 | Val Smin: 41.2219
  --> New best model saved!
Epoch 010 | Loss: 0.0005 | Val MiFmax: 0.5869 | Val MaFmax: 0.5862 | Val Smin: 39.3396
  --> New best model saved!
Epoch 011 | Loss: 0.0004 | Val MiFmax: 0.6055 | Val MaFmax: 0.6152 | Val Smin: 38.2101
  --> New best model saved!
Epoch 012 | Loss: 0.0004 | Val MiFmax: 0.6254 | Val MaFmax: 0.6427 | Val Smin: 36.5345
  --> New best model saved!
Epoch 013 | Loss: 0.0003 | Val MiFmax: 0.6123 | Val MaFmax: 0.6266 | Val Smin: 37.4829
Epoch 014 | Loss: 0.0003 | Val MiFmax: 0.6277 | Val MaFmax: 0.6539 | Val Smin: 36.1118
  --> New best model saved!
Epoch 015 | Loss: 0.0002 | Val MiFmax: 0.6637 | Val MaFmax: 0.6868 | Val Smin: 33.2722
  --> New best model saved!
Epoch 016 | Loss: 0.0002 | Val MiFmax: 0.6615 | Val MaFmax: 0.6794 | Val Smin: 33.2648
Epoch 017 | Loss: 0.0002 | Val MiFmax: 0.6611 | Val MaFmax: 0.6861 | Val Smin: 33.4800
Epoch 018 | Loss: 0.0002 | Val MiFmax: 0.6881 | Val MaFmax: 0.7023 | Val Smin: 31.1066
  --> New best model saved!
Epoch 019 | Loss: 0.0002 | Val MiFmax: 0.6785 | Val MaFmax: 0.6957 | Val Smin: 32.1364
Epoch 020 | Loss: 0.0001 | Val MiFmax: 0.6957 | Val MaFmax: 0.6934 | Val Smin: 30.7881
Epoch 021 | Loss: 0.0001 | Val MiFmax: 0.6943 | Val MaFmax: 0.7097 | Val Smin: 30.7094
  --> New best model saved!
Epoch 022 | Loss: 0.0001 | Val MiFmax: 0.6954 | Val MaFmax: 0.7096 | Val Smin: 30.4183
Epoch 023 | Loss: 0.0001 | Val MiFmax: 0.7070 | Val MaFmax: 0.7084 | Val Smin: 28.8910
Epoch 024 | Loss: 0.0001 | Val MiFmax: 0.7052 | Val MaFmax: 0.7153 | Val Smin: 29.1095
  --> New best model saved!
Epoch 025 | Loss: 0.0001 | Val MiFmax: 0.7026 | Val MaFmax: 0.7220 | Val Smin: 29.9076
  --> New best model saved!
Epoch 026 | Loss: 0.0001 | Val MiFmax: 0.7125 | Val MaFmax: 0.7247 | Val Smin: 28.6036
  --> New best model saved!
Epoch 027 | Loss: 0.0001 | Val MiFmax: 0.7069 | Val MaFmax: 0.7168 | Val Smin: 29.6867
Epoch 028 | Loss: 0.0001 | Val MiFmax: 0.7185 | Val MaFmax: 0.7260 | Val Smin: 28.2390
  --> New best model saved!
Epoch 029 | Loss: 0.0001 | Val MiFmax: 0.6950 | Val MaFmax: 0.7135 | Val Smin: 30.0125
Epoch 030 | Loss: 0.0001 | Val MiFmax: 0.7129 | Val MaFmax: 0.7238 | Val Smin: 28.4099
Epoch 031 | Loss: 0.0001 | Val MiFmax: 0.7195 | Val MaFmax: 0.7295 | Val Smin: 27.6201
  --> New best model saved!
Epoch 032 | Loss: 0.0001 | Val MiFmax: 0.7164 | Val MaFmax: 0.7252 | Val Smin: 28.1402
Epoch 033 | Loss: 0.0001 | Val MiFmax: 0.7089 | Val MaFmax: 0.7221 | Val Smin: 29.4006
Epoch 034 | Loss: 0.0000 | Val MiFmax: 0.7243 | Val MaFmax: 0.7371 | Val Smin: 27.6238
  --> New best model saved!
Epoch 035 | Loss: 0.0001 | Val MiFmax: 0.7105 | Val MaFmax: 0.7225 | Val Smin: 29.3315
Epoch 036 | Loss: 0.0001 | Val MiFmax: 0.7251 | Val MaFmax: 0.7219 | Val Smin: 27.3678
Epoch 037 | Loss: 0.0000 | Val MiFmax: 0.7274 | Val MaFmax: 0.7346 | Val Smin: 26.9669
Epoch 038 | Loss: 0.0000 | Val MiFmax: 0.7281 | Val MaFmax: 0.7321 | Val Smin: 27.3602
Epoch 039 | Loss: 0.0000 | Val MiFmax: 0.7144 | Val MaFmax: 0.7191 | Val Smin: 28.5860
Epoch 040 | Loss: 0.0001 | Val MiFmax: 0.7192 | Val MaFmax: 0.7110 | Val Smin: 27.7636
Epoch 041 | Loss: 0.0001 | Val MiFmax: 0.7263 | Val MaFmax: 0.7253 | Val Smin: 27.3321
Epoch 042 | Loss: 0.0000 | Val MiFmax: 0.7317 | Val MaFmax: 0.7260 | Val Smin: 26.7632
Epoch 043 | Loss: 0.0000 | Val MiFmax: 0.7355 | Val MaFmax: 0.7264 | Val Smin: 26.5434
Epoch 044 | Loss: 0.0000 | Val MiFmax: 0.7327 | Val MaFmax: 0.7263 | Val Smin: 26.7096
Epoch 045 | Loss: 0.0000 | Val MiFmax: 0.7342 | Val MaFmax: 0.7241 | Val Smin: 26.5844
Epoch 046 | Loss: 0.0000 | Val MiFmax: 0.7326 | Val MaFmax: 0.7268 | Val Smin: 26.6871
Epoch 047 | Loss: 0.0000 | Val MiFmax: 0.7337 | Val MaFmax: 0.7264 | Val Smin: 26.5156
Epoch 048 | Loss: 0.0000 | Val MiFmax: 0.7300 | Val MaFmax: 0.7254 | Val Smin: 26.7514
Epoch 049 | Loss: 0.0000 | Val MiFmax: 0.7378 | Val MaFmax: 0.7260 | Val Smin: 26.3972
Early stopping triggered after 49 epochs.
Training finished. Evaluating on Test Set...

--- TEST METRICS ---
Micro_Fmax: 0.6491
Macro_Fmax: 0.6397
Macro_AUROC: 0.8413
Micro_AUROC: 0.8451
Macro_AUPRC: 0.5975
Micro_AUPRC: 0.6088
Smin: 37.4114
------------------------------------------------------
  Tuning Run 2 / 18
  Ontology: biological_process | LR: 1e-4 | Dropout: 0.2 | Batch: 32
------------------------------------------------------
Using device: cuda
Loading datasets from preprocessing/data/split_files/datasets.pkl for biological_process...
Alpha weights not found. Using default FocalLoss (alpha=0.25, gamma=4.0).
Epoch 001 | Loss: 0.0139 | Val MiFmax: 0.0617 | Val MaFmax: 0.0807 | Val Smin: 68.9370
  --> New best model saved!
Epoch 002 | Loss: 0.0121 | Val MiFmax: 0.0624 | Val MaFmax: 0.0882 | Val Smin: 68.8367
  --> New best model saved!
Epoch 003 | Loss: 0.0101 | Val MiFmax: 0.0932 | Val MaFmax: 0.0969 | Val Smin: 68.6306
  --> New best model saved!
Epoch 004 | Loss: 0.0072 | Val MiFmax: 0.1199 | Val MaFmax: 0.1042 | Val Smin: 67.8961
  --> New best model saved!
Epoch 005 | Loss: 0.0046 | Val MiFmax: 0.1760 | Val MaFmax: 0.1215 | Val Smin: 66.7275
  --> New best model saved!
Epoch 006 | Loss: 0.0030 | Val MiFmax: 0.2013 | Val MaFmax: 0.1315 | Val Smin: 65.5428
  --> New best model saved!
Epoch 007 | Loss: 0.0022 | Val MiFmax: 0.2223 | Val MaFmax: 0.1421 | Val Smin: 65.4533
  --> New best model saved!
Epoch 008 | Loss: 0.0018 | Val MiFmax: 0.2620 | Val MaFmax: 0.1871 | Val Smin: 62.2791
  --> New best model saved!
Epoch 009 | Loss: 0.0015 | Val MiFmax: 0.3093 | Val MaFmax: 0.2437 | Val Smin: 59.7530
  --> New best model saved!
Epoch 010 | Loss: 0.0012 | Val MiFmax: 0.3734 | Val MaFmax: 0.3385 | Val Smin: 56.8372
  --> New best model saved!
Epoch 011 | Loss: 0.0010 | Val MiFmax: 0.4492 | Val MaFmax: 0.4061 | Val Smin: 50.5479
  --> New best model saved!
Epoch 012 | Loss: 0.0009 | Val MiFmax: 0.5064 | Val MaFmax: 0.4802 | Val Smin: 46.1318
  --> New best model saved!
Epoch 013 | Loss: 0.0008 | Val MiFmax: 0.5254 | Val MaFmax: 0.4943 | Val Smin: 44.5625
  --> New best model saved!
Epoch 014 | Loss: 0.0006 | Val MiFmax: 0.5772 | Val MaFmax: 0.5497 | Val Smin: 39.7786
  --> New best model saved!
Epoch 015 | Loss: 0.0006 | Val MiFmax: 0.5968 | Val MaFmax: 0.5735 | Val Smin: 38.4727
  --> New best model saved!
Epoch 016 | Loss: 0.0005 | Val MiFmax: 0.6049 | Val MaFmax: 0.6004 | Val Smin: 37.4997
  --> New best model saved!
Epoch 017 | Loss: 0.0004 | Val MiFmax: 0.6163 | Val MaFmax: 0.6110 | Val Smin: 36.7961
  --> New best model saved!
Epoch 018 | Loss: 0.0004 | Val MiFmax: 0.6270 | Val MaFmax: 0.6297 | Val Smin: 36.1259
  --> New best model saved!
Epoch 019 | Loss: 0.0003 | Val MiFmax: 0.6210 | Val MaFmax: 0.6267 | Val Smin: 36.8484
Epoch 020 | Loss: 0.0003 | Val MiFmax: 0.6508 | Val MaFmax: 0.6526 | Val Smin: 34.2533
  --> New best model saved!
Epoch 021 | Loss: 0.0003 | Val MiFmax: 0.6556 | Val MaFmax: 0.6566 | Val Smin: 33.4825
  --> New best model saved!
Epoch 022 | Loss: 0.0003 | Val MiFmax: 0.6690 | Val MaFmax: 0.6599 | Val Smin: 32.6228
  --> New best model saved!
Epoch 023 | Loss: 0.0002 | Val MiFmax: 0.6751 | Val MaFmax: 0.6692 | Val Smin: 31.9795
  --> New best model saved!
Epoch 024 | Loss: 0.0002 | Val MiFmax: 0.6860 | Val MaFmax: 0.6851 | Val Smin: 31.0353
  --> New best model saved!
Epoch 025 | Loss: 0.0002 | Val MiFmax: 0.6837 | Val MaFmax: 0.6784 | Val Smin: 31.2736
Epoch 026 | Loss: 0.0002 | Val MiFmax: 0.6831 | Val MaFmax: 0.6822 | Val Smin: 31.3671
Epoch 027 | Loss: 0.0002 | Val MiFmax: 0.6857 | Val MaFmax: 0.6837 | Val Smin: 31.2900
Epoch 028 | Loss: 0.0002 | Val MiFmax: 0.7025 | Val MaFmax: 0.6969 | Val Smin: 29.5063
  --> New best model saved!
Epoch 029 | Loss: 0.0001 | Val MiFmax: 0.7036 | Val MaFmax: 0.6923 | Val Smin: 29.6661
Epoch 030 | Loss: 0.0001 | Val MiFmax: 0.7112 | Val MaFmax: 0.7051 | Val Smin: 28.7262
  --> New best model saved!
Epoch 031 | Loss: 0.0001 | Val MiFmax: 0.7020 | Val MaFmax: 0.6884 | Val Smin: 29.5895
Epoch 032 | Loss: 0.0001 | Val MiFmax: 0.7128 | Val MaFmax: 0.7072 | Val Smin: 28.9334
  --> New best model saved!
Epoch 033 | Loss: 0.0001 | Val MiFmax: 0.7133 | Val MaFmax: 0.6999 | Val Smin: 28.6719
Epoch 034 | Loss: 0.0001 | Val MiFmax: 0.7227 | Val MaFmax: 0.6949 | Val Smin: 28.0726
Epoch 035 | Loss: 0.0001 | Val MiFmax: 0.7201 | Val MaFmax: 0.7040 | Val Smin: 28.3097
Epoch 036 | Loss: 0.0001 | Val MiFmax: 0.7095 | Val MaFmax: 0.6963 | Val Smin: 29.0528
Epoch 037 | Loss: 0.0001 | Val MiFmax: 0.7202 | Val MaFmax: 0.7111 | Val Smin: 28.0795
  --> New best model saved!
Epoch 038 | Loss: 0.0001 | Val MiFmax: 0.7131 | Val MaFmax: 0.6962 | Val Smin: 28.6640
Epoch 039 | Loss: 0.0001 | Val MiFmax: 0.7271 | Val MaFmax: 0.7090 | Val Smin: 27.5926
Epoch 040 | Loss: 0.0001 | Val MiFmax: 0.7185 | Val MaFmax: 0.7143 | Val Smin: 28.3542
  --> New best model saved!
Epoch 041 | Loss: 0.0001 | Val MiFmax: 0.7237 | Val MaFmax: 0.7160 | Val Smin: 27.8145
  --> New best model saved!
Epoch 042 | Loss: 0.0001 | Val MiFmax: 0.7209 | Val MaFmax: 0.7151 | Val Smin: 27.8021
Epoch 043 | Loss: 0.0001 | Val MiFmax: 0.7293 | Val MaFmax: 0.7203 | Val Smin: 27.4586
  --> New best model saved!
Epoch 044 | Loss: 0.0001 | Val MiFmax: 0.7269 | Val MaFmax: 0.7131 | Val Smin: 27.4899
Epoch 045 | Loss: 0.0001 | Val MiFmax: 0.7332 | Val MaFmax: 0.7189 | Val Smin: 27.1092
Epoch 046 | Loss: 0.0000 | Val MiFmax: 0.7293 | Val MaFmax: 0.7132 | Val Smin: 27.4047
Epoch 047 | Loss: 0.0001 | Val MiFmax: 0.6744 | Val MaFmax: 0.6900 | Val Smin: 31.6721
Epoch 048 | Loss: 0.0001 | Val MiFmax: 0.7329 | Val MaFmax: 0.7248 | Val Smin: 26.9452
  --> New best model saved!
Epoch 049 | Loss: 0.0001 | Val MiFmax: 0.7289 | Val MaFmax: 0.7110 | Val Smin: 27.3648
Epoch 050 | Loss: 0.0000 | Val MiFmax: 0.7320 | Val MaFmax: 0.7215 | Val Smin: 26.9081
Epoch 051 | Loss: 0.0000 | Val MiFmax: 0.7315 | Val MaFmax: 0.7239 | Val Smin: 27.1289
Epoch 052 | Loss: 0.0001 | Val MiFmax: 0.7265 | Val MaFmax: 0.7158 | Val Smin: 27.5740
Epoch 053 | Loss: 0.0000 | Val MiFmax: 0.7294 | Val MaFmax: 0.7203 | Val Smin: 27.4650
Epoch 054 | Loss: 0.0000 | Val MiFmax: 0.7312 | Val MaFmax: 0.7223 | Val Smin: 27.1500
Epoch 055 | Loss: 0.0000 | Val MiFmax: 0.7383 | Val MaFmax: 0.7262 | Val Smin: 26.5702
  --> New best model saved!
Epoch 056 | Loss: 0.0000 | Val MiFmax: 0.7388 | Val MaFmax: 0.7263 | Val Smin: 26.5381
  --> New best model saved!
Epoch 057 | Loss: 0.0000 | Val MiFmax: 0.7376 | Val MaFmax: 0.7249 | Val Smin: 26.5403
Epoch 058 | Loss: 0.0000 | Val MiFmax: 0.7409 | Val MaFmax: 0.7252 | Val Smin: 26.3597
Epoch 059 | Loss: 0.0000 | Val MiFmax: 0.7434 | Val MaFmax: 0.7279 | Val Smin: 26.2451
  --> New best model saved!
Epoch 060 | Loss: 0.0000 | Val MiFmax: 0.7435 | Val MaFmax: 0.7292 | Val Smin: 26.1667
  --> New best model saved!
Epoch 061 | Loss: 0.0000 | Val MiFmax: 0.7417 | Val MaFmax: 0.7237 | Val Smin: 26.3632
Epoch 062 | Loss: 0.0000 | Val MiFmax: 0.7377 | Val MaFmax: 0.7248 | Val Smin: 26.5674
Epoch 063 | Loss: 0.0000 | Val MiFmax: 0.7385 | Val MaFmax: 0.7254 | Val Smin: 26.4143
Epoch 064 | Loss: 0.0000 | Val MiFmax: 0.7389 | Val MaFmax: 0.7255 | Val Smin: 26.4102
Epoch 065 | Loss: 0.0000 | Val MiFmax: 0.7430 | Val MaFmax: 0.7269 | Val Smin: 26.2363
Epoch 066 | Loss: 0.0000 | Val MiFmax: 0.7419 | Val MaFmax: 0.7269 | Val Smin: 26.3522
Epoch 067 | Loss: 0.0000 | Val MiFmax: 0.7430 | Val MaFmax: 0.7278 | Val Smin: 26.2060
Epoch 068 | Loss: 0.0000 | Val MiFmax: 0.7423 | Val MaFmax: 0.7281 | Val Smin: 26.2196
Epoch 069 | Loss: 0.0000 | Val MiFmax: 0.7424 | Val MaFmax: 0.7263 | Val Smin: 26.2282
Epoch 070 | Loss: 0.0000 | Val MiFmax: 0.7405 | Val MaFmax: 0.7265 | Val Smin: 26.3719
Epoch 071 | Loss: 0.0000 | Val MiFmax: 0.7418 | Val MaFmax: 0.7257 | Val Smin: 26.3036
Epoch 072 | Loss: 0.0000 | Val MiFmax: 0.7424 | Val MaFmax: 0.7262 | Val Smin: 26.2514
Epoch 073 | Loss: 0.0000 | Val MiFmax: 0.7439 | Val MaFmax: 0.7274 | Val Smin: 26.1533
Epoch 074 | Loss: 0.0000 | Val MiFmax: 0.7434 | Val MaFmax: 0.7272 | Val Smin: 26.2283
Epoch 075 | Loss: 0.0000 | Val MiFmax: 0.7436 | Val MaFmax: 0.7272 | Val Smin: 26.2369
Early stopping triggered after 75 epochs.
Training finished. Evaluating on Test Set...

--- TEST METRICS ---
Micro_Fmax: 0.6667
Macro_Fmax: 0.6511
Macro_AUROC: 0.8470
Micro_AUROC: 0.8314
Macro_AUPRC: 0.6023
Micro_AUPRC: 0.6218
Smin: 36.0972
------------------------------------------------------
  Tuning Run 3 / 18
  Ontology: biological_process | LR: 1e-4 | Dropout: 0.3 | Batch: 16
------------------------------------------------------
Using device: cuda
Loading datasets from preprocessing/data/split_files/datasets.pkl for biological_process...
Alpha weights not found. Using default FocalLoss (alpha=0.25, gamma=4.0).
Epoch 001 | Loss: 0.0152 | Val MiFmax: 0.0533 | Val MaFmax: 0.0761 | Val Smin: 69.0079
  --> New best model saved!
Epoch 002 | Loss: 0.0113 | Val MiFmax: 0.0650 | Val MaFmax: 0.0850 | Val Smin: 68.9922
  --> New best model saved!
Epoch 003 | Loss: 0.0062 | Val MiFmax: 0.1214 | Val MaFmax: 0.0901 | Val Smin: 68.2535
  --> New best model saved!
Epoch 004 | Loss: 0.0032 | Val MiFmax: 0.1655 | Val MaFmax: 0.0924 | Val Smin: 67.6284
  --> New best model saved!
Epoch 005 | Loss: 0.0021 | Val MiFmax: 0.1967 | Val MaFmax: 0.1261 | Val Smin: 66.5219
  --> New best model saved!
Epoch 006 | Loss: 0.0016 | Val MiFmax: 0.2802 | Val MaFmax: 0.2110 | Val Smin: 61.2472
  --> New best model saved!
Epoch 007 | Loss: 0.0013 | Val MiFmax: 0.3481 | Val MaFmax: 0.3229 | Val Smin: 57.7178
  --> New best model saved!
Epoch 008 | Loss: 0.0011 | Val MiFmax: 0.4151 | Val MaFmax: 0.3501 | Val Smin: 53.5725
  --> New best model saved!
Epoch 009 | Loss: 0.0010 | Val MiFmax: 0.4359 | Val MaFmax: 0.4391 | Val Smin: 52.3921
  --> New best model saved!
Epoch 010 | Loss: 0.0008 | Val MiFmax: 0.4972 | Val MaFmax: 0.4752 | Val Smin: 46.8227
  --> New best model saved!
Epoch 011 | Loss: 0.0007 | Val MiFmax: 0.5468 | Val MaFmax: 0.5175 | Val Smin: 42.5227
  --> New best model saved!
Epoch 012 | Loss: 0.0006 | Val MiFmax: 0.5621 | Val MaFmax: 0.5485 | Val Smin: 41.2346
  --> New best model saved!
Epoch 013 | Loss: 0.0005 | Val MiFmax: 0.5807 | Val MaFmax: 0.5734 | Val Smin: 39.9072
  --> New best model saved!
Epoch 014 | Loss: 0.0005 | Val MiFmax: 0.5548 | Val MaFmax: 0.5617 | Val Smin: 42.2354
Epoch 015 | Loss: 0.0004 | Val MiFmax: 0.6215 | Val MaFmax: 0.6369 | Val Smin: 36.4253
  --> New best model saved!
Epoch 016 | Loss: 0.0004 | Val MiFmax: 0.6382 | Val MaFmax: 0.6472 | Val Smin: 34.8735
  --> New best model saved!
Epoch 017 | Loss: 0.0003 | Val MiFmax: 0.6363 | Val MaFmax: 0.6659 | Val Smin: 34.9355
  --> New best model saved!
Epoch 018 | Loss: 0.0003 | Val MiFmax: 0.6581 | Val MaFmax: 0.6790 | Val Smin: 33.1407
  --> New best model saved!
Epoch 019 | Loss: 0.0003 | Val MiFmax: 0.6517 | Val MaFmax: 0.6679 | Val Smin: 33.5687
Epoch 020 | Loss: 0.0002 | Val MiFmax: 0.6618 | Val MaFmax: 0.6816 | Val Smin: 32.7480
  --> New best model saved!
Epoch 021 | Loss: 0.0003 | Val MiFmax: 0.6394 | Val MaFmax: 0.6690 | Val Smin: 34.4289
Epoch 022 | Loss: 0.0003 | Val MiFmax: 0.6762 | Val MaFmax: 0.6916 | Val Smin: 31.6040
  --> New best model saved!
Epoch 023 | Loss: 0.0002 | Val MiFmax: 0.6819 | Val MaFmax: 0.6973 | Val Smin: 31.0459
  --> New best model saved!
Epoch 024 | Loss: 0.0002 | Val MiFmax: 0.6917 | Val MaFmax: 0.7075 | Val Smin: 30.1767
  --> New best model saved!
Epoch 025 | Loss: 0.0002 | Val MiFmax: 0.6886 | Val MaFmax: 0.7082 | Val Smin: 30.7024
  --> New best model saved!
Epoch 026 | Loss: 0.0001 | Val MiFmax: 0.6963 | Val MaFmax: 0.7025 | Val Smin: 29.7848
Epoch 027 | Loss: 0.0001 | Val MiFmax: 0.6999 | Val MaFmax: 0.7019 | Val Smin: 29.4997
Epoch 028 | Loss: 0.0001 | Val MiFmax: 0.6920 | Val MaFmax: 0.7071 | Val Smin: 29.8290
Epoch 029 | Loss: 0.0001 | Val MiFmax: 0.7074 | Val MaFmax: 0.7118 | Val Smin: 28.7453
  --> New best model saved!
Epoch 030 | Loss: 0.0001 | Val MiFmax: 0.7046 | Val MaFmax: 0.7190 | Val Smin: 29.0426
  --> New best model saved!
Epoch 031 | Loss: 0.0001 | Val MiFmax: 0.7187 | Val MaFmax: 0.7152 | Val Smin: 27.6308
Epoch 032 | Loss: 0.0001 | Val MiFmax: 0.7164 | Val MaFmax: 0.7194 | Val Smin: 28.3818
  --> New best model saved!
Epoch 033 | Loss: 0.0001 | Val MiFmax: 0.7222 | Val MaFmax: 0.7168 | Val Smin: 28.0203
Epoch 034 | Loss: 0.0001 | Val MiFmax: 0.7231 | Val MaFmax: 0.7221 | Val Smin: 27.7165
  --> New best model saved!
Epoch 035 | Loss: 0.0001 | Val MiFmax: 0.7190 | Val MaFmax: 0.7203 | Val Smin: 27.9902
Epoch 036 | Loss: 0.0001 | Val MiFmax: 0.7181 | Val MaFmax: 0.7071 | Val Smin: 28.3208
Epoch 037 | Loss: 0.0001 | Val MiFmax: 0.7283 | Val MaFmax: 0.7259 | Val Smin: 27.2311
  --> New best model saved!
Epoch 038 | Loss: 0.0001 | Val MiFmax: 0.7149 | Val MaFmax: 0.7192 | Val Smin: 28.2183
Epoch 039 | Loss: 0.0001 | Val MiFmax: 0.7287 | Val MaFmax: 0.7252 | Val Smin: 27.1814
Epoch 040 | Loss: 0.0001 | Val MiFmax: 0.7259 | Val MaFmax: 0.7261 | Val Smin: 27.2170
  --> New best model saved!
Epoch 041 | Loss: 0.0001 | Val MiFmax: 0.7263 | Val MaFmax: 0.7209 | Val Smin: 27.4964
Epoch 042 | Loss: 0.0001 | Val MiFmax: 0.7260 | Val MaFmax: 0.7261 | Val Smin: 27.2363
Epoch 043 | Loss: 0.0001 | Val MiFmax: 0.7289 | Val MaFmax: 0.7307 | Val Smin: 27.0326
  --> New best model saved!
Epoch 044 | Loss: 0.0000 | Val MiFmax: 0.7227 | Val MaFmax: 0.7333 | Val Smin: 27.7497
  --> New best model saved!
Epoch 045 | Loss: 0.0000 | Val MiFmax: 0.7298 | Val MaFmax: 0.7319 | Val Smin: 27.2354
Epoch 046 | Loss: 0.0000 | Val MiFmax: 0.7253 | Val MaFmax: 0.7325 | Val Smin: 27.2736
Epoch 047 | Loss: 0.0001 | Val MiFmax: 0.7329 | Val MaFmax: 0.7297 | Val Smin: 26.9618
Epoch 048 | Loss: 0.0001 | Val MiFmax: 0.7265 | Val MaFmax: 0.7222 | Val Smin: 27.2669
Epoch 049 | Loss: 0.0000 | Val MiFmax: 0.7280 | Val MaFmax: 0.7269 | Val Smin: 27.2516
Epoch 050 | Loss: 0.0000 | Val MiFmax: 0.7300 | Val MaFmax: 0.7325 | Val Smin: 26.8190
Epoch 051 | Loss: 0.0000 | Val MiFmax: 0.7365 | Val MaFmax: 0.7379 | Val Smin: 26.4514
  --> New best model saved!
Epoch 052 | Loss: 0.0000 | Val MiFmax: 0.7370 | Val MaFmax: 0.7353 | Val Smin: 26.3396
Epoch 053 | Loss: 0.0000 | Val MiFmax: 0.7340 | Val MaFmax: 0.7344 | Val Smin: 26.5931
Epoch 054 | Loss: 0.0000 | Val MiFmax: 0.7393 | Val MaFmax: 0.7355 | Val Smin: 26.2723
Epoch 055 | Loss: 0.0000 | Val MiFmax: 0.7386 | Val MaFmax: 0.7328 | Val Smin: 26.3377
Epoch 056 | Loss: 0.0000 | Val MiFmax: 0.7419 | Val MaFmax: 0.7330 | Val Smin: 26.4523
Epoch 057 | Loss: 0.0000 | Val MiFmax: 0.7364 | Val MaFmax: 0.7295 | Val Smin: 26.4943
Epoch 058 | Loss: 0.0000 | Val MiFmax: 0.7376 | Val MaFmax: 0.7328 | Val Smin: 26.2244
Epoch 059 | Loss: 0.0000 | Val MiFmax: 0.7399 | Val MaFmax: 0.7352 | Val Smin: 26.1871
Epoch 060 | Loss: 0.0000 | Val MiFmax: 0.7412 | Val MaFmax: 0.7365 | Val Smin: 26.0113
Epoch 061 | Loss: 0.0000 | Val MiFmax: 0.7444 | Val MaFmax: 0.7368 | Val Smin: 25.8879
Epoch 062 | Loss: 0.0000 | Val MiFmax: 0.7411 | Val MaFmax: 0.7377 | Val Smin: 25.9489
Epoch 063 | Loss: 0.0000 | Val MiFmax: 0.7411 | Val MaFmax: 0.7367 | Val Smin: 25.8947
Epoch 064 | Loss: 0.0000 | Val MiFmax: 0.7437 | Val MaFmax: 0.7376 | Val Smin: 25.7655
Epoch 065 | Loss: 0.0000 | Val MiFmax: 0.7436 | Val MaFmax: 0.7368 | Val Smin: 25.9083
Epoch 066 | Loss: 0.0000 | Val MiFmax: 0.7419 | Val MaFmax: 0.7361 | Val Smin: 25.9481
Early stopping triggered after 66 epochs.
Training finished. Evaluating on Test Set...

--- TEST METRICS ---
Micro_Fmax: 0.6615
Macro_Fmax: 0.6489
Macro_AUROC: 0.8579
Micro_AUROC: 0.8589
Macro_AUPRC: 0.6016
Micro_AUPRC: 0.6222
Smin: 36.4842
------------------------------------------------------
  Tuning Run 4 / 18
  Ontology: biological_process | LR: 1e-4 | Dropout: 0.3 | Batch: 32
------------------------------------------------------
Using device: cuda
Loading datasets from preprocessing/data/split_files/datasets.pkl for biological_process...
Alpha weights not found. Using default FocalLoss (alpha=0.25, gamma=4.0).
Epoch 001 | Loss: 0.0159 | Val MiFmax: 0.0544 | Val MaFmax: 0.0778 | Val Smin: 68.9820
  --> New best model saved!
Epoch 002 | Loss: 0.0137 | Val MiFmax: 0.0513 | Val MaFmax: 0.0797 | Val Smin: 69.1373
  --> New best model saved!
Epoch 003 | Loss: 0.0115 | Val MiFmax: 0.0760 | Val MaFmax: 0.0924 | Val Smin: 68.8933
  --> New best model saved!
Epoch 004 | Loss: 0.0088 | Val MiFmax: 0.0936 | Val MaFmax: 0.0970 | Val Smin: 68.7973
  --> New best model saved!
Epoch 005 | Loss: 0.0059 | Val MiFmax: 0.1364 | Val MaFmax: 0.1079 | Val Smin: 67.7491
  --> New best model saved!
Epoch 006 | Loss: 0.0039 | Val MiFmax: 0.1808 | Val MaFmax: 0.1211 | Val Smin: 66.7308
  --> New best model saved!
Epoch 007 | Loss: 0.0028 | Val MiFmax: 0.2187 | Val MaFmax: 0.1424 | Val Smin: 65.6726
  --> New best model saved!
Epoch 008 | Loss: 0.0021 | Val MiFmax: 0.2848 | Val MaFmax: 0.2061 | Val Smin: 61.5891
  --> New best model saved!
Epoch 009 | Loss: 0.0018 | Val MiFmax: 0.3030 | Val MaFmax: 0.2274 | Val Smin: 60.2335
  --> New best model saved!
Epoch 010 | Loss: 0.0015 | Val MiFmax: 0.3467 | Val MaFmax: 0.3108 | Val Smin: 58.2802
  --> New best model saved!
Epoch 011 | Loss: 0.0013 | Val MiFmax: 0.3668 | Val MaFmax: 0.3136 | Val Smin: 57.0973
  --> New best model saved!
Epoch 012 | Loss: 0.0011 | Val MiFmax: 0.4042 | Val MaFmax: 0.3679 | Val Smin: 54.9582
  --> New best model saved!
Epoch 013 | Loss: 0.0010 | Val MiFmax: 0.4175 | Val MaFmax: 0.3951 | Val Smin: 53.8718
  --> New best model saved!
Epoch 014 | Loss: 0.0009 | Val MiFmax: 0.4766 | Val MaFmax: 0.4440 | Val Smin: 48.9961
  --> New best model saved!
Epoch 015 | Loss: 0.0008 | Val MiFmax: 0.5071 | Val MaFmax: 0.4863 | Val Smin: 46.1666
  --> New best model saved!
Epoch 016 | Loss: 0.0007 | Val MiFmax: 0.5396 | Val MaFmax: 0.5289 | Val Smin: 43.7211
  --> New best model saved!
Epoch 017 | Loss: 0.0006 | Val MiFmax: 0.5647 | Val MaFmax: 0.5417 | Val Smin: 41.5747
  --> New best model saved!
Epoch 018 | Loss: 0.0006 | Val MiFmax: 0.5710 | Val MaFmax: 0.5312 | Val Smin: 40.9077
Epoch 019 | Loss: 0.0005 | Val MiFmax: 0.5735 | Val MaFmax: 0.5729 | Val Smin: 40.7319
  --> New best model saved!
Epoch 020 | Loss: 0.0005 | Val MiFmax: 0.5780 | Val MaFmax: 0.5857 | Val Smin: 40.3361
  --> New best model saved!
Epoch 021 | Loss: 0.0005 | Val MiFmax: 0.6010 | Val MaFmax: 0.5864 | Val Smin: 38.4126
  --> New best model saved!
Epoch 022 | Loss: 0.0004 | Val MiFmax: 0.6178 | Val MaFmax: 0.6122 | Val Smin: 37.2587
  --> New best model saved!
Epoch 023 | Loss: 0.0004 | Val MiFmax: 0.6323 | Val MaFmax: 0.6218 | Val Smin: 36.0212
  --> New best model saved!
Epoch 024 | Loss: 0.0003 | Val MiFmax: 0.6318 | Val MaFmax: 0.6250 | Val Smin: 35.9809
  --> New best model saved!
Epoch 025 | Loss: 0.0003 | Val MiFmax: 0.6381 | Val MaFmax: 0.6358 | Val Smin: 35.5151
  --> New best model saved!
Epoch 026 | Loss: 0.0003 | Val MiFmax: 0.6410 | Val MaFmax: 0.6450 | Val Smin: 35.1221
  --> New best model saved!
Epoch 027 | Loss: 0.0003 | Val MiFmax: 0.6420 | Val MaFmax: 0.6492 | Val Smin: 35.2174
  --> New best model saved!
Epoch 028 | Loss: 0.0003 | Val MiFmax: 0.6582 | Val MaFmax: 0.6658 | Val Smin: 33.6593
  --> New best model saved!
Epoch 029 | Loss: 0.0002 | Val MiFmax: 0.6597 | Val MaFmax: 0.6615 | Val Smin: 33.5250
Epoch 030 | Loss: 0.0002 | Val MiFmax: 0.6652 | Val MaFmax: 0.6805 | Val Smin: 32.8697
  --> New best model saved!
Epoch 031 | Loss: 0.0002 | Val MiFmax: 0.6715 | Val MaFmax: 0.6824 | Val Smin: 32.3473
  --> New best model saved!
Epoch 032 | Loss: 0.0002 | Val MiFmax: 0.6685 | Val MaFmax: 0.6808 | Val Smin: 32.7536
Epoch 033 | Loss: 0.0002 | Val MiFmax: 0.6854 | Val MaFmax: 0.6907 | Val Smin: 31.3274
  --> New best model saved!
Epoch 034 | Loss: 0.0002 | Val MiFmax: 0.6778 | Val MaFmax: 0.6933 | Val Smin: 32.0015
  --> New best model saved!
Epoch 035 | Loss: 0.0002 | Val MiFmax: 0.6787 | Val MaFmax: 0.6851 | Val Smin: 31.8599
Epoch 036 | Loss: 0.0002 | Val MiFmax: 0.6763 | Val MaFmax: 0.6959 | Val Smin: 31.7830
  --> New best model saved!
Epoch 037 | Loss: 0.0001 | Val MiFmax: 0.7014 | Val MaFmax: 0.7100 | Val Smin: 29.8610
  --> New best model saved!
Epoch 038 | Loss: 0.0001 | Val MiFmax: 0.6919 | Val MaFmax: 0.6925 | Val Smin: 30.6687
Epoch 039 | Loss: 0.0001 | Val MiFmax: 0.7021 | Val MaFmax: 0.7049 | Val Smin: 30.1582
Epoch 040 | Loss: 0.0001 | Val MiFmax: 0.6986 | Val MaFmax: 0.7037 | Val Smin: 30.0933
Epoch 041 | Loss: 0.0001 | Val MiFmax: 0.6992 | Val MaFmax: 0.6996 | Val Smin: 30.0383
Epoch 042 | Loss: 0.0001 | Val MiFmax: 0.7042 | Val MaFmax: 0.7117 | Val Smin: 29.8843
  --> New best model saved!
Epoch 043 | Loss: 0.0001 | Val MiFmax: 0.6938 | Val MaFmax: 0.7015 | Val Smin: 30.6948
Epoch 044 | Loss: 0.0001 | Val MiFmax: 0.7027 | Val MaFmax: 0.6985 | Val Smin: 29.8140
Epoch 045 | Loss: 0.0001 | Val MiFmax: 0.7050 | Val MaFmax: 0.7111 | Val Smin: 29.5733
Epoch 046 | Loss: 0.0001 | Val MiFmax: 0.7123 | Val MaFmax: 0.7160 | Val Smin: 29.0143
  --> New best model saved!
Epoch 047 | Loss: 0.0001 | Val MiFmax: 0.7077 | Val MaFmax: 0.7060 | Val Smin: 29.3237
Epoch 048 | Loss: 0.0001 | Val MiFmax: 0.7115 | Val MaFmax: 0.7154 | Val Smin: 29.1799
Epoch 049 | Loss: 0.0001 | Val MiFmax: 0.7114 | Val MaFmax: 0.7041 | Val Smin: 29.0690
Epoch 050 | Loss: 0.0001 | Val MiFmax: 0.7106 | Val MaFmax: 0.7164 | Val Smin: 28.9289
  --> New best model saved!
Epoch 051 | Loss: 0.0001 | Val MiFmax: 0.7093 | Val MaFmax: 0.7046 | Val Smin: 29.0236
Epoch 052 | Loss: 0.0001 | Val MiFmax: 0.7155 | Val MaFmax: 0.7168 | Val Smin: 28.2368
  --> New best model saved!
Epoch 053 | Loss: 0.0001 | Val MiFmax: 0.7105 | Val MaFmax: 0.7138 | Val Smin: 28.9893
Epoch 054 | Loss: 0.0001 | Val MiFmax: 0.7196 | Val MaFmax: 0.7148 | Val Smin: 28.0415
Epoch 055 | Loss: 0.0001 | Val MiFmax: 0.7235 | Val MaFmax: 0.7195 | Val Smin: 27.8447
  --> New best model saved!
Epoch 056 | Loss: 0.0001 | Val MiFmax: 0.7267 | Val MaFmax: 0.7218 | Val Smin: 27.4442
  --> New best model saved!
Epoch 057 | Loss: 0.0001 | Val MiFmax: 0.7258 | Val MaFmax: 0.7130 | Val Smin: 27.8286
Epoch 058 | Loss: 0.0001 | Val MiFmax: 0.7187 | Val MaFmax: 0.7175 | Val Smin: 28.1642
Epoch 059 | Loss: 0.0001 | Val MiFmax: 0.7117 | Val MaFmax: 0.7191 | Val Smin: 28.9229
Epoch 060 | Loss: 0.0001 | Val MiFmax: 0.7147 | Val MaFmax: 0.7162 | Val Smin: 28.8179
Epoch 061 | Loss: 0.0001 | Val MiFmax: 0.7264 | Val MaFmax: 0.7220 | Val Smin: 27.6873
  --> New best model saved!
Epoch 062 | Loss: 0.0000 | Val MiFmax: 0.7301 | Val MaFmax: 0.7256 | Val Smin: 27.4478
  --> New best model saved!
Epoch 063 | Loss: 0.0000 | Val MiFmax: 0.7218 | Val MaFmax: 0.7198 | Val Smin: 28.1173
Epoch 064 | Loss: 0.0000 | Val MiFmax: 0.7239 | Val MaFmax: 0.7188 | Val Smin: 27.7760
Epoch 065 | Loss: 0.0000 | Val MiFmax: 0.7302 | Val MaFmax: 0.7215 | Val Smin: 27.0581
Epoch 066 | Loss: 0.0000 | Val MiFmax: 0.7222 | Val MaFmax: 0.7173 | Val Smin: 27.8532
Epoch 067 | Loss: 0.0000 | Val MiFmax: 0.7268 | Val MaFmax: 0.7242 | Val Smin: 27.7212
Epoch 068 | Loss: 0.0000 | Val MiFmax: 0.7310 | Val MaFmax: 0.7237 | Val Smin: 27.0736
Epoch 069 | Loss: 0.0000 | Val MiFmax: 0.7320 | Val MaFmax: 0.7225 | Val Smin: 26.9465
Epoch 070 | Loss: 0.0000 | Val MiFmax: 0.7320 | Val MaFmax: 0.7268 | Val Smin: 26.6642
  --> New best model saved!
Epoch 071 | Loss: 0.0000 | Val MiFmax: 0.7384 | Val MaFmax: 0.7270 | Val Smin: 26.4046
  --> New best model saved!
Epoch 072 | Loss: 0.0000 | Val MiFmax: 0.7340 | Val MaFmax: 0.7260 | Val Smin: 26.9115
Epoch 073 | Loss: 0.0000 | Val MiFmax: 0.7375 | Val MaFmax: 0.7265 | Val Smin: 26.4978
Epoch 074 | Loss: 0.0000 | Val MiFmax: 0.7381 | Val MaFmax: 0.7280 | Val Smin: 26.3431
  --> New best model saved!
Epoch 075 | Loss: 0.0000 | Val MiFmax: 0.7370 | Val MaFmax: 0.7287 | Val Smin: 26.5707
  --> New best model saved!
Epoch 076 | Loss: 0.0000 | Val MiFmax: 0.7368 | Val MaFmax: 0.7272 | Val Smin: 26.5160
Epoch 077 | Loss: 0.0000 | Val MiFmax: 0.7352 | Val MaFmax: 0.7263 | Val Smin: 26.5155
Epoch 078 | Loss: 0.0000 | Val MiFmax: 0.7395 | Val MaFmax: 0.7258 | Val Smin: 26.1647
Epoch 079 | Loss: 0.0000 | Val MiFmax: 0.7390 | Val MaFmax: 0.7275 | Val Smin: 26.2368
Epoch 080 | Loss: 0.0000 | Val MiFmax: 0.7395 | Val MaFmax: 0.7289 | Val Smin: 26.3833
  --> New best model saved!
Epoch 081 | Loss: 0.0000 | Val MiFmax: 0.7394 | Val MaFmax: 0.7286 | Val Smin: 26.3178
Epoch 082 | Loss: 0.0000 | Val MiFmax: 0.7350 | Val MaFmax: 0.7290 | Val Smin: 26.7601
  --> New best model saved!
Epoch 083 | Loss: 0.0000 | Val MiFmax: 0.7400 | Val MaFmax: 0.7300 | Val Smin: 26.1664
  --> New best model saved!
Epoch 084 | Loss: 0.0000 | Val MiFmax: 0.7309 | Val MaFmax: 0.7279 | Val Smin: 26.8955
Epoch 085 | Loss: 0.0000 | Val MiFmax: 0.7438 | Val MaFmax: 0.7297 | Val Smin: 25.8222
Epoch 086 | Loss: 0.0000 | Val MiFmax: 0.7399 | Val MaFmax: 0.7302 | Val Smin: 26.2125
  --> New best model saved!
Epoch 087 | Loss: 0.0000 | Val MiFmax: 0.7384 | Val MaFmax: 0.7276 | Val Smin: 26.3290
Epoch 088 | Loss: 0.0000 | Val MiFmax: 0.7400 | Val MaFmax: 0.7289 | Val Smin: 26.2216
Epoch 089 | Loss: 0.0000 | Val MiFmax: 0.7355 | Val MaFmax: 0.7293 | Val Smin: 26.7406
Epoch 090 | Loss: 0.0000 | Val MiFmax: 0.7361 | Val MaFmax: 0.7282 | Val Smin: 26.4388
Epoch 091 | Loss: 0.0000 | Val MiFmax: 0.7381 | Val MaFmax: 0.7301 | Val Smin: 26.1424
Epoch 092 | Loss: 0.0000 | Val MiFmax: 0.7414 | Val MaFmax: 0.7304 | Val Smin: 26.1079
  --> New best model saved!
Epoch 093 | Loss: 0.0000 | Val MiFmax: 0.7401 | Val MaFmax: 0.7308 | Val Smin: 26.1246
  --> New best model saved!
Epoch 094 | Loss: 0.0000 | Val MiFmax: 0.7414 | Val MaFmax: 0.7303 | Val Smin: 26.0157
Epoch 095 | Loss: 0.0000 | Val MiFmax: 0.7364 | Val MaFmax: 0.7283 | Val Smin: 26.5050
Epoch 096 | Loss: 0.0000 | Val MiFmax: 0.7408 | Val MaFmax: 0.7334 | Val Smin: 25.9882
  --> New best model saved!
Epoch 097 | Loss: 0.0000 | Val MiFmax: 0.7415 | Val MaFmax: 0.7312 | Val Smin: 25.9769
Epoch 098 | Loss: 0.0000 | Val MiFmax: 0.7428 | Val MaFmax: 0.7323 | Val Smin: 26.0909
Epoch 099 | Loss: 0.0000 | Val MiFmax: 0.7394 | Val MaFmax: 0.7321 | Val Smin: 26.2801
Epoch 100 | Loss: 0.0000 | Val MiFmax: 0.7411 | Val MaFmax: 0.7309 | Val Smin: 26.0055
Epoch 101 | Loss: 0.0000 | Val MiFmax: 0.7445 | Val MaFmax: 0.7332 | Val Smin: 25.8924
Epoch 102 | Loss: 0.0000 | Val MiFmax: 0.7428 | Val MaFmax: 0.7323 | Val Smin: 25.8500
Epoch 103 | Loss: 0.0000 | Val MiFmax: 0.7419 | Val MaFmax: 0.7331 | Val Smin: 25.9204
Epoch 104 | Loss: 0.0000 | Val MiFmax: 0.7440 | Val MaFmax: 0.7341 | Val Smin: 25.6421
  --> New best model saved!
Epoch 105 | Loss: 0.0000 | Val MiFmax: 0.7465 | Val MaFmax: 0.7345 | Val Smin: 25.6038
  --> New best model saved!
Epoch 106 | Loss: 0.0000 | Val MiFmax: 0.7462 | Val MaFmax: 0.7348 | Val Smin: 25.6811
  --> New best model saved!
Epoch 107 | Loss: 0.0000 | Val MiFmax: 0.7456 | Val MaFmax: 0.7340 | Val Smin: 25.6443
Epoch 108 | Loss: 0.0000 | Val MiFmax: 0.7454 | Val MaFmax: 0.7333 | Val Smin: 25.6715
Epoch 109 | Loss: 0.0000 | Val MiFmax: 0.7469 | Val MaFmax: 0.7342 | Val Smin: 25.5124
Epoch 110 | Loss: 0.0000 | Val MiFmax: 0.7470 | Val MaFmax: 0.7349 | Val Smin: 25.5098
  --> New best model saved!
Epoch 111 | Loss: 0.0000 | Val MiFmax: 0.7444 | Val MaFmax: 0.7336 | Val Smin: 25.7455
Epoch 112 | Loss: 0.0000 | Val MiFmax: 0.7452 | Val MaFmax: 0.7324 | Val Smin: 25.7020
Epoch 113 | Loss: 0.0000 | Val MiFmax: 0.7453 | Val MaFmax: 0.7329 | Val Smin: 25.6948
Epoch 114 | Loss: 0.0000 | Val MiFmax: 0.7468 | Val MaFmax: 0.7338 | Val Smin: 25.5993
Epoch 115 | Loss: 0.0000 | Val MiFmax: 0.7468 | Val MaFmax: 0.7332 | Val Smin: 25.5459
Epoch 116 | Loss: 0.0000 | Val MiFmax: 0.7462 | Val MaFmax: 0.7333 | Val Smin: 25.5125
Epoch 117 | Loss: 0.0000 | Val MiFmax: 0.7471 | Val MaFmax: 0.7328 | Val Smin: 25.5478
Epoch 118 | Loss: 0.0000 | Val MiFmax: 0.7465 | Val MaFmax: 0.7334 | Val Smin: 25.5517
Epoch 119 | Loss: 0.0000 | Val MiFmax: 0.7465 | Val MaFmax: 0.7326 | Val Smin: 25.6287
Epoch 120 | Loss: 0.0000 | Val MiFmax: 0.7482 | Val MaFmax: 0.7336 | Val Smin: 25.4685
Epoch 121 | Loss: 0.0000 | Val MiFmax: 0.7467 | Val MaFmax: 0.7328 | Val Smin: 25.5799
Epoch 122 | Loss: 0.0000 | Val MiFmax: 0.7465 | Val MaFmax: 0.7336 | Val Smin: 25.5929
Epoch 123 | Loss: 0.0000 | Val MiFmax: 0.7467 | Val MaFmax: 0.7325 | Val Smin: 25.5402
Epoch 124 | Loss: 0.0000 | Val MiFmax: 0.7470 | Val MaFmax: 0.7340 | Val Smin: 25.5215
Epoch 125 | Loss: 0.0000 | Val MiFmax: 0.7462 | Val MaFmax: 0.7341 | Val Smin: 25.5749
Early stopping triggered after 125 epochs.
Training finished. Evaluating on Test Set...

--- TEST METRICS ---
Micro_Fmax: 0.6728
Macro_Fmax: 0.6668
Macro_AUROC: 0.8634
Micro_AUROC: 0.8524
Macro_AUPRC: 0.6203
Micro_AUPRC: 0.6336
Smin: 35.6172
------------------------------------------------------
  Tuning Run 5 / 18
  Ontology: biological_process | LR: 1e-4 | Dropout: 0.4 | Batch: 16
------------------------------------------------------
Using device: cuda
Loading datasets from preprocessing/data/split_files/datasets.pkl for biological_process...
Alpha weights not found. Using default FocalLoss (alpha=0.25, gamma=4.0).
Epoch 001 | Loss: 0.0176 | Val MiFmax: 0.0477 | Val MaFmax: 0.0764 | Val Smin: 69.0909
  --> New best model saved!
Epoch 002 | Loss: 0.0132 | Val MiFmax: 0.0507 | Val MaFmax: 0.0768 | Val Smin: 68.9523
  --> New best model saved!
Epoch 003 | Loss: 0.0080 | Val MiFmax: 0.0989 | Val MaFmax: 0.0808 | Val Smin: 68.9509
  --> New best model saved!
Epoch 004 | Loss: 0.0042 | Val MiFmax: 0.1640 | Val MaFmax: 0.0862 | Val Smin: 67.4863
  --> New best model saved!
Epoch 005 | Loss: 0.0026 | Val MiFmax: 0.1752 | Val MaFmax: 0.1087 | Val Smin: 67.0204
  --> New best model saved!
Epoch 006 | Loss: 0.0020 | Val MiFmax: 0.1903 | Val MaFmax: 0.1152 | Val Smin: 66.8037
  --> New best model saved!
Epoch 007 | Loss: 0.0017 | Val MiFmax: 0.2433 | Val MaFmax: 0.1530 | Val Smin: 64.1342
  --> New best model saved!
Epoch 008 | Loss: 0.0015 | Val MiFmax: 0.2959 | Val MaFmax: 0.2066 | Val Smin: 60.8428
  --> New best model saved!
Epoch 009 | Loss: 0.0013 | Val MiFmax: 0.3236 | Val MaFmax: 0.2722 | Val Smin: 59.3852
  --> New best model saved!
Epoch 010 | Loss: 0.0012 | Val MiFmax: 0.3772 | Val MaFmax: 0.3238 | Val Smin: 57.0325
  --> New best model saved!
Epoch 011 | Loss: 0.0010 | Val MiFmax: 0.4207 | Val MaFmax: 0.4274 | Val Smin: 53.7890
  --> New best model saved!
Epoch 012 | Loss: 0.0009 | Val MiFmax: 0.4516 | Val MaFmax: 0.4459 | Val Smin: 51.3779
  --> New best model saved!
Epoch 013 | Loss: 0.0008 | Val MiFmax: 0.4797 | Val MaFmax: 0.4243 | Val Smin: 48.4489
Epoch 014 | Loss: 0.0008 | Val MiFmax: 0.4837 | Val MaFmax: 0.4530 | Val Smin: 47.5509
  --> New best model saved!
Epoch 015 | Loss: 0.0007 | Val MiFmax: 0.5565 | Val MaFmax: 0.5529 | Val Smin: 41.7429
  --> New best model saved!
Epoch 016 | Loss: 0.0006 | Val MiFmax: 0.5661 | Val MaFmax: 0.5543 | Val Smin: 41.1934
  --> New best model saved!
Epoch 017 | Loss: 0.0005 | Val MiFmax: 0.5804 | Val MaFmax: 0.5729 | Val Smin: 40.0357
  --> New best model saved!
Epoch 018 | Loss: 0.0005 | Val MiFmax: 0.5876 | Val MaFmax: 0.5733 | Val Smin: 39.6387
  --> New best model saved!
Epoch 019 | Loss: 0.0004 | Val MiFmax: 0.6124 | Val MaFmax: 0.6051 | Val Smin: 37.4765
  --> New best model saved!
Epoch 020 | Loss: 0.0004 | Val MiFmax: 0.6148 | Val MaFmax: 0.6209 | Val Smin: 36.7642
  --> New best model saved!
Epoch 021 | Loss: 0.0004 | Val MiFmax: 0.6376 | Val MaFmax: 0.6398 | Val Smin: 35.0241
  --> New best model saved!
Epoch 022 | Loss: 0.0003 | Val MiFmax: 0.6406 | Val MaFmax: 0.6525 | Val Smin: 34.9509
  --> New best model saved!
Epoch 023 | Loss: 0.0003 | Val MiFmax: 0.6500 | Val MaFmax: 0.6663 | Val Smin: 33.9625
  --> New best model saved!
Epoch 024 | Loss: 0.0003 | Val MiFmax: 0.6652 | Val MaFmax: 0.6751 | Val Smin: 32.7523
  --> New best model saved!
Epoch 025 | Loss: 0.0003 | Val MiFmax: 0.6636 | Val MaFmax: 0.6862 | Val Smin: 32.8564
  --> New best model saved!
Epoch 026 | Loss: 0.0002 | Val MiFmax: 0.6721 | Val MaFmax: 0.6816 | Val Smin: 32.0782
Epoch 027 | Loss: 0.0002 | Val MiFmax: 0.6704 | Val MaFmax: 0.6860 | Val Smin: 32.1761
Epoch 028 | Loss: 0.0002 | Val MiFmax: 0.6749 | Val MaFmax: 0.6855 | Val Smin: 31.7258
Epoch 029 | Loss: 0.0002 | Val MiFmax: 0.6882 | Val MaFmax: 0.6964 | Val Smin: 30.6860
  --> New best model saved!
Epoch 030 | Loss: 0.0002 | Val MiFmax: 0.6868 | Val MaFmax: 0.7002 | Val Smin: 30.6868
  --> New best model saved!
Epoch 031 | Loss: 0.0002 | Val MiFmax: 0.6884 | Val MaFmax: 0.7052 | Val Smin: 30.5014
  --> New best model saved!
Epoch 032 | Loss: 0.0002 | Val MiFmax: 0.6964 | Val MaFmax: 0.7042 | Val Smin: 29.7588
Epoch 033 | Loss: 0.0002 | Val MiFmax: 0.7068 | Val MaFmax: 0.7136 | Val Smin: 29.3052
  --> New best model saved!
Epoch 034 | Loss: 0.0001 | Val MiFmax: 0.7064 | Val MaFmax: 0.7190 | Val Smin: 29.0031
  --> New best model saved!
Epoch 035 | Loss: 0.0001 | Val MiFmax: 0.7107 | Val MaFmax: 0.7112 | Val Smin: 28.7653
Epoch 036 | Loss: 0.0001 | Val MiFmax: 0.7012 | Val MaFmax: 0.7126 | Val Smin: 29.5319
Epoch 037 | Loss: 0.0001 | Val MiFmax: 0.7136 | Val MaFmax: 0.7200 | Val Smin: 28.3890
  --> New best model saved!
Epoch 038 | Loss: 0.0001 | Val MiFmax: 0.7100 | Val MaFmax: 0.7132 | Val Smin: 28.9292
Epoch 039 | Loss: 0.0001 | Val MiFmax: 0.7254 | Val MaFmax: 0.7114 | Val Smin: 27.8771
Epoch 040 | Loss: 0.0001 | Val MiFmax: 0.7200 | Val MaFmax: 0.7203 | Val Smin: 27.9039
  --> New best model saved!
Epoch 041 | Loss: 0.0001 | Val MiFmax: 0.7196 | Val MaFmax: 0.7210 | Val Smin: 28.0366
  --> New best model saved!
Epoch 042 | Loss: 0.0001 | Val MiFmax: 0.7212 | Val MaFmax: 0.7117 | Val Smin: 27.9609
Epoch 043 | Loss: 0.0001 | Val MiFmax: 0.7202 | Val MaFmax: 0.7180 | Val Smin: 28.0905
Epoch 044 | Loss: 0.0001 | Val MiFmax: 0.7152 | Val MaFmax: 0.7244 | Val Smin: 28.4798
  --> New best model saved!
Epoch 045 | Loss: 0.0001 | Val MiFmax: 0.7175 | Val MaFmax: 0.7241 | Val Smin: 28.3910
Epoch 046 | Loss: 0.0001 | Val MiFmax: 0.7110 | Val MaFmax: 0.7257 | Val Smin: 28.7981
  --> New best model saved!
Epoch 047 | Loss: 0.0001 | Val MiFmax: 0.7125 | Val MaFmax: 0.7238 | Val Smin: 28.3595
Epoch 048 | Loss: 0.0001 | Val MiFmax: 0.7162 | Val MaFmax: 0.7228 | Val Smin: 28.2089
Epoch 049 | Loss: 0.0001 | Val MiFmax: 0.7193 | Val MaFmax: 0.7262 | Val Smin: 28.0454
  --> New best model saved!
Epoch 050 | Loss: 0.0001 | Val MiFmax: 0.7227 | Val MaFmax: 0.7257 | Val Smin: 27.9474
Epoch 051 | Loss: 0.0001 | Val MiFmax: 0.7174 | Val MaFmax: 0.7249 | Val Smin: 28.0885
Epoch 052 | Loss: 0.0001 | Val MiFmax: 0.7315 | Val MaFmax: 0.7252 | Val Smin: 27.0974
Epoch 053 | Loss: 0.0001 | Val MiFmax: 0.7263 | Val MaFmax: 0.7289 | Val Smin: 27.5417
  --> New best model saved!
Epoch 054 | Loss: 0.0001 | Val MiFmax: 0.7228 | Val MaFmax: 0.7271 | Val Smin: 27.7240
Epoch 055 | Loss: 0.0001 | Val MiFmax: 0.7214 | Val MaFmax: 0.7285 | Val Smin: 27.6972
Epoch 056 | Loss: 0.0001 | Val MiFmax: 0.7267 | Val MaFmax: 0.7358 | Val Smin: 27.3402
  --> New best model saved!
Epoch 057 | Loss: 0.0001 | Val MiFmax: 0.7311 | Val MaFmax: 0.7315 | Val Smin: 27.2382
Epoch 058 | Loss: 0.0001 | Val MiFmax: 0.7280 | Val MaFmax: 0.7322 | Val Smin: 27.3331
Epoch 059 | Loss: 0.0000 | Val MiFmax: 0.7259 | Val MaFmax: 0.7318 | Val Smin: 27.3934
Epoch 060 | Loss: 0.0001 | Val MiFmax: 0.7282 | Val MaFmax: 0.7285 | Val Smin: 27.3749
Epoch 061 | Loss: 0.0001 | Val MiFmax: 0.7226 | Val MaFmax: 0.7246 | Val Smin: 27.7317
Epoch 062 | Loss: 0.0000 | Val MiFmax: 0.7302 | Val MaFmax: 0.7326 | Val Smin: 27.0948
Epoch 063 | Loss: 0.0000 | Val MiFmax: 0.7259 | Val MaFmax: 0.7323 | Val Smin: 27.3006
Epoch 064 | Loss: 0.0000 | Val MiFmax: 0.7296 | Val MaFmax: 0.7331 | Val Smin: 27.1733
Epoch 065 | Loss: 0.0000 | Val MiFmax: 0.7282 | Val MaFmax: 0.7331 | Val Smin: 27.1672
Epoch 066 | Loss: 0.0000 | Val MiFmax: 0.7278 | Val MaFmax: 0.7351 | Val Smin: 27.3131
Epoch 067 | Loss: 0.0000 | Val MiFmax: 0.7281 | Val MaFmax: 0.7374 | Val Smin: 27.1183
  --> New best model saved!
Epoch 068 | Loss: 0.0000 | Val MiFmax: 0.7272 | Val MaFmax: 0.7357 | Val Smin: 27.1847
Epoch 069 | Loss: 0.0000 | Val MiFmax: 0.7323 | Val MaFmax: 0.7365 | Val Smin: 26.7574
Epoch 070 | Loss: 0.0000 | Val MiFmax: 0.7339 | Val MaFmax: 0.7373 | Val Smin: 26.7967
Epoch 071 | Loss: 0.0000 | Val MiFmax: 0.7340 | Val MaFmax: 0.7361 | Val Smin: 26.6429
Epoch 072 | Loss: 0.0000 | Val MiFmax: 0.7385 | Val MaFmax: 0.7326 | Val Smin: 26.5252
Epoch 073 | Loss: 0.0000 | Val MiFmax: 0.7367 | Val MaFmax: 0.7349 | Val Smin: 26.7174
Epoch 074 | Loss: 0.0000 | Val MiFmax: 0.7341 | Val MaFmax: 0.7359 | Val Smin: 26.8356
Epoch 075 | Loss: 0.0000 | Val MiFmax: 0.7354 | Val MaFmax: 0.7366 | Val Smin: 26.8757
Epoch 076 | Loss: 0.0000 | Val MiFmax: 0.7354 | Val MaFmax: 0.7373 | Val Smin: 26.5405
Epoch 077 | Loss: 0.0000 | Val MiFmax: 0.7357 | Val MaFmax: 0.7375 | Val Smin: 26.6255
  --> New best model saved!
Epoch 078 | Loss: 0.0000 | Val MiFmax: 0.7357 | Val MaFmax: 0.7346 | Val Smin: 26.6738
Epoch 079 | Loss: 0.0000 | Val MiFmax: 0.7363 | Val MaFmax: 0.7364 | Val Smin: 26.5564
Epoch 080 | Loss: 0.0000 | Val MiFmax: 0.7360 | Val MaFmax: 0.7354 | Val Smin: 26.6602
Epoch 081 | Loss: 0.0000 | Val MiFmax: 0.7352 | Val MaFmax: 0.7350 | Val Smin: 26.5633
Epoch 082 | Loss: 0.0000 | Val MiFmax: 0.7391 | Val MaFmax: 0.7354 | Val Smin: 26.7042
Epoch 083 | Loss: 0.0000 | Val MiFmax: 0.7378 | Val MaFmax: 0.7365 | Val Smin: 26.4933
Epoch 084 | Loss: 0.0000 | Val MiFmax: 0.7390 | Val MaFmax: 0.7367 | Val Smin: 26.6048
Epoch 085 | Loss: 0.0000 | Val MiFmax: 0.7382 | Val MaFmax: 0.7369 | Val Smin: 26.7092
Epoch 086 | Loss: 0.0000 | Val MiFmax: 0.7359 | Val MaFmax: 0.7367 | Val Smin: 26.6397
Epoch 087 | Loss: 0.0000 | Val MiFmax: 0.7361 | Val MaFmax: 0.7372 | Val Smin: 26.5036
Epoch 088 | Loss: 0.0000 | Val MiFmax: 0.7377 | Val MaFmax: 0.7351 | Val Smin: 26.7277
Epoch 089 | Loss: 0.0000 | Val MiFmax: 0.7381 | Val MaFmax: 0.7345 | Val Smin: 26.6695
Epoch 090 | Loss: 0.0000 | Val MiFmax: 0.7389 | Val MaFmax: 0.7353 | Val Smin: 26.4088
Epoch 091 | Loss: 0.0000 | Val MiFmax: 0.7393 | Val MaFmax: 0.7360 | Val Smin: 26.4269
Epoch 092 | Loss: 0.0000 | Val MiFmax: 0.7385 | Val MaFmax: 0.7361 | Val Smin: 26.3983
Early stopping triggered after 92 epochs.
Training finished. Evaluating on Test Set...

--- TEST METRICS ---
Micro_Fmax: 0.6728
Macro_Fmax: 0.6714
Macro_AUROC: 0.8696
Micro_AUROC: 0.8754
Macro_AUPRC: 0.6265
Micro_AUPRC: 0.6353
Smin: 35.2859
------------------------------------------------------
  Tuning Run 6 / 18
  Ontology: biological_process | LR: 1e-4 | Dropout: 0.4 | Batch: 32
------------------------------------------------------
