========================================================
Job ID        : 44324796
Node          : mlg2
CPUs          : 8
Start time    : Sat Jun 27 19:45:21 MDT 2026
Project dir   : /home/ganeshiny.sridharan/dgg/deep-green-GO
Log .out      : /home/ganeshiny.sridharan/dgg/deep-green-GO/logs/deepgreengo_44324796.out
Log .err      : /home/ganeshiny.sridharan/dgg/deep-green-GO/logs/deepgreengo_44324796.err
========================================================
Python : /home/ganeshiny.sridharan/miniconda3/envs/deepgreengo/bin/python
PyTorch: 2.4.1
CUDA   : NVIDIA L40S
Scratch dir   : /scratch/44324796
CMAP_THREADS  : 8
========================================================
Array Job Detected: Running ONLY for biological_process
Running tuning only for: biological_process
=========================================
  DeepGreenGO Hyperparameter Tuning
=========================================
Dataset: preprocessing/data/split_files/datasets.pkl
Output Directory: tuning_runs

------------------------------------------------------
  Tuning Run 1 / 18
  Ontology: biological_process | LR: 1e-4 | Dropout: 0.2 | Batch: 16
------------------------------------------------------
Using device: cuda

[RESUME] Found successfully completed run in tuning_runs/bp_Hybrid_Focal_s42.
[RESUME] Skipping training to save compute!

------------------------------------------------------
  Tuning Run 2 / 18
  Ontology: biological_process | LR: 1e-4 | Dropout: 0.2 | Batch: 32
------------------------------------------------------
Using device: cuda

[RESUME] Found successfully completed run in tuning_runs/bp_Hybrid_Focal_s42_1782543643.
[RESUME] Skipping training to save compute!

------------------------------------------------------
  Tuning Run 3 / 18
  Ontology: biological_process | LR: 1e-4 | Dropout: 0.3 | Batch: 16
------------------------------------------------------
Using device: cuda

[RESUME] Found successfully completed run in tuning_runs/bp_Hybrid_Focal_s42_1782550761.
[RESUME] Skipping training to save compute!

------------------------------------------------------
  Tuning Run 4 / 18
  Ontology: biological_process | LR: 1e-4 | Dropout: 0.3 | Batch: 32
------------------------------------------------------
Using device: cuda

[RESUME] Found successfully completed run in tuning_runs/bp_Hybrid_Focal_s42_1782556077.
[RESUME] Skipping training to save compute!

------------------------------------------------------
  Tuning Run 5 / 18
  Ontology: biological_process | LR: 1e-4 | Dropout: 0.4 | Batch: 16
------------------------------------------------------
Using device: cuda

[RESUME] Found successfully completed run in tuning_runs/bp_Hybrid_Focal_s42_1782561788.
[RESUME] Skipping training to save compute!

------------------------------------------------------
  Tuning Run 6 / 18
  Ontology: biological_process | LR: 1e-4 | Dropout: 0.4 | Batch: 32
------------------------------------------------------
Using device: cuda

[RESUME] Found successfully completed run in tuning_runs/bp_Hybrid_Focal_s42_1782567234.
[RESUME] Skipping training to save compute!

------------------------------------------------------
  Tuning Run 7 / 18
  Ontology: biological_process | LR: 5e-4 | Dropout: 0.2 | Batch: 16
------------------------------------------------------
Using device: cuda

[RESUME] Found successfully completed run in tuning_runs/bp_Hybrid_Focal_s42_1782575007.
[RESUME] Skipping training to save compute!

------------------------------------------------------
  Tuning Run 8 / 18
  Ontology: biological_process | LR: 5e-4 | Dropout: 0.2 | Batch: 32
------------------------------------------------------
Using device: cuda

[RESUME] Found successfully completed run in tuning_runs/bp_Hybrid_Focal_s42_1782580718.
[RESUME] Skipping training to save compute!

------------------------------------------------------
  Tuning Run 9 / 18
  Ontology: biological_process | LR: 5e-4 | Dropout: 0.3 | Batch: 16
------------------------------------------------------
Using device: cuda

[RESUME] Found successfully completed run in tuning_runs/bp_Hybrid_Focal_s42_1782589439.
[RESUME] Skipping training to save compute!

------------------------------------------------------
  Tuning Run 10 / 18
  Ontology: biological_process | LR: 5e-4 | Dropout: 0.3 | Batch: 32
------------------------------------------------------
Using device: cuda

[RESUME] Found successfully completed run in tuning_runs/bp_Hybrid_Focal_lr0.0005_dp0.3_bs32_s42.
[RESUME] Skipping training to save compute!

------------------------------------------------------
  Tuning Run 11 / 18
  Ontology: biological_process | LR: 5e-4 | Dropout: 0.4 | Batch: 16
------------------------------------------------------
Using device: cuda

[RESUME] Found successfully completed run in tuning_runs/bp_Hybrid_Focal_lr0.0005_dp0.4_bs16_s42.
[RESUME] Skipping training to save compute!

------------------------------------------------------
  Tuning Run 12 / 18
  Ontology: biological_process | LR: 5e-4 | Dropout: 0.4 | Batch: 32
------------------------------------------------------
Using device: cuda

[RESUME] Found successfully completed run in tuning_runs/bp_Hybrid_Focal_lr0.0005_dp0.4_bs32_s42.
[RESUME] Skipping training to save compute!

------------------------------------------------------
  Tuning Run 13 / 18
  Ontology: biological_process | LR: 1e-3 | Dropout: 0.2 | Batch: 16
------------------------------------------------------
Using device: cuda
Loading datasets from preprocessing/data/split_files/datasets.pkl for biological_process...
Alpha weights not found. Using default FocalLoss (alpha=0.25, gamma=4.0).
Epoch 001 | Loss: 0.0055 | Val MiFmax: 0.1978 | Val MaFmax: 0.1761 | Val Smin: 66.1219
  --> New best model saved!
Epoch 002 | Loss: 0.0013 | Val MiFmax: 0.3382 | Val MaFmax: 0.3622 | Val Smin: 58.7764
  --> New best model saved!
Epoch 003 | Loss: 0.0010 | Val MiFmax: 0.4204 | Val MaFmax: 0.4516 | Val Smin: 52.9962
  --> New best model saved!
Epoch 004 | Loss: 0.0007 | Val MiFmax: 0.4773 | Val MaFmax: 0.4829 | Val Smin: 48.1475
  --> New best model saved!
Epoch 005 | Loss: 0.0006 | Val MiFmax: 0.5156 | Val MaFmax: 0.5234 | Val Smin: 44.9913
  --> New best model saved!
Epoch 006 | Loss: 0.0005 | Val MiFmax: 0.5609 | Val MaFmax: 0.5908 | Val Smin: 41.1542
  --> New best model saved!
Epoch 007 | Loss: 0.0004 | Val MiFmax: 0.5912 | Val MaFmax: 0.6142 | Val Smin: 38.9710
  --> New best model saved!
Epoch 008 | Loss: 0.0004 | Val MiFmax: 0.6069 | Val MaFmax: 0.6370 | Val Smin: 37.9171
  --> New best model saved!
Epoch 009 | Loss: 0.0003 | Val MiFmax: 0.6283 | Val MaFmax: 0.6252 | Val Smin: 35.6064
Epoch 010 | Loss: 0.0003 | Val MiFmax: 0.6307 | Val MaFmax: 0.6507 | Val Smin: 35.8175
  --> New best model saved!
Epoch 011 | Loss: 0.0003 | Val MiFmax: 0.6237 | Val MaFmax: 0.6472 | Val Smin: 36.1880
Epoch 012 | Loss: 0.0002 | Val MiFmax: 0.6462 | Val MaFmax: 0.6654 | Val Smin: 34.6625
  --> New best model saved!
Epoch 013 | Loss: 0.0002 | Val MiFmax: 0.6614 | Val MaFmax: 0.6758 | Val Smin: 33.2907
  --> New best model saved!
Epoch 014 | Loss: 0.0002 | Val MiFmax: 0.6616 | Val MaFmax: 0.6692 | Val Smin: 32.5754
Epoch 015 | Loss: 0.0003 | Val MiFmax: 0.6718 | Val MaFmax: 0.6835 | Val Smin: 32.2464
  --> New best model saved!
Epoch 016 | Loss: 0.0002 | Val MiFmax: 0.6620 | Val MaFmax: 0.6778 | Val Smin: 33.4769
Epoch 017 | Loss: 0.0001 | Val MiFmax: 0.6955 | Val MaFmax: 0.6918 | Val Smin: 29.9657
  --> New best model saved!
Epoch 018 | Loss: 0.0001 | Val MiFmax: 0.6862 | Val MaFmax: 0.6928 | Val Smin: 31.0331
  --> New best model saved!
Epoch 019 | Loss: 0.0001 | Val MiFmax: 0.6646 | Val MaFmax: 0.6830 | Val Smin: 33.2448
Epoch 020 | Loss: 0.0001 | Val MiFmax: 0.6681 | Val MaFmax: 0.6826 | Val Smin: 32.4258
Epoch 021 | Loss: 0.0001 | Val MiFmax: 0.6804 | Val MaFmax: 0.6952 | Val Smin: 31.5752
  --> New best model saved!
Epoch 022 | Loss: 0.0001 | Val MiFmax: 0.6963 | Val MaFmax: 0.6984 | Val Smin: 29.7502
  --> New best model saved!
Epoch 023 | Loss: 0.0001 | Val MiFmax: 0.6834 | Val MaFmax: 0.6774 | Val Smin: 31.0227
Epoch 024 | Loss: 0.0001 | Val MiFmax: 0.6851 | Val MaFmax: 0.6877 | Val Smin: 30.5919
Epoch 025 | Loss: 0.0001 | Val MiFmax: 0.6856 | Val MaFmax: 0.7055 | Val Smin: 30.3427
  --> New best model saved!
Epoch 026 | Loss: 0.0001 | Val MiFmax: 0.7024 | Val MaFmax: 0.7066 | Val Smin: 29.8798
  --> New best model saved!
Epoch 027 | Loss: 0.0001 | Val MiFmax: 0.7172 | Val MaFmax: 0.7124 | Val Smin: 28.1051
  --> New best model saved!
Epoch 028 | Loss: 0.0001 | Val MiFmax: 0.7006 | Val MaFmax: 0.7101 | Val Smin: 30.0806
Epoch 029 | Loss: 0.0001 | Val MiFmax: 0.6722 | Val MaFmax: 0.6812 | Val Smin: 31.7675
Epoch 030 | Loss: 0.0001 | Val MiFmax: 0.6896 | Val MaFmax: 0.6999 | Val Smin: 30.2866
Epoch 031 | Loss: 0.0001 | Val MiFmax: 0.6978 | Val MaFmax: 0.7024 | Val Smin: 29.5543
Epoch 032 | Loss: 0.0001 | Val MiFmax: 0.7148 | Val MaFmax: 0.7155 | Val Smin: 28.2900
  --> New best model saved!
Epoch 033 | Loss: 0.0001 | Val MiFmax: 0.6986 | Val MaFmax: 0.7126 | Val Smin: 29.6968
Epoch 034 | Loss: 0.0001 | Val MiFmax: 0.6721 | Val MaFmax: 0.6994 | Val Smin: 32.2446
Epoch 035 | Loss: 0.0001 | Val MiFmax: 0.7129 | Val MaFmax: 0.7165 | Val Smin: 28.3213
  --> New best model saved!
Epoch 036 | Loss: 0.0001 | Val MiFmax: 0.7049 | Val MaFmax: 0.7189 | Val Smin: 28.8767
  --> New best model saved!
Epoch 037 | Loss: 0.0001 | Val MiFmax: 0.7188 | Val MaFmax: 0.7169 | Val Smin: 27.9093
Epoch 038 | Loss: 0.0000 | Val MiFmax: 0.7121 | Val MaFmax: 0.7199 | Val Smin: 28.1951
  --> New best model saved!
Epoch 039 | Loss: 0.0000 | Val MiFmax: 0.7177 | Val MaFmax: 0.7212 | Val Smin: 27.9836
  --> New best model saved!
Epoch 040 | Loss: 0.0001 | Val MiFmax: 0.7106 | Val MaFmax: 0.7205 | Val Smin: 28.4766
Epoch 041 | Loss: 0.0000 | Val MiFmax: 0.7121 | Val MaFmax: 0.7166 | Val Smin: 28.6375
Epoch 042 | Loss: 0.0001 | Val MiFmax: 0.7203 | Val MaFmax: 0.7212 | Val Smin: 27.9722
  --> New best model saved!
Epoch 043 | Loss: 0.0000 | Val MiFmax: 0.7153 | Val MaFmax: 0.7218 | Val Smin: 28.4810
  --> New best model saved!
Epoch 044 | Loss: 0.0000 | Val MiFmax: 0.7205 | Val MaFmax: 0.7185 | Val Smin: 28.0979
Epoch 045 | Loss: 0.0000 | Val MiFmax: 0.7118 | Val MaFmax: 0.7251 | Val Smin: 28.4491
  --> New best model saved!
Epoch 046 | Loss: 0.0001 | Val MiFmax: 0.6829 | Val MaFmax: 0.7028 | Val Smin: 31.5959
Epoch 047 | Loss: 0.0001 | Val MiFmax: 0.7141 | Val MaFmax: 0.7164 | Val Smin: 28.1870
Epoch 048 | Loss: 0.0000 | Val MiFmax: 0.7307 | Val MaFmax: 0.7221 | Val Smin: 27.1718
Epoch 049 | Loss: 0.0000 | Val MiFmax: 0.7228 | Val MaFmax: 0.7210 | Val Smin: 27.4124
Epoch 050 | Loss: 0.0000 | Val MiFmax: 0.7222 | Val MaFmax: 0.7211 | Val Smin: 27.5342
Epoch 051 | Loss: 0.0002 | Val MiFmax: 0.6614 | Val MaFmax: 0.7048 | Val Smin: 33.0618
Epoch 052 | Loss: 0.0001 | Val MiFmax: 0.7110 | Val MaFmax: 0.7244 | Val Smin: 29.4339
Epoch 053 | Loss: 0.0000 | Val MiFmax: 0.7113 | Val MaFmax: 0.7296 | Val Smin: 29.3921
  --> New best model saved!
Epoch 054 | Loss: 0.0000 | Val MiFmax: 0.7180 | Val MaFmax: 0.7272 | Val Smin: 28.3131
Epoch 055 | Loss: 0.0000 | Val MiFmax: 0.7197 | Val MaFmax: 0.7268 | Val Smin: 28.0430
Epoch 056 | Loss: 0.0000 | Val MiFmax: 0.7210 | Val MaFmax: 0.7272 | Val Smin: 27.7455
Epoch 057 | Loss: 0.0000 | Val MiFmax: 0.7279 | Val MaFmax: 0.7265 | Val Smin: 27.1238
Epoch 058 | Loss: 0.0000 | Val MiFmax: 0.7381 | Val MaFmax: 0.7274 | Val Smin: 26.3021
Epoch 059 | Loss: 0.0000 | Val MiFmax: 0.7256 | Val MaFmax: 0.7294 | Val Smin: 27.1068
Epoch 060 | Loss: 0.0000 | Val MiFmax: 0.7306 | Val MaFmax: 0.7293 | Val Smin: 26.8190
Epoch 061 | Loss: 0.0000 | Val MiFmax: 0.7306 | Val MaFmax: 0.7309 | Val Smin: 26.8129
  --> New best model saved!
Epoch 062 | Loss: 0.0000 | Val MiFmax: 0.7310 | Val MaFmax: 0.7295 | Val Smin: 26.8447
Epoch 063 | Loss: 0.0000 | Val MiFmax: 0.7325 | Val MaFmax: 0.7301 | Val Smin: 26.6494
Epoch 064 | Loss: 0.0000 | Val MiFmax: 0.7290 | Val MaFmax: 0.7298 | Val Smin: 26.8624
Epoch 065 | Loss: 0.0000 | Val MiFmax: 0.7276 | Val MaFmax: 0.7314 | Val Smin: 27.2202
  --> New best model saved!
Epoch 066 | Loss: 0.0000 | Val MiFmax: 0.7292 | Val MaFmax: 0.7304 | Val Smin: 26.8825
Epoch 067 | Loss: 0.0000 | Val MiFmax: 0.7300 | Val MaFmax: 0.7299 | Val Smin: 26.7725
Epoch 068 | Loss: 0.0000 | Val MiFmax: 0.7312 | Val MaFmax: 0.7297 | Val Smin: 26.6686
Epoch 069 | Loss: 0.0000 | Val MiFmax: 0.7314 | Val MaFmax: 0.7277 | Val Smin: 26.6211
Epoch 070 | Loss: 0.0000 | Val MiFmax: 0.7318 | Val MaFmax: 0.7293 | Val Smin: 26.5746
Epoch 071 | Loss: 0.0000 | Val MiFmax: 0.7313 | Val MaFmax: 0.7271 | Val Smin: 26.6519
Epoch 072 | Loss: 0.0000 | Val MiFmax: 0.7331 | Val MaFmax: 0.7294 | Val Smin: 26.4897
Epoch 073 | Loss: 0.0000 | Val MiFmax: 0.7332 | Val MaFmax: 0.7297 | Val Smin: 26.4878
Epoch 074 | Loss: 0.0000 | Val MiFmax: 0.7301 | Val MaFmax: 0.7291 | Val Smin: 26.7068
Epoch 075 | Loss: 0.0000 | Val MiFmax: 0.7317 | Val MaFmax: 0.7289 | Val Smin: 26.4704
Epoch 076 | Loss: 0.0000 | Val MiFmax: 0.7338 | Val MaFmax: 0.7299 | Val Smin: 26.3823
Epoch 077 | Loss: 0.0000 | Val MiFmax: 0.7349 | Val MaFmax: 0.7298 | Val Smin: 26.2809
Epoch 078 | Loss: 0.0000 | Val MiFmax: 0.7363 | Val MaFmax: 0.7289 | Val Smin: 26.2635
Epoch 079 | Loss: 0.0000 | Val MiFmax: 0.7358 | Val MaFmax: 0.7289 | Val Smin: 26.3153
Epoch 080 | Loss: 0.0000 | Val MiFmax: 0.7347 | Val MaFmax: 0.7288 | Val Smin: 26.3277
Early stopping triggered after 80 epochs.
Training finished. Evaluating on Test Set...

--- TEST METRICS ---
Micro_Fmax: 0.6787
Macro_Fmax: 0.6630
Macro_AUROC: 0.8824
Micro_AUROC: 0.9016
Macro_AUPRC: 0.6225
Micro_AUPRC: 0.6461
Smin: 35.2438
------------------------------------------------------
  Tuning Run 14 / 18
  Ontology: biological_process | LR: 1e-3 | Dropout: 0.2 | Batch: 32
------------------------------------------------------
Using device: cuda
Loading datasets from preprocessing/data/split_files/datasets.pkl for biological_process...
Alpha weights not found. Using default FocalLoss (alpha=0.25, gamma=4.0).
Epoch 001 | Loss: 0.0086 | Val MiFmax: 0.1344 | Val MaFmax: 0.0996 | Val Smin: 68.4853
  --> New best model saved!
Epoch 002 | Loss: 0.0016 | Val MiFmax: 0.2993 | Val MaFmax: 0.2687 | Val Smin: 61.0086
  --> New best model saved!
Epoch 003 | Loss: 0.0010 | Val MiFmax: 0.3801 | Val MaFmax: 0.4072 | Val Smin: 54.3853
  --> New best model saved!
Epoch 004 | Loss: 0.0007 | Val MiFmax: 0.4391 | Val MaFmax: 0.4962 | Val Smin: 49.1111
  --> New best model saved!
Epoch 005 | Loss: 0.0006 | Val MiFmax: 0.5332 | Val MaFmax: 0.5496 | Val Smin: 43.3715
  --> New best model saved!
Epoch 006 | Loss: 0.0005 | Val MiFmax: 0.5401 | Val MaFmax: 0.5690 | Val Smin: 42.0508
  --> New best model saved!
Epoch 007 | Loss: 0.0004 | Val MiFmax: 0.5640 | Val MaFmax: 0.5798 | Val Smin: 40.8108
  --> New best model saved!
Epoch 008 | Loss: 0.0003 | Val MiFmax: 0.6045 | Val MaFmax: 0.6045 | Val Smin: 38.0774
  --> New best model saved!
Epoch 009 | Loss: 0.0003 | Val MiFmax: 0.6247 | Val MaFmax: 0.6448 | Val Smin: 36.0305
  --> New best model saved!
Epoch 010 | Loss: 0.0003 | Val MiFmax: 0.6020 | Val MaFmax: 0.6490 | Val Smin: 37.9296
  --> New best model saved!
Epoch 011 | Loss: 0.0002 | Val MiFmax: 0.5443 | Val MaFmax: 0.6529 | Val Smin: 40.2547
  --> New best model saved!
Epoch 012 | Loss: 0.0002 | Val MiFmax: 0.6283 | Val MaFmax: 0.6737 | Val Smin: 35.4616
  --> New best model saved!
Epoch 013 | Loss: 0.0002 | Val MiFmax: 0.6116 | Val MaFmax: 0.6598 | Val Smin: 36.2892
Epoch 014 | Loss: 0.0002 | Val MiFmax: 0.6382 | Val MaFmax: 0.6758 | Val Smin: 34.8319
  --> New best model saved!
Epoch 015 | Loss: 0.0001 | Val MiFmax: 0.6541 | Val MaFmax: 0.6815 | Val Smin: 33.6663
  --> New best model saved!
Epoch 016 | Loss: 0.0002 | Val MiFmax: 0.6386 | Val MaFmax: 0.6900 | Val Smin: 34.7112
  --> New best model saved!
Epoch 017 | Loss: 0.0001 | Val MiFmax: 0.6528 | Val MaFmax: 0.6878 | Val Smin: 32.9680
Epoch 018 | Loss: 0.0001 | Val MiFmax: 0.6552 | Val MaFmax: 0.6919 | Val Smin: 33.7156
  --> New best model saved!
Epoch 019 | Loss: 0.0001 | Val MiFmax: 0.6704 | Val MaFmax: 0.6967 | Val Smin: 31.7130
  --> New best model saved!
Epoch 020 | Loss: 0.0001 | Val MiFmax: 0.6697 | Val MaFmax: 0.6990 | Val Smin: 32.4638
  --> New best model saved!
Epoch 021 | Loss: 0.0001 | Val MiFmax: 0.6821 | Val MaFmax: 0.7027 | Val Smin: 31.3730
  --> New best model saved!
Epoch 022 | Loss: 0.0001 | Val MiFmax: 0.5749 | Val MaFmax: 0.6780 | Val Smin: 40.0089
Epoch 023 | Loss: 0.0001 | Val MiFmax: 0.6701 | Val MaFmax: 0.7030 | Val Smin: 32.3344
  --> New best model saved!
Epoch 024 | Loss: 0.0001 | Val MiFmax: 0.6505 | Val MaFmax: 0.7063 | Val Smin: 33.1280
  --> New best model saved!
Epoch 025 | Loss: 0.0001 | Val MiFmax: 0.6831 | Val MaFmax: 0.7056 | Val Smin: 30.9604
Epoch 026 | Loss: 0.0001 | Val MiFmax: 0.6785 | Val MaFmax: 0.7055 | Val Smin: 31.6431
Epoch 027 | Loss: 0.0001 | Val MiFmax: 0.6921 | Val MaFmax: 0.7081 | Val Smin: 30.6285
  --> New best model saved!
Epoch 028 | Loss: 0.0001 | Val MiFmax: 0.5974 | Val MaFmax: 0.7071 | Val Smin: 36.9468
Epoch 029 | Loss: 0.0001 | Val MiFmax: 0.6063 | Val MaFmax: 0.6814 | Val Smin: 37.2809
Epoch 030 | Loss: 0.0001 | Val MiFmax: 0.6749 | Val MaFmax: 0.6973 | Val Smin: 31.5269
Epoch 031 | Loss: 0.0001 | Val MiFmax: 0.5460 | Val MaFmax: 0.7043 | Val Smin: 42.6595
Epoch 032 | Loss: 0.0001 | Val MiFmax: 0.6752 | Val MaFmax: 0.7049 | Val Smin: 32.0076
Epoch 033 | Loss: 0.0001 | Val MiFmax: 0.6945 | Val MaFmax: 0.7188 | Val Smin: 30.3757
  --> New best model saved!
Epoch 034 | Loss: 0.0000 | Val MiFmax: 0.6846 | Val MaFmax: 0.7178 | Val Smin: 30.9742
Epoch 035 | Loss: 0.0000 | Val MiFmax: 0.6767 | Val MaFmax: 0.7144 | Val Smin: 31.4338
Epoch 036 | Loss: 0.0001 | Val MiFmax: 0.6984 | Val MaFmax: 0.7178 | Val Smin: 29.5874
Epoch 037 | Loss: 0.0000 | Val MiFmax: 0.6990 | Val MaFmax: 0.7212 | Val Smin: 29.5457
  --> New best model saved!
Epoch 038 | Loss: 0.0001 | Val MiFmax: 0.7067 | Val MaFmax: 0.7126 | Val Smin: 29.3945
Epoch 039 | Loss: 0.0000 | Val MiFmax: 0.7099 | Val MaFmax: 0.7138 | Val Smin: 28.6232
Epoch 040 | Loss: 0.0000 | Val MiFmax: 0.6786 | Val MaFmax: 0.7192 | Val Smin: 31.4515
Epoch 041 | Loss: 0.0001 | Val MiFmax: 0.6403 | Val MaFmax: 0.7063 | Val Smin: 33.8077
Epoch 042 | Loss: 0.0001 | Val MiFmax: 0.6976 | Val MaFmax: 0.7169 | Val Smin: 30.3319
Epoch 043 | Loss: 0.0000 | Val MiFmax: 0.6441 | Val MaFmax: 0.7114 | Val Smin: 34.1456
Epoch 044 | Loss: 0.0000 | Val MiFmax: 0.7274 | Val MaFmax: 0.7176 | Val Smin: 26.9750
Epoch 045 | Loss: 0.0000 | Val MiFmax: 0.7255 | Val MaFmax: 0.7203 | Val Smin: 27.0690
Epoch 046 | Loss: 0.0000 | Val MiFmax: 0.7379 | Val MaFmax: 0.7216 | Val Smin: 26.0386
  --> New best model saved!
Epoch 047 | Loss: 0.0000 | Val MiFmax: 0.7443 | Val MaFmax: 0.7235 | Val Smin: 25.6068
  --> New best model saved!
Epoch 048 | Loss: 0.0000 | Val MiFmax: 0.7379 | Val MaFmax: 0.7199 | Val Smin: 26.0905
Epoch 049 | Loss: 0.0000 | Val MiFmax: 0.7355 | Val MaFmax: 0.7224 | Val Smin: 26.0547
Epoch 050 | Loss: 0.0000 | Val MiFmax: 0.7443 | Val MaFmax: 0.7216 | Val Smin: 25.5529
Epoch 051 | Loss: 0.0000 | Val MiFmax: 0.7390 | Val MaFmax: 0.7226 | Val Smin: 25.8568
Epoch 052 | Loss: 0.0000 | Val MiFmax: 0.7433 | Val MaFmax: 0.7201 | Val Smin: 25.5640
Epoch 053 | Loss: 0.0000 | Val MiFmax: 0.7324 | Val MaFmax: 0.7203 | Val Smin: 26.5177
Epoch 054 | Loss: 0.0000 | Val MiFmax: 0.7421 | Val MaFmax: 0.7212 | Val Smin: 25.7810
Epoch 055 | Loss: 0.0000 | Val MiFmax: 0.7398 | Val MaFmax: 0.7238 | Val Smin: 25.8411
  --> New best model saved!
Epoch 056 | Loss: 0.0000 | Val MiFmax: 0.7465 | Val MaFmax: 0.7233 | Val Smin: 25.4678
Epoch 057 | Loss: 0.0000 | Val MiFmax: 0.7415 | Val MaFmax: 0.7233 | Val Smin: 25.7230
Epoch 058 | Loss: 0.0000 | Val MiFmax: 0.7437 | Val MaFmax: 0.7239 | Val Smin: 25.6156
  --> New best model saved!
Epoch 059 | Loss: 0.0000 | Val MiFmax: 0.7437 | Val MaFmax: 0.7229 | Val Smin: 25.5667
Epoch 060 | Loss: 0.0000 | Val MiFmax: 0.7439 | Val MaFmax: 0.7233 | Val Smin: 25.6076
Epoch 061 | Loss: 0.0000 | Val MiFmax: 0.7497 | Val MaFmax: 0.7257 | Val Smin: 25.1404
  --> New best model saved!
Epoch 062 | Loss: 0.0000 | Val MiFmax: 0.7444 | Val MaFmax: 0.7231 | Val Smin: 25.4589
Epoch 063 | Loss: 0.0000 | Val MiFmax: 0.7472 | Val MaFmax: 0.7246 | Val Smin: 25.3137
Epoch 064 | Loss: 0.0000 | Val MiFmax: 0.7423 | Val MaFmax: 0.7234 | Val Smin: 25.6675
Epoch 065 | Loss: 0.0000 | Val MiFmax: 0.7411 | Val MaFmax: 0.7249 | Val Smin: 25.7913
Epoch 066 | Loss: 0.0000 | Val MiFmax: 0.7454 | Val MaFmax: 0.7243 | Val Smin: 25.4631
Epoch 067 | Loss: 0.0000 | Val MiFmax: 0.7453 | Val MaFmax: 0.7238 | Val Smin: 25.4737
Epoch 068 | Loss: 0.0000 | Val MiFmax: 0.7491 | Val MaFmax: 0.7239 | Val Smin: 25.1522
Epoch 069 | Loss: 0.0000 | Val MiFmax: 0.7474 | Val MaFmax: 0.7243 | Val Smin: 25.2722
Epoch 070 | Loss: 0.0000 | Val MiFmax: 0.7437 | Val MaFmax: 0.7249 | Val Smin: 25.4776
Epoch 071 | Loss: 0.0000 | Val MiFmax: 0.7432 | Val MaFmax: 0.7232 | Val Smin: 25.6276
Epoch 072 | Loss: 0.0000 | Val MiFmax: 0.7444 | Val MaFmax: 0.7260 | Val Smin: 25.4599
  --> New best model saved!
Epoch 073 | Loss: 0.0000 | Val MiFmax: 0.7442 | Val MaFmax: 0.7255 | Val Smin: 25.5207
Epoch 074 | Loss: 0.0000 | Val MiFmax: 0.7462 | Val MaFmax: 0.7236 | Val Smin: 25.3086
Epoch 075 | Loss: 0.0000 | Val MiFmax: 0.7449 | Val MaFmax: 0.7237 | Val Smin: 25.4134
Epoch 076 | Loss: 0.0000 | Val MiFmax: 0.7472 | Val MaFmax: 0.7243 | Val Smin: 25.3731
Epoch 077 | Loss: 0.0000 | Val MiFmax: 0.7469 | Val MaFmax: 0.7244 | Val Smin: 25.4058
Epoch 078 | Loss: 0.0000 | Val MiFmax: 0.7475 | Val MaFmax: 0.7245 | Val Smin: 25.3505
Epoch 079 | Loss: 0.0000 | Val MiFmax: 0.7471 | Val MaFmax: 0.7236 | Val Smin: 25.2795
Epoch 080 | Loss: 0.0000 | Val MiFmax: 0.7480 | Val MaFmax: 0.7246 | Val Smin: 25.2228
Epoch 081 | Loss: 0.0000 | Val MiFmax: 0.7470 | Val MaFmax: 0.7241 | Val Smin: 25.3195
Epoch 082 | Loss: 0.0000 | Val MiFmax: 0.7455 | Val MaFmax: 0.7240 | Val Smin: 25.4710
Epoch 083 | Loss: 0.0000 | Val MiFmax: 0.7459 | Val MaFmax: 0.7240 | Val Smin: 25.3672
Epoch 084 | Loss: 0.0000 | Val MiFmax: 0.7478 | Val MaFmax: 0.7251 | Val Smin: 25.3330
Epoch 085 | Loss: 0.0000 | Val MiFmax: 0.7455 | Val MaFmax: 0.7240 | Val Smin: 25.4113
Epoch 086 | Loss: 0.0000 | Val MiFmax: 0.7452 | Val MaFmax: 0.7242 | Val Smin: 25.3768
Epoch 087 | Loss: 0.0000 | Val MiFmax: 0.7471 | Val MaFmax: 0.7244 | Val Smin: 25.3068
Early stopping triggered after 87 epochs.
Training finished. Evaluating on Test Set...

--- TEST METRICS ---
Micro_Fmax: 0.6821
Macro_Fmax: 0.6688
Macro_AUROC: 0.8545
Micro_AUROC: 0.8593
Macro_AUPRC: 0.6218
Micro_AUPRC: 0.6497
Smin: 34.3514
------------------------------------------------------
  Tuning Run 15 / 18
  Ontology: biological_process | LR: 1e-3 | Dropout: 0.3 | Batch: 16
------------------------------------------------------
Using device: cuda
Loading datasets from preprocessing/data/split_files/datasets.pkl for biological_process...
Alpha weights not found. Using default FocalLoss (alpha=0.25, gamma=4.0).
Epoch 001 | Loss: 0.0055 | Val MiFmax: 0.2391 | Val MaFmax: 0.3546 | Val Smin: 63.2778
  --> New best model saved!
Epoch 002 | Loss: 0.0009 | Val MiFmax: 0.1545 | Val MaFmax: 0.4811 | Val Smin: 65.3773
  --> New best model saved!
Epoch 003 | Loss: 0.0019 | Val MiFmax: 0.0940 | Val MaFmax: 0.0656 | Val Smin: 68.8043
Epoch 004 | Loss: 0.0024 | Val MiFmax: 0.1415 | Val MaFmax: 0.0907 | Val Smin: 68.5189
Epoch 005 | Loss: 0.0020 | Val MiFmax: 0.1459 | Val MaFmax: 0.1060 | Val Smin: 68.5217
Epoch 006 | Loss: 0.0018 | Val MiFmax: 0.1836 | Val MaFmax: 0.1191 | Val Smin: 66.9598
Epoch 007 | Loss: 0.0016 | Val MiFmax: 0.1953 | Val MaFmax: 0.1242 | Val Smin: 66.7311
Epoch 008 | Loss: 0.0015 | Val MiFmax: 0.1829 | Val MaFmax: 0.1307 | Val Smin: 67.0280
Epoch 009 | Loss: 0.0014 | Val MiFmax: 0.2003 | Val MaFmax: 0.1604 | Val Smin: 65.6651
Epoch 010 | Loss: 0.0013 | Val MiFmax: 0.2385 | Val MaFmax: 0.2016 | Val Smin: 63.1523
Epoch 011 | Loss: 0.0013 | Val MiFmax: 0.2520 | Val MaFmax: 0.2101 | Val Smin: 63.3247
Epoch 012 | Loss: 0.0012 | Val MiFmax: 0.2364 | Val MaFmax: 0.2117 | Val Smin: 65.2630
Epoch 013 | Loss: 0.0012 | Val MiFmax: 0.2635 | Val MaFmax: 0.2317 | Val Smin: 63.0200
Epoch 014 | Loss: 0.0011 | Val MiFmax: 0.2517 | Val MaFmax: 0.2673 | Val Smin: 62.2173
Epoch 015 | Loss: 0.0011 | Val MiFmax: 0.2711 | Val MaFmax: 0.2788 | Val Smin: 61.8213
Epoch 016 | Loss: 0.0010 | Val MiFmax: 0.3015 | Val MaFmax: 0.2997 | Val Smin: 61.2231
Epoch 017 | Loss: 0.0010 | Val MiFmax: 0.2895 | Val MaFmax: 0.2924 | Val Smin: 61.5112
Early stopping triggered after 17 epochs.
Training finished. Evaluating on Test Set...

--- TEST METRICS ---
Micro_Fmax: 0.1735
Macro_Fmax: 0.4916
Macro_AUROC: 0.8358
Micro_AUROC: 0.7196
Macro_AUPRC: 0.4223
Micro_AUPRC: 0.1251
Smin: 69.2259
------------------------------------------------------
  Tuning Run 16 / 18
  Ontology: biological_process | LR: 1e-3 | Dropout: 0.3 | Batch: 32
------------------------------------------------------
Using device: cuda
Loading datasets from preprocessing/data/split_files/datasets.pkl for biological_process...
Alpha weights not found. Using default FocalLoss (alpha=0.25, gamma=4.0).
Epoch 001 | Loss: 0.0094 | Val MiFmax: 0.0628 | Val MaFmax: 0.1000 | Val Smin: 69.0767
  --> New best model saved!
Epoch 002 | Loss: 0.0015 | Val MiFmax: 0.3130 | Val MaFmax: 0.2807 | Val Smin: 59.4607
  --> New best model saved!
Epoch 003 | Loss: 0.0009 | Val MiFmax: 0.4071 | Val MaFmax: 0.4193 | Val Smin: 53.7767
  --> New best model saved!
Epoch 004 | Loss: 0.0007 | Val MiFmax: 0.4757 | Val MaFmax: 0.4524 | Val Smin: 47.8513
  --> New best model saved!
Epoch 005 | Loss: 0.0006 | Val MiFmax: 0.4865 | Val MaFmax: 0.5085 | Val Smin: 47.5424
  --> New best model saved!
Epoch 006 | Loss: 0.0005 | Val MiFmax: 0.4951 | Val MaFmax: 0.5619 | Val Smin: 45.2755
  --> New best model saved!
Epoch 007 | Loss: 0.0004 | Val MiFmax: 0.5775 | Val MaFmax: 0.5749 | Val Smin: 40.0503
  --> New best model saved!
Epoch 008 | Loss: 0.0004 | Val MiFmax: 0.5475 | Val MaFmax: 0.6002 | Val Smin: 41.7553
  --> New best model saved!
Epoch 009 | Loss: 0.0003 | Val MiFmax: 0.5902 | Val MaFmax: 0.6104 | Val Smin: 38.7164
  --> New best model saved!
Epoch 010 | Loss: 0.0003 | Val MiFmax: 0.6093 | Val MaFmax: 0.6382 | Val Smin: 37.3794
  --> New best model saved!
Epoch 011 | Loss: 0.0003 | Val MiFmax: 0.5512 | Val MaFmax: 0.6375 | Val Smin: 40.2264
Epoch 012 | Loss: 0.0002 | Val MiFmax: 0.6270 | Val MaFmax: 0.6713 | Val Smin: 36.3479
  --> New best model saved!
Epoch 013 | Loss: 0.0002 | Val MiFmax: 0.5423 | Val MaFmax: 0.6697 | Val Smin: 42.1030
Epoch 014 | Loss: 0.0002 | Val MiFmax: 0.6135 | Val MaFmax: 0.6637 | Val Smin: 36.4821
Epoch 015 | Loss: 0.0002 | Val MiFmax: 0.6334 | Val MaFmax: 0.6690 | Val Smin: 35.2620
Epoch 016 | Loss: 0.0002 | Val MiFmax: 0.6609 | Val MaFmax: 0.6902 | Val Smin: 32.8543
  --> New best model saved!
Epoch 017 | Loss: 0.0002 | Val MiFmax: 0.6374 | Val MaFmax: 0.6682 | Val Smin: 34.8352
Epoch 018 | Loss: 0.0001 | Val MiFmax: 0.6830 | Val MaFmax: 0.6938 | Val Smin: 31.4420
  --> New best model saved!
Epoch 019 | Loss: 0.0001 | Val MiFmax: 0.6386 | Val MaFmax: 0.6745 | Val Smin: 34.6879
Epoch 020 | Loss: 0.0001 | Val MiFmax: 0.6472 | Val MaFmax: 0.6867 | Val Smin: 34.1627
Epoch 021 | Loss: 0.0001 | Val MiFmax: 0.6530 | Val MaFmax: 0.6986 | Val Smin: 34.2438
  --> New best model saved!
Epoch 022 | Loss: 0.0001 | Val MiFmax: 0.6540 | Val MaFmax: 0.7033 | Val Smin: 33.9172
  --> New best model saved!
Epoch 023 | Loss: 0.0001 | Val MiFmax: 0.6548 | Val MaFmax: 0.6985 | Val Smin: 33.1588
Epoch 024 | Loss: 0.0001 | Val MiFmax: 0.6808 | Val MaFmax: 0.7070 | Val Smin: 31.1161
  --> New best model saved!
Epoch 025 | Loss: 0.0001 | Val MiFmax: 0.6522 | Val MaFmax: 0.6996 | Val Smin: 32.7191
Epoch 026 | Loss: 0.0001 | Val MiFmax: 0.6788 | Val MaFmax: 0.7057 | Val Smin: 31.4104
Epoch 027 | Loss: 0.0001 | Val MiFmax: 0.5538 | Val MaFmax: 0.7032 | Val Smin: 40.7621
Epoch 028 | Loss: 0.0001 | Val MiFmax: 0.5913 | Val MaFmax: 0.6965 | Val Smin: 37.1477
Epoch 029 | Loss: 0.0002 | Val MiFmax: 0.6694 | Val MaFmax: 0.6936 | Val Smin: 32.6298
Epoch 030 | Loss: 0.0001 | Val MiFmax: 0.6845 | Val MaFmax: 0.7037 | Val Smin: 31.1717
Epoch 031 | Loss: 0.0001 | Val MiFmax: 0.7092 | Val MaFmax: 0.7171 | Val Smin: 29.3801
  --> New best model saved!
Epoch 032 | Loss: 0.0000 | Val MiFmax: 0.7234 | Val MaFmax: 0.7227 | Val Smin: 28.0767
  --> New best model saved!
Epoch 033 | Loss: 0.0000 | Val MiFmax: 0.7234 | Val MaFmax: 0.7208 | Val Smin: 28.0810
Epoch 034 | Loss: 0.0000 | Val MiFmax: 0.7204 | Val MaFmax: 0.7227 | Val Smin: 28.4748
  --> New best model saved!
Epoch 035 | Loss: 0.0000 | Val MiFmax: 0.7204 | Val MaFmax: 0.7218 | Val Smin: 28.4593
Epoch 036 | Loss: 0.0000 | Val MiFmax: 0.7164 | Val MaFmax: 0.7213 | Val Smin: 28.6036
Epoch 037 | Loss: 0.0000 | Val MiFmax: 0.7169 | Val MaFmax: 0.7215 | Val Smin: 28.6034
Epoch 038 | Loss: 0.0000 | Val MiFmax: 0.7207 | Val MaFmax: 0.7204 | Val Smin: 27.9611
Epoch 039 | Loss: 0.0000 | Val MiFmax: 0.7271 | Val MaFmax: 0.7256 | Val Smin: 27.2801
  --> New best model saved!
Epoch 040 | Loss: 0.0000 | Val MiFmax: 0.7240 | Val MaFmax: 0.7267 | Val Smin: 27.3399
  --> New best model saved!
Epoch 041 | Loss: 0.0000 | Val MiFmax: 0.7260 | Val MaFmax: 0.7232 | Val Smin: 27.5072
Epoch 042 | Loss: 0.0000 | Val MiFmax: 0.7277 | Val MaFmax: 0.7238 | Val Smin: 27.5661
Epoch 043 | Loss: 0.0000 | Val MiFmax: 0.7268 | Val MaFmax: 0.7203 | Val Smin: 27.2864
Epoch 044 | Loss: 0.0000 | Val MiFmax: 0.7320 | Val MaFmax: 0.7243 | Val Smin: 26.8775
Epoch 045 | Loss: 0.0000 | Val MiFmax: 0.7279 | Val MaFmax: 0.7231 | Val Smin: 27.3005
Epoch 046 | Loss: 0.0000 | Val MiFmax: 0.7211 | Val MaFmax: 0.7213 | Val Smin: 27.7314
Epoch 047 | Loss: 0.0000 | Val MiFmax: 0.7305 | Val MaFmax: 0.7253 | Val Smin: 26.8707
Epoch 048 | Loss: 0.0000 | Val MiFmax: 0.7291 | Val MaFmax: 0.7242 | Val Smin: 27.1468
Epoch 049 | Loss: 0.0000 | Val MiFmax: 0.7330 | Val MaFmax: 0.7236 | Val Smin: 26.7817
Epoch 050 | Loss: 0.0000 | Val MiFmax: 0.7318 | Val MaFmax: 0.7239 | Val Smin: 26.7901
Epoch 051 | Loss: 0.0000 | Val MiFmax: 0.7331 | Val MaFmax: 0.7260 | Val Smin: 26.7334
Epoch 052 | Loss: 0.0000 | Val MiFmax: 0.7349 | Val MaFmax: 0.7239 | Val Smin: 26.8645
Epoch 053 | Loss: 0.0000 | Val MiFmax: 0.7339 | Val MaFmax: 0.7245 | Val Smin: 26.8321
Epoch 054 | Loss: 0.0000 | Val MiFmax: 0.7356 | Val MaFmax: 0.7244 | Val Smin: 26.4653
Epoch 055 | Loss: 0.0000 | Val MiFmax: 0.7339 | Val MaFmax: 0.7247 | Val Smin: 26.6975
Early stopping triggered after 55 epochs.
Training finished. Evaluating on Test Set...

--- TEST METRICS ---
Micro_Fmax: 0.6732
Macro_Fmax: 0.6746
Macro_AUROC: 0.8693
Micro_AUROC: 0.8808
Macro_AUPRC: 0.6279
Micro_AUPRC: 0.6483
Smin: 34.9600
------------------------------------------------------
  Tuning Run 17 / 18
  Ontology: biological_process | LR: 1e-3 | Dropout: 0.4 | Batch: 16
------------------------------------------------------
Using device: cuda
Loading datasets from preprocessing/data/split_files/datasets.pkl for biological_process...
Alpha weights not found. Using default FocalLoss (alpha=0.25, gamma=4.0).
Epoch 001 | Loss: 0.0066 | Val MiFmax: 0.2871 | Val MaFmax: 0.2541 | Val Smin: 61.5712
  --> New best model saved!
Epoch 002 | Loss: 0.0011 | Val MiFmax: 0.0809 | Val MaFmax: 0.4101 | Val Smin: 67.6258
  --> New best model saved!
Epoch 003 | Loss: 0.0008 | Val MiFmax: 0.4508 | Val MaFmax: 0.4936 | Val Smin: 49.9190
  --> New best model saved!
Epoch 004 | Loss: 0.0008 | Val MiFmax: 0.3248 | Val MaFmax: 0.4553 | Val Smin: 59.9992
Epoch 005 | Loss: 0.0006 | Val MiFmax: 0.4995 | Val MaFmax: 0.5399 | Val Smin: 45.8490
  --> New best model saved!
Epoch 006 | Loss: 0.0005 | Val MiFmax: 0.4582 | Val MaFmax: 0.5728 | Val Smin: 46.8746
  --> New best model saved!
Epoch 007 | Loss: 0.0004 | Val MiFmax: 0.5489 | Val MaFmax: 0.5940 | Val Smin: 41.6639
  --> New best model saved!
Epoch 008 | Loss: 0.0004 | Val MiFmax: 0.5177 | Val MaFmax: 0.6148 | Val Smin: 42.3684
  --> New best model saved!
Epoch 009 | Loss: 0.0004 | Val MiFmax: 0.5911 | Val MaFmax: 0.6157 | Val Smin: 39.1215
  --> New best model saved!
Epoch 010 | Loss: 0.0004 | Val MiFmax: 0.5607 | Val MaFmax: 0.6328 | Val Smin: 40.5968
  --> New best model saved!
Epoch 011 | Loss: 0.0003 | Val MiFmax: 0.4898 | Val MaFmax: 0.6208 | Val Smin: 45.6373
Epoch 012 | Loss: 0.0003 | Val MiFmax: 0.5742 | Val MaFmax: 0.6569 | Val Smin: 38.5738
  --> New best model saved!
Epoch 013 | Loss: 0.0003 | Val MiFmax: 0.5739 | Val MaFmax: 0.6481 | Val Smin: 39.5393
Epoch 014 | Loss: 0.0003 | Val MiFmax: 0.5448 | Val MaFmax: 0.6547 | Val Smin: 41.4243
Epoch 015 | Loss: 0.0002 | Val MiFmax: 0.6184 | Val MaFmax: 0.6551 | Val Smin: 36.6331
Epoch 016 | Loss: 0.0002 | Val MiFmax: 0.4046 | Val MaFmax: 0.6674 | Val Smin: 49.4746
  --> New best model saved!
Epoch 017 | Loss: 0.0002 | Val MiFmax: 0.5810 | Val MaFmax: 0.6694 | Val Smin: 38.3200
  --> New best model saved!
Epoch 018 | Loss: 0.0002 | Val MiFmax: 0.5805 | Val MaFmax: 0.6788 | Val Smin: 38.7212
  --> New best model saved!
Epoch 019 | Loss: 0.0002 | Val MiFmax: 0.4243 | Val MaFmax: 0.6679 | Val Smin: 53.0240
Epoch 020 | Loss: 0.0002 | Val MiFmax: 0.5032 | Val MaFmax: 0.6710 | Val Smin: 43.1976
Epoch 021 | Loss: 0.0002 | Val MiFmax: 0.5276 | Val MaFmax: 0.6876 | Val Smin: 42.4103
  --> New best model saved!
Epoch 022 | Loss: 0.0002 | Val MiFmax: 0.4788 | Val MaFmax: 0.6893 | Val Smin: 45.5959
  --> New best model saved!
Epoch 023 | Loss: 0.0002 | Val MiFmax: 0.5189 | Val MaFmax: 0.6775 | Val Smin: 42.6516
Epoch 024 | Loss: 0.0002 | Val MiFmax: 0.5757 | Val MaFmax: 0.6811 | Val Smin: 38.4670
Epoch 025 | Loss: 0.0002 | Val MiFmax: 0.5337 | Val MaFmax: 0.6934 | Val Smin: 41.8514
  --> New best model saved!
Epoch 026 | Loss: 0.0002 | Val MiFmax: 0.6115 | Val MaFmax: 0.6923 | Val Smin: 36.7927
Epoch 027 | Loss: 0.0002 | Val MiFmax: 0.6264 | Val MaFmax: 0.6931 | Val Smin: 35.8681
Epoch 028 | Loss: 0.0002 | Val MiFmax: 0.5152 | Val MaFmax: 0.6837 | Val Smin: 43.7192
Epoch 029 | Loss: 0.0002 | Val MiFmax: 0.5538 | Val MaFmax: 0.6828 | Val Smin: 39.7410
Epoch 030 | Loss: 0.0001 | Val MiFmax: 0.5258 | Val MaFmax: 0.6997 | Val Smin: 41.2056
  --> New best model saved!
Epoch 031 | Loss: 0.0001 | Val MiFmax: 0.5950 | Val MaFmax: 0.6937 | Val Smin: 38.3747
Epoch 032 | Loss: 0.0001 | Val MiFmax: 0.5753 | Val MaFmax: 0.6926 | Val Smin: 38.5245
Epoch 033 | Loss: 0.0001 | Val MiFmax: 0.5838 | Val MaFmax: 0.6983 | Val Smin: 38.4396
Epoch 034 | Loss: 0.0001 | Val MiFmax: 0.3883 | Val MaFmax: 0.6833 | Val Smin: 56.9667
Epoch 035 | Loss: 0.0001 | Val MiFmax: 0.6127 | Val MaFmax: 0.6941 | Val Smin: 35.7478
Epoch 036 | Loss: 0.0001 | Val MiFmax: 0.6253 | Val MaFmax: 0.6823 | Val Smin: 35.9099
Epoch 037 | Loss: 0.0001 | Val MiFmax: 0.6882 | Val MaFmax: 0.7128 | Val Smin: 30.8688
  --> New best model saved!
Epoch 038 | Loss: 0.0001 | Val MiFmax: 0.6957 | Val MaFmax: 0.7098 | Val Smin: 30.3396
Epoch 039 | Loss: 0.0001 | Val MiFmax: 0.6889 | Val MaFmax: 0.7173 | Val Smin: 30.8449
  --> New best model saved!
Epoch 040 | Loss: 0.0001 | Val MiFmax: 0.6894 | Val MaFmax: 0.7199 | Val Smin: 30.5412
  --> New best model saved!
Epoch 041 | Loss: 0.0001 | Val MiFmax: 0.6745 | Val MaFmax: 0.7191 | Val Smin: 31.9116
Epoch 042 | Loss: 0.0001 | Val MiFmax: 0.7052 | Val MaFmax: 0.7102 | Val Smin: 29.9537
Epoch 043 | Loss: 0.0001 | Val MiFmax: 0.6785 | Val MaFmax: 0.7122 | Val Smin: 31.3729
Epoch 044 | Loss: 0.0001 | Val MiFmax: 0.2686 | Val MaFmax: 0.7035 | Val Smin: 71.1344
Epoch 045 | Loss: 0.0001 | Val MiFmax: 0.6970 | Val MaFmax: 0.7122 | Val Smin: 30.2895
Epoch 046 | Loss: 0.0001 | Val MiFmax: 0.6771 | Val MaFmax: 0.7171 | Val Smin: 31.6833
Epoch 047 | Loss: 0.0000 | Val MiFmax: 0.7130 | Val MaFmax: 0.7221 | Val Smin: 28.8665
  --> New best model saved!
Epoch 048 | Loss: 0.0000 | Val MiFmax: 0.7119 | Val MaFmax: 0.7183 | Val Smin: 28.9817
Epoch 049 | Loss: 0.0000 | Val MiFmax: 0.7033 | Val MaFmax: 0.7189 | Val Smin: 29.6777
Epoch 050 | Loss: 0.0000 | Val MiFmax: 0.7125 | Val MaFmax: 0.7169 | Val Smin: 28.7361
Epoch 051 | Loss: 0.0000 | Val MiFmax: 0.7209 | Val MaFmax: 0.7215 | Val Smin: 28.2619
Epoch 052 | Loss: 0.0000 | Val MiFmax: 0.7058 | Val MaFmax: 0.7196 | Val Smin: 29.7263
Epoch 053 | Loss: 0.0000 | Val MiFmax: 0.7145 | Val MaFmax: 0.7208 | Val Smin: 28.8244
Epoch 054 | Loss: 0.0000 | Val MiFmax: 0.7225 | Val MaFmax: 0.7221 | Val Smin: 27.9407
Epoch 055 | Loss: 0.0000 | Val MiFmax: 0.7290 | Val MaFmax: 0.7197 | Val Smin: 27.6082
Epoch 056 | Loss: 0.0000 | Val MiFmax: 0.7137 | Val MaFmax: 0.7200 | Val Smin: 28.6294
Epoch 057 | Loss: 0.0000 | Val MiFmax: 0.7218 | Val MaFmax: 0.7196 | Val Smin: 28.2466
Epoch 058 | Loss: 0.0000 | Val MiFmax: 0.7213 | Val MaFmax: 0.7202 | Val Smin: 28.1327
Epoch 059 | Loss: 0.0000 | Val MiFmax: 0.7178 | Val MaFmax: 0.7203 | Val Smin: 28.4287
Epoch 060 | Loss: 0.0000 | Val MiFmax: 0.7258 | Val MaFmax: 0.7216 | Val Smin: 27.8366
Epoch 061 | Loss: 0.0000 | Val MiFmax: 0.7211 | Val MaFmax: 0.7203 | Val Smin: 28.2517
Epoch 062 | Loss: 0.0000 | Val MiFmax: 0.7225 | Val MaFmax: 0.7225 | Val Smin: 28.1375
  --> New best model saved!
Epoch 063 | Loss: 0.0000 | Val MiFmax: 0.7295 | Val MaFmax: 0.7204 | Val Smin: 27.5033
Epoch 064 | Loss: 0.0000 | Val MiFmax: 0.7241 | Val MaFmax: 0.7213 | Val Smin: 27.8553
Epoch 065 | Loss: 0.0000 | Val MiFmax: 0.7193 | Val MaFmax: 0.7212 | Val Smin: 28.2935
Epoch 066 | Loss: 0.0000 | Val MiFmax: 0.7301 | Val MaFmax: 0.7222 | Val Smin: 27.6063
Epoch 067 | Loss: 0.0000 | Val MiFmax: 0.7280 | Val MaFmax: 0.7226 | Val Smin: 27.5823
  --> New best model saved!
Epoch 068 | Loss: 0.0000 | Val MiFmax: 0.7312 | Val MaFmax: 0.7221 | Val Smin: 27.4342
Epoch 069 | Loss: 0.0000 | Val MiFmax: 0.7253 | Val MaFmax: 0.7221 | Val Smin: 27.8632
Epoch 070 | Loss: 0.0000 | Val MiFmax: 0.7233 | Val MaFmax: 0.7213 | Val Smin: 27.9517
Epoch 071 | Loss: 0.0000 | Val MiFmax: 0.7217 | Val MaFmax: 0.7208 | Val Smin: 28.0800
Epoch 072 | Loss: 0.0000 | Val MiFmax: 0.7245 | Val MaFmax: 0.7220 | Val Smin: 27.8407
Epoch 073 | Loss: 0.0000 | Val MiFmax: 0.7257 | Val MaFmax: 0.7209 | Val Smin: 27.9083
Epoch 074 | Loss: 0.0000 | Val MiFmax: 0.7257 | Val MaFmax: 0.7221 | Val Smin: 27.8293
Epoch 075 | Loss: 0.0000 | Val MiFmax: 0.7294 | Val MaFmax: 0.7222 | Val Smin: 27.4824
Epoch 076 | Loss: 0.0000 | Val MiFmax: 0.7278 | Val MaFmax: 0.7227 | Val Smin: 27.6083
  --> New best model saved!
Epoch 077 | Loss: 0.0000 | Val MiFmax: 0.7261 | Val MaFmax: 0.7217 | Val Smin: 27.7571
Epoch 078 | Loss: 0.0000 | Val MiFmax: 0.7257 | Val MaFmax: 0.7219 | Val Smin: 27.7030
Epoch 079 | Loss: 0.0000 | Val MiFmax: 0.7282 | Val MaFmax: 0.7214 | Val Smin: 27.5267
Epoch 080 | Loss: 0.0000 | Val MiFmax: 0.7284 | Val MaFmax: 0.7209 | Val Smin: 27.6342
Epoch 081 | Loss: 0.0000 | Val MiFmax: 0.7274 | Val MaFmax: 0.7213 | Val Smin: 27.5636
Epoch 082 | Loss: 0.0000 | Val MiFmax: 0.7283 | Val MaFmax: 0.7217 | Val Smin: 27.5049
Epoch 083 | Loss: 0.0000 | Val MiFmax: 0.7297 | Val MaFmax: 0.7219 | Val Smin: 27.3374
Epoch 084 | Loss: 0.0000 | Val MiFmax: 0.7296 | Val MaFmax: 0.7219 | Val Smin: 27.4290
Epoch 085 | Loss: 0.0000 | Val MiFmax: 0.7278 | Val MaFmax: 0.7215 | Val Smin: 27.6162
Epoch 086 | Loss: 0.0000 | Val MiFmax: 0.7282 | Val MaFmax: 0.7220 | Val Smin: 27.5601
Epoch 087 | Loss: 0.0000 | Val MiFmax: 0.7253 | Val MaFmax: 0.7217 | Val Smin: 27.6982
Epoch 088 | Loss: 0.0000 | Val MiFmax: 0.7292 | Val MaFmax: 0.7223 | Val Smin: 27.5046
Epoch 089 | Loss: 0.0000 | Val MiFmax: 0.7288 | Val MaFmax: 0.7216 | Val Smin: 27.4895
Epoch 090 | Loss: 0.0000 | Val MiFmax: 0.7292 | Val MaFmax: 0.7220 | Val Smin: 27.5062
Epoch 091 | Loss: 0.0000 | Val MiFmax: 0.7269 | Val MaFmax: 0.7218 | Val Smin: 27.6057
Early stopping triggered after 91 epochs.
Training finished. Evaluating on Test Set...

--- TEST METRICS ---
Micro_Fmax: 0.6843
Macro_Fmax: 0.6756
Macro_AUROC: 0.8816
Micro_AUROC: 0.8989
Macro_AUPRC: 0.6284
Micro_AUPRC: 0.6566
Smin: 34.3292
------------------------------------------------------
  Tuning Run 18 / 18
  Ontology: biological_process | LR: 1e-3 | Dropout: 0.4 | Batch: 32
------------------------------------------------------
Using device: cuda
Loading datasets from preprocessing/data/split_files/datasets.pkl for biological_process...
Alpha weights not found. Using default FocalLoss (alpha=0.25, gamma=4.0).
Epoch 001 | Loss: 0.0100 | Val MiFmax: 0.0427 | Val MaFmax: 0.1227 | Val Smin: 69.2060
  --> New best model saved!
Epoch 002 | Loss: 0.0014 | Val MiFmax: 0.2238 | Val MaFmax: 0.3059 | Val Smin: 63.4517
  --> New best model saved!
Epoch 003 | Loss: 0.0009 | Val MiFmax: 0.0812 | Val MaFmax: 0.4514 | Val Smin: 690.4280
  --> New best model saved!
Epoch 004 | Loss: 0.0008 | Val MiFmax: 0.4515 | Val MaFmax: 0.4956 | Val Smin: 48.6778
  --> New best model saved!
Epoch 005 | Loss: 0.0006 | Val MiFmax: 0.4492 | Val MaFmax: 0.5151 | Val Smin: 50.7950
  --> New best model saved!
Epoch 006 | Loss: 0.0005 | Val MiFmax: 0.5035 | Val MaFmax: 0.5672 | Val Smin: 44.5116
  --> New best model saved!
Epoch 007 | Loss: 0.0004 | Val MiFmax: 0.5497 | Val MaFmax: 0.5727 | Val Smin: 41.9149
  --> New best model saved!
Epoch 008 | Loss: 0.0004 | Val MiFmax: 0.5561 | Val MaFmax: 0.6089 | Val Smin: 40.9232
  --> New best model saved!
Epoch 009 | Loss: 0.0004 | Val MiFmax: 0.4383 | Val MaFmax: 0.6289 | Val Smin: 50.3287
  --> New best model saved!
Epoch 010 | Loss: 0.0003 | Val MiFmax: 0.5930 | Val MaFmax: 0.6369 | Val Smin: 38.7181
  --> New best model saved!
Epoch 011 | Loss: 0.0003 | Val MiFmax: 0.5933 | Val MaFmax: 0.6451 | Val Smin: 38.2272
  --> New best model saved!
Epoch 012 | Loss: 0.0003 | Val MiFmax: 0.6072 | Val MaFmax: 0.6581 | Val Smin: 37.3991
  --> New best model saved!
Epoch 013 | Loss: 0.0003 | Val MiFmax: 0.6188 | Val MaFmax: 0.6626 | Val Smin: 36.2415
  --> New best model saved!
Epoch 014 | Loss: 0.0002 | Val MiFmax: 0.6344 | Val MaFmax: 0.6654 | Val Smin: 34.9857
  --> New best model saved!
Epoch 015 | Loss: 0.0002 | Val MiFmax: 0.5859 | Val MaFmax: 0.6757 | Val Smin: 38.2803
  --> New best model saved!
Epoch 016 | Loss: 0.0002 | Val MiFmax: 0.6524 | Val MaFmax: 0.6834 | Val Smin: 33.8157
  --> New best model saved!
Epoch 017 | Loss: 0.0002 | Val MiFmax: 0.6335 | Val MaFmax: 0.6719 | Val Smin: 35.2339
Epoch 018 | Loss: 0.0002 | Val MiFmax: 0.6171 | Val MaFmax: 0.6936 | Val Smin: 35.3612
  --> New best model saved!
Epoch 019 | Loss: 0.0002 | Val MiFmax: 0.6552 | Val MaFmax: 0.6842 | Val Smin: 32.9044
Epoch 020 | Loss: 0.0002 | Val MiFmax: 0.6640 | Val MaFmax: 0.6877 | Val Smin: 33.0121
Epoch 021 | Loss: 0.0001 | Val MiFmax: 0.6354 | Val MaFmax: 0.6865 | Val Smin: 33.9874
Epoch 022 | Loss: 0.0002 | Val MiFmax: 0.6084 | Val MaFmax: 0.6865 | Val Smin: 37.6256
Epoch 023 | Loss: 0.0002 | Val MiFmax: 0.6318 | Val MaFmax: 0.6858 | Val Smin: 35.2052
Epoch 024 | Loss: 0.0002 | Val MiFmax: 0.6230 | Val MaFmax: 0.6826 | Val Smin: 35.8631
Epoch 025 | Loss: 0.0001 | Val MiFmax: 0.6823 | Val MaFmax: 0.7077 | Val Smin: 31.0429
  --> New best model saved!
Epoch 026 | Loss: 0.0001 | Val MiFmax: 0.7003 | Val MaFmax: 0.7106 | Val Smin: 28.9731
  --> New best model saved!
Epoch 027 | Loss: 0.0001 | Val MiFmax: 0.7010 | Val MaFmax: 0.7122 | Val Smin: 29.3656
  --> New best model saved!
Epoch 028 | Loss: 0.0001 | Val MiFmax: 0.7034 | Val MaFmax: 0.7095 | Val Smin: 29.0649
Epoch 029 | Loss: 0.0001 | Val MiFmax: 0.7149 | Val MaFmax: 0.7065 | Val Smin: 27.9718
Epoch 030 | Loss: 0.0001 | Val MiFmax: 0.7056 | Val MaFmax: 0.7071 | Val Smin: 29.1278
Epoch 031 | Loss: 0.0001 | Val MiFmax: 0.6950 | Val MaFmax: 0.7131 | Val Smin: 29.9223
  --> New best model saved!
Epoch 032 | Loss: 0.0001 | Val MiFmax: 0.6965 | Val MaFmax: 0.7080 | Val Smin: 30.1414
Epoch 033 | Loss: 0.0001 | Val MiFmax: 0.6966 | Val MaFmax: 0.7106 | Val Smin: 29.7802
Epoch 034 | Loss: 0.0001 | Val MiFmax: 0.6961 | Val MaFmax: 0.7108 | Val Smin: 29.6354
Epoch 035 | Loss: 0.0001 | Val MiFmax: 0.7055 | Val MaFmax: 0.7125 | Val Smin: 28.8543
Epoch 036 | Loss: 0.0001 | Val MiFmax: 0.7102 | Val MaFmax: 0.7111 | Val Smin: 28.4082
Epoch 037 | Loss: 0.0001 | Val MiFmax: 0.6956 | Val MaFmax: 0.7095 | Val Smin: 30.2022
Epoch 038 | Loss: 0.0001 | Val MiFmax: 0.7098 | Val MaFmax: 0.7155 | Val Smin: 28.5594
  --> New best model saved!
Epoch 039 | Loss: 0.0000 | Val MiFmax: 0.7205 | Val MaFmax: 0.7175 | Val Smin: 27.6396
  --> New best model saved!
Epoch 040 | Loss: 0.0000 | Val MiFmax: 0.7246 | Val MaFmax: 0.7212 | Val Smin: 27.1601
  --> New best model saved!
Epoch 041 | Loss: 0.0000 | Val MiFmax: 0.7239 | Val MaFmax: 0.7192 | Val Smin: 27.4748
Epoch 042 | Loss: 0.0000 | Val MiFmax: 0.7270 | Val MaFmax: 0.7242 | Val Smin: 26.8666
  --> New best model saved!
Epoch 043 | Loss: 0.0000 | Val MiFmax: 0.7174 | Val MaFmax: 0.7184 | Val Smin: 27.7966
Epoch 044 | Loss: 0.0000 | Val MiFmax: 0.7257 | Val MaFmax: 0.7179 | Val Smin: 27.1276
Epoch 045 | Loss: 0.0000 | Val MiFmax: 0.7241 | Val MaFmax: 0.7229 | Val Smin: 27.0675
Epoch 046 | Loss: 0.0000 | Val MiFmax: 0.7131 | Val MaFmax: 0.7150 | Val Smin: 28.0930
Epoch 047 | Loss: 0.0000 | Val MiFmax: 0.7170 | Val MaFmax: 0.7151 | Val Smin: 27.5850
Epoch 048 | Loss: 0.0000 | Val MiFmax: 0.7219 | Val MaFmax: 0.7214 | Val Smin: 27.4578
Epoch 049 | Loss: 0.0000 | Val MiFmax: 0.7296 | Val MaFmax: 0.7238 | Val Smin: 26.6562
Epoch 050 | Loss: 0.0000 | Val MiFmax: 0.7290 | Val MaFmax: 0.7228 | Val Smin: 26.8869
Epoch 051 | Loss: 0.0000 | Val MiFmax: 0.7313 | Val MaFmax: 0.7210 | Val Smin: 26.5694
Epoch 052 | Loss: 0.0000 | Val MiFmax: 0.7248 | Val MaFmax: 0.7220 | Val Smin: 27.2592
Epoch 053 | Loss: 0.0000 | Val MiFmax: 0.7286 | Val MaFmax: 0.7232 | Val Smin: 26.8942
Epoch 054 | Loss: 0.0000 | Val MiFmax: 0.7347 | Val MaFmax: 0.7248 | Val Smin: 26.2704
  --> New best model saved!
Epoch 055 | Loss: 0.0000 | Val MiFmax: 0.7275 | Val MaFmax: 0.7240 | Val Smin: 26.7397
Epoch 056 | Loss: 0.0000 | Val MiFmax: 0.7343 | Val MaFmax: 0.7275 | Val Smin: 26.2808
  --> New best model saved!
Epoch 057 | Loss: 0.0000 | Val MiFmax: 0.7324 | Val MaFmax: 0.7227 | Val Smin: 26.3096
Epoch 058 | Loss: 0.0000 | Val MiFmax: 0.7350 | Val MaFmax: 0.7253 | Val Smin: 26.2974
Epoch 059 | Loss: 0.0000 | Val MiFmax: 0.7283 | Val MaFmax: 0.7247 | Val Smin: 26.8017
Epoch 060 | Loss: 0.0000 | Val MiFmax: 0.7255 | Val MaFmax: 0.7194 | Val Smin: 27.1302
Epoch 061 | Loss: 0.0000 | Val MiFmax: 0.7346 | Val MaFmax: 0.7270 | Val Smin: 26.2709
Epoch 062 | Loss: 0.0000 | Val MiFmax: 0.7292 | Val MaFmax: 0.7255 | Val Smin: 26.8858
Epoch 063 | Loss: 0.0000 | Val MiFmax: 0.7374 | Val MaFmax: 0.7242 | Val Smin: 26.1512
Epoch 064 | Loss: 0.0000 | Val MiFmax: 0.7352 | Val MaFmax: 0.7272 | Val Smin: 26.1927
Epoch 065 | Loss: 0.0000 | Val MiFmax: 0.7332 | Val MaFmax: 0.7244 | Val Smin: 26.4097
Epoch 066 | Loss: 0.0000 | Val MiFmax: 0.7353 | Val MaFmax: 0.7256 | Val Smin: 26.1659
Epoch 067 | Loss: 0.0000 | Val MiFmax: 0.7350 | Val MaFmax: 0.7256 | Val Smin: 26.1927
Epoch 068 | Loss: 0.0000 | Val MiFmax: 0.7372 | Val MaFmax: 0.7243 | Val Smin: 26.0856
Epoch 069 | Loss: 0.0000 | Val MiFmax: 0.7365 | Val MaFmax: 0.7234 | Val Smin: 26.1212
Epoch 070 | Loss: 0.0000 | Val MiFmax: 0.7355 | Val MaFmax: 0.7241 | Val Smin: 26.1412
Epoch 071 | Loss: 0.0000 | Val MiFmax: 0.7359 | Val MaFmax: 0.7248 | Val Smin: 26.1175
Early stopping triggered after 71 epochs.
Training finished. Evaluating on Test Set...

--- TEST METRICS ---
Micro_Fmax: 0.6719
Macro_Fmax: 0.6779
Macro_AUROC: 0.8801
Micro_AUROC: 0.8772
Macro_AUPRC: 0.6337
Micro_AUPRC: 0.6370
Smin: 35.0555

=========================================
  Tuning sweep complete.
  Completed: 18  /  18
=========================================
Run 'python3 aggregate_tuning.py' to summarize results.

All tuning results saved to tuning_runs/tuning_results_summary.csv

===========================================================================
  Tuning Results: biological_process (Best configurations at the top)
===========================================================================
    LR  Dropout  BatchSize  Val_Macro_Fmax  Val_Micro_Fmax  Val_Smin
0.0005   0.3000         32          0.7388          0.7459   25.5285
0.0001   0.4000         16          0.7362          0.7368   26.7980
0.0001   0.4000         32          0.7353          0.7378   26.4387
0.0005   0.4000         32          0.7339          0.7429   25.7052
0.0005   0.4000         16          0.7335          0.7275   27.4629
0.0001   0.3000         16          0.7331          0.7407   25.9877
0.0001   0.2000         16          0.7328          0.7450   25.5958
0.0005   0.3000         16          0.7317          0.7277   26.8211
0.0010   0.2000         16          0.7314          0.7276   27.2202
0.0005   0.2000         16          0.7314          0.7434   25.9655
0.0001   0.4000         64          0.7282          0.7203   28.6862
0.0001   0.2000         32          0.7281          0.7278   27.4963
0.0010   0.4000         32          0.7275          0.7343   26.2808
0.0001   0.3000         32          0.7272          0.7232   28.3391
0.0001   0.2000         64          0.7268          0.7486   25.7740
0.0010   0.3000         32          0.7267          0.7240   27.3399
0.0010   0.2000         32          0.7260          0.7444   25.4599
0.0005   0.2000         32          0.7249          0.7314   26.7925
0.0005   0.2000         64          0.7233          0.7367   26.3044
0.0010   0.4000         16          0.7227          0.7278   27.6083
0.0001   0.3000         64          0.7219          0.7124   28.6338
0.0010   0.3000         16          0.4811          0.1545   65.3773

===========================================================================
  Tuning Results: molecular_function (Best configurations at the top)
===========================================================================
    LR  Dropout  BatchSize  Val_Macro_Fmax  Val_Micro_Fmax  Val_Smin
0.0001   0.2000         32          0.8909          0.8574    6.6859
0.0001   0.4000         16          0.8908          0.8508    6.8481
0.0001   0.2000         16          0.8883          0.8567    6.4110
0.0001   0.3000         16          0.8873          0.8581    6.5768
0.0001   0.4000         32          0.8841          0.8234    8.3032
0.0001   0.3000         32          0.8801          0.8506    6.7774

===========================================================================
  Tuning Results: cellular_component (Best configurations at the top)
===========================================================================
    LR  Dropout  BatchSize  Val_Macro_Fmax  Val_Micro_Fmax  Val_Smin
0.0001   0.3000         16          0.7097          0.6948    5.6729
0.0001   0.2000         32          0.6913          0.7064    5.4469
0.0001   0.3000         32          0.6891          0.6855    5.8116
0.0001   0.4000         32          0.6790          0.7016    5.5573
0.0001   0.4000         16          0.6734          0.6881    5.7823
0.0001   0.2000         16          0.6731          0.6909    5.7178
0.0005   0.2000         16          0.6390          0.6643    6.1979
Running ablations only for: biological_process
=========================================
  DeepGreenGO  Ablation Sweep
=========================================
Dataset: preprocessing/data/split_files/datasets.pkl
Epochs:  1000  | Batch: 16

========================================================
Job finished  : Sun Jun 28 03:41:13 MDT 2026
========================================================
