========================================================
Job ID        : 44324674
Node          : mlg2
CPUs          : 8
Start time    : Sat Jun 27 19:31:13 MDT 2026
Project dir   : /home/ganeshiny.sridharan/dgg/deep-green-GO
Log .out      : /home/ganeshiny.sridharan/dgg/deep-green-GO/logs/deepgreengo_44324674.out
Log .err      : /home/ganeshiny.sridharan/dgg/deep-green-GO/logs/deepgreengo_44324674.err
========================================================
Python : /home/ganeshiny.sridharan/miniconda3/envs/deepgreengo/bin/python
PyTorch: 2.4.1
CUDA   : NVIDIA L40S
Scratch dir   : /scratch/44324674
CMAP_THREADS  : 8
========================================================
Running sequentially for all ontologies (Warning: May timeout)
  [33m▸[0m Project root: /home/ganeshiny.sridharan/dgg/deep-green-GO
  [33m▸[0m Settings: EPOCHS=1000  BATCH=32  MODEL=Hybrid  LOSS=Focal
  [33m▸[0m Ontology: biological_process
  [33m⚠[0m  Skipping preprocessing (--skip-preprocess)

[1m[32m══════════════════════════════════════════[0m
[1m[32m  Step 2.5: Hyperparameter Tuning[0m
[1m[32m══════════════════════════════════════════[0m
  [33m▸[0m Running grid search over LR, Dropout, and Batch Size for all 3 ontologies.
=========================================
  DeepGreenGO Hyperparameter Tuning
=========================================
Dataset: preprocessing/data/split_files/datasets.pkl
Output Directory: tuning_runs

------------------------------------------------------
  Tuning Run 1 / 54
  Ontology: biological_process | LR: 1e-4 | Dropout: 0.2 | Batch: 16
------------------------------------------------------
Using device: cuda

[RESUME] Found successfully completed run in tuning_runs/bp_Hybrid_Focal_s42.
[RESUME] Skipping training to save compute!

------------------------------------------------------
  Tuning Run 2 / 54
  Ontology: biological_process | LR: 1e-4 | Dropout: 0.2 | Batch: 32
------------------------------------------------------
Using device: cuda

[RESUME] Found successfully completed run in tuning_runs/bp_Hybrid_Focal_s42_1782543643.
[RESUME] Skipping training to save compute!

------------------------------------------------------
  Tuning Run 3 / 54
  Ontology: biological_process | LR: 1e-4 | Dropout: 0.3 | Batch: 16
------------------------------------------------------
Using device: cuda

[RESUME] Found successfully completed run in tuning_runs/bp_Hybrid_Focal_s42_1782550761.
[RESUME] Skipping training to save compute!

------------------------------------------------------
  Tuning Run 4 / 54
  Ontology: biological_process | LR: 1e-4 | Dropout: 0.3 | Batch: 32
------------------------------------------------------
Using device: cuda

[RESUME] Found successfully completed run in tuning_runs/bp_Hybrid_Focal_s42_1782556077.
[RESUME] Skipping training to save compute!

------------------------------------------------------
  Tuning Run 5 / 54
  Ontology: biological_process | LR: 1e-4 | Dropout: 0.4 | Batch: 16
------------------------------------------------------
Using device: cuda

[RESUME] Found successfully completed run in tuning_runs/bp_Hybrid_Focal_s42_1782561788.
[RESUME] Skipping training to save compute!

------------------------------------------------------
  Tuning Run 6 / 54
  Ontology: biological_process | LR: 1e-4 | Dropout: 0.4 | Batch: 32
------------------------------------------------------
Using device: cuda

[RESUME] Found successfully completed run in tuning_runs/bp_Hybrid_Focal_s42_1782567234.
[RESUME] Skipping training to save compute!

------------------------------------------------------
  Tuning Run 7 / 54
  Ontology: biological_process | LR: 5e-4 | Dropout: 0.2 | Batch: 16
------------------------------------------------------
Using device: cuda

[RESUME] Found successfully completed run in tuning_runs/bp_Hybrid_Focal_s42_1782575007.
[RESUME] Skipping training to save compute!

------------------------------------------------------
  Tuning Run 8 / 54
  Ontology: biological_process | LR: 5e-4 | Dropout: 0.2 | Batch: 32
------------------------------------------------------
Using device: cuda

[RESUME] Found successfully completed run in tuning_runs/bp_Hybrid_Focal_s42_1782580718.
[RESUME] Skipping training to save compute!

------------------------------------------------------
  Tuning Run 9 / 54
  Ontology: biological_process | LR: 5e-4 | Dropout: 0.3 | Batch: 16
------------------------------------------------------
Using device: cuda

[RESUME] Found successfully completed run in tuning_runs/bp_Hybrid_Focal_s42_1782589439.
[RESUME] Skipping training to save compute!

------------------------------------------------------
  Tuning Run 10 / 54
  Ontology: biological_process | LR: 5e-4 | Dropout: 0.3 | Batch: 32
------------------------------------------------------
Using device: cuda

[RESUME] Found successfully completed run in tuning_runs/bp_Hybrid_Focal_lr0.0005_dp0.3_bs32_s42.
[RESUME] Skipping training to save compute!

------------------------------------------------------
  Tuning Run 11 / 54
  Ontology: biological_process | LR: 5e-4 | Dropout: 0.4 | Batch: 16
------------------------------------------------------
Using device: cuda

[RESUME] Found successfully completed run in tuning_runs/bp_Hybrid_Focal_lr0.0005_dp0.4_bs16_s42.
[RESUME] Skipping training to save compute!

------------------------------------------------------
  Tuning Run 12 / 54
  Ontology: biological_process | LR: 5e-4 | Dropout: 0.4 | Batch: 32
------------------------------------------------------
Using device: cuda

[RESUME] Found successfully completed run in tuning_runs/bp_Hybrid_Focal_lr0.0005_dp0.4_bs32_s42.
[RESUME] Skipping training to save compute!

------------------------------------------------------
  Tuning Run 13 / 54
  Ontology: biological_process | LR: 1e-3 | Dropout: 0.2 | Batch: 16
------------------------------------------------------
