========================================================
Job ID        : 44308031
Node          : mlg4
CPUs          : 8
Start time    : Fri Jun 26 23:41:34 MDT 2026
Project dir   : /home/ganeshiny.sridharan/dgg/deep-green-GO
Log .out      : /home/ganeshiny.sridharan/dgg/deep-green-GO/logs/deepgreengo_44308031.out
Log .err      : /home/ganeshiny.sridharan/dgg/deep-green-GO/logs/deepgreengo_44308031.err
========================================================
Python : /home/ganeshiny.sridharan/miniconda3/envs/deepgreengo/bin/python
PyTorch: 2.4.1
CUDA   : NVIDIA L40S
Scratch dir   : /scratch/44308031
CMAP_THREADS  : 8
========================================================
Running sequentially for all ontologies (Warning: May timeout)
  [33m▸[0m Project root: /home/ganeshiny.sridharan/dgg/deep-green-GO
  [33m▸[0m Settings: EPOCHS=1000  BATCH=32  MODEL=Hybrid  LOSS=Focal
  [33m▸[0m Ontology: biological_process
  [33m⚠[0m  Skipping preprocessing (--skip-preprocess)

[1m[32m══════════════════════════════════════════[0m
[1m[32m  Step 2.5: Hyperparameter Tuning[0m
[1m[32m══════════════════════════════════════════[0m
  [33m▸[0m Running grid search over LR, Dropout, and Batch Size for all 3 ontologies.
=========================================
  DeepGreenGO Hyperparameter Tuning
=========================================
Dataset: preprocessing/data/split_files/datasets.pkl
Output Directory: tuning_runs

------------------------------------------------------
  Tuning Run 1 / 54
  Ontology: biological_process | LR: 1e-4 | Dropout: 0.2 | Batch: 16
------------------------------------------------------
Using device: cuda
Loading datasets from preprocessing/data/split_files/datasets.pkl for biological_process...
Alpha weights not found. Using default FocalLoss (alpha=0.25, gamma=4.0).
Epoch 001 | Loss: 0.0133 | Val MiFmax: 0.0576 | Val MaFmax: 0.0802 | Val Smin: 68.9279
  --> New best model saved!
Epoch 002 | Loss: 0.0095 | Val MiFmax: 0.0958 | Val MaFmax: 0.0935 | Val Smin: 68.5599
  --> New best model saved!
Epoch 003 | Loss: 0.0047 | Val MiFmax: 0.1639 | Val MaFmax: 0.1018 | Val Smin: 67.2276
  --> New best model saved!
Epoch 004 | Loss: 0.0024 | Val MiFmax: 0.1727 | Val MaFmax: 0.1149 | Val Smin: 67.4057
  --> New best model saved!
Epoch 005 | Loss: 0.0017 | Val MiFmax: 0.2729 | Val MaFmax: 0.1895 | Val Smin: 62.6139
  --> New best model saved!
Epoch 006 | Loss: 0.0013 | Val MiFmax: 0.3840 | Val MaFmax: 0.3557 | Val Smin: 55.8738
  --> New best model saved!
Epoch 007 | Loss: 0.0010 | Val MiFmax: 0.4697 | Val MaFmax: 0.4688 | Val Smin: 49.5974
  --> New best model saved!
Epoch 008 | Loss: 0.0008 | Val MiFmax: 0.5407 | Val MaFmax: 0.5310 | Val Smin: 43.3147
  --> New best model saved!
Epoch 009 | Loss: 0.0006 | Val MiFmax: 0.5812 | Val MaFmax: 0.5728 | Val Smin: 39.8047
  --> New best model saved!
Epoch 010 | Loss: 0.0005 | Val MiFmax: 0.6119 | Val MaFmax: 0.5967 | Val Smin: 37.1545
  --> New best model saved!
Epoch 011 | Loss: 0.0004 | Val MiFmax: 0.6408 | Val MaFmax: 0.6306 | Val Smin: 34.6004
  --> New best model saved!
Epoch 012 | Loss: 0.0003 | Val MiFmax: 0.6495 | Val MaFmax: 0.6498 | Val Smin: 34.0270
  --> New best model saved!
Epoch 013 | Loss: 0.0003 | Val MiFmax: 0.6540 | Val MaFmax: 0.6654 | Val Smin: 33.5651
  --> New best model saved!
Epoch 014 | Loss: 0.0003 | Val MiFmax: 0.6588 | Val MaFmax: 0.6754 | Val Smin: 33.5847
  --> New best model saved!
Epoch 015 | Loss: 0.0002 | Val MiFmax: 0.6807 | Val MaFmax: 0.6887 | Val Smin: 31.2800
  --> New best model saved!
Epoch 016 | Loss: 0.0002 | Val MiFmax: 0.6809 | Val MaFmax: 0.7017 | Val Smin: 31.1168
  --> New best model saved!
Epoch 017 | Loss: 0.0002 | Val MiFmax: 0.6830 | Val MaFmax: 0.7016 | Val Smin: 31.3206
Epoch 018 | Loss: 0.0002 | Val MiFmax: 0.7042 | Val MaFmax: 0.7047 | Val Smin: 29.3972
  --> New best model saved!
Epoch 019 | Loss: 0.0001 | Val MiFmax: 0.7063 | Val MaFmax: 0.7077 | Val Smin: 29.3656
  --> New best model saved!
Epoch 020 | Loss: 0.0001 | Val MiFmax: 0.7043 | Val MaFmax: 0.7152 | Val Smin: 29.2294
  --> New best model saved!
Epoch 021 | Loss: 0.0001 | Val MiFmax: 0.7162 | Val MaFmax: 0.7071 | Val Smin: 28.5480
Epoch 022 | Loss: 0.0001 | Val MiFmax: 0.7136 | Val MaFmax: 0.7179 | Val Smin: 28.6202
  --> New best model saved!
Epoch 023 | Loss: 0.0001 | Val MiFmax: 0.7140 | Val MaFmax: 0.7009 | Val Smin: 28.5008
Epoch 024 | Loss: 0.0001 | Val MiFmax: 0.7188 | Val MaFmax: 0.7193 | Val Smin: 27.7495
  --> New best model saved!
Epoch 025 | Loss: 0.0001 | Val MiFmax: 0.7169 | Val MaFmax: 0.7151 | Val Smin: 28.0017
Epoch 026 | Loss: 0.0001 | Val MiFmax: 0.7317 | Val MaFmax: 0.7164 | Val Smin: 26.8862
Epoch 027 | Loss: 0.0001 | Val MiFmax: 0.7310 | Val MaFmax: 0.7225 | Val Smin: 26.9348
  --> New best model saved!
Epoch 028 | Loss: 0.0001 | Val MiFmax: 0.7231 | Val MaFmax: 0.7208 | Val Smin: 27.7814
Epoch 029 | Loss: 0.0001 | Val MiFmax: 0.7341 | Val MaFmax: 0.7249 | Val Smin: 26.5709
  --> New best model saved!
Epoch 030 | Loss: 0.0001 | Val MiFmax: 0.7350 | Val MaFmax: 0.7299 | Val Smin: 26.6124
  --> New best model saved!
Epoch 031 | Loss: 0.0001 | Val MiFmax: 0.7245 | Val MaFmax: 0.7123 | Val Smin: 27.4154
Epoch 032 | Loss: 0.0001 | Val MiFmax: 0.7168 | Val MaFmax: 0.7190 | Val Smin: 28.0057
Epoch 033 | Loss: 0.0001 | Val MiFmax: 0.7237 | Val MaFmax: 0.7245 | Val Smin: 27.4455
Epoch 034 | Loss: 0.0000 | Val MiFmax: 0.7357 | Val MaFmax: 0.7252 | Val Smin: 26.6143
Epoch 035 | Loss: 0.0000 | Val MiFmax: 0.7344 | Val MaFmax: 0.7239 | Val Smin: 26.5648
Epoch 036 | Loss: 0.0001 | Val MiFmax: 0.7322 | Val MaFmax: 0.7159 | Val Smin: 26.7250
Epoch 037 | Loss: 0.0000 | Val MiFmax: 0.7375 | Val MaFmax: 0.7284 | Val Smin: 26.1106
Epoch 038 | Loss: 0.0000 | Val MiFmax: 0.7420 | Val MaFmax: 0.7291 | Val Smin: 25.8203
Epoch 039 | Loss: 0.0000 | Val MiFmax: 0.7443 | Val MaFmax: 0.7321 | Val Smin: 25.6404
  --> New best model saved!
Epoch 040 | Loss: 0.0000 | Val MiFmax: 0.7464 | Val MaFmax: 0.7273 | Val Smin: 25.5680
Epoch 041 | Loss: 0.0000 | Val MiFmax: 0.7418 | Val MaFmax: 0.7306 | Val Smin: 25.7802
Epoch 042 | Loss: 0.0000 | Val MiFmax: 0.7445 | Val MaFmax: 0.7270 | Val Smin: 25.6007
Epoch 043 | Loss: 0.0000 | Val MiFmax: 0.7435 | Val MaFmax: 0.7314 | Val Smin: 25.9129
Epoch 044 | Loss: 0.0000 | Val MiFmax: 0.7450 | Val MaFmax: 0.7328 | Val Smin: 25.5958
  --> New best model saved!
Epoch 045 | Loss: 0.0000 | Val MiFmax: 0.7387 | Val MaFmax: 0.7302 | Val Smin: 26.0692
Epoch 046 | Loss: 0.0000 | Val MiFmax: 0.7404 | Val MaFmax: 0.7325 | Val Smin: 25.9994
Epoch 047 | Loss: 0.0000 | Val MiFmax: 0.7424 | Val MaFmax: 0.7293 | Val Smin: 25.9262
Epoch 048 | Loss: 0.0000 | Val MiFmax: 0.7491 | Val MaFmax: 0.7283 | Val Smin: 25.4161
Epoch 049 | Loss: 0.0000 | Val MiFmax: 0.7389 | Val MaFmax: 0.7284 | Val Smin: 26.0325
Epoch 050 | Loss: 0.0000 | Val MiFmax: 0.7447 | Val MaFmax: 0.7272 | Val Smin: 25.7905
Epoch 051 | Loss: 0.0000 | Val MiFmax: 0.7466 | Val MaFmax: 0.7311 | Val Smin: 25.6235
Epoch 052 | Loss: 0.0000 | Val MiFmax: 0.7451 | Val MaFmax: 0.7281 | Val Smin: 25.8725
Epoch 053 | Loss: 0.0000 | Val MiFmax: 0.7470 | Val MaFmax: 0.7304 | Val Smin: 25.5183
Epoch 054 | Loss: 0.0000 | Val MiFmax: 0.7458 | Val MaFmax: 0.7295 | Val Smin: 25.5765
Epoch 055 | Loss: 0.0000 | Val MiFmax: 0.7447 | Val MaFmax: 0.7278 | Val Smin: 25.7425
Epoch 056 | Loss: 0.0000 | Val MiFmax: 0.7497 | Val MaFmax: 0.7276 | Val Smin: 25.2706
Epoch 057 | Loss: 0.0000 | Val MiFmax: 0.7475 | Val MaFmax: 0.7295 | Val Smin: 25.4559
Epoch 058 | Loss: 0.0000 | Val MiFmax: 0.7483 | Val MaFmax: 0.7291 | Val Smin: 25.4068
Epoch 059 | Loss: 0.0000 | Val MiFmax: 0.7484 | Val MaFmax: 0.7316 | Val Smin: 25.3454
Early stopping triggered after 59 epochs.
Training finished. Evaluating on Test Set...

--- TEST METRICS ---
Micro_Fmax: 0.6706
Macro_Fmax: 0.6579
Macro_AUROC: 0.8629
Micro_AUROC: 0.8520
Macro_AUPRC: 0.6123
Micro_AUPRC: 0.6324
Smin: 35.6213
------------------------------------------------------
  Tuning Run 2 / 54
  Ontology: biological_process | LR: 1e-4 | Dropout: 0.2 | Batch: 32
------------------------------------------------------
Using device: cuda
Loading datasets from preprocessing/data/split_files/datasets.pkl for biological_process...
Alpha weights not found. Using default FocalLoss (alpha=0.25, gamma=4.0).
Epoch 001 | Loss: 0.0140 | Val MiFmax: 0.0595 | Val MaFmax: 0.0798 | Val Smin: 69.0007
  --> New best model saved!
Epoch 002 | Loss: 0.0121 | Val MiFmax: 0.0621 | Val MaFmax: 0.0861 | Val Smin: 68.8891
  --> New best model saved!
Epoch 003 | Loss: 0.0101 | Val MiFmax: 0.0892 | Val MaFmax: 0.0900 | Val Smin: 68.7405
  --> New best model saved!
Epoch 004 | Loss: 0.0072 | Val MiFmax: 0.1082 | Val MaFmax: 0.0959 | Val Smin: 67.9722
  --> New best model saved!
Epoch 005 | Loss: 0.0045 | Val MiFmax: 0.1599 | Val MaFmax: 0.1024 | Val Smin: 67.0965
  --> New best model saved!
Epoch 006 | Loss: 0.0030 | Val MiFmax: 0.1755 | Val MaFmax: 0.1108 | Val Smin: 66.6665
  --> New best model saved!
Epoch 007 | Loss: 0.0022 | Val MiFmax: 0.2033 | Val MaFmax: 0.1267 | Val Smin: 66.0527
  --> New best model saved!
Epoch 008 | Loss: 0.0018 | Val MiFmax: 0.2740 | Val MaFmax: 0.1804 | Val Smin: 62.2614
  --> New best model saved!
Epoch 009 | Loss: 0.0015 | Val MiFmax: 0.3195 | Val MaFmax: 0.2778 | Val Smin: 59.2128
  --> New best model saved!
Epoch 010 | Loss: 0.0012 | Val MiFmax: 0.3703 | Val MaFmax: 0.3405 | Val Smin: 56.8114
  --> New best model saved!
Epoch 011 | Loss: 0.0010 | Val MiFmax: 0.4436 | Val MaFmax: 0.4329 | Val Smin: 51.5256
  --> New best model saved!
Epoch 012 | Loss: 0.0009 | Val MiFmax: 0.4939 | Val MaFmax: 0.4808 | Val Smin: 47.5425
  --> New best model saved!
Epoch 013 | Loss: 0.0007 | Val MiFmax: 0.5473 | Val MaFmax: 0.5378 | Val Smin: 42.7338
  --> New best model saved!
Epoch 014 | Loss: 0.0006 | Val MiFmax: 0.5701 | Val MaFmax: 0.5626 | Val Smin: 40.8625
  --> New best model saved!
Epoch 015 | Loss: 0.0005 | Val MiFmax: 0.5891 | Val MaFmax: 0.5858 | Val Smin: 39.3714
  --> New best model saved!
Epoch 016 | Loss: 0.0005 | Val MiFmax: 0.6033 | Val MaFmax: 0.6036 | Val Smin: 38.2514
  --> New best model saved!
Epoch 017 | Loss: 0.0004 | Val MiFmax: 0.6198 | Val MaFmax: 0.6239 | Val Smin: 37.0780
  --> New best model saved!
Epoch 018 | Loss: 0.0004 | Val MiFmax: 0.6338 | Val MaFmax: 0.6512 | Val Smin: 35.9103
  --> New best model saved!
Epoch 019 | Loss: 0.0003 | Val MiFmax: 0.6471 | Val MaFmax: 0.6488 | Val Smin: 34.6244
Epoch 020 | Loss: 0.0003 | Val MiFmax: 0.6512 | Val MaFmax: 0.6681 | Val Smin: 34.3092
  --> New best model saved!
Epoch 021 | Loss: 0.0003 | Val MiFmax: 0.6637 | Val MaFmax: 0.6751 | Val Smin: 33.2885
  --> New best model saved!
Epoch 022 | Loss: 0.0002 | Val MiFmax: 0.6720 | Val MaFmax: 0.6852 | Val Smin: 32.6502
  --> New best model saved!
Epoch 023 | Loss: 0.0002 | Val MiFmax: 0.6763 | Val MaFmax: 0.6852 | Val Smin: 32.3636
  --> New best model saved!
Epoch 024 | Loss: 0.0002 | Val MiFmax: 0.6823 | Val MaFmax: 0.6866 | Val Smin: 31.9132
  --> New best model saved!
Epoch 025 | Loss: 0.0002 | Val MiFmax: 0.6827 | Val MaFmax: 0.6903 | Val Smin: 31.5594
  --> New best model saved!
Epoch 026 | Loss: 0.0002 | Val MiFmax: 0.6935 | Val MaFmax: 0.7035 | Val Smin: 30.6663
  --> New best model saved!
Epoch 027 | Loss: 0.0002 | Val MiFmax: 0.6957 | Val MaFmax: 0.7038 | Val Smin: 30.8829
  --> New best model saved!
Epoch 028 | Loss: 0.0001 | Val MiFmax: 0.6916 | Val MaFmax: 0.7041 | Val Smin: 31.0872
  --> New best model saved!
Epoch 029 | Loss: 0.0001 | Val MiFmax: 0.7013 | Val MaFmax: 0.7053 | Val Smin: 30.1199
  --> New best model saved!
Epoch 030 | Loss: 0.0001 | Val MiFmax: 0.7079 | Val MaFmax: 0.7121 | Val Smin: 29.5331
  --> New best model saved!
Epoch 031 | Loss: 0.0001 | Val MiFmax: 0.6986 | Val MaFmax: 0.7052 | Val Smin: 30.3981
Epoch 032 | Loss: 0.0001 | Val MiFmax: 0.7047 | Val MaFmax: 0.7158 | Val Smin: 29.6638
  --> New best model saved!
Epoch 033 | Loss: 0.0001 | Val MiFmax: 0.7031 | Val MaFmax: 0.7089 | Val Smin: 29.8161
Epoch 034 | Loss: 0.0001 | Val MiFmax: 0.7098 | Val MaFmax: 0.7116 | Val Smin: 29.5301
Epoch 035 | Loss: 0.0001 | Val MiFmax: 0.7109 | Val MaFmax: 0.7169 | Val Smin: 29.4877
  --> New best model saved!
Epoch 036 | Loss: 0.0001 | Val MiFmax: 0.7132 | Val MaFmax: 0.7183 | Val Smin: 28.8476
  --> New best model saved!
Epoch 037 | Loss: 0.0001 | Val MiFmax: 0.7104 | Val MaFmax: 0.7186 | Val Smin: 29.2767
  --> New best model saved!
Epoch 038 | Loss: 0.0001 | Val MiFmax: 0.7062 | Val MaFmax: 0.7183 | Val Smin: 29.3356
Epoch 039 | Loss: 0.0001 | Val MiFmax: 0.7102 | Val MaFmax: 0.7172 | Val Smin: 29.1609
Epoch 040 | Loss: 0.0001 | Val MiFmax: 0.7194 | Val MaFmax: 0.7231 | Val Smin: 28.3845
  --> New best model saved!
Epoch 041 | Loss: 0.0001 | Val MiFmax: 0.7170 | Val MaFmax: 0.7250 | Val Smin: 28.4240
  --> New best model saved!
Epoch 042 | Loss: 0.0001 | Val MiFmax: 0.7172 | Val MaFmax: 0.7213 | Val Smin: 28.5350
Epoch 043 | Loss: 0.0001 | Val MiFmax: 0.7083 | Val MaFmax: 0.7163 | Val Smin: 29.5170
Epoch 044 | Loss: 0.0001 | Val MiFmax: 0.7191 | Val MaFmax: 0.7236 | Val Smin: 28.4499
Epoch 045 | Loss: 0.0000 | Val MiFmax: 0.7225 | Val MaFmax: 0.7272 | Val Smin: 27.9488
  --> New best model saved!
Epoch 046 | Loss: 0.0000 | Val MiFmax: 0.7177 | Val MaFmax: 0.7241 | Val Smin: 28.6469
Epoch 047 | Loss: 0.0000 | Val MiFmax: 0.7185 | Val MaFmax: 0.7252 | Val Smin: 28.7150
Epoch 048 | Loss: 0.0001 | Val MiFmax: 0.7143 | Val MaFmax: 0.7237 | Val Smin: 28.9019
Epoch 049 | Loss: 0.0001 | Val MiFmax: 0.7140 | Val MaFmax: 0.7260 | Val Smin: 28.5758
Epoch 050 | Loss: 0.0000 | Val MiFmax: 0.7132 | Val MaFmax: 0.7195 | Val Smin: 28.6660
Epoch 051 | Loss: 0.0000 | Val MiFmax: 0.7166 | Val MaFmax: 0.7254 | Val Smin: 28.6902
Epoch 052 | Loss: 0.0000 | Val MiFmax: 0.7183 | Val MaFmax: 0.7242 | Val Smin: 28.3516
Epoch 053 | Loss: 0.0000 | Val MiFmax: 0.7200 | Val MaFmax: 0.7246 | Val Smin: 28.3489
Epoch 054 | Loss: 0.0000 | Val MiFmax: 0.7225 | Val MaFmax: 0.7248 | Val Smin: 27.9126
Epoch 055 | Loss: 0.0000 | Val MiFmax: 0.7214 | Val MaFmax: 0.7268 | Val Smin: 27.9941
Epoch 056 | Loss: 0.0000 | Val MiFmax: 0.7204 | Val MaFmax: 0.7264 | Val Smin: 28.1121
Epoch 057 | Loss: 0.0000 | Val MiFmax: 0.7195 | Val MaFmax: 0.7233 | Val Smin: 28.2814
Epoch 058 | Loss: 0.0000 | Val MiFmax: 0.7213 | Val MaFmax: 0.7275 | Val Smin: 28.1324
  --> New best model saved!
Epoch 059 | Loss: 0.0000 | Val MiFmax: 0.7206 | Val MaFmax: 0.7268 | Val Smin: 28.1957
Epoch 060 | Loss: 0.0000 | Val MiFmax: 0.7215 | Val MaFmax: 0.7253 | Val Smin: 28.0603
Epoch 061 | Loss: 0.0000 | Val MiFmax: 0.7229 | Val MaFmax: 0.7252 | Val Smin: 27.9626
Epoch 062 | Loss: 0.0000 | Val MiFmax: 0.7226 | Val MaFmax: 0.7260 | Val Smin: 27.9783
Epoch 063 | Loss: 0.0000 | Val MiFmax: 0.7229 | Val MaFmax: 0.7259 | Val Smin: 27.9105
Epoch 064 | Loss: 0.0000 | Val MiFmax: 0.7244 | Val MaFmax: 0.7251 | Val Smin: 27.7995
Epoch 065 | Loss: 0.0000 | Val MiFmax: 0.7244 | Val MaFmax: 0.7260 | Val Smin: 27.8968
Epoch 066 | Loss: 0.0000 | Val MiFmax: 0.7262 | Val MaFmax: 0.7261 | Val Smin: 27.7569
Epoch 067 | Loss: 0.0000 | Val MiFmax: 0.7256 | Val MaFmax: 0.7272 | Val Smin: 27.8451
Epoch 068 | Loss: 0.0000 | Val MiFmax: 0.7262 | Val MaFmax: 0.7257 | Val Smin: 27.7783
Epoch 069 | Loss: 0.0000 | Val MiFmax: 0.7246 | Val MaFmax: 0.7254 | Val Smin: 27.8357
Epoch 070 | Loss: 0.0000 | Val MiFmax: 0.7258 | Val MaFmax: 0.7261 | Val Smin: 27.7814
Epoch 071 | Loss: 0.0000 | Val MiFmax: 0.7262 | Val MaFmax: 0.7265 | Val Smin: 27.7580
Epoch 072 | Loss: 0.0000 | Val MiFmax: 0.7263 | Val MaFmax: 0.7269 | Val Smin: 27.8316
Epoch 073 | Loss: 0.0000 | Val MiFmax: 0.7263 | Val MaFmax: 0.7276 | Val Smin: 27.7316
  --> New best model saved!
Epoch 074 | Loss: 0.0000 | Val MiFmax: 0.7258 | Val MaFmax: 0.7279 | Val Smin: 27.7999
  --> New best model saved!
Epoch 075 | Loss: 0.0000 | Val MiFmax: 0.7255 | Val MaFmax: 0.7276 | Val Smin: 27.7748
Epoch 076 | Loss: 0.0000 | Val MiFmax: 0.7272 | Val MaFmax: 0.7274 | Val Smin: 27.8209
Epoch 077 | Loss: 0.0000 | Val MiFmax: 0.7267 | Val MaFmax: 0.7277 | Val Smin: 27.6094
Epoch 078 | Loss: 0.0000 | Val MiFmax: 0.7268 | Val MaFmax: 0.7273 | Val Smin: 27.6709
Epoch 079 | Loss: 0.0000 | Val MiFmax: 0.7276 | Val MaFmax: 0.7267 | Val Smin: 27.6810
Epoch 080 | Loss: 0.0000 | Val MiFmax: 0.7274 | Val MaFmax: 0.7260 | Val Smin: 27.6934
Epoch 081 | Loss: 0.0000 | Val MiFmax: 0.7260 | Val MaFmax: 0.7268 | Val Smin: 27.5585
Epoch 082 | Loss: 0.0000 | Val MiFmax: 0.7272 | Val MaFmax: 0.7274 | Val Smin: 27.4745
Epoch 083 | Loss: 0.0000 | Val MiFmax: 0.7259 | Val MaFmax: 0.7278 | Val Smin: 27.5484
Epoch 084 | Loss: 0.0000 | Val MiFmax: 0.7278 | Val MaFmax: 0.7281 | Val Smin: 27.4963
  --> New best model saved!
Epoch 085 | Loss: 0.0000 | Val MiFmax: 0.7271 | Val MaFmax: 0.7274 | Val Smin: 27.4306
Epoch 086 | Loss: 0.0000 | Val MiFmax: 0.7262 | Val MaFmax: 0.7279 | Val Smin: 27.4921
Epoch 087 | Loss: 0.0000 | Val MiFmax: 0.7272 | Val MaFmax: 0.7275 | Val Smin: 27.4916
Epoch 088 | Loss: 0.0000 | Val MiFmax: 0.7254 | Val MaFmax: 0.7267 | Val Smin: 27.4191
Epoch 089 | Loss: 0.0000 | Val MiFmax: 0.7261 | Val MaFmax: 0.7270 | Val Smin: 27.6147
Epoch 090 | Loss: 0.0000 | Val MiFmax: 0.7267 | Val MaFmax: 0.7264 | Val Smin: 27.4916
Epoch 091 | Loss: 0.0000 | Val MiFmax: 0.7257 | Val MaFmax: 0.7272 | Val Smin: 27.5697
Epoch 092 | Loss: 0.0000 | Val MiFmax: 0.7260 | Val MaFmax: 0.7267 | Val Smin: 27.6886
Epoch 093 | Loss: 0.0000 | Val MiFmax: 0.7271 | Val MaFmax: 0.7264 | Val Smin: 27.5156
Epoch 094 | Loss: 0.0000 | Val MiFmax: 0.7257 | Val MaFmax: 0.7277 | Val Smin: 27.4614
Epoch 095 | Loss: 0.0000 | Val MiFmax: 0.7258 | Val MaFmax: 0.7270 | Val Smin: 27.5764
Epoch 096 | Loss: 0.0000 | Val MiFmax: 0.7275 | Val MaFmax: 0.7264 | Val Smin: 27.6423
Epoch 097 | Loss: 0.0000 | Val MiFmax: 0.7262 | Val MaFmax: 0.7279 | Val Smin: 27.6639
Epoch 098 | Loss: 0.0000 | Val MiFmax: 0.7259 | Val MaFmax: 0.7266 | Val Smin: 27.7392
Epoch 099 | Loss: 0.0000 | Val MiFmax: 0.7258 | Val MaFmax: 0.7275 | Val Smin: 27.8080
Early stopping triggered after 99 epochs.
Training finished. Evaluating on Test Set...

--- TEST METRICS ---
Micro_Fmax: 0.6696
Macro_Fmax: 0.6570
Macro_AUROC: 0.8441
Micro_AUROC: 0.8359
Macro_AUPRC: 0.6081
Micro_AUPRC: 0.6271
Smin: 35.9636
------------------------------------------------------
  Tuning Run 3 / 54
  Ontology: biological_process | LR: 1e-4 | Dropout: 0.3 | Batch: 16
------------------------------------------------------
Using device: cuda
Loading datasets from preprocessing/data/split_files/datasets.pkl for biological_process...
Alpha weights not found. Using default FocalLoss (alpha=0.25, gamma=4.0).
Epoch 001 | Loss: 0.0152 | Val MiFmax: 0.0559 | Val MaFmax: 0.0780 | Val Smin: 68.9423
  --> New best model saved!
Epoch 002 | Loss: 0.0112 | Val MiFmax: 0.0733 | Val MaFmax: 0.0830 | Val Smin: 68.8972
  --> New best model saved!
Epoch 003 | Loss: 0.0061 | Val MiFmax: 0.1445 | Val MaFmax: 0.0916 | Val Smin: 67.8649
  --> New best model saved!
Epoch 004 | Loss: 0.0031 | Val MiFmax: 0.1617 | Val MaFmax: 0.0939 | Val Smin: 67.4191
  --> New best model saved!
Epoch 005 | Loss: 0.0021 | Val MiFmax: 0.1846 | Val MaFmax: 0.1165 | Val Smin: 66.5942
  --> New best model saved!
Epoch 006 | Loss: 0.0017 | Val MiFmax: 0.2573 | Val MaFmax: 0.1683 | Val Smin: 62.9689
  --> New best model saved!
Epoch 007 | Loss: 0.0014 | Val MiFmax: 0.3303 | Val MaFmax: 0.2560 | Val Smin: 59.1507
  --> New best model saved!
Epoch 008 | Loss: 0.0011 | Val MiFmax: 0.4057 | Val MaFmax: 0.3678 | Val Smin: 55.3906
  --> New best model saved!
Epoch 009 | Loss: 0.0010 | Val MiFmax: 0.4618 | Val MaFmax: 0.4389 | Val Smin: 50.5462
  --> New best model saved!
Epoch 010 | Loss: 0.0008 | Val MiFmax: 0.5119 | Val MaFmax: 0.5077 | Val Smin: 46.3299
  --> New best model saved!
Epoch 011 | Loss: 0.0007 | Val MiFmax: 0.5527 | Val MaFmax: 0.5417 | Val Smin: 42.7249
  --> New best model saved!
Epoch 012 | Loss: 0.0006 | Val MiFmax: 0.5899 | Val MaFmax: 0.5821 | Val Smin: 39.0848
  --> New best model saved!
Epoch 013 | Loss: 0.0005 | Val MiFmax: 0.6082 | Val MaFmax: 0.6026 | Val Smin: 37.5557
  --> New best model saved!
Epoch 014 | Loss: 0.0004 | Val MiFmax: 0.6123 | Val MaFmax: 0.6091 | Val Smin: 37.1041
  --> New best model saved!
Epoch 015 | Loss: 0.0004 | Val MiFmax: 0.6329 | Val MaFmax: 0.6368 | Val Smin: 35.3222
  --> New best model saved!
Epoch 016 | Loss: 0.0004 | Val MiFmax: 0.6483 | Val MaFmax: 0.6600 | Val Smin: 33.9989
  --> New best model saved!
Epoch 017 | Loss: 0.0003 | Val MiFmax: 0.6530 | Val MaFmax: 0.6652 | Val Smin: 33.4581
  --> New best model saved!
Epoch 018 | Loss: 0.0003 | Val MiFmax: 0.6716 | Val MaFmax: 0.6811 | Val Smin: 32.1000
  --> New best model saved!
Epoch 019 | Loss: 0.0002 | Val MiFmax: 0.6650 | Val MaFmax: 0.6777 | Val Smin: 32.5999
Epoch 020 | Loss: 0.0002 | Val MiFmax: 0.6770 | Val MaFmax: 0.6815 | Val Smin: 31.6962
  --> New best model saved!
Epoch 021 | Loss: 0.0002 | Val MiFmax: 0.6875 | Val MaFmax: 0.6957 | Val Smin: 30.7360
  --> New best model saved!
Epoch 022 | Loss: 0.0002 | Val MiFmax: 0.6657 | Val MaFmax: 0.6914 | Val Smin: 32.3125
Epoch 023 | Loss: 0.0002 | Val MiFmax: 0.6830 | Val MaFmax: 0.6901 | Val Smin: 30.9969
Epoch 024 | Loss: 0.0002 | Val MiFmax: 0.6991 | Val MaFmax: 0.7048 | Val Smin: 29.5611
  --> New best model saved!
Epoch 025 | Loss: 0.0001 | Val MiFmax: 0.6915 | Val MaFmax: 0.7033 | Val Smin: 30.0469
Epoch 026 | Loss: 0.0001 | Val MiFmax: 0.6926 | Val MaFmax: 0.6926 | Val Smin: 30.0523
Epoch 027 | Loss: 0.0001 | Val MiFmax: 0.7106 | Val MaFmax: 0.7088 | Val Smin: 28.6397
  --> New best model saved!
Epoch 028 | Loss: 0.0001 | Val MiFmax: 0.7123 | Val MaFmax: 0.7154 | Val Smin: 28.3986
  --> New best model saved!
Epoch 029 | Loss: 0.0001 | Val MiFmax: 0.7077 | Val MaFmax: 0.7107 | Val Smin: 28.6669
Epoch 030 | Loss: 0.0001 | Val MiFmax: 0.7179 | Val MaFmax: 0.7145 | Val Smin: 27.9329
Epoch 031 | Loss: 0.0001 | Val MiFmax: 0.7196 | Val MaFmax: 0.7194 | Val Smin: 27.8188
  --> New best model saved!
Epoch 032 | Loss: 0.0001 | Val MiFmax: 0.7288 | Val MaFmax: 0.7181 | Val Smin: 26.9908
Epoch 033 | Loss: 0.0001 | Val MiFmax: 0.7218 | Val MaFmax: 0.7218 | Val Smin: 27.8846
  --> New best model saved!
Epoch 034 | Loss: 0.0001 | Val MiFmax: 0.6951 | Val MaFmax: 0.7041 | Val Smin: 30.4078
Epoch 035 | Loss: 0.0001 | Val MiFmax: 0.7068 | Val MaFmax: 0.7142 | Val Smin: 29.2844
Epoch 036 | Loss: 0.0001 | Val MiFmax: 0.7244 | Val MaFmax: 0.7174 | Val Smin: 27.5020
Epoch 037 | Loss: 0.0001 | Val MiFmax: 0.7277 | Val MaFmax: 0.7290 | Val Smin: 27.0975
  --> New best model saved!
Epoch 038 | Loss: 0.0001 | Val MiFmax: 0.7308 | Val MaFmax: 0.7174 | Val Smin: 26.9198
Epoch 039 | Loss: 0.0001 | Val MiFmax: 0.7294 | Val MaFmax: 0.7196 | Val Smin: 26.9696
Epoch 040 | Loss: 0.0001 | Val MiFmax: 0.7297 | Val MaFmax: 0.7196 | Val Smin: 26.9216
Epoch 041 | Loss: 0.0001 | Val MiFmax: 0.7321 | Val MaFmax: 0.7254 | Val Smin: 26.6417
Epoch 042 | Loss: 0.0001 | Val MiFmax: 0.7316 | Val MaFmax: 0.7226 | Val Smin: 26.7193
Epoch 043 | Loss: 0.0001 | Val MiFmax: 0.7299 | Val MaFmax: 0.7211 | Val Smin: 27.0511
Epoch 044 | Loss: 0.0000 | Val MiFmax: 0.7324 | Val MaFmax: 0.7266 | Val Smin: 26.8241
Epoch 045 | Loss: 0.0000 | Val MiFmax: 0.7347 | Val MaFmax: 0.7252 | Val Smin: 26.5994
Epoch 046 | Loss: 0.0000 | Val MiFmax: 0.7365 | Val MaFmax: 0.7277 | Val Smin: 26.3316
Epoch 047 | Loss: 0.0000 | Val MiFmax: 0.7347 | Val MaFmax: 0.7267 | Val Smin: 26.5780
Epoch 048 | Loss: 0.0000 | Val MiFmax: 0.7377 | Val MaFmax: 0.7257 | Val Smin: 26.2130
Epoch 049 | Loss: 0.0000 | Val MiFmax: 0.7363 | Val MaFmax: 0.7273 | Val Smin: 26.3443
Epoch 050 | Loss: 0.0000 | Val MiFmax: 0.7408 | Val MaFmax: 0.7285 | Val Smin: 26.1120
Epoch 051 | Loss: 0.0000 | Val MiFmax: 0.7396 | Val MaFmax: 0.7309 | Val Smin: 26.0838
  --> New best model saved!
Epoch 052 | Loss: 0.0000 | Val MiFmax: 0.7404 | Val MaFmax: 0.7278 | Val Smin: 26.1048
Epoch 053 | Loss: 0.0000 | Val MiFmax: 0.7392 | Val MaFmax: 0.7298 | Val Smin: 26.3348
Epoch 054 | Loss: 0.0000 | Val MiFmax: 0.7395 | Val MaFmax: 0.7300 | Val Smin: 26.0728
Epoch 055 | Loss: 0.0000 | Val MiFmax: 0.7409 | Val MaFmax: 0.7291 | Val Smin: 26.0650
Epoch 056 | Loss: 0.0000 | Val MiFmax: 0.7411 | Val MaFmax: 0.7276 | Val Smin: 26.0076
Epoch 057 | Loss: 0.0000 | Val MiFmax: 0.7396 | Val MaFmax: 0.7293 | Val Smin: 26.0375
Epoch 058 | Loss: 0.0000 | Val MiFmax: 0.7407 | Val MaFmax: 0.7331 | Val Smin: 25.9877
  --> New best model saved!
Epoch 059 | Loss: 0.0000 | Val MiFmax: 0.7408 | Val MaFmax: 0.7301 | Val Smin: 25.9764
Epoch 060 | Loss: 0.0000 | Val MiFmax: 0.7409 | Val MaFmax: 0.7303 | Val Smin: 25.9725
Epoch 061 | Loss: 0.0000 | Val MiFmax: 0.7418 | Val MaFmax: 0.7296 | Val Smin: 25.9300
Epoch 062 | Loss: 0.0000 | Val MiFmax: 0.7437 | Val MaFmax: 0.7305 | Val Smin: 25.7831
Epoch 063 | Loss: 0.0000 | Val MiFmax: 0.7432 | Val MaFmax: 0.7303 | Val Smin: 25.8264
Epoch 064 | Loss: 0.0000 | Val MiFmax: 0.7413 | Val MaFmax: 0.7302 | Val Smin: 25.9350
Epoch 065 | Loss: 0.0000 | Val MiFmax: 0.7420 | Val MaFmax: 0.7324 | Val Smin: 25.8675
Epoch 066 | Loss: 0.0000 | Val MiFmax: 0.7427 | Val MaFmax: 0.7308 | Val Smin: 25.8570
Epoch 067 | Loss: 0.0000 | Val MiFmax: 0.7420 | Val MaFmax: 0.7318 | Val Smin: 25.9058
Epoch 068 | Loss: 0.0000 | Val MiFmax: 0.7430 | Val MaFmax: 0.7309 | Val Smin: 25.7898
Epoch 069 | Loss: 0.0000 | Val MiFmax: 0.7426 | Val MaFmax: 0.7314 | Val Smin: 25.9299
Epoch 070 | Loss: 0.0000 | Val MiFmax: 0.7433 | Val MaFmax: 0.7313 | Val Smin: 25.8237
Epoch 071 | Loss: 0.0000 | Val MiFmax: 0.7423 | Val MaFmax: 0.7320 | Val Smin: 25.8461
Epoch 072 | Loss: 0.0000 | Val MiFmax: 0.7426 | Val MaFmax: 0.7326 | Val Smin: 25.8320
Epoch 073 | Loss: 0.0000 | Val MiFmax: 0.7428 | Val MaFmax: 0.7318 | Val Smin: 25.8602
Early stopping triggered after 73 epochs.
Training finished. Evaluating on Test Set...

--- TEST METRICS ---
Micro_Fmax: 0.6753
Macro_Fmax: 0.6586
Macro_AUROC: 0.8558
Micro_AUROC: 0.8554
Macro_AUPRC: 0.6126
Micro_AUPRC: 0.6341
Smin: 35.3478
------------------------------------------------------
  Tuning Run 4 / 54
  Ontology: biological_process | LR: 1e-4 | Dropout: 0.3 | Batch: 32
------------------------------------------------------
Using device: cuda
Loading datasets from preprocessing/data/split_files/datasets.pkl for biological_process...
Alpha weights not found. Using default FocalLoss (alpha=0.25, gamma=4.0).
Epoch 001 | Loss: 0.0159 | Val MiFmax: 0.0542 | Val MaFmax: 0.0762 | Val Smin: 69.0636
  --> New best model saved!
Epoch 002 | Loss: 0.0136 | Val MiFmax: 0.0486 | Val MaFmax: 0.0805 | Val Smin: 69.1667
  --> New best model saved!
Epoch 003 | Loss: 0.0115 | Val MiFmax: 0.0704 | Val MaFmax: 0.0865 | Val Smin: 69.0979
  --> New best model saved!
Epoch 004 | Loss: 0.0088 | Val MiFmax: 0.0818 | Val MaFmax: 0.0866 | Val Smin: 68.8534
  --> New best model saved!
Epoch 005 | Loss: 0.0060 | Val MiFmax: 0.1174 | Val MaFmax: 0.0918 | Val Smin: 68.7063
  --> New best model saved!
Epoch 006 | Loss: 0.0040 | Val MiFmax: 0.1637 | Val MaFmax: 0.0941 | Val Smin: 67.7709
  --> New best model saved!
Epoch 007 | Loss: 0.0028 | Val MiFmax: 0.1767 | Val MaFmax: 0.1031 | Val Smin: 67.3313
  --> New best model saved!
Epoch 008 | Loss: 0.0022 | Val MiFmax: 0.1912 | Val MaFmax: 0.1208 | Val Smin: 66.5226
  --> New best model saved!
Epoch 009 | Loss: 0.0019 | Val MiFmax: 0.2005 | Val MaFmax: 0.1272 | Val Smin: 66.5436
  --> New best model saved!
Epoch 010 | Loss: 0.0017 | Val MiFmax: 0.2644 | Val MaFmax: 0.1719 | Val Smin: 63.2047
  --> New best model saved!
Epoch 011 | Loss: 0.0015 | Val MiFmax: 0.3096 | Val MaFmax: 0.2191 | Val Smin: 60.1983
  --> New best model saved!
Epoch 012 | Loss: 0.0013 | Val MiFmax: 0.3577 | Val MaFmax: 0.2910 | Val Smin: 58.1558
  --> New best model saved!
Epoch 013 | Loss: 0.0011 | Val MiFmax: 0.3965 | Val MaFmax: 0.3462 | Val Smin: 55.9394
  --> New best model saved!
Epoch 014 | Loss: 0.0010 | Val MiFmax: 0.4399 | Val MaFmax: 0.4038 | Val Smin: 52.9277
  --> New best model saved!
Epoch 015 | Loss: 0.0009 | Val MiFmax: 0.4770 | Val MaFmax: 0.4506 | Val Smin: 49.6072
  --> New best model saved!
Epoch 016 | Loss: 0.0008 | Val MiFmax: 0.4955 | Val MaFmax: 0.4769 | Val Smin: 47.8050
  --> New best model saved!
Epoch 017 | Loss: 0.0007 | Val MiFmax: 0.5154 | Val MaFmax: 0.5149 | Val Smin: 46.3294
  --> New best model saved!
Epoch 018 | Loss: 0.0007 | Val MiFmax: 0.5571 | Val MaFmax: 0.5500 | Val Smin: 42.2257
  --> New best model saved!
Epoch 019 | Loss: 0.0006 | Val MiFmax: 0.5675 | Val MaFmax: 0.5456 | Val Smin: 41.4654
Epoch 020 | Loss: 0.0005 | Val MiFmax: 0.5950 | Val MaFmax: 0.5809 | Val Smin: 39.1358
  --> New best model saved!
Epoch 021 | Loss: 0.0005 | Val MiFmax: 0.6060 | Val MaFmax: 0.5984 | Val Smin: 38.3286
  --> New best model saved!
Epoch 022 | Loss: 0.0004 | Val MiFmax: 0.6060 | Val MaFmax: 0.6038 | Val Smin: 38.3351
  --> New best model saved!
Epoch 023 | Loss: 0.0004 | Val MiFmax: 0.6252 | Val MaFmax: 0.6154 | Val Smin: 36.9704
  --> New best model saved!
Epoch 024 | Loss: 0.0004 | Val MiFmax: 0.6260 | Val MaFmax: 0.6294 | Val Smin: 36.8042
  --> New best model saved!
Epoch 025 | Loss: 0.0003 | Val MiFmax: 0.6301 | Val MaFmax: 0.6409 | Val Smin: 36.3536
  --> New best model saved!
Epoch 026 | Loss: 0.0003 | Val MiFmax: 0.6500 | Val MaFmax: 0.6519 | Val Smin: 34.7998
  --> New best model saved!
Epoch 027 | Loss: 0.0003 | Val MiFmax: 0.6333 | Val MaFmax: 0.6442 | Val Smin: 36.1012
Epoch 028 | Loss: 0.0003 | Val MiFmax: 0.6587 | Val MaFmax: 0.6732 | Val Smin: 33.8587
  --> New best model saved!
Epoch 029 | Loss: 0.0002 | Val MiFmax: 0.6609 | Val MaFmax: 0.6776 | Val Smin: 33.7034
  --> New best model saved!
Epoch 030 | Loss: 0.0002 | Val MiFmax: 0.6577 | Val MaFmax: 0.6667 | Val Smin: 34.0898
Epoch 031 | Loss: 0.0002 | Val MiFmax: 0.6695 | Val MaFmax: 0.6794 | Val Smin: 33.1746
  --> New best model saved!
Epoch 032 | Loss: 0.0002 | Val MiFmax: 0.6706 | Val MaFmax: 0.6813 | Val Smin: 33.0809
  --> New best model saved!
Epoch 033 | Loss: 0.0002 | Val MiFmax: 0.6840 | Val MaFmax: 0.6916 | Val Smin: 32.0687
  --> New best model saved!
Epoch 034 | Loss: 0.0002 | Val MiFmax: 0.6839 | Val MaFmax: 0.6938 | Val Smin: 31.9731
  --> New best model saved!
Epoch 035 | Loss: 0.0002 | Val MiFmax: 0.6869 | Val MaFmax: 0.6974 | Val Smin: 31.7876
  --> New best model saved!
Epoch 036 | Loss: 0.0001 | Val MiFmax: 0.6805 | Val MaFmax: 0.6875 | Val Smin: 31.9092
Epoch 037 | Loss: 0.0001 | Val MiFmax: 0.6886 | Val MaFmax: 0.7008 | Val Smin: 31.4018
  --> New best model saved!
Epoch 038 | Loss: 0.0001 | Val MiFmax: 0.6924 | Val MaFmax: 0.6997 | Val Smin: 31.1246
Epoch 039 | Loss: 0.0001 | Val MiFmax: 0.6930 | Val MaFmax: 0.7093 | Val Smin: 31.0849
  --> New best model saved!
Epoch 040 | Loss: 0.0001 | Val MiFmax: 0.6887 | Val MaFmax: 0.7076 | Val Smin: 31.1936
Epoch 041 | Loss: 0.0001 | Val MiFmax: 0.6970 | Val MaFmax: 0.7094 | Val Smin: 30.5064
  --> New best model saved!
Epoch 042 | Loss: 0.0001 | Val MiFmax: 0.6988 | Val MaFmax: 0.7081 | Val Smin: 30.4939
Epoch 043 | Loss: 0.0001 | Val MiFmax: 0.7008 | Val MaFmax: 0.7116 | Val Smin: 30.3741
  --> New best model saved!
Epoch 044 | Loss: 0.0001 | Val MiFmax: 0.6997 | Val MaFmax: 0.7140 | Val Smin: 30.1364
  --> New best model saved!
Epoch 045 | Loss: 0.0001 | Val MiFmax: 0.7020 | Val MaFmax: 0.7167 | Val Smin: 30.0395
  --> New best model saved!
Epoch 046 | Loss: 0.0001 | Val MiFmax: 0.7035 | Val MaFmax: 0.7084 | Val Smin: 30.1700
Epoch 047 | Loss: 0.0001 | Val MiFmax: 0.7049 | Val MaFmax: 0.7100 | Val Smin: 29.8346
Epoch 048 | Loss: 0.0001 | Val MiFmax: 0.7121 | Val MaFmax: 0.7084 | Val Smin: 29.5817
Epoch 049 | Loss: 0.0001 | Val MiFmax: 0.7096 | Val MaFmax: 0.7183 | Val Smin: 29.4237
  --> New best model saved!
Epoch 050 | Loss: 0.0001 | Val MiFmax: 0.7046 | Val MaFmax: 0.7112 | Val Smin: 29.8159
Epoch 051 | Loss: 0.0001 | Val MiFmax: 0.7120 | Val MaFmax: 0.7133 | Val Smin: 29.4241
Epoch 052 | Loss: 0.0001 | Val MiFmax: 0.7098 | Val MaFmax: 0.7167 | Val Smin: 29.5181
Epoch 053 | Loss: 0.0001 | Val MiFmax: 0.7108 | Val MaFmax: 0.7227 | Val Smin: 29.2994
  --> New best model saved!
Epoch 054 | Loss: 0.0001 | Val MiFmax: 0.7120 | Val MaFmax: 0.7205 | Val Smin: 29.4224
Epoch 055 | Loss: 0.0001 | Val MiFmax: 0.7082 | Val MaFmax: 0.7172 | Val Smin: 29.6731
Epoch 056 | Loss: 0.0001 | Val MiFmax: 0.7204 | Val MaFmax: 0.7234 | Val Smin: 28.6712
  --> New best model saved!
Epoch 057 | Loss: 0.0001 | Val MiFmax: 0.7186 | Val MaFmax: 0.7154 | Val Smin: 28.9358
Epoch 058 | Loss: 0.0001 | Val MiFmax: 0.7172 | Val MaFmax: 0.7141 | Val Smin: 28.8852
Epoch 059 | Loss: 0.0001 | Val MiFmax: 0.7160 | Val MaFmax: 0.7129 | Val Smin: 29.0593
Epoch 060 | Loss: 0.0001 | Val MiFmax: 0.7166 | Val MaFmax: 0.7174 | Val Smin: 28.9959
Epoch 061 | Loss: 0.0000 | Val MiFmax: 0.7152 | Val MaFmax: 0.7091 | Val Smin: 29.2093
Epoch 062 | Loss: 0.0000 | Val MiFmax: 0.7180 | Val MaFmax: 0.7178 | Val Smin: 28.9038
Epoch 063 | Loss: 0.0000 | Val MiFmax: 0.7173 | Val MaFmax: 0.7209 | Val Smin: 28.8595
Epoch 064 | Loss: 0.0000 | Val MiFmax: 0.7206 | Val MaFmax: 0.7207 | Val Smin: 28.5560
Epoch 065 | Loss: 0.0000 | Val MiFmax: 0.7169 | Val MaFmax: 0.7225 | Val Smin: 28.8304
Epoch 066 | Loss: 0.0000 | Val MiFmax: 0.7232 | Val MaFmax: 0.7272 | Val Smin: 28.3391
  --> New best model saved!
Epoch 067 | Loss: 0.0000 | Val MiFmax: 0.7243 | Val MaFmax: 0.7264 | Val Smin: 28.4449
Epoch 068 | Loss: 0.0000 | Val MiFmax: 0.7215 | Val MaFmax: 0.7237 | Val Smin: 28.5055
Epoch 069 | Loss: 0.0000 | Val MiFmax: 0.7252 | Val MaFmax: 0.7235 | Val Smin: 28.2834
Epoch 070 | Loss: 0.0000 | Val MiFmax: 0.7228 | Val MaFmax: 0.7246 | Val Smin: 28.4408
Epoch 071 | Loss: 0.0000 | Val MiFmax: 0.7198 | Val MaFmax: 0.7248 | Val Smin: 28.7012
Epoch 072 | Loss: 0.0000 | Val MiFmax: 0.7213 | Val MaFmax: 0.7231 | Val Smin: 28.5995
Epoch 073 | Loss: 0.0000 | Val MiFmax: 0.7255 | Val MaFmax: 0.7272 | Val Smin: 28.2540
Epoch 074 | Loss: 0.0000 | Val MiFmax: 0.7228 | Val MaFmax: 0.7271 | Val Smin: 28.4378
Epoch 075 | Loss: 0.0000 | Val MiFmax: 0.7245 | Val MaFmax: 0.7252 | Val Smin: 28.3994
Epoch 076 | Loss: 0.0000 | Val MiFmax: 0.7233 | Val MaFmax: 0.7227 | Val Smin: 28.2057
Epoch 077 | Loss: 0.0000 | Val MiFmax: 0.7257 | Val MaFmax: 0.7227 | Val Smin: 28.1588
Epoch 078 | Loss: 0.0000 | Val MiFmax: 0.7239 | Val MaFmax: 0.7251 | Val Smin: 28.2502
Epoch 079 | Loss: 0.0000 | Val MiFmax: 0.7240 | Val MaFmax: 0.7246 | Val Smin: 28.3513
Epoch 080 | Loss: 0.0000 | Val MiFmax: 0.7242 | Val MaFmax: 0.7237 | Val Smin: 28.2797
Epoch 081 | Loss: 0.0000 | Val MiFmax: 0.7258 | Val MaFmax: 0.7253 | Val Smin: 27.9759
Early stopping triggered after 81 epochs.
Training finished. Evaluating on Test Set...

--- TEST METRICS ---
Micro_Fmax: 0.6588
Macro_Fmax: 0.6569
Macro_AUROC: 0.8714
Micro_AUROC: 0.8541
Macro_AUPRC: 0.6082
Micro_AUPRC: 0.6240
Smin: 36.7038
------------------------------------------------------
  Tuning Run 5 / 54
  Ontology: biological_process | LR: 1e-4 | Dropout: 0.4 | Batch: 16
------------------------------------------------------
Using device: cuda
Loading datasets from preprocessing/data/split_files/datasets.pkl for biological_process...
Alpha weights not found. Using default FocalLoss (alpha=0.25, gamma=4.0).
Epoch 001 | Loss: 0.0176 | Val MiFmax: 0.0432 | Val MaFmax: 0.0752 | Val Smin: 69.0133
  --> New best model saved!
Epoch 002 | Loss: 0.0130 | Val MiFmax: 0.0582 | Val MaFmax: 0.0832 | Val Smin: 69.1077
  --> New best model saved!
Epoch 003 | Loss: 0.0079 | Val MiFmax: 0.1372 | Val MaFmax: 0.0888 | Val Smin: 68.2854
  --> New best model saved!
Epoch 004 | Loss: 0.0042 | Val MiFmax: 0.1767 | Val MaFmax: 0.0869 | Val Smin: 67.5361
Epoch 005 | Loss: 0.0026 | Val MiFmax: 0.1758 | Val MaFmax: 0.0951 | Val Smin: 67.3424
  --> New best model saved!
Epoch 006 | Loss: 0.0020 | Val MiFmax: 0.1848 | Val MaFmax: 0.1382 | Val Smin: 66.9357
  --> New best model saved!
Epoch 007 | Loss: 0.0016 | Val MiFmax: 0.1833 | Val MaFmax: 0.1643 | Val Smin: 66.6012
  --> New best model saved!
Epoch 008 | Loss: 0.0013 | Val MiFmax: 0.3027 | Val MaFmax: 0.2703 | Val Smin: 61.7003
  --> New best model saved!
Epoch 009 | Loss: 0.0011 | Val MiFmax: 0.3768 | Val MaFmax: 0.3514 | Val Smin: 56.4971
  --> New best model saved!
Epoch 010 | Loss: 0.0009 | Val MiFmax: 0.4469 | Val MaFmax: 0.4294 | Val Smin: 50.7233
  --> New best model saved!
Epoch 011 | Loss: 0.0008 | Val MiFmax: 0.4852 | Val MaFmax: 0.4996 | Val Smin: 48.0744
  --> New best model saved!
Epoch 012 | Loss: 0.0007 | Val MiFmax: 0.5129 | Val MaFmax: 0.5280 | Val Smin: 45.3174
  --> New best model saved!
Epoch 013 | Loss: 0.0006 | Val MiFmax: 0.5553 | Val MaFmax: 0.5642 | Val Smin: 41.9756
  --> New best model saved!
Epoch 014 | Loss: 0.0005 | Val MiFmax: 0.5733 | Val MaFmax: 0.5802 | Val Smin: 40.4187
  --> New best model saved!
Epoch 015 | Loss: 0.0005 | Val MiFmax: 0.5791 | Val MaFmax: 0.5945 | Val Smin: 39.9566
  --> New best model saved!
Epoch 016 | Loss: 0.0004 | Val MiFmax: 0.5865 | Val MaFmax: 0.5850 | Val Smin: 39.5180
Epoch 017 | Loss: 0.0004 | Val MiFmax: 0.6024 | Val MaFmax: 0.6175 | Val Smin: 38.3511
  --> New best model saved!
Epoch 018 | Loss: 0.0004 | Val MiFmax: 0.6218 | Val MaFmax: 0.6407 | Val Smin: 36.5654
  --> New best model saved!
Epoch 019 | Loss: 0.0003 | Val MiFmax: 0.6303 | Val MaFmax: 0.6355 | Val Smin: 36.0008
Epoch 020 | Loss: 0.0003 | Val MiFmax: 0.6270 | Val MaFmax: 0.6508 | Val Smin: 36.0929
  --> New best model saved!
Epoch 021 | Loss: 0.0003 | Val MiFmax: 0.6430 | Val MaFmax: 0.6618 | Val Smin: 34.6982
  --> New best model saved!
Epoch 022 | Loss: 0.0002 | Val MiFmax: 0.6400 | Val MaFmax: 0.6623 | Val Smin: 34.7925
  --> New best model saved!
Epoch 023 | Loss: 0.0002 | Val MiFmax: 0.6568 | Val MaFmax: 0.6743 | Val Smin: 33.8002
  --> New best model saved!
Epoch 024 | Loss: 0.0002 | Val MiFmax: 0.6574 | Val MaFmax: 0.6740 | Val Smin: 33.8228
Epoch 025 | Loss: 0.0002 | Val MiFmax: 0.6621 | Val MaFmax: 0.6899 | Val Smin: 33.0574
  --> New best model saved!
Epoch 026 | Loss: 0.0002 | Val MiFmax: 0.6683 | Val MaFmax: 0.6926 | Val Smin: 32.6847
  --> New best model saved!
Epoch 027 | Loss: 0.0002 | Val MiFmax: 0.6781 | Val MaFmax: 0.6951 | Val Smin: 32.2068
  --> New best model saved!
Epoch 028 | Loss: 0.0002 | Val MiFmax: 0.6669 | Val MaFmax: 0.6933 | Val Smin: 32.7718
Epoch 029 | Loss: 0.0002 | Val MiFmax: 0.6848 | Val MaFmax: 0.6983 | Val Smin: 31.7011
  --> New best model saved!
Epoch 030 | Loss: 0.0002 | Val MiFmax: 0.6756 | Val MaFmax: 0.6934 | Val Smin: 32.5843
Epoch 031 | Loss: 0.0001 | Val MiFmax: 0.6898 | Val MaFmax: 0.7051 | Val Smin: 31.0435
  --> New best model saved!
Epoch 032 | Loss: 0.0001 | Val MiFmax: 0.6753 | Val MaFmax: 0.7067 | Val Smin: 31.8438
  --> New best model saved!
Epoch 033 | Loss: 0.0001 | Val MiFmax: 0.6937 | Val MaFmax: 0.7099 | Val Smin: 30.6907
  --> New best model saved!
Epoch 034 | Loss: 0.0001 | Val MiFmax: 0.6956 | Val MaFmax: 0.7169 | Val Smin: 30.1952
  --> New best model saved!
Epoch 035 | Loss: 0.0001 | Val MiFmax: 0.6899 | Val MaFmax: 0.7172 | Val Smin: 30.8281
  --> New best model saved!
Epoch 036 | Loss: 0.0001 | Val MiFmax: 0.7065 | Val MaFmax: 0.7102 | Val Smin: 29.6728
Epoch 037 | Loss: 0.0001 | Val MiFmax: 0.6868 | Val MaFmax: 0.7104 | Val Smin: 31.3745
Epoch 038 | Loss: 0.0001 | Val MiFmax: 0.6977 | Val MaFmax: 0.7029 | Val Smin: 30.2860
Epoch 039 | Loss: 0.0001 | Val MiFmax: 0.6999 | Val MaFmax: 0.7218 | Val Smin: 29.8898
  --> New best model saved!
Epoch 040 | Loss: 0.0001 | Val MiFmax: 0.6998 | Val MaFmax: 0.7191 | Val Smin: 30.1308
Epoch 041 | Loss: 0.0001 | Val MiFmax: 0.7125 | Val MaFmax: 0.7301 | Val Smin: 29.0179
  --> New best model saved!
Epoch 042 | Loss: 0.0001 | Val MiFmax: 0.6987 | Val MaFmax: 0.7194 | Val Smin: 29.8854
Epoch 043 | Loss: 0.0001 | Val MiFmax: 0.7189 | Val MaFmax: 0.7273 | Val Smin: 28.4575
Epoch 044 | Loss: 0.0001 | Val MiFmax: 0.7136 | Val MaFmax: 0.7217 | Val Smin: 28.9311
Epoch 045 | Loss: 0.0001 | Val MiFmax: 0.7151 | Val MaFmax: 0.7249 | Val Smin: 29.1124
Epoch 046 | Loss: 0.0001 | Val MiFmax: 0.7064 | Val MaFmax: 0.7170 | Val Smin: 29.5892
Epoch 047 | Loss: 0.0001 | Val MiFmax: 0.7206 | Val MaFmax: 0.7245 | Val Smin: 28.3215
Epoch 048 | Loss: 0.0001 | Val MiFmax: 0.7279 | Val MaFmax: 0.7285 | Val Smin: 27.9019
Epoch 049 | Loss: 0.0001 | Val MiFmax: 0.7270 | Val MaFmax: 0.7284 | Val Smin: 27.9655
Epoch 050 | Loss: 0.0000 | Val MiFmax: 0.7346 | Val MaFmax: 0.7284 | Val Smin: 27.5194
Epoch 051 | Loss: 0.0000 | Val MiFmax: 0.7343 | Val MaFmax: 0.7327 | Val Smin: 27.3781
  --> New best model saved!
Epoch 052 | Loss: 0.0000 | Val MiFmax: 0.7336 | Val MaFmax: 0.7321 | Val Smin: 27.4763
Epoch 053 | Loss: 0.0000 | Val MiFmax: 0.7337 | Val MaFmax: 0.7330 | Val Smin: 27.1772
  --> New best model saved!
Epoch 054 | Loss: 0.0000 | Val MiFmax: 0.7293 | Val MaFmax: 0.7321 | Val Smin: 27.7848
Epoch 055 | Loss: 0.0000 | Val MiFmax: 0.7328 | Val MaFmax: 0.7331 | Val Smin: 27.4741
  --> New best model saved!
Epoch 056 | Loss: 0.0000 | Val MiFmax: 0.7246 | Val MaFmax: 0.7287 | Val Smin: 28.0070
Epoch 057 | Loss: 0.0000 | Val MiFmax: 0.7259 | Val MaFmax: 0.7211 | Val Smin: 27.8421
Epoch 058 | Loss: 0.0000 | Val MiFmax: 0.7367 | Val MaFmax: 0.7274 | Val Smin: 26.9701
Epoch 059 | Loss: 0.0000 | Val MiFmax: 0.7288 | Val MaFmax: 0.7265 | Val Smin: 27.7575
Epoch 060 | Loss: 0.0000 | Val MiFmax: 0.7366 | Val MaFmax: 0.7333 | Val Smin: 26.7494
  --> New best model saved!
Epoch 061 | Loss: 0.0000 | Val MiFmax: 0.7368 | Val MaFmax: 0.7362 | Val Smin: 26.7980
  --> New best model saved!
Epoch 062 | Loss: 0.0000 | Val MiFmax: 0.7356 | Val MaFmax: 0.7351 | Val Smin: 27.0427
Epoch 063 | Loss: 0.0000 | Val MiFmax: 0.7426 | Val MaFmax: 0.7325 | Val Smin: 26.5448
Epoch 064 | Loss: 0.0000 | Val MiFmax: 0.7394 | Val MaFmax: 0.7322 | Val Smin: 26.7794
Epoch 065 | Loss: 0.0000 | Val MiFmax: 0.7380 | Val MaFmax: 0.7320 | Val Smin: 26.7655
Epoch 066 | Loss: 0.0000 | Val MiFmax: 0.7406 | Val MaFmax: 0.7332 | Val Smin: 26.5769
Epoch 067 | Loss: 0.0000 | Val MiFmax: 0.7377 | Val MaFmax: 0.7328 | Val Smin: 27.0793
Epoch 068 | Loss: 0.0000 | Val MiFmax: 0.7393 | Val MaFmax: 0.7333 | Val Smin: 26.9896
Epoch 069 | Loss: 0.0000 | Val MiFmax: 0.7393 | Val MaFmax: 0.7352 | Val Smin: 26.9068
Epoch 070 | Loss: 0.0000 | Val MiFmax: 0.7411 | Val MaFmax: 0.7345 | Val Smin: 26.6966
Epoch 071 | Loss: 0.0000 | Val MiFmax: 0.7378 | Val MaFmax: 0.7350 | Val Smin: 26.9082
Epoch 072 | Loss: 0.0000 | Val MiFmax: 0.7427 | Val MaFmax: 0.7357 | Val Smin: 26.5741
Epoch 073 | Loss: 0.0000 | Val MiFmax: 0.7395 | Val MaFmax: 0.7350 | Val Smin: 27.0167
Epoch 074 | Loss: 0.0000 | Val MiFmax: 0.7417 | Val MaFmax: 0.7349 | Val Smin: 26.7722
Epoch 075 | Loss: 0.0000 | Val MiFmax: 0.7383 | Val MaFmax: 0.7358 | Val Smin: 26.9957
Epoch 076 | Loss: 0.0000 | Val MiFmax: 0.7400 | Val MaFmax: 0.7352 | Val Smin: 26.6701
Early stopping triggered after 76 epochs.
Training finished. Evaluating on Test Set...

--- TEST METRICS ---
Micro_Fmax: 0.6830
Macro_Fmax: 0.6745
Macro_AUROC: 0.8576
Micro_AUROC: 0.8623
Macro_AUPRC: 0.6301
Micro_AUPRC: 0.6535
Smin: 34.5060
------------------------------------------------------
  Tuning Run 6 / 54
  Ontology: biological_process | LR: 1e-4 | Dropout: 0.4 | Batch: 32
------------------------------------------------------
Using device: cuda
Loading datasets from preprocessing/data/split_files/datasets.pkl for biological_process...
Alpha weights not found. Using default FocalLoss (alpha=0.25, gamma=4.0).
Epoch 001 | Loss: 0.0184 | Val MiFmax: 0.0417 | Val MaFmax: 0.0745 | Val Smin: 69.1643
  --> New best model saved!
Epoch 002 | Loss: 0.0153 | Val MiFmax: 0.0459 | Val MaFmax: 0.0768 | Val Smin: 69.2064
  --> New best model saved!
Epoch 003 | Loss: 0.0127 | Val MiFmax: 0.0604 | Val MaFmax: 0.0804 | Val Smin: 69.1772
  --> New best model saved!
Epoch 004 | Loss: 0.0101 | Val MiFmax: 0.0898 | Val MaFmax: 0.0808 | Val Smin: 69.1316
  --> New best model saved!
Epoch 005 | Loss: 0.0075 | Val MiFmax: 0.0981 | Val MaFmax: 0.0882 | Val Smin: 68.4358
  --> New best model saved!
Epoch 006 | Loss: 0.0052 | Val MiFmax: 0.1466 | Val MaFmax: 0.0938 | Val Smin: 67.5002
  --> New best model saved!
Epoch 007 | Loss: 0.0036 | Val MiFmax: 0.1562 | Val MaFmax: 0.1007 | Val Smin: 67.4389
  --> New best model saved!
Epoch 008 | Loss: 0.0026 | Val MiFmax: 0.2007 | Val MaFmax: 0.1317 | Val Smin: 66.0091
  --> New best model saved!
Epoch 009 | Loss: 0.0020 | Val MiFmax: 0.2319 | Val MaFmax: 0.1566 | Val Smin: 64.3727
  --> New best model saved!
Epoch 010 | Loss: 0.0017 | Val MiFmax: 0.2858 | Val MaFmax: 0.1983 | Val Smin: 61.6317
  --> New best model saved!
Epoch 011 | Loss: 0.0014 | Val MiFmax: 0.3151 | Val MaFmax: 0.2092 | Val Smin: 59.9213
  --> New best model saved!
Epoch 012 | Loss: 0.0013 | Val MiFmax: 0.3368 | Val MaFmax: 0.2485 | Val Smin: 58.9696
  --> New best model saved!
Epoch 013 | Loss: 0.0011 | Val MiFmax: 0.3422 | Val MaFmax: 0.3293 | Val Smin: 58.3252
  --> New best model saved!
Epoch 014 | Loss: 0.0010 | Val MiFmax: 0.3746 | Val MaFmax: 0.3281 | Val Smin: 56.7918
Epoch 015 | Loss: 0.0009 | Val MiFmax: 0.4037 | Val MaFmax: 0.3506 | Val Smin: 55.0796
  --> New best model saved!
Epoch 016 | Loss: 0.0009 | Val MiFmax: 0.4309 | Val MaFmax: 0.4107 | Val Smin: 52.9575
  --> New best model saved!
Epoch 017 | Loss: 0.0008 | Val MiFmax: 0.4624 | Val MaFmax: 0.4452 | Val Smin: 50.5041
  --> New best model saved!
Epoch 018 | Loss: 0.0007 | Val MiFmax: 0.4761 | Val MaFmax: 0.4698 | Val Smin: 49.2010
  --> New best model saved!
Epoch 019 | Loss: 0.0006 | Val MiFmax: 0.5108 | Val MaFmax: 0.5014 | Val Smin: 45.8484
  --> New best model saved!
Epoch 020 | Loss: 0.0006 | Val MiFmax: 0.5252 | Val MaFmax: 0.5331 | Val Smin: 44.6777
  --> New best model saved!
Epoch 021 | Loss: 0.0006 | Val MiFmax: 0.5503 | Val MaFmax: 0.5402 | Val Smin: 42.0733
  --> New best model saved!
Epoch 022 | Loss: 0.0005 | Val MiFmax: 0.5659 | Val MaFmax: 0.5625 | Val Smin: 40.9284
  --> New best model saved!
Epoch 023 | Loss: 0.0005 | Val MiFmax: 0.5832 | Val MaFmax: 0.5742 | Val Smin: 39.8195
  --> New best model saved!
Epoch 024 | Loss: 0.0004 | Val MiFmax: 0.5965 | Val MaFmax: 0.5977 | Val Smin: 38.4149
  --> New best model saved!
Epoch 025 | Loss: 0.0004 | Val MiFmax: 0.5983 | Val MaFmax: 0.6016 | Val Smin: 38.7244
  --> New best model saved!
Epoch 026 | Loss: 0.0004 | Val MiFmax: 0.6099 | Val MaFmax: 0.6056 | Val Smin: 37.6657
  --> New best model saved!
Epoch 027 | Loss: 0.0003 | Val MiFmax: 0.6112 | Val MaFmax: 0.6258 | Val Smin: 37.5543
  --> New best model saved!
Epoch 028 | Loss: 0.0003 | Val MiFmax: 0.6442 | Val MaFmax: 0.6554 | Val Smin: 34.8649
  --> New best model saved!
Epoch 029 | Loss: 0.0003 | Val MiFmax: 0.6416 | Val MaFmax: 0.6545 | Val Smin: 34.6560
Epoch 030 | Loss: 0.0003 | Val MiFmax: 0.6444 | Val MaFmax: 0.6553 | Val Smin: 34.8332
Epoch 031 | Loss: 0.0003 | Val MiFmax: 0.6313 | Val MaFmax: 0.6610 | Val Smin: 35.9038
  --> New best model saved!
Epoch 032 | Loss: 0.0003 | Val MiFmax: 0.6562 | Val MaFmax: 0.6592 | Val Smin: 33.7467
Epoch 033 | Loss: 0.0002 | Val MiFmax: 0.6652 | Val MaFmax: 0.6699 | Val Smin: 33.0381
  --> New best model saved!
Epoch 034 | Loss: 0.0002 | Val MiFmax: 0.6705 | Val MaFmax: 0.6760 | Val Smin: 32.9678
  --> New best model saved!
Epoch 035 | Loss: 0.0002 | Val MiFmax: 0.6557 | Val MaFmax: 0.6760 | Val Smin: 34.0268
  --> New best model saved!
Epoch 036 | Loss: 0.0002 | Val MiFmax: 0.6636 | Val MaFmax: 0.6787 | Val Smin: 33.5622
  --> New best model saved!
Epoch 037 | Loss: 0.0002 | Val MiFmax: 0.6765 | Val MaFmax: 0.6875 | Val Smin: 32.0958
  --> New best model saved!
Epoch 038 | Loss: 0.0002 | Val MiFmax: 0.6691 | Val MaFmax: 0.6850 | Val Smin: 32.8439
Epoch 039 | Loss: 0.0002 | Val MiFmax: 0.6754 | Val MaFmax: 0.6871 | Val Smin: 31.7895
Epoch 040 | Loss: 0.0002 | Val MiFmax: 0.6778 | Val MaFmax: 0.6985 | Val Smin: 32.1222
  --> New best model saved!
Epoch 041 | Loss: 0.0002 | Val MiFmax: 0.6831 | Val MaFmax: 0.7016 | Val Smin: 31.6153
  --> New best model saved!
Epoch 042 | Loss: 0.0002 | Val MiFmax: 0.6769 | Val MaFmax: 0.6789 | Val Smin: 32.3460
Epoch 043 | Loss: 0.0002 | Val MiFmax: 0.6938 | Val MaFmax: 0.7026 | Val Smin: 30.0582
  --> New best model saved!
Epoch 044 | Loss: 0.0002 | Val MiFmax: 0.6803 | Val MaFmax: 0.6858 | Val Smin: 31.8771
Epoch 045 | Loss: 0.0002 | Val MiFmax: 0.6993 | Val MaFmax: 0.7035 | Val Smin: 29.9239
  --> New best model saved!
Epoch 046 | Loss: 0.0001 | Val MiFmax: 0.6838 | Val MaFmax: 0.7012 | Val Smin: 31.5339
Epoch 047 | Loss: 0.0001 | Val MiFmax: 0.6965 | Val MaFmax: 0.7137 | Val Smin: 29.9438
  --> New best model saved!
Epoch 048 | Loss: 0.0001 | Val MiFmax: 0.6877 | Val MaFmax: 0.7002 | Val Smin: 31.4174
Epoch 049 | Loss: 0.0001 | Val MiFmax: 0.7036 | Val MaFmax: 0.7114 | Val Smin: 29.6261
Epoch 050 | Loss: 0.0001 | Val MiFmax: 0.7148 | Val MaFmax: 0.7131 | Val Smin: 28.5864
Epoch 051 | Loss: 0.0001 | Val MiFmax: 0.7058 | Val MaFmax: 0.7188 | Val Smin: 29.2107
  --> New best model saved!
Epoch 052 | Loss: 0.0001 | Val MiFmax: 0.7073 | Val MaFmax: 0.7081 | Val Smin: 29.2708
Epoch 053 | Loss: 0.0001 | Val MiFmax: 0.7204 | Val MaFmax: 0.7222 | Val Smin: 27.7074
  --> New best model saved!
Epoch 054 | Loss: 0.0001 | Val MiFmax: 0.7140 | Val MaFmax: 0.7167 | Val Smin: 28.7998
Epoch 055 | Loss: 0.0001 | Val MiFmax: 0.7108 | Val MaFmax: 0.7162 | Val Smin: 29.5759
Epoch 056 | Loss: 0.0001 | Val MiFmax: 0.7139 | Val MaFmax: 0.7186 | Val Smin: 28.5989
Epoch 057 | Loss: 0.0001 | Val MiFmax: 0.7086 | Val MaFmax: 0.7077 | Val Smin: 29.0643
Epoch 058 | Loss: 0.0001 | Val MiFmax: 0.7199 | Val MaFmax: 0.7111 | Val Smin: 28.3581
Epoch 059 | Loss: 0.0001 | Val MiFmax: 0.7149 | Val MaFmax: 0.7136 | Val Smin: 28.6118
Epoch 060 | Loss: 0.0001 | Val MiFmax: 0.7165 | Val MaFmax: 0.7129 | Val Smin: 28.5748
Epoch 061 | Loss: 0.0001 | Val MiFmax: 0.7197 | Val MaFmax: 0.7220 | Val Smin: 28.2588
Epoch 062 | Loss: 0.0001 | Val MiFmax: 0.7225 | Val MaFmax: 0.7209 | Val Smin: 28.1906
Epoch 063 | Loss: 0.0001 | Val MiFmax: 0.7311 | Val MaFmax: 0.7254 | Val Smin: 27.4612
  --> New best model saved!
Epoch 064 | Loss: 0.0001 | Val MiFmax: 0.7264 | Val MaFmax: 0.7250 | Val Smin: 27.5306
Epoch 065 | Loss: 0.0001 | Val MiFmax: 0.7249 | Val MaFmax: 0.7301 | Val Smin: 27.5666
  --> New best model saved!
Epoch 066 | Loss: 0.0001 | Val MiFmax: 0.7289 | Val MaFmax: 0.7271 | Val Smin: 27.4611
Epoch 067 | Loss: 0.0001 | Val MiFmax: 0.7269 | Val MaFmax: 0.7270 | Val Smin: 27.2856
Epoch 068 | Loss: 0.0001 | Val MiFmax: 0.7277 | Val MaFmax: 0.7301 | Val Smin: 27.4048
  --> New best model saved!
Epoch 069 | Loss: 0.0000 | Val MiFmax: 0.7258 | Val MaFmax: 0.7237 | Val Smin: 27.5289
Epoch 070 | Loss: 0.0000 | Val MiFmax: 0.7318 | Val MaFmax: 0.7245 | Val Smin: 26.9367
Epoch 071 | Loss: 0.0000 | Val MiFmax: 0.7298 | Val MaFmax: 0.7295 | Val Smin: 27.0694
Epoch 072 | Loss: 0.0000 | Val MiFmax: 0.7345 | Val MaFmax: 0.7321 | Val Smin: 26.7011
  --> New best model saved!
Epoch 073 | Loss: 0.0000 | Val MiFmax: 0.7377 | Val MaFmax: 0.7314 | Val Smin: 26.4785
Epoch 074 | Loss: 0.0000 | Val MiFmax: 0.7340 | Val MaFmax: 0.7331 | Val Smin: 26.6262
  --> New best model saved!
Epoch 075 | Loss: 0.0000 | Val MiFmax: 0.7321 | Val MaFmax: 0.7318 | Val Smin: 26.8751
Epoch 076 | Loss: 0.0000 | Val MiFmax: 0.7363 | Val MaFmax: 0.7289 | Val Smin: 26.4173
Epoch 077 | Loss: 0.0000 | Val MiFmax: 0.7357 | Val MaFmax: 0.7291 | Val Smin: 26.5159
Epoch 078 | Loss: 0.0000 | Val MiFmax: 0.7371 | Val MaFmax: 0.7293 | Val Smin: 26.3468
Epoch 079 | Loss: 0.0000 | Val MiFmax: 0.7379 | Val MaFmax: 0.7294 | Val Smin: 26.4008
Epoch 080 | Loss: 0.0000 | Val MiFmax: 0.7394 | Val MaFmax: 0.7301 | Val Smin: 26.2866
Epoch 081 | Loss: 0.0000 | Val MiFmax: 0.7400 | Val MaFmax: 0.7321 | Val Smin: 26.1758
Epoch 082 | Loss: 0.0000 | Val MiFmax: 0.7378 | Val MaFmax: 0.7315 | Val Smin: 26.5094
Epoch 083 | Loss: 0.0000 | Val MiFmax: 0.7373 | Val MaFmax: 0.7322 | Val Smin: 26.5993
Epoch 084 | Loss: 0.0000 | Val MiFmax: 0.7379 | Val MaFmax: 0.7314 | Val Smin: 26.5001
Epoch 085 | Loss: 0.0000 | Val MiFmax: 0.7358 | Val MaFmax: 0.7310 | Val Smin: 26.5795
Epoch 086 | Loss: 0.0000 | Val MiFmax: 0.7384 | Val MaFmax: 0.7335 | Val Smin: 26.4096
  --> New best model saved!
Epoch 087 | Loss: 0.0000 | Val MiFmax: 0.7410 | Val MaFmax: 0.7337 | Val Smin: 26.2396
  --> New best model saved!
Epoch 088 | Loss: 0.0000 | Val MiFmax: 0.7409 | Val MaFmax: 0.7333 | Val Smin: 26.2287
Epoch 089 | Loss: 0.0000 | Val MiFmax: 0.7425 | Val MaFmax: 0.7347 | Val Smin: 26.2229
  --> New best model saved!
Epoch 090 | Loss: 0.0000 | Val MiFmax: 0.7401 | Val MaFmax: 0.7334 | Val Smin: 26.3288
Epoch 091 | Loss: 0.0000 | Val MiFmax: 0.7368 | Val MaFmax: 0.7333 | Val Smin: 26.4972
Epoch 092 | Loss: 0.0000 | Val MiFmax: 0.7349 | Val MaFmax: 0.7318 | Val Smin: 26.9366
Epoch 093 | Loss: 0.0000 | Val MiFmax: 0.7395 | Val MaFmax: 0.7341 | Val Smin: 26.0785
Epoch 094 | Loss: 0.0000 | Val MiFmax: 0.7411 | Val MaFmax: 0.7351 | Val Smin: 26.1696
  --> New best model saved!
Epoch 095 | Loss: 0.0000 | Val MiFmax: 0.7403 | Val MaFmax: 0.7333 | Val Smin: 26.3002
Epoch 096 | Loss: 0.0000 | Val MiFmax: 0.7387 | Val MaFmax: 0.7350 | Val Smin: 26.2259
Epoch 097 | Loss: 0.0000 | Val MiFmax: 0.7378 | Val MaFmax: 0.7353 | Val Smin: 26.4387
  --> New best model saved!
Epoch 098 | Loss: 0.0000 | Val MiFmax: 0.7398 | Val MaFmax: 0.7353 | Val Smin: 26.2523
Epoch 099 | Loss: 0.0000 | Val MiFmax: 0.7398 | Val MaFmax: 0.7336 | Val Smin: 26.2631
Epoch 100 | Loss: 0.0000 | Val MiFmax: 0.7422 | Val MaFmax: 0.7336 | Val Smin: 25.9960
Epoch 101 | Loss: 0.0000 | Val MiFmax: 0.7410 | Val MaFmax: 0.7322 | Val Smin: 26.1268
Epoch 102 | Loss: 0.0000 | Val MiFmax: 0.7402 | Val MaFmax: 0.7332 | Val Smin: 26.2589
Epoch 103 | Loss: 0.0000 | Val MiFmax: 0.7419 | Val MaFmax: 0.7333 | Val Smin: 25.9306
Epoch 104 | Loss: 0.0000 | Val MiFmax: 0.7380 | Val MaFmax: 0.7309 | Val Smin: 26.3808
Epoch 105 | Loss: 0.0000 | Val MiFmax: 0.7418 | Val MaFmax: 0.7333 | Val Smin: 26.0760
Epoch 106 | Loss: 0.0000 | Val MiFmax: 0.7387 | Val MaFmax: 0.7324 | Val Smin: 26.2840
Epoch 107 | Loss: 0.0000 | Val MiFmax: 0.7404 | Val MaFmax: 0.7309 | Val Smin: 26.1479
Epoch 108 | Loss: 0.0000 | Val MiFmax: 0.7396 | Val MaFmax: 0.7326 | Val Smin: 26.2677
Epoch 109 | Loss: 0.0000 | Val MiFmax: 0.7412 | Val MaFmax: 0.7306 | Val Smin: 26.0651
Epoch 110 | Loss: 0.0000 | Val MiFmax: 0.7415 | Val MaFmax: 0.7309 | Val Smin: 25.9718
Epoch 111 | Loss: 0.0000 | Val MiFmax: 0.7404 | Val MaFmax: 0.7323 | Val Smin: 26.0307
Epoch 112 | Loss: 0.0000 | Val MiFmax: 0.7387 | Val MaFmax: 0.7322 | Val Smin: 26.4392
Early stopping triggered after 112 epochs.
Training finished. Evaluating on Test Set...

--- TEST METRICS ---
Micro_Fmax: 0.6815
Macro_Fmax: 0.6772
Macro_AUROC: 0.8666
Micro_AUROC: 0.8490
Macro_AUPRC: 0.6306
Micro_AUPRC: 0.6478
Smin: 34.3856
------------------------------------------------------
  Tuning Run 7 / 54
  Ontology: biological_process | LR: 5e-4 | Dropout: 0.2 | Batch: 16
------------------------------------------------------
Using device: cuda
Loading datasets from preprocessing/data/split_files/datasets.pkl for biological_process...
Alpha weights not found. Using default FocalLoss (alpha=0.25, gamma=4.0).
Epoch 001 | Loss: 0.0080 | Val MiFmax: 0.1693 | Val MaFmax: 0.1471 | Val Smin: 67.2270
  --> New best model saved!
Epoch 002 | Loss: 0.0015 | Val MiFmax: 0.3427 | Val MaFmax: 0.3422 | Val Smin: 57.9238
  --> New best model saved!
Epoch 003 | Loss: 0.0010 | Val MiFmax: 0.4723 | Val MaFmax: 0.4585 | Val Smin: 49.2845
  --> New best model saved!
Epoch 004 | Loss: 0.0007 | Val MiFmax: 0.5357 | Val MaFmax: 0.5148 | Val Smin: 43.5807
  --> New best model saved!
Epoch 005 | Loss: 0.0005 | Val MiFmax: 0.5485 | Val MaFmax: 0.5640 | Val Smin: 42.1848
  --> New best model saved!
Epoch 006 | Loss: 0.0004 | Val MiFmax: 0.5660 | Val MaFmax: 0.5940 | Val Smin: 39.6283
  --> New best model saved!
Epoch 007 | Loss: 0.0004 | Val MiFmax: 0.6141 | Val MaFmax: 0.6119 | Val Smin: 37.1324
  --> New best model saved!
Epoch 008 | Loss: 0.0003 | Val MiFmax: 0.6308 | Val MaFmax: 0.6379 | Val Smin: 35.4943
  --> New best model saved!
Epoch 009 | Loss: 0.0003 | Val MiFmax: 0.6122 | Val MaFmax: 0.6511 | Val Smin: 36.6464
  --> New best model saved!
Epoch 010 | Loss: 0.0002 | Val MiFmax: 0.6154 | Val MaFmax: 0.6571 | Val Smin: 37.1463
  --> New best model saved!
Epoch 011 | Loss: 0.0002 | Val MiFmax: 0.6395 | Val MaFmax: 0.6753 | Val Smin: 34.8611
  --> New best model saved!
Epoch 012 | Loss: 0.0002 | Val MiFmax: 0.6606 | Val MaFmax: 0.6734 | Val Smin: 33.6303
Epoch 013 | Loss: 0.0002 | Val MiFmax: 0.6415 | Val MaFmax: 0.6694 | Val Smin: 34.6498
Epoch 014 | Loss: 0.0002 | Val MiFmax: 0.6612 | Val MaFmax: 0.6682 | Val Smin: 32.4671
Epoch 015 | Loss: 0.0001 | Val MiFmax: 0.6794 | Val MaFmax: 0.6986 | Val Smin: 31.8141
  --> New best model saved!
Epoch 016 | Loss: 0.0001 | Val MiFmax: 0.6781 | Val MaFmax: 0.6965 | Val Smin: 31.4957
Epoch 017 | Loss: 0.0001 | Val MiFmax: 0.6785 | Val MaFmax: 0.6899 | Val Smin: 32.1544
Epoch 018 | Loss: 0.0001 | Val MiFmax: 0.6902 | Val MaFmax: 0.7050 | Val Smin: 30.9709
  --> New best model saved!
Epoch 019 | Loss: 0.0002 | Val MiFmax: 0.6733 | Val MaFmax: 0.6815 | Val Smin: 32.7205
Epoch 020 | Loss: 0.0001 | Val MiFmax: 0.6864 | Val MaFmax: 0.6983 | Val Smin: 30.8332
Epoch 021 | Loss: 0.0001 | Val MiFmax: 0.6902 | Val MaFmax: 0.7136 | Val Smin: 30.7004
  --> New best model saved!
Epoch 022 | Loss: 0.0001 | Val MiFmax: 0.6892 | Val MaFmax: 0.7113 | Val Smin: 30.6795
Epoch 023 | Loss: 0.0001 | Val MiFmax: 0.6949 | Val MaFmax: 0.6938 | Val Smin: 29.8483
Epoch 024 | Loss: 0.0001 | Val MiFmax: 0.7005 | Val MaFmax: 0.7044 | Val Smin: 29.8244
Epoch 025 | Loss: 0.0001 | Val MiFmax: 0.6905 | Val MaFmax: 0.6974 | Val Smin: 30.8104
Epoch 026 | Loss: 0.0001 | Val MiFmax: 0.7127 | Val MaFmax: 0.7063 | Val Smin: 29.1404
Epoch 027 | Loss: 0.0001 | Val MiFmax: 0.6935 | Val MaFmax: 0.7048 | Val Smin: 29.8834
Epoch 028 | Loss: 0.0001 | Val MiFmax: 0.7307 | Val MaFmax: 0.7183 | Val Smin: 27.0596
  --> New best model saved!
Epoch 029 | Loss: 0.0000 | Val MiFmax: 0.7342 | Val MaFmax: 0.7234 | Val Smin: 26.8284
  --> New best model saved!
Epoch 030 | Loss: 0.0000 | Val MiFmax: 0.7365 | Val MaFmax: 0.7226 | Val Smin: 26.4922
Epoch 031 | Loss: 0.0000 | Val MiFmax: 0.7321 | Val MaFmax: 0.7274 | Val Smin: 26.9814
  --> New best model saved!
Epoch 032 | Loss: 0.0000 | Val MiFmax: 0.7329 | Val MaFmax: 0.7235 | Val Smin: 26.9414
Epoch 033 | Loss: 0.0000 | Val MiFmax: 0.7258 | Val MaFmax: 0.7255 | Val Smin: 27.6749
Epoch 034 | Loss: 0.0000 | Val MiFmax: 0.7284 | Val MaFmax: 0.7223 | Val Smin: 27.2910
Epoch 035 | Loss: 0.0000 | Val MiFmax: 0.7336 | Val MaFmax: 0.7203 | Val Smin: 26.9068
Epoch 036 | Loss: 0.0000 | Val MiFmax: 0.7027 | Val MaFmax: 0.7117 | Val Smin: 29.2562
Epoch 037 | Loss: 0.0001 | Val MiFmax: 0.7073 | Val MaFmax: 0.7171 | Val Smin: 29.5674
Epoch 038 | Loss: 0.0000 | Val MiFmax: 0.7238 | Val MaFmax: 0.7270 | Val Smin: 28.1742
Epoch 039 | Loss: 0.0000 | Val MiFmax: 0.7288 | Val MaFmax: 0.7272 | Val Smin: 27.1184
Epoch 040 | Loss: 0.0000 | Val MiFmax: 0.7342 | Val MaFmax: 0.7260 | Val Smin: 26.7891
Epoch 041 | Loss: 0.0000 | Val MiFmax: 0.7341 | Val MaFmax: 0.7267 | Val Smin: 26.6823
Epoch 042 | Loss: 0.0000 | Val MiFmax: 0.7298 | Val MaFmax: 0.7274 | Val Smin: 27.1203
  --> New best model saved!
Epoch 043 | Loss: 0.0000 | Val MiFmax: 0.7269 | Val MaFmax: 0.7284 | Val Smin: 27.3747
  --> New best model saved!
Epoch 044 | Loss: 0.0000 | Val MiFmax: 0.7347 | Val MaFmax: 0.7260 | Val Smin: 26.7134
Epoch 045 | Loss: 0.0000 | Val MiFmax: 0.7257 | Val MaFmax: 0.7268 | Val Smin: 27.2062
Epoch 046 | Loss: 0.0000 | Val MiFmax: 0.7274 | Val MaFmax: 0.7263 | Val Smin: 27.6002
Epoch 047 | Loss: 0.0000 | Val MiFmax: 0.7329 | Val MaFmax: 0.7276 | Val Smin: 27.4671
Epoch 048 | Loss: 0.0000 | Val MiFmax: 0.7357 | Val MaFmax: 0.7279 | Val Smin: 26.4692
Epoch 049 | Loss: 0.0000 | Val MiFmax: 0.7378 | Val MaFmax: 0.7305 | Val Smin: 26.4805
  --> New best model saved!
Epoch 050 | Loss: 0.0000 | Val MiFmax: 0.7376 | Val MaFmax: 0.7289 | Val Smin: 26.4663
Epoch 051 | Loss: 0.0000 | Val MiFmax: 0.7341 | Val MaFmax: 0.7281 | Val Smin: 26.6191
Epoch 052 | Loss: 0.0000 | Val MiFmax: 0.7332 | Val MaFmax: 0.7286 | Val Smin: 27.0922
Epoch 053 | Loss: 0.0000 | Val MiFmax: 0.7362 | Val MaFmax: 0.7298 | Val Smin: 27.0550
Epoch 054 | Loss: 0.0000 | Val MiFmax: 0.7312 | Val MaFmax: 0.7278 | Val Smin: 26.8926
Epoch 055 | Loss: 0.0000 | Val MiFmax: 0.7355 | Val MaFmax: 0.7262 | Val Smin: 26.7514
Epoch 056 | Loss: 0.0000 | Val MiFmax: 0.7377 | Val MaFmax: 0.7309 | Val Smin: 26.4715
  --> New best model saved!
Epoch 057 | Loss: 0.0000 | Val MiFmax: 0.7407 | Val MaFmax: 0.7283 | Val Smin: 26.3086
Epoch 058 | Loss: 0.0000 | Val MiFmax: 0.7443 | Val MaFmax: 0.7286 | Val Smin: 26.1100
Epoch 059 | Loss: 0.0000 | Val MiFmax: 0.7378 | Val MaFmax: 0.7294 | Val Smin: 26.4822
Epoch 060 | Loss: 0.0000 | Val MiFmax: 0.7406 | Val MaFmax: 0.7291 | Val Smin: 26.1990
Epoch 061 | Loss: 0.0000 | Val MiFmax: 0.7424 | Val MaFmax: 0.7268 | Val Smin: 26.1080
Epoch 062 | Loss: 0.0000 | Val MiFmax: 0.7451 | Val MaFmax: 0.7284 | Val Smin: 25.9352
Epoch 063 | Loss: 0.0000 | Val MiFmax: 0.7458 | Val MaFmax: 0.7277 | Val Smin: 25.8864
Epoch 064 | Loss: 0.0000 | Val MiFmax: 0.7402 | Val MaFmax: 0.7294 | Val Smin: 26.1762
Epoch 065 | Loss: 0.0000 | Val MiFmax: 0.7434 | Val MaFmax: 0.7314 | Val Smin: 25.9655
  --> New best model saved!
Epoch 066 | Loss: 0.0000 | Val MiFmax: 0.7435 | Val MaFmax: 0.7300 | Val Smin: 26.0064
Epoch 067 | Loss: 0.0000 | Val MiFmax: 0.7471 | Val MaFmax: 0.7310 | Val Smin: 25.8107
Epoch 068 | Loss: 0.0000 | Val MiFmax: 0.7480 | Val MaFmax: 0.7294 | Val Smin: 25.7046
Epoch 069 | Loss: 0.0000 | Val MiFmax: 0.7458 | Val MaFmax: 0.7295 | Val Smin: 25.9113
Epoch 070 | Loss: 0.0000 | Val MiFmax: 0.7460 | Val MaFmax: 0.7305 | Val Smin: 25.8275
Epoch 071 | Loss: 0.0000 | Val MiFmax: 0.7415 | Val MaFmax: 0.7305 | Val Smin: 26.1921
Epoch 072 | Loss: 0.0000 | Val MiFmax: 0.7451 | Val MaFmax: 0.7302 | Val Smin: 25.8462
Epoch 073 | Loss: 0.0000 | Val MiFmax: 0.7448 | Val MaFmax: 0.7304 | Val Smin: 25.9251
Epoch 074 | Loss: 0.0000 | Val MiFmax: 0.7411 | Val MaFmax: 0.7310 | Val Smin: 26.0829
Epoch 075 | Loss: 0.0000 | Val MiFmax: 0.7448 | Val MaFmax: 0.7311 | Val Smin: 25.9614
Epoch 076 | Loss: 0.0000 | Val MiFmax: 0.7424 | Val MaFmax: 0.7309 | Val Smin: 26.1261
Epoch 077 | Loss: 0.0000 | Val MiFmax: 0.7453 | Val MaFmax: 0.7306 | Val Smin: 25.9006
Epoch 078 | Loss: 0.0000 | Val MiFmax: 0.7453 | Val MaFmax: 0.7308 | Val Smin: 25.8626
Epoch 079 | Loss: 0.0000 | Val MiFmax: 0.7477 | Val MaFmax: 0.7307 | Val Smin: 25.6886
Epoch 080 | Loss: 0.0000 | Val MiFmax: 0.7461 | Val MaFmax: 0.7309 | Val Smin: 25.7645
Early stopping triggered after 80 epochs.
Training finished. Evaluating on Test Set...

--- TEST METRICS ---
Micro_Fmax: 0.6764
Macro_Fmax: 0.6630
Macro_AUROC: 0.8410
Micro_AUROC: 0.8515
Macro_AUPRC: 0.6156
Micro_AUPRC: 0.6402
Smin: 35.1752
------------------------------------------------------
  Tuning Run 8 / 54
  Ontology: biological_process | LR: 5e-4 | Dropout: 0.2 | Batch: 32
------------------------------------------------------
