
EnvironmentNameNotFound: Could not find conda environment: deep-green-go
You can list all discoverable environments with `conda info --envs`.


Starting Loss Function Ablation on mgh5
Array Task ID: 2
Running for ontology: cellular_component
Running only for: cellular_component
=========================================
  Loss Function Ablation (Hybrid_JK)
=========================================
Output Directory: runs_ablation_loss
Traceback (most recent call last):
  File "/home/ganeshiny.sridharan/dgg/deep-green-GO/get_best_hyperparams.py", line 1, in <module>
    import pandas as pd
ModuleNotFoundError: No module named 'pandas'
  [!] No tuning results found. Falling back to defaults.
=========================================
------------------------------------------------------
  Run 1 / 12 | cellular_component | BCE | gamma=4.0 | s42
------------------------------------------------------
Traceback (most recent call last):
  File "/home/ganeshiny.sridharan/dgg/deep-green-GO/train.py", line 1, in <module>
    import torch
ModuleNotFoundError: No module named 'torch'
------------------------------------------------------
  Run 2 / 12 | cellular_component | BCE | gamma=4.0 | s123
------------------------------------------------------
Traceback (most recent call last):
  File "/home/ganeshiny.sridharan/dgg/deep-green-GO/train.py", line 1, in <module>
    import torch
ModuleNotFoundError: No module named 'torch'
------------------------------------------------------
  Run 3 / 12 | cellular_component | BCE | gamma=4.0 | s456
------------------------------------------------------
Traceback (most recent call last):
  File "/home/ganeshiny.sridharan/dgg/deep-green-GO/train.py", line 1, in <module>
    import torch
ModuleNotFoundError: No module named 'torch'
------------------------------------------------------
  Run 4 / 12 | cellular_component | Focal | gamma=1.0 | s42
------------------------------------------------------
Traceback (most recent call last):
  File "/home/ganeshiny.sridharan/dgg/deep-green-GO/train.py", line 1, in <module>
    import torch
ModuleNotFoundError: No module named 'torch'
------------------------------------------------------
  Run 5 / 12 | cellular_component | Focal | gamma=1.0 | s123
------------------------------------------------------
Traceback (most recent call last):
  File "/home/ganeshiny.sridharan/dgg/deep-green-GO/train.py", line 1, in <module>
    import torch
ModuleNotFoundError: No module named 'torch'
------------------------------------------------------
  Run 6 / 12 | cellular_component | Focal | gamma=1.0 | s456
------------------------------------------------------
Traceback (most recent call last):
  File "/home/ganeshiny.sridharan/dgg/deep-green-GO/train.py", line 1, in <module>
    import torch
ModuleNotFoundError: No module named 'torch'
------------------------------------------------------
  Run 7 / 12 | cellular_component | Focal | gamma=2.0 | s42
------------------------------------------------------
Traceback (most recent call last):
  File "/home/ganeshiny.sridharan/dgg/deep-green-GO/train.py", line 1, in <module>
    import torch
ModuleNotFoundError: No module named 'torch'
------------------------------------------------------
  Run 8 / 12 | cellular_component | Focal | gamma=2.0 | s123
------------------------------------------------------
Traceback (most recent call last):
  File "/home/ganeshiny.sridharan/dgg/deep-green-GO/train.py", line 1, in <module>
    import torch
ModuleNotFoundError: No module named 'torch'
------------------------------------------------------
  Run 9 / 12 | cellular_component | Focal | gamma=2.0 | s456
------------------------------------------------------
Traceback (most recent call last):
  File "/home/ganeshiny.sridharan/dgg/deep-green-GO/train.py", line 1, in <module>
    import torch
ModuleNotFoundError: No module named 'torch'
------------------------------------------------------
  Run 10 / 12 | cellular_component | Focal | gamma=3.0 | s42
------------------------------------------------------
Traceback (most recent call last):
  File "/home/ganeshiny.sridharan/dgg/deep-green-GO/train.py", line 1, in <module>
    import torch
ModuleNotFoundError: No module named 'torch'
------------------------------------------------------
  Run 11 / 12 | cellular_component | Focal | gamma=3.0 | s123
------------------------------------------------------
Traceback (most recent call last):
  File "/home/ganeshiny.sridharan/dgg/deep-green-GO/train.py", line 1, in <module>
    import torch
ModuleNotFoundError: No module named 'torch'
------------------------------------------------------
  Run 12 / 12 | cellular_component | Focal | gamma=3.0 | s456
------------------------------------------------------
Traceback (most recent call last):
  File "/home/ganeshiny.sridharan/dgg/deep-green-GO/train.py", line 1, in <module>
    import torch
ModuleNotFoundError: No module named 'torch'
Completed: 0 / 12
