========================================================
Job ID        : 44297735
Node          : fg3
CPUs          : 8
Start time    : Fri Jun 26 11:57:00 MDT 2026
Project dir   : /home/ganeshiny.sridharan/dgg/deep-green-GO
Log .out      : /home/ganeshiny.sridharan/dgg/deep-green-GO/logs/deepgreengo_44297735.out
Log .err      : /home/ganeshiny.sridharan/dgg/deep-green-GO/logs/deepgreengo_44297735.err
========================================================
Python : /home/ganeshiny.sridharan/miniconda3/envs/deepgreengo/bin/python
PyTorch: 2.4.1
CUDA   : Tesla V100-PCIE-16GB
Scratch dir   : /scratch/44297735
CMAP_THREADS  : 8
========================================================
Running sequentially for all ontologies (Warning: May timeout)
  [33m▸[0m Project root: /home/ganeshiny.sridharan/dgg/deep-green-GO
  [33m▸[0m Settings: EPOCHS=1000  BATCH=32  MODEL=Hybrid  LOSS=Focal
  [33m▸[0m Ontology: biological_process
  [33m⚠[0m  Skipping preprocessing (--skip-preprocess)

[1m[32m══════════════════════════════════════════[0m
[1m[32m  Step 2.5: Hyperparameter Tuning[0m
[1m[32m══════════════════════════════════════════[0m
  [33m▸[0m Running grid search over LR, Dropout, and Batch Size for all 3 ontologies.
=========================================
  DeepGreenGO Hyperparameter Tuning
=========================================
Dataset: preprocessing/data/split_files/datasets.pkl
Output Directory: tuning_runs

------------------------------------------------------
  Tuning Run 1 / 54
  Ontology: biological_process | LR: 1e-4 | Dropout: 0.2 | Batch: 16
------------------------------------------------------
Using device: cuda
Loading datasets from preprocessing/data/split_files/datasets.pkl for biological_process...
Alpha weights not found. Using default FocalLoss (alpha=0.25, gamma=4.0).
Epoch 001 | Loss: 0.0133 | Val MiFmax: 0.0700 | Val MaFmax: 0.0816 | Val Smin: 68.8636
  --> New best model saved!
Epoch 002 | Loss: 0.0095 | Val MiFmax: 0.1120 | Val MaFmax: 0.0923 | Val Smin: 68.2250
  --> New best model saved!
Epoch 003 | Loss: 0.0046 | Val MiFmax: 0.1638 | Val MaFmax: 0.1038 | Val Smin: 67.0639
  --> New best model saved!
Epoch 004 | Loss: 0.0024 | Val MiFmax: 0.1855 | Val MaFmax: 0.1226 | Val Smin: 66.6318
  --> New best model saved!
Epoch 005 | Loss: 0.0017 | Val MiFmax: 0.2986 | Val MaFmax: 0.2168 | Val Smin: 61.2879
  --> New best model saved!
Epoch 006 | Loss: 0.0013 | Val MiFmax: 0.3979 | Val MaFmax: 0.3766 | Val Smin: 54.4050
  --> New best model saved!
Epoch 007 | Loss: 0.0009 | Val MiFmax: 0.4855 | Val MaFmax: 0.4910 | Val Smin: 47.6399
  --> New best model saved!
Epoch 008 | Loss: 0.0007 | Val MiFmax: 0.5519 | Val MaFmax: 0.5505 | Val Smin: 42.4432
  --> New best model saved!
Epoch 009 | Loss: 0.0006 | Val MiFmax: 0.5825 | Val MaFmax: 0.5947 | Val Smin: 39.6912
  --> New best model saved!
Epoch 010 | Loss: 0.0005 | Val MiFmax: 0.6133 | Val MaFmax: 0.6098 | Val Smin: 37.0698
  --> New best model saved!
Epoch 011 | Loss: 0.0004 | Val MiFmax: 0.6207 | Val MaFmax: 0.6353 | Val Smin: 36.6903
  --> New best model saved!
Epoch 012 | Loss: 0.0003 | Val MiFmax: 0.6447 | Val MaFmax: 0.6485 | Val Smin: 34.2612
  --> New best model saved!
Epoch 013 | Loss: 0.0003 | Val MiFmax: 0.6420 | Val MaFmax: 0.6529 | Val Smin: 34.9075
  --> New best model saved!
Epoch 014 | Loss: 0.0003 | Val MiFmax: 0.6718 | Val MaFmax: 0.6720 | Val Smin: 32.2966
  --> New best model saved!
Epoch 015 | Loss: 0.0002 | Val MiFmax: 0.6742 | Val MaFmax: 0.6835 | Val Smin: 31.6815
  --> New best model saved!
Epoch 016 | Loss: 0.0002 | Val MiFmax: 0.6831 | Val MaFmax: 0.6777 | Val Smin: 30.9154
Epoch 017 | Loss: 0.0002 | Val MiFmax: 0.6900 | Val MaFmax: 0.7042 | Val Smin: 30.3399
  --> New best model saved!
Epoch 018 | Loss: 0.0002 | Val MiFmax: 0.7054 | Val MaFmax: 0.7050 | Val Smin: 29.0516
  --> New best model saved!
Epoch 019 | Loss: 0.0001 | Val MiFmax: 0.7076 | Val MaFmax: 0.7082 | Val Smin: 28.9026
  --> New best model saved!
Epoch 020 | Loss: 0.0001 | Val MiFmax: 0.7035 | Val MaFmax: 0.7058 | Val Smin: 29.3163
Epoch 021 | Loss: 0.0001 | Val MiFmax: 0.7120 | Val MaFmax: 0.7115 | Val Smin: 28.7991
  --> New best model saved!
Epoch 022 | Loss: 0.0001 | Val MiFmax: 0.7147 | Val MaFmax: 0.7187 | Val Smin: 28.3004
  --> New best model saved!
Epoch 023 | Loss: 0.0001 | Val MiFmax: 0.7221 | Val MaFmax: 0.7157 | Val Smin: 27.8489
Epoch 024 | Loss: 0.0001 | Val MiFmax: 0.7228 | Val MaFmax: 0.7037 | Val Smin: 27.8159
Epoch 025 | Loss: 0.0001 | Val MiFmax: 0.7168 | Val MaFmax: 0.7132 | Val Smin: 28.0683
Epoch 026 | Loss: 0.0001 | Val MiFmax: 0.7181 | Val MaFmax: 0.7116 | Val Smin: 28.1159
Epoch 027 | Loss: 0.0001 | Val MiFmax: 0.7368 | Val MaFmax: 0.7236 | Val Smin: 26.5165
  --> New best model saved!
Epoch 028 | Loss: 0.0001 | Val MiFmax: 0.7315 | Val MaFmax: 0.7262 | Val Smin: 27.0910
  --> New best model saved!
Epoch 029 | Loss: 0.0001 | Val MiFmax: 0.7377 | Val MaFmax: 0.7268 | Val Smin: 26.6839
  --> New best model saved!
Epoch 030 | Loss: 0.0001 | Val MiFmax: 0.7340 | Val MaFmax: 0.7118 | Val Smin: 27.0593
Epoch 031 | Loss: 0.0001 | Val MiFmax: 0.7319 | Val MaFmax: 0.7313 | Val Smin: 26.9483
  --> New best model saved!
Epoch 032 | Loss: 0.0001 | Val MiFmax: 0.7277 | Val MaFmax: 0.7229 | Val Smin: 27.2803
Epoch 033 | Loss: 0.0001 | Val MiFmax: 0.7398 | Val MaFmax: 0.7161 | Val Smin: 26.3801
Epoch 034 | Loss: 0.0001 | Val MiFmax: 0.7247 | Val MaFmax: 0.7247 | Val Smin: 27.4299
Epoch 035 | Loss: 0.0001 | Val MiFmax: 0.7310 | Val MaFmax: 0.7161 | Val Smin: 27.0310
Epoch 036 | Loss: 0.0000 | Val MiFmax: 0.7420 | Val MaFmax: 0.7248 | Val Smin: 26.2254
Epoch 037 | Loss: 0.0000 | Val MiFmax: 0.7247 | Val MaFmax: 0.7243 | Val Smin: 27.3617
Epoch 038 | Loss: 0.0000 | Val MiFmax: 0.7411 | Val MaFmax: 0.7298 | Val Smin: 26.3251
Epoch 039 | Loss: 0.0000 | Val MiFmax: 0.7481 | Val MaFmax: 0.7320 | Val Smin: 25.8005
  --> New best model saved!
Epoch 040 | Loss: 0.0000 | Val MiFmax: 0.7459 | Val MaFmax: 0.7349 | Val Smin: 25.8980
  --> New best model saved!
Epoch 041 | Loss: 0.0000 | Val MiFmax: 0.7474 | Val MaFmax: 0.7328 | Val Smin: 25.8556
Epoch 042 | Loss: 0.0000 | Val MiFmax: 0.7455 | Val MaFmax: 0.7334 | Val Smin: 26.0463
Epoch 043 | Loss: 0.0000 | Val MiFmax: 0.7451 | Val MaFmax: 0.7331 | Val Smin: 26.1479
Epoch 044 | Loss: 0.0000 | Val MiFmax: 0.7447 | Val MaFmax: 0.7332 | Val Smin: 26.0168
Epoch 045 | Loss: 0.0000 | Val MiFmax: 0.7392 | Val MaFmax: 0.7356 | Val Smin: 26.4315
  --> New best model saved!
Epoch 046 | Loss: 0.0000 | Val MiFmax: 0.7465 | Val MaFmax: 0.7338 | Val Smin: 25.7693
Epoch 047 | Loss: 0.0000 | Val MiFmax: 0.7509 | Val MaFmax: 0.7371 | Val Smin: 25.6209
  --> New best model saved!
Epoch 048 | Loss: 0.0000 | Val MiFmax: 0.7521 | Val MaFmax: 0.7378 | Val Smin: 25.5658
  --> New best model saved!
Epoch 049 | Loss: 0.0000 | Val MiFmax: 0.7502 | Val MaFmax: 0.7301 | Val Smin: 25.4180
Epoch 050 | Loss: 0.0000 | Val MiFmax: 0.7488 | Val MaFmax: 0.7372 | Val Smin: 25.6569
Epoch 051 | Loss: 0.0000 | Val MiFmax: 0.7533 | Val MaFmax: 0.7352 | Val Smin: 25.2985
Epoch 052 | Loss: 0.0000 | Val MiFmax: 0.7459 | Val MaFmax: 0.7336 | Val Smin: 25.8414
Epoch 053 | Loss: 0.0000 | Val MiFmax: 0.7479 | Val MaFmax: 0.7356 | Val Smin: 25.6753
Epoch 054 | Loss: 0.0000 | Val MiFmax: 0.7471 | Val MaFmax: 0.7329 | Val Smin: 25.9866
Epoch 055 | Loss: 0.0000 | Val MiFmax: 0.7492 | Val MaFmax: 0.7376 | Val Smin: 25.5417
Epoch 056 | Loss: 0.0000 | Val MiFmax: 0.7455 | Val MaFmax: 0.7362 | Val Smin: 25.8799
Epoch 057 | Loss: 0.0000 | Val MiFmax: 0.7484 | Val MaFmax: 0.7372 | Val Smin: 25.6847
Epoch 058 | Loss: 0.0000 | Val MiFmax: 0.7466 | Val MaFmax: 0.7368 | Val Smin: 25.6898
Epoch 059 | Loss: 0.0000 | Val MiFmax: 0.7467 | Val MaFmax: 0.7375 | Val Smin: 25.7787
Epoch 060 | Loss: 0.0000 | Val MiFmax: 0.7481 | Val MaFmax: 0.7368 | Val Smin: 25.7251
Epoch 061 | Loss: 0.0000 | Val MiFmax: 0.7466 | Val MaFmax: 0.7366 | Val Smin: 25.7696
Epoch 062 | Loss: 0.0000 | Val MiFmax: 0.7525 | Val MaFmax: 0.7376 | Val Smin: 25.4775
Epoch 063 | Loss: 0.0000 | Val MiFmax: 0.7543 | Val MaFmax: 0.7380 | Val Smin: 25.2318
  --> New best model saved!
Epoch 064 | Loss: 0.0000 | Val MiFmax: 0.7481 | Val MaFmax: 0.7370 | Val Smin: 25.7575
Epoch 065 | Loss: 0.0000 | Val MiFmax: 0.7497 | Val MaFmax: 0.7359 | Val Smin: 25.7047
Epoch 066 | Loss: 0.0000 | Val MiFmax: 0.7516 | Val MaFmax: 0.7353 | Val Smin: 25.6226
Epoch 067 | Loss: 0.0000 | Val MiFmax: 0.7505 | Val MaFmax: 0.7363 | Val Smin: 25.6080
Epoch 068 | Loss: 0.0000 | Val MiFmax: 0.7523 | Val MaFmax: 0.7367 | Val Smin: 25.5381
Epoch 069 | Loss: 0.0000 | Val MiFmax: 0.7476 | Val MaFmax: 0.7374 | Val Smin: 25.7950
Epoch 070 | Loss: 0.0000 | Val MiFmax: 0.7513 | Val MaFmax: 0.7380 | Val Smin: 25.6381
  --> New best model saved!
Epoch 071 | Loss: 0.0000 | Val MiFmax: 0.7502 | Val MaFmax: 0.7379 | Val Smin: 25.4414
Epoch 072 | Loss: 0.0000 | Val MiFmax: 0.7528 | Val MaFmax: 0.7379 | Val Smin: 25.4859
Epoch 073 | Loss: 0.0000 | Val MiFmax: 0.7521 | Val MaFmax: 0.7360 | Val Smin: 25.4978
Epoch 074 | Loss: 0.0000 | Val MiFmax: 0.7519 | Val MaFmax: 0.7372 | Val Smin: 25.3872
Epoch 075 | Loss: 0.0000 | Val MiFmax: 0.7517 | Val MaFmax: 0.7373 | Val Smin: 25.4161
Epoch 076 | Loss: 0.0000 | Val MiFmax: 0.7533 | Val MaFmax: 0.7367 | Val Smin: 25.3636
Epoch 077 | Loss: 0.0000 | Val MiFmax: 0.7550 | Val MaFmax: 0.7367 | Val Smin: 25.3616
Epoch 078 | Loss: 0.0000 | Val MiFmax: 0.7543 | Val MaFmax: 0.7369 | Val Smin: 25.3630
Epoch 079 | Loss: 0.0000 | Val MiFmax: 0.7541 | Val MaFmax: 0.7364 | Val Smin: 25.3397
Epoch 080 | Loss: 0.0000 | Val MiFmax: 0.7528 | Val MaFmax: 0.7363 | Val Smin: 25.4645
Epoch 081 | Loss: 0.0000 | Val MiFmax: 0.7510 | Val MaFmax: 0.7361 | Val Smin: 25.5317
Epoch 082 | Loss: 0.0000 | Val MiFmax: 0.7526 | Val MaFmax: 0.7372 | Val Smin: 25.4543
Epoch 083 | Loss: 0.0000 | Val MiFmax: 0.7512 | Val MaFmax: 0.7360 | Val Smin: 25.4584
Epoch 084 | Loss: 0.0000 | Val MiFmax: 0.7520 | Val MaFmax: 0.7375 | Val Smin: 25.4201
Epoch 085 | Loss: 0.0000 | Val MiFmax: 0.7498 | Val MaFmax: 0.7367 | Val Smin: 25.6907
Early stopping triggered after 85 epochs.
Training finished. Evaluating on Test Set...

--- TEST METRICS ---
Micro_Fmax: 0.6847
Macro_Fmax: 0.6646
Macro_AUROC: 0.8469
Micro_AUROC: 0.8401
Macro_AUPRC: 0.6156
Micro_AUPRC: 0.6384
Smin: 34.4511
------------------------------------------------------
  Tuning Run 2 / 54
  Ontology: biological_process | LR: 1e-4 | Dropout: 0.2 | Batch: 32
------------------------------------------------------
Using device: cuda
Loading datasets from preprocessing/data/split_files/datasets.pkl for biological_process...
Alpha weights not found. Using default FocalLoss (alpha=0.25, gamma=4.0).
  [WARN] Tuning run failed — continuing sweep
------------------------------------------------------
  Tuning Run 3 / 54
  Ontology: biological_process | LR: 1e-4 | Dropout: 0.3 | Batch: 16
------------------------------------------------------
Using device: cuda
Loading datasets from preprocessing/data/split_files/datasets.pkl for biological_process...
Alpha weights not found. Using default FocalLoss (alpha=0.25, gamma=4.0).
Epoch 001 | Loss: 0.0152 | Val MiFmax: 0.0547 | Val MaFmax: 0.0770 | Val Smin: 68.9489
  --> New best model saved!
Epoch 002 | Loss: 0.0112 | Val MiFmax: 0.0897 | Val MaFmax: 0.0808 | Val Smin: 68.8884
  --> New best model saved!
Epoch 003 | Loss: 0.0061 | Val MiFmax: 0.1297 | Val MaFmax: 0.0903 | Val Smin: 68.4036
  --> New best model saved!
Epoch 004 | Loss: 0.0031 | Val MiFmax: 0.1659 | Val MaFmax: 0.0965 | Val Smin: 67.4382
  --> New best model saved!
Epoch 005 | Loss: 0.0021 | Val MiFmax: 0.1835 | Val MaFmax: 0.1041 | Val Smin: 66.4900
  --> New best model saved!
Epoch 006 | Loss: 0.0017 | Val MiFmax: 0.2796 | Val MaFmax: 0.1925 | Val Smin: 61.8989
  --> New best model saved!
Epoch 007 | Loss: 0.0014 | Val MiFmax: 0.3344 | Val MaFmax: 0.2912 | Val Smin: 58.7381
  --> New best model saved!
Epoch 008 | Loss: 0.0011 | Val MiFmax: 0.4015 | Val MaFmax: 0.3733 | Val Smin: 55.6920
  --> New best model saved!
Epoch 009 | Loss: 0.0009 | Val MiFmax: 0.4695 | Val MaFmax: 0.4477 | Val Smin: 49.6695
  --> New best model saved!
Epoch 010 | Loss: 0.0008 | Val MiFmax: 0.5336 | Val MaFmax: 0.5267 | Val Smin: 43.7949
  --> New best model saved!
Epoch 011 | Loss: 0.0007 | Val MiFmax: 0.5459 | Val MaFmax: 0.5392 | Val Smin: 42.9097
  --> New best model saved!
Epoch 012 | Loss: 0.0006 | Val MiFmax: 0.5716 | Val MaFmax: 0.5729 | Val Smin: 40.9765
  --> New best model saved!
Epoch 013 | Loss: 0.0005 | Val MiFmax: 0.6019 | Val MaFmax: 0.6137 | Val Smin: 38.5413
  --> New best model saved!
Epoch 014 | Loss: 0.0004 | Val MiFmax: 0.6058 | Val MaFmax: 0.6237 | Val Smin: 38.1118
  --> New best model saved!
Epoch 015 | Loss: 0.0004 | Val MiFmax: 0.6246 | Val MaFmax: 0.6430 | Val Smin: 36.0343
  --> New best model saved!
Epoch 016 | Loss: 0.0003 | Val MiFmax: 0.6287 | Val MaFmax: 0.6326 | Val Smin: 35.9501
Epoch 017 | Loss: 0.0003 | Val MiFmax: 0.6433 | Val MaFmax: 0.6593 | Val Smin: 34.7057
  --> New best model saved!
Epoch 018 | Loss: 0.0003 | Val MiFmax: 0.6567 | Val MaFmax: 0.6696 | Val Smin: 33.6890
  --> New best model saved!
Epoch 019 | Loss: 0.0002 | Val MiFmax: 0.6629 | Val MaFmax: 0.6802 | Val Smin: 33.0606
  --> New best model saved!
Epoch 020 | Loss: 0.0002 | Val MiFmax: 0.6704 | Val MaFmax: 0.6831 | Val Smin: 32.2311
  --> New best model saved!
Epoch 021 | Loss: 0.0002 | Val MiFmax: 0.6792 | Val MaFmax: 0.6901 | Val Smin: 31.8471
  --> New best model saved!
Epoch 022 | Loss: 0.0002 | Val MiFmax: 0.6770 | Val MaFmax: 0.6991 | Val Smin: 31.7153
  --> New best model saved!
Epoch 023 | Loss: 0.0002 | Val MiFmax: 0.6857 | Val MaFmax: 0.6971 | Val Smin: 31.5287
Epoch 024 | Loss: 0.0002 | Val MiFmax: 0.6776 | Val MaFmax: 0.6935 | Val Smin: 31.9765
Epoch 025 | Loss: 0.0001 | Val MiFmax: 0.6960 | Val MaFmax: 0.6983 | Val Smin: 30.2550
Epoch 026 | Loss: 0.0001 | Val MiFmax: 0.6997 | Val MaFmax: 0.7047 | Val Smin: 29.9571
  --> New best model saved!
Epoch 027 | Loss: 0.0001 | Val MiFmax: 0.6987 | Val MaFmax: 0.7114 | Val Smin: 30.2034
  --> New best model saved!
Epoch 028 | Loss: 0.0001 | Val MiFmax: 0.7015 | Val MaFmax: 0.7147 | Val Smin: 30.3235
  --> New best model saved!
Epoch 029 | Loss: 0.0001 | Val MiFmax: 0.7037 | Val MaFmax: 0.7133 | Val Smin: 30.1535
Epoch 030 | Loss: 0.0001 | Val MiFmax: 0.7109 | Val MaFmax: 0.7085 | Val Smin: 28.8358
Epoch 031 | Loss: 0.0001 | Val MiFmax: 0.7013 | Val MaFmax: 0.7137 | Val Smin: 30.0259
Epoch 032 | Loss: 0.0001 | Val MiFmax: 0.7131 | Val MaFmax: 0.7171 | Val Smin: 28.7975
  --> New best model saved!
Epoch 033 | Loss: 0.0001 | Val MiFmax: 0.7037 | Val MaFmax: 0.7150 | Val Smin: 29.5489
Epoch 034 | Loss: 0.0001 | Val MiFmax: 0.7075 | Val MaFmax: 0.7153 | Val Smin: 29.6995
Epoch 035 | Loss: 0.0001 | Val MiFmax: 0.7108 | Val MaFmax: 0.7225 | Val Smin: 29.2398
  --> New best model saved!
Epoch 036 | Loss: 0.0001 | Val MiFmax: 0.7062 | Val MaFmax: 0.7199 | Val Smin: 29.5567
Epoch 037 | Loss: 0.0001 | Val MiFmax: 0.7070 | Val MaFmax: 0.7220 | Val Smin: 29.5645
Epoch 038 | Loss: 0.0001 | Val MiFmax: 0.7125 | Val MaFmax: 0.7222 | Val Smin: 29.3756
Epoch 039 | Loss: 0.0001 | Val MiFmax: 0.7149 | Val MaFmax: 0.7210 | Val Smin: 29.1831
Epoch 040 | Loss: 0.0001 | Val MiFmax: 0.7217 | Val MaFmax: 0.7274 | Val Smin: 28.2237
  --> New best model saved!
Epoch 041 | Loss: 0.0000 | Val MiFmax: 0.7128 | Val MaFmax: 0.7189 | Val Smin: 29.1002
Epoch 042 | Loss: 0.0001 | Val MiFmax: 0.7213 | Val MaFmax: 0.7193 | Val Smin: 28.1816
Epoch 043 | Loss: 0.0001 | Val MiFmax: 0.7283 | Val MaFmax: 0.7285 | Val Smin: 27.3507
  --> New best model saved!
Epoch 044 | Loss: 0.0001 | Val MiFmax: 0.7088 | Val MaFmax: 0.7194 | Val Smin: 29.1470
Epoch 045 | Loss: 0.0001 | Val MiFmax: 0.7222 | Val MaFmax: 0.7252 | Val Smin: 28.0607
Epoch 046 | Loss: 0.0000 | Val MiFmax: 0.7273 | Val MaFmax: 0.7274 | Val Smin: 27.8584
Epoch 047 | Loss: 0.0000 | Val MiFmax: 0.7269 | Val MaFmax: 0.7297 | Val Smin: 28.0319
  --> New best model saved!
Epoch 048 | Loss: 0.0000 | Val MiFmax: 0.7295 | Val MaFmax: 0.7250 | Val Smin: 27.4347
Epoch 049 | Loss: 0.0000 | Val MiFmax: 0.7265 | Val MaFmax: 0.7286 | Val Smin: 27.8431
Epoch 050 | Loss: 0.0000 | Val MiFmax: 0.7239 | Val MaFmax: 0.7269 | Val Smin: 28.2989
Epoch 051 | Loss: 0.0000 | Val MiFmax: 0.7221 | Val MaFmax: 0.7259 | Val Smin: 28.3845
Epoch 052 | Loss: 0.0000 | Val MiFmax: 0.7278 | Val MaFmax: 0.7137 | Val Smin: 27.4552
Epoch 053 | Loss: 0.0000 | Val MiFmax: 0.7268 | Val MaFmax: 0.7255 | Val Smin: 27.5468
Epoch 054 | Loss: 0.0000 | Val MiFmax: 0.7326 | Val MaFmax: 0.7245 | Val Smin: 27.0867
Epoch 055 | Loss: 0.0000 | Val MiFmax: 0.7387 | Val MaFmax: 0.7280 | Val Smin: 26.2987
Epoch 056 | Loss: 0.0000 | Val MiFmax: 0.7376 | Val MaFmax: 0.7284 | Val Smin: 26.3282
Epoch 057 | Loss: 0.0000 | Val MiFmax: 0.7331 | Val MaFmax: 0.7297 | Val Smin: 26.7814
Epoch 058 | Loss: 0.0000 | Val MiFmax: 0.7372 | Val MaFmax: 0.7277 | Val Smin: 26.4587
Epoch 059 | Loss: 0.0000 | Val MiFmax: 0.7324 | Val MaFmax: 0.7296 | Val Smin: 27.1031
Epoch 060 | Loss: 0.0000 | Val MiFmax: 0.7361 | Val MaFmax: 0.7323 | Val Smin: 26.6466
  --> New best model saved!
Epoch 061 | Loss: 0.0000 | Val MiFmax: 0.7396 | Val MaFmax: 0.7320 | Val Smin: 26.4403
Epoch 062 | Loss: 0.0000 | Val MiFmax: 0.7366 | Val MaFmax: 0.7317 | Val Smin: 26.6781
Epoch 063 | Loss: 0.0000 | Val MiFmax: 0.7367 | Val MaFmax: 0.7322 | Val Smin: 26.5373
Epoch 064 | Loss: 0.0000 | Val MiFmax: 0.7343 | Val MaFmax: 0.7310 | Val Smin: 26.7282
Epoch 065 | Loss: 0.0000 | Val MiFmax: 0.7371 | Val MaFmax: 0.7298 | Val Smin: 26.4165
Epoch 066 | Loss: 0.0000 | Val MiFmax: 0.7391 | Val MaFmax: 0.7294 | Val Smin: 26.4342
Epoch 067 | Loss: 0.0000 | Val MiFmax: 0.7351 | Val MaFmax: 0.7320 | Val Smin: 26.6910
Epoch 068 | Loss: 0.0000 | Val MiFmax: 0.7378 | Val MaFmax: 0.7319 | Val Smin: 26.6187
Epoch 069 | Loss: 0.0000 | Val MiFmax: 0.7360 | Val MaFmax: 0.7318 | Val Smin: 26.7186
Epoch 070 | Loss: 0.0000 | Val MiFmax: 0.7367 | Val MaFmax: 0.7321 | Val Smin: 26.5896
Epoch 071 | Loss: 0.0000 | Val MiFmax: 0.7365 | Val MaFmax: 0.7325 | Val Smin: 26.7508
  --> New best model saved!
Epoch 072 | Loss: 0.0000 | Val MiFmax: 0.7362 | Val MaFmax: 0.7340 | Val Smin: 26.6982
  --> New best model saved!
Epoch 073 | Loss: 0.0000 | Val MiFmax: 0.7386 | Val MaFmax: 0.7314 | Val Smin: 26.3551
Epoch 074 | Loss: 0.0000 | Val MiFmax: 0.7325 | Val MaFmax: 0.7312 | Val Smin: 27.1127
Epoch 075 | Loss: 0.0000 | Val MiFmax: 0.7372 | Val MaFmax: 0.7311 | Val Smin: 26.5634
Epoch 076 | Loss: 0.0000 | Val MiFmax: 0.7372 | Val MaFmax: 0.7295 | Val Smin: 26.8336
Epoch 077 | Loss: 0.0000 | Val MiFmax: 0.7362 | Val MaFmax: 0.7325 | Val Smin: 26.7166
Epoch 078 | Loss: 0.0000 | Val MiFmax: 0.7382 | Val MaFmax: 0.7330 | Val Smin: 26.8018
Epoch 079 | Loss: 0.0000 | Val MiFmax: 0.7410 | Val MaFmax: 0.7324 | Val Smin: 26.3937
Epoch 080 | Loss: 0.0000 | Val MiFmax: 0.7382 | Val MaFmax: 0.7328 | Val Smin: 26.4751
Epoch 081 | Loss: 0.0000 | Val MiFmax: 0.7415 | Val MaFmax: 0.7328 | Val Smin: 26.1287
Epoch 082 | Loss: 0.0000 | Val MiFmax: 0.7387 | Val MaFmax: 0.7325 | Val Smin: 26.4414
Epoch 083 | Loss: 0.0000 | Val MiFmax: 0.7368 | Val MaFmax: 0.7330 | Val Smin: 26.6205
Epoch 084 | Loss: 0.0000 | Val MiFmax: 0.7400 | Val MaFmax: 0.7329 | Val Smin: 26.3536
Epoch 085 | Loss: 0.0000 | Val MiFmax: 0.7397 | Val MaFmax: 0.7320 | Val Smin: 26.2654
Epoch 086 | Loss: 0.0000 | Val MiFmax: 0.7379 | Val MaFmax: 0.7332 | Val Smin: 26.2921
Epoch 087 | Loss: 0.0000 | Val MiFmax: 0.7400 | Val MaFmax: 0.7331 | Val Smin: 26.3180
Early stopping triggered after 87 epochs.
Training finished. Evaluating on Test Set...

--- TEST METRICS ---
Micro_Fmax: 0.6736
Macro_Fmax: 0.6436
Macro_AUROC: 0.8783
Micro_AUROC: 0.8891
Macro_AUPRC: 0.6007
Micro_AUPRC: 0.6393
Smin: 35.8085
------------------------------------------------------
  Tuning Run 4 / 54
  Ontology: biological_process | LR: 1e-4 | Dropout: 0.3 | Batch: 32
------------------------------------------------------
Using device: cuda
Loading datasets from preprocessing/data/split_files/datasets.pkl for biological_process...
Alpha weights not found. Using default FocalLoss (alpha=0.25, gamma=4.0).
  [WARN] Tuning run failed — continuing sweep
------------------------------------------------------
  Tuning Run 5 / 54
  Ontology: biological_process | LR: 1e-4 | Dropout: 0.4 | Batch: 16
------------------------------------------------------
Using device: cuda
Loading datasets from preprocessing/data/split_files/datasets.pkl for biological_process...
Alpha weights not found. Using default FocalLoss (alpha=0.25, gamma=4.0).
Epoch 001 | Loss: 0.0176 | Val MiFmax: 0.0519 | Val MaFmax: 0.0748 | Val Smin: 69.0465
  --> New best model saved!
Epoch 002 | Loss: 0.0130 | Val MiFmax: 0.0652 | Val MaFmax: 0.0862 | Val Smin: 69.1358
  --> New best model saved!
Epoch 003 | Loss: 0.0080 | Val MiFmax: 0.1389 | Val MaFmax: 0.0888 | Val Smin: 68.1750
  --> New best model saved!
Epoch 004 | Loss: 0.0043 | Val MiFmax: 0.1648 | Val MaFmax: 0.0947 | Val Smin: 67.5742
  --> New best model saved!
Epoch 005 | Loss: 0.0027 | Val MiFmax: 0.1698 | Val MaFmax: 0.1052 | Val Smin: 67.2006
  --> New best model saved!
Epoch 006 | Loss: 0.0019 | Val MiFmax: 0.1820 | Val MaFmax: 0.1341 | Val Smin: 66.8392
  --> New best model saved!
Epoch 007 | Loss: 0.0015 | Val MiFmax: 0.2197 | Val MaFmax: 0.1829 | Val Smin: 64.9630
  --> New best model saved!
Epoch 008 | Loss: 0.0013 | Val MiFmax: 0.2171 | Val MaFmax: 0.2021 | Val Smin: 65.3296
  --> New best model saved!
Epoch 009 | Loss: 0.0011 | Val MiFmax: 0.3509 | Val MaFmax: 0.2913 | Val Smin: 59.0924
  --> New best model saved!
Epoch 010 | Loss: 0.0009 | Val MiFmax: 0.3966 | Val MaFmax: 0.3493 | Val Smin: 55.7183
  --> New best model saved!
Epoch 011 | Loss: 0.0008 | Val MiFmax: 0.4763 | Val MaFmax: 0.4592 | Val Smin: 48.8858
  --> New best model saved!
Epoch 012 | Loss: 0.0007 | Val MiFmax: 0.4956 | Val MaFmax: 0.4954 | Val Smin: 46.1405
  --> New best model saved!
Epoch 013 | Loss: 0.0006 | Val MiFmax: 0.5496 | Val MaFmax: 0.5482 | Val Smin: 42.2155
  --> New best model saved!
Epoch 014 | Loss: 0.0005 | Val MiFmax: 0.5717 | Val MaFmax: 0.5684 | Val Smin: 40.6328
  --> New best model saved!
Epoch 015 | Loss: 0.0005 | Val MiFmax: 0.5990 | Val MaFmax: 0.5941 | Val Smin: 38.4369
  --> New best model saved!
Epoch 016 | Loss: 0.0004 | Val MiFmax: 0.5908 | Val MaFmax: 0.6033 | Val Smin: 39.0255
  --> New best model saved!
Epoch 017 | Loss: 0.0004 | Val MiFmax: 0.6150 | Val MaFmax: 0.6293 | Val Smin: 37.2848
  --> New best model saved!
Epoch 018 | Loss: 0.0004 | Val MiFmax: 0.6196 | Val MaFmax: 0.6325 | Val Smin: 36.7339
  --> New best model saved!
Epoch 019 | Loss: 0.0003 | Val MiFmax: 0.6090 | Val MaFmax: 0.6217 | Val Smin: 37.4951
Epoch 020 | Loss: 0.0003 | Val MiFmax: 0.6402 | Val MaFmax: 0.6552 | Val Smin: 35.0815
  --> New best model saved!
Epoch 021 | Loss: 0.0003 | Val MiFmax: 0.6395 | Val MaFmax: 0.6612 | Val Smin: 34.7578
  --> New best model saved!
Epoch 022 | Loss: 0.0003 | Val MiFmax: 0.6416 | Val MaFmax: 0.6692 | Val Smin: 34.7742
  --> New best model saved!
Epoch 023 | Loss: 0.0002 | Val MiFmax: 0.6496 | Val MaFmax: 0.6673 | Val Smin: 34.3822
Epoch 024 | Loss: 0.0002 | Val MiFmax: 0.6509 | Val MaFmax: 0.6773 | Val Smin: 34.1268
  --> New best model saved!
Epoch 025 | Loss: 0.0002 | Val MiFmax: 0.6466 | Val MaFmax: 0.6760 | Val Smin: 34.3378
Epoch 026 | Loss: 0.0002 | Val MiFmax: 0.6643 | Val MaFmax: 0.6850 | Val Smin: 33.1640
  --> New best model saved!
Epoch 027 | Loss: 0.0002 | Val MiFmax: 0.6753 | Val MaFmax: 0.6942 | Val Smin: 32.2068
  --> New best model saved!
Epoch 028 | Loss: 0.0002 | Val MiFmax: 0.6774 | Val MaFmax: 0.6964 | Val Smin: 31.7171
  --> New best model saved!
Epoch 029 | Loss: 0.0002 | Val MiFmax: 0.6741 | Val MaFmax: 0.6893 | Val Smin: 32.1308
Epoch 030 | Loss: 0.0002 | Val MiFmax: 0.6861 | Val MaFmax: 0.7028 | Val Smin: 30.4534
  --> New best model saved!
Epoch 031 | Loss: 0.0002 | Val MiFmax: 0.6852 | Val MaFmax: 0.6960 | Val Smin: 31.4415
Epoch 032 | Loss: 0.0001 | Val MiFmax: 0.6925 | Val MaFmax: 0.7079 | Val Smin: 30.0381
  --> New best model saved!
Epoch 033 | Loss: 0.0001 | Val MiFmax: 0.6978 | Val MaFmax: 0.7075 | Val Smin: 29.6685
Epoch 034 | Loss: 0.0001 | Val MiFmax: 0.7115 | Val MaFmax: 0.7144 | Val Smin: 28.5781
  --> New best model saved!
Epoch 035 | Loss: 0.0001 | Val MiFmax: 0.7021 | Val MaFmax: 0.7041 | Val Smin: 29.3343
Epoch 036 | Loss: 0.0001 | Val MiFmax: 0.7096 | Val MaFmax: 0.7202 | Val Smin: 28.7706
  --> New best model saved!
Epoch 037 | Loss: 0.0001 | Val MiFmax: 0.6864 | Val MaFmax: 0.7164 | Val Smin: 30.8305
Epoch 038 | Loss: 0.0001 | Val MiFmax: 0.7014 | Val MaFmax: 0.7027 | Val Smin: 29.0118
Epoch 039 | Loss: 0.0001 | Val MiFmax: 0.6813 | Val MaFmax: 0.7209 | Val Smin: 30.9578
  --> New best model saved!
Epoch 040 | Loss: 0.0001 | Val MiFmax: 0.7111 | Val MaFmax: 0.7251 | Val Smin: 28.2539
  --> New best model saved!
Epoch 041 | Loss: 0.0001 | Val MiFmax: 0.7095 | Val MaFmax: 0.7228 | Val Smin: 28.8787
Epoch 042 | Loss: 0.0001 | Val MiFmax: 0.7256 | Val MaFmax: 0.7263 | Val Smin: 27.3351
  --> New best model saved!
Epoch 043 | Loss: 0.0001 | Val MiFmax: 0.7026 | Val MaFmax: 0.7170 | Val Smin: 29.4868
Epoch 044 | Loss: 0.0001 | Val MiFmax: 0.7103 | Val MaFmax: 0.7235 | Val Smin: 28.7829
Epoch 045 | Loss: 0.0001 | Val MiFmax: 0.7144 | Val MaFmax: 0.7240 | Val Smin: 28.1210
Epoch 046 | Loss: 0.0001 | Val MiFmax: 0.7193 | Val MaFmax: 0.7300 | Val Smin: 28.4726
  --> New best model saved!
Epoch 047 | Loss: 0.0001 | Val MiFmax: 0.7173 | Val MaFmax: 0.7239 | Val Smin: 28.6417
Epoch 048 | Loss: 0.0001 | Val MiFmax: 0.6952 | Val MaFmax: 0.7198 | Val Smin: 30.0567
Epoch 049 | Loss: 0.0001 | Val MiFmax: 0.7153 | Val MaFmax: 0.7234 | Val Smin: 27.9478
Epoch 050 | Loss: 0.0001 | Val MiFmax: 0.7149 | Val MaFmax: 0.7236 | Val Smin: 28.2604
Epoch 051 | Loss: 0.0001 | Val MiFmax: 0.7350 | Val MaFmax: 0.7300 | Val Smin: 26.3656
Epoch 052 | Loss: 0.0001 | Val MiFmax: 0.7102 | Val MaFmax: 0.7301 | Val Smin: 28.7212
  --> New best model saved!
Epoch 053 | Loss: 0.0001 | Val MiFmax: 0.7264 | Val MaFmax: 0.7263 | Val Smin: 27.4303
Epoch 054 | Loss: 0.0001 | Val MiFmax: 0.7016 | Val MaFmax: 0.7230 | Val Smin: 29.6968
Epoch 055 | Loss: 0.0001 | Val MiFmax: 0.7203 | Val MaFmax: 0.7254 | Val Smin: 27.9323
Epoch 056 | Loss: 0.0001 | Val MiFmax: 0.7190 | Val MaFmax: 0.7328 | Val Smin: 28.3760
  --> New best model saved!
Epoch 057 | Loss: 0.0001 | Val MiFmax: 0.7242 | Val MaFmax: 0.7277 | Val Smin: 27.3377
Epoch 058 | Loss: 0.0000 | Val MiFmax: 0.7329 | Val MaFmax: 0.7253 | Val Smin: 26.6016
Epoch 059 | Loss: 0.0001 | Val MiFmax: 0.7172 | Val MaFmax: 0.7251 | Val Smin: 28.0242
Epoch 060 | Loss: 0.0001 | Val MiFmax: 0.7191 | Val MaFmax: 0.7327 | Val Smin: 27.9755
Epoch 061 | Loss: 0.0001 | Val MiFmax: 0.7207 | Val MaFmax: 0.7192 | Val Smin: 27.4794
Epoch 062 | Loss: 0.0001 | Val MiFmax: 0.7242 | Val MaFmax: 0.7183 | Val Smin: 27.5680
Epoch 063 | Loss: 0.0000 | Val MiFmax: 0.7456 | Val MaFmax: 0.7328 | Val Smin: 25.5444
  --> New best model saved!
Epoch 064 | Loss: 0.0000 | Val MiFmax: 0.7400 | Val MaFmax: 0.7316 | Val Smin: 26.0552
Epoch 065 | Loss: 0.0000 | Val MiFmax: 0.7366 | Val MaFmax: 0.7333 | Val Smin: 26.4247
  --> New best model saved!
Epoch 066 | Loss: 0.0000 | Val MiFmax: 0.7448 | Val MaFmax: 0.7382 | Val Smin: 25.6747
  --> New best model saved!
Epoch 067 | Loss: 0.0000 | Val MiFmax: 0.7407 | Val MaFmax: 0.7343 | Val Smin: 26.0189
Epoch 068 | Loss: 0.0000 | Val MiFmax: 0.7484 | Val MaFmax: 0.7355 | Val Smin: 25.4266
Epoch 069 | Loss: 0.0000 | Val MiFmax: 0.7436 | Val MaFmax: 0.7331 | Val Smin: 25.7405
Epoch 070 | Loss: 0.0000 | Val MiFmax: 0.7455 | Val MaFmax: 0.7340 | Val Smin: 25.6119
Epoch 071 | Loss: 0.0000 | Val MiFmax: 0.7464 | Val MaFmax: 0.7330 | Val Smin: 25.4257
Epoch 072 | Loss: 0.0000 | Val MiFmax: 0.7420 | Val MaFmax: 0.7379 | Val Smin: 26.1614
Epoch 073 | Loss: 0.0000 | Val MiFmax: 0.7461 | Val MaFmax: 0.7363 | Val Smin: 25.6011
Epoch 074 | Loss: 0.0000 | Val MiFmax: 0.7461 | Val MaFmax: 0.7348 | Val Smin: 25.9599
Epoch 075 | Loss: 0.0000 | Val MiFmax: 0.7482 | Val MaFmax: 0.7356 | Val Smin: 25.5527
Epoch 076 | Loss: 0.0000 | Val MiFmax: 0.7455 | Val MaFmax: 0.7363 | Val Smin: 25.5473
Epoch 077 | Loss: 0.0000 | Val MiFmax: 0.7480 | Val MaFmax: 0.7386 | Val Smin: 25.4337
  --> New best model saved!
Epoch 078 | Loss: 0.0000 | Val MiFmax: 0.7514 | Val MaFmax: 0.7413 | Val Smin: 25.1611
  --> New best model saved!
Epoch 079 | Loss: 0.0000 | Val MiFmax: 0.7508 | Val MaFmax: 0.7395 | Val Smin: 25.2704
Epoch 080 | Loss: 0.0000 | Val MiFmax: 0.7513 | Val MaFmax: 0.7384 | Val Smin: 25.2168
Epoch 081 | Loss: 0.0000 | Val MiFmax: 0.7482 | Val MaFmax: 0.7408 | Val Smin: 25.4319
Epoch 082 | Loss: 0.0000 | Val MiFmax: 0.7474 | Val MaFmax: 0.7377 | Val Smin: 25.3614
Epoch 083 | Loss: 0.0000 | Val MiFmax: 0.7520 | Val MaFmax: 0.7406 | Val Smin: 25.1933
Epoch 084 | Loss: 0.0000 | Val MiFmax: 0.7466 | Val MaFmax: 0.7274 | Val Smin: 25.4763
Epoch 085 | Loss: 0.0000 | Val MiFmax: 0.7480 | Val MaFmax: 0.7354 | Val Smin: 25.3978
Epoch 086 | Loss: 0.0000 | Val MiFmax: 0.7485 | Val MaFmax: 0.7375 | Val Smin: 25.4116
Epoch 087 | Loss: 0.0000 | Val MiFmax: 0.7444 | Val MaFmax: 0.7368 | Val Smin: 25.5696
Epoch 088 | Loss: 0.0000 | Val MiFmax: 0.7491 | Val MaFmax: 0.7368 | Val Smin: 25.3307
Epoch 089 | Loss: 0.0000 | Val MiFmax: 0.7470 | Val MaFmax: 0.7381 | Val Smin: 25.4849
Epoch 090 | Loss: 0.0000 | Val MiFmax: 0.7507 | Val MaFmax: 0.7381 | Val Smin: 25.0645
Epoch 091 | Loss: 0.0000 | Val MiFmax: 0.7487 | Val MaFmax: 0.7378 | Val Smin: 25.2505
Epoch 092 | Loss: 0.0000 | Val MiFmax: 0.7462 | Val MaFmax: 0.7378 | Val Smin: 25.4212
Epoch 093 | Loss: 0.0000 | Val MiFmax: 0.7474 | Val MaFmax: 0.7383 | Val Smin: 25.3358
Early stopping triggered after 93 epochs.
Training finished. Evaluating on Test Set...

--- TEST METRICS ---
Micro_Fmax: 0.6856
Macro_Fmax: 0.6818
Macro_AUROC: 0.8562
Micro_AUROC: 0.8684
Macro_AUPRC: 0.6370
Micro_AUPRC: 0.6533
Smin: 34.3137
------------------------------------------------------
  Tuning Run 6 / 54
  Ontology: biological_process | LR: 1e-4 | Dropout: 0.4 | Batch: 32
------------------------------------------------------
Using device: cuda
Loading datasets from preprocessing/data/split_files/datasets.pkl for biological_process...
Alpha weights not found. Using default FocalLoss (alpha=0.25, gamma=4.0).
  [WARN] Tuning run failed — continuing sweep
------------------------------------------------------
  Tuning Run 7 / 54
  Ontology: biological_process | LR: 5e-4 | Dropout: 0.2 | Batch: 16
------------------------------------------------------
