========================================================
Job ID        : 44336897
Node          : mlg4
CPUs          : 8
Start time    : Sun Jun 28 19:57:21 MDT 2026
Project dir   : /home/ganeshiny.sridharan/dgg/deep-green-GO
Log .out      : /home/ganeshiny.sridharan/dgg/deep-green-GO/logs/deepgreengo_44336897.out
Log .err      : /home/ganeshiny.sridharan/dgg/deep-green-GO/logs/deepgreengo_44336897.err
========================================================
Python : /home/ganeshiny.sridharan/miniconda3/envs/deepgreengo/bin/python
PyTorch: 2.4.1
CUDA   : NVIDIA L40S
Scratch dir   : /scratch/44336897
CMAP_THREADS  : 8
========================================================
Array Job Detected: Running ONLY for molecular_function
Running tuning only for: molecular_function
=========================================
  DeepGreenGO Hyperparameter Tuning
=========================================
Dataset: preprocessing/data/split_files/datasets.pkl
Output Directory: tuning_runs

------------------------------------------------------
  Tuning Run 1 / 18
  Ontology: molecular_function | LR: 1e-4 | Dropout: 0.2 | Batch: 16
------------------------------------------------------
Using device: cuda

[RESUME] Found successfully completed run in tuning_runs/mf_Hybrid_Focal_lr0.0001_dp0.2_bs16_s42.
[RESUME] Skipping training to save compute!

------------------------------------------------------
  Tuning Run 2 / 18
  Ontology: molecular_function | LR: 1e-4 | Dropout: 0.2 | Batch: 32
------------------------------------------------------
Using device: cuda

[RESUME] Found successfully completed run in tuning_runs/mf_Hybrid_Focal_lr0.0001_dp0.2_bs32_s42.
[RESUME] Skipping training to save compute!

------------------------------------------------------
  Tuning Run 3 / 18
  Ontology: molecular_function | LR: 1e-4 | Dropout: 0.3 | Batch: 16
------------------------------------------------------
Using device: cuda

[RESUME] Found successfully completed run in tuning_runs/mf_Hybrid_Focal_lr0.0001_dp0.3_bs16_s42.
[RESUME] Skipping training to save compute!

------------------------------------------------------
  Tuning Run 4 / 18
  Ontology: molecular_function | LR: 1e-4 | Dropout: 0.3 | Batch: 32
------------------------------------------------------
Using device: cuda

[RESUME] Found successfully completed run in tuning_runs/mf_Hybrid_Focal_lr0.0001_dp0.3_bs32_s42.
[RESUME] Skipping training to save compute!

------------------------------------------------------
  Tuning Run 5 / 18
  Ontology: molecular_function | LR: 1e-4 | Dropout: 0.4 | Batch: 16
------------------------------------------------------
Using device: cuda

[RESUME] Found successfully completed run in tuning_runs/mf_Hybrid_Focal_lr0.0001_dp0.4_bs16_s42.
[RESUME] Skipping training to save compute!

------------------------------------------------------
  Tuning Run 6 / 18
  Ontology: molecular_function | LR: 1e-4 | Dropout: 0.4 | Batch: 32
------------------------------------------------------
Using device: cuda

[RESUME] Found successfully completed run in tuning_runs/mf_Hybrid_Focal_lr0.0001_dp0.4_bs32_s42.
[RESUME] Skipping training to save compute!

------------------------------------------------------
  Tuning Run 7 / 18
  Ontology: molecular_function | LR: 5e-4 | Dropout: 0.2 | Batch: 16
------------------------------------------------------
Using device: cuda

[RESUME] Found successfully completed run in tuning_runs/mf_Hybrid_Focal_lr0.0005_dp0.2_bs16_s42.
[RESUME] Skipping training to save compute!

------------------------------------------------------
  Tuning Run 8 / 18
  Ontology: molecular_function | LR: 5e-4 | Dropout: 0.2 | Batch: 32
------------------------------------------------------
Using device: cuda

[RESUME] Found successfully completed run in tuning_runs/mf_Hybrid_Focal_lr0.0005_dp0.2_bs32_s42.
[RESUME] Skipping training to save compute!

------------------------------------------------------
  Tuning Run 9 / 18
  Ontology: molecular_function | LR: 5e-4 | Dropout: 0.3 | Batch: 16
------------------------------------------------------
Using device: cuda

[RESUME] Found successfully completed run in tuning_runs/mf_Hybrid_Focal_lr0.0005_dp0.3_bs16_s42.
[RESUME] Skipping training to save compute!

------------------------------------------------------
  Tuning Run 10 / 18
  Ontology: molecular_function | LR: 5e-4 | Dropout: 0.3 | Batch: 32
------------------------------------------------------
Using device: cuda

[RESUME] Found successfully completed run in tuning_runs/mf_Hybrid_Focal_lr0.0005_dp0.3_bs32_s42.
[RESUME] Skipping training to save compute!

------------------------------------------------------
  Tuning Run 11 / 18
  Ontology: molecular_function | LR: 5e-4 | Dropout: 0.4 | Batch: 16
------------------------------------------------------
Using device: cuda

[RESUME] Found successfully completed run in tuning_runs/mf_Hybrid_Focal_lr0.0005_dp0.4_bs16_s42.
[RESUME] Skipping training to save compute!

------------------------------------------------------
  Tuning Run 12 / 18
  Ontology: molecular_function | LR: 5e-4 | Dropout: 0.4 | Batch: 32
------------------------------------------------------
Using device: cuda

[RESUME] Found successfully completed run in tuning_runs/mf_Hybrid_Focal_lr0.0005_dp0.4_bs32_s42.
[RESUME] Skipping training to save compute!

------------------------------------------------------
  Tuning Run 13 / 18
  Ontology: molecular_function | LR: 1e-3 | Dropout: 0.2 | Batch: 16
------------------------------------------------------
Using device: cuda

[RESUME] Found successfully completed run in tuning_runs/mf_Hybrid_Focal_lr0.001_dp0.2_bs16_s42.
[RESUME] Skipping training to save compute!

------------------------------------------------------
  Tuning Run 14 / 18
  Ontology: molecular_function | LR: 1e-3 | Dropout: 0.2 | Batch: 32
------------------------------------------------------
Using device: cuda

[RESUME] Found successfully completed run in tuning_runs/mf_Hybrid_Focal_lr0.001_dp0.2_bs32_s42.
[RESUME] Skipping training to save compute!

------------------------------------------------------
  Tuning Run 15 / 18
  Ontology: molecular_function | LR: 1e-3 | Dropout: 0.3 | Batch: 16
------------------------------------------------------
Using device: cuda

[RESUME] Found successfully completed run in tuning_runs/mf_Hybrid_Focal_lr0.001_dp0.3_bs16_s42.
[RESUME] Skipping training to save compute!

------------------------------------------------------
  Tuning Run 16 / 18
  Ontology: molecular_function | LR: 1e-3 | Dropout: 0.3 | Batch: 32
------------------------------------------------------
Using device: cuda

[RESUME] Found successfully completed run in tuning_runs/mf_Hybrid_Focal_lr0.001_dp0.3_bs32_s42.
[RESUME] Skipping training to save compute!

------------------------------------------------------
  Tuning Run 17 / 18
  Ontology: molecular_function | LR: 1e-3 | Dropout: 0.4 | Batch: 16
------------------------------------------------------
Using device: cuda

[RESUME] Found successfully completed run in tuning_runs/mf_Hybrid_Focal_lr0.001_dp0.4_bs16_s42.
[RESUME] Skipping training to save compute!

------------------------------------------------------
  Tuning Run 18 / 18
  Ontology: molecular_function | LR: 1e-3 | Dropout: 0.4 | Batch: 32
------------------------------------------------------
Using device: cuda
Loading datasets from preprocessing/data/split_files/datasets.pkl for molecular_function...
Alpha weights not found. Using default FocalLoss (alpha=0.25, gamma=4.0).
Epoch 001 | Loss: 0.0103 | Val MiFmax: 0.0736 | Val MaFmax: 0.1510 | Val Smin: 30.9079
  --> New best model saved!
Epoch 002 | Loss: 0.0016 | Val MiFmax: 0.4167 | Val MaFmax: 0.4846 | Val Smin: 23.7466
  --> New best model saved!
Epoch 003 | Loss: 0.0009 | Val MiFmax: 0.5342 | Val MaFmax: 0.6477 | Val Smin: 19.1395
  --> New best model saved!
Epoch 004 | Loss: 0.0006 | Val MiFmax: 0.5924 | Val MaFmax: 0.6907 | Val Smin: 17.8154
  --> New best model saved!
Epoch 005 | Loss: 0.0005 | Val MiFmax: 0.6577 | Val MaFmax: 0.7890 | Val Smin: 15.0809
  --> New best model saved!
Epoch 006 | Loss: 0.0004 | Val MiFmax: 0.6772 | Val MaFmax: 0.7970 | Val Smin: 14.2792
  --> New best model saved!
Epoch 007 | Loss: 0.0003 | Val MiFmax: 0.6985 | Val MaFmax: 0.8153 | Val Smin: 13.2179
  --> New best model saved!
Epoch 008 | Loss: 0.0003 | Val MiFmax: 0.7525 | Val MaFmax: 0.8293 | Val Smin: 11.3672
  --> New best model saved!
Epoch 009 | Loss: 0.0002 | Val MiFmax: 0.7582 | Val MaFmax: 0.8441 | Val Smin: 10.8236
  --> New best model saved!
Epoch 010 | Loss: 0.0002 | Val MiFmax: 0.7444 | Val MaFmax: 0.8601 | Val Smin: 11.3575
  --> New best model saved!
Epoch 011 | Loss: 0.0002 | Val MiFmax: 0.7888 | Val MaFmax: 0.8698 | Val Smin: 9.6920
  --> New best model saved!
Epoch 012 | Loss: 0.0002 | Val MiFmax: 0.7994 | Val MaFmax: 0.8835 | Val Smin: 9.1805
  --> New best model saved!
Epoch 013 | Loss: 0.0002 | Val MiFmax: 0.7845 | Val MaFmax: 0.8678 | Val Smin: 9.7348
Epoch 014 | Loss: 0.0001 | Val MiFmax: 0.7849 | Val MaFmax: 0.8716 | Val Smin: 9.6111
Epoch 015 | Loss: 0.0001 | Val MiFmax: 0.7767 | Val MaFmax: 0.8738 | Val Smin: 10.3079
Epoch 016 | Loss: 0.0001 | Val MiFmax: 0.7842 | Val MaFmax: 0.8833 | Val Smin: 9.9847
Epoch 017 | Loss: 0.0001 | Val MiFmax: 0.7269 | Val MaFmax: 0.8787 | Val Smin: 11.8849
Epoch 018 | Loss: 0.0002 | Val MiFmax: 0.7906 | Val MaFmax: 0.8827 | Val Smin: 9.7281
Epoch 019 | Loss: 0.0001 | Val MiFmax: 0.8405 | Val MaFmax: 0.8940 | Val Smin: 7.5680
  --> New best model saved!
Epoch 020 | Loss: 0.0001 | Val MiFmax: 0.8351 | Val MaFmax: 0.8929 | Val Smin: 7.8077
Epoch 021 | Loss: 0.0001 | Val MiFmax: 0.8517 | Val MaFmax: 0.8967 | Val Smin: 6.7848
  --> New best model saved!
Epoch 022 | Loss: 0.0000 | Val MiFmax: 0.8406 | Val MaFmax: 0.8969 | Val Smin: 7.5397
  --> New best model saved!
Epoch 023 | Loss: 0.0001 | Val MiFmax: 0.8546 | Val MaFmax: 0.9048 | Val Smin: 6.6926
  --> New best model saved!
Epoch 024 | Loss: 0.0000 | Val MiFmax: 0.8485 | Val MaFmax: 0.8933 | Val Smin: 7.3050
Epoch 025 | Loss: 0.0000 | Val MiFmax: 0.8420 | Val MaFmax: 0.8942 | Val Smin: 7.2480
Epoch 026 | Loss: 0.0000 | Val MiFmax: 0.8496 | Val MaFmax: 0.9002 | Val Smin: 6.8514
Epoch 027 | Loss: 0.0001 | Val MiFmax: 0.8350 | Val MaFmax: 0.8989 | Val Smin: 7.6051
Epoch 028 | Loss: 0.0000 | Val MiFmax: 0.8262 | Val MaFmax: 0.8937 | Val Smin: 7.6655
Epoch 029 | Loss: 0.0000 | Val MiFmax: 0.8342 | Val MaFmax: 0.8945 | Val Smin: 7.2763
Epoch 030 | Loss: 0.0000 | Val MiFmax: 0.8570 | Val MaFmax: 0.9033 | Val Smin: 6.4769
Epoch 031 | Loss: 0.0000 | Val MiFmax: 0.8575 | Val MaFmax: 0.9020 | Val Smin: 6.6039
Epoch 032 | Loss: 0.0000 | Val MiFmax: 0.8557 | Val MaFmax: 0.8990 | Val Smin: 6.4336
Epoch 033 | Loss: 0.0000 | Val MiFmax: 0.8500 | Val MaFmax: 0.9009 | Val Smin: 6.7562
Epoch 034 | Loss: 0.0000 | Val MiFmax: 0.8556 | Val MaFmax: 0.9004 | Val Smin: 6.6513
Epoch 035 | Loss: 0.0000 | Val MiFmax: 0.8566 | Val MaFmax: 0.9023 | Val Smin: 6.5240
Epoch 036 | Loss: 0.0000 | Val MiFmax: 0.8584 | Val MaFmax: 0.9001 | Val Smin: 6.4666
Epoch 037 | Loss: 0.0000 | Val MiFmax: 0.8572 | Val MaFmax: 0.8989 | Val Smin: 6.4481
Epoch 038 | Loss: 0.0000 | Val MiFmax: 0.8588 | Val MaFmax: 0.9018 | Val Smin: 6.5088
Early stopping triggered after 38 epochs.
Training finished. Evaluating on Test Set...

--- TEST METRICS ---
Micro_Fmax: 0.7966
Macro_Fmax: 0.8440
Macro_AUROC: 0.9620
Micro_AUROC: 0.9431
Macro_AUPRC: 0.8182
Micro_AUPRC: 0.8041
Smin: 10.1320

=========================================
  Tuning sweep complete.
  Completed: 18  /  18
=========================================
Run 'python3 aggregate_tuning.py' to summarize results.

All tuning results saved to tuning_runs/tuning_results_summary.csv

===========================================================================
  Tuning Results: biological_process (Best configurations at the top)
===========================================================================
    LR  Dropout  BatchSize  Val_Macro_Fmax  Val_Micro_Fmax  Val_Smin
0.0005   0.3000         32          0.7388          0.7459   25.5285
0.0001   0.4000         16          0.7362          0.7368   26.7980
0.0001   0.4000         32          0.7353          0.7378   26.4387
0.0005   0.4000         32          0.7339          0.7429   25.7052
0.0005   0.4000         16          0.7335          0.7275   27.4629
0.0001   0.3000         16          0.7331          0.7407   25.9877
0.0001   0.2000         16          0.7328          0.7450   25.5958
0.0005   0.3000         16          0.7317          0.7277   26.8211
0.0010   0.2000         16          0.7314          0.7276   27.2202
0.0005   0.2000         16          0.7314          0.7434   25.9655
0.0001   0.4000         64          0.7282          0.7203   28.6862
0.0001   0.2000         32          0.7281          0.7278   27.4963
0.0010   0.4000         32          0.7275          0.7343   26.2808
0.0001   0.3000         32          0.7272          0.7232   28.3391
0.0001   0.2000         64          0.7268          0.7486   25.7740
0.0010   0.3000         32          0.7267          0.7240   27.3399
0.0010   0.2000         32          0.7260          0.7444   25.4599
0.0005   0.2000         32          0.7249          0.7314   26.7925
0.0005   0.2000         64          0.7233          0.7367   26.3044
0.0010   0.4000         16          0.7227          0.7278   27.6083
0.0001   0.3000         64          0.7219          0.7124   28.6338
0.0010   0.3000         16          0.4811          0.1545   65.3773

===========================================================================
  Tuning Results: molecular_function (Best configurations at the top)
===========================================================================
    LR  Dropout  BatchSize  Val_Macro_Fmax  Val_Micro_Fmax  Val_Smin
0.0005   0.2000         32          0.9051          0.8603    6.1663
0.0005   0.3000         16          0.9050          0.8619    6.2467
0.0010   0.4000         32          0.9048          0.8546    6.6926
0.0005   0.3000         32          0.9045          0.8643    6.2820
0.0005   0.4000         16          0.9031          0.8575    6.5836
0.0010   0.2000         32          0.9031          0.8604    6.4780
0.0010   0.3000         32          0.9019          0.8594    6.5093
0.0005   0.4000         32          0.9013          0.8600    6.3025
0.0010   0.4000         16          0.8969          0.8558    6.4061
0.0010   0.3000         16          0.8963          0.8546    6.5981
0.0010   0.2000         16          0.8927          0.8489    6.7373
0.0001   0.2000         32          0.8909          0.8574    6.6859
0.0001   0.4000         16          0.8908          0.8508    6.8481
0.0001   0.4000         32          0.8898          0.8402    7.4933
0.0005   0.2000         16          0.8888          0.8424    7.1649
0.0001   0.2000         16          0.8883          0.8567    6.4110
0.0001   0.3000         16          0.8873          0.8581    6.5768
0.0001   0.3000         32          0.8801          0.8506    6.7774

===========================================================================
  Tuning Results: cellular_component (Best configurations at the top)
===========================================================================
    LR  Dropout  BatchSize  Val_Macro_Fmax  Val_Micro_Fmax  Val_Smin
0.0001   0.3000         16          0.7097          0.6948    5.6729
0.0005   0.4000         16          0.6918          0.6752    5.9671
0.0001   0.2000         32          0.6913          0.7064    5.4469
0.0010   0.3000         32          0.6903          0.6975    5.6388
0.0001   0.3000         32          0.6891          0.6855    5.8116
0.0005   0.3000         16          0.6889          0.6752    5.9153
0.0010   0.3000         16          0.6860          0.6904    5.6867
0.0010   0.2000         16          0.6824          0.6758    5.9741
0.0001   0.4000         32          0.6790          0.7016    5.5573
0.0001   0.4000         16          0.6734          0.6881    5.7823
0.0001   0.2000         16          0.6731          0.6909    5.7178
0.0010   0.2000         32          0.6691          0.6732    6.1420
0.0005   0.3000         32          0.6654          0.6934    5.7020
0.0010   0.4000         16          0.6640          0.6425    6.4205
0.0005   0.2000         16          0.6607          0.6808    5.8782
0.0005   0.4000         32          0.6536          0.7023    5.5399
0.0005   0.2000         32          0.6476          0.6676    6.0424
Running ablations only for: molecular_function
=========================================
  DeepGreenGO  Ablation Sweep
=========================================
Dataset: preprocessing/data/split_files/datasets.pkl
Epochs:  1000  | Batch: 16

  [✓] Found Tuned Params: LR=0.0005 | Dropout=0.2 | BatchSize=32
=========================================
------------------------------------------------------
  Run 1 / 24
  Run: molecular_function_MLP_BCE_s42
------------------------------------------------------
Using device: cuda
Loading datasets from preprocessing/data/split_files/datasets.pkl for molecular_function...
Epoch 001 | Loss: 0.1584 | Val MiFmax: 0.1881 | Val MaFmax: 0.0984 | Val Smin: 30.7009
  --> New best model saved!
Epoch 002 | Loss: 0.0762 | Val MiFmax: 0.2579 | Val MaFmax: 0.1940 | Val Smin: 29.0646
  --> New best model saved!
Epoch 003 | Loss: 0.0661 | Val MiFmax: 0.3073 | Val MaFmax: 0.2276 | Val Smin: 27.0673
  --> New best model saved!
Epoch 004 | Loss: 0.0590 | Val MiFmax: 0.3482 | Val MaFmax: 0.2999 | Val Smin: 25.9544
  --> New best model saved!
Epoch 005 | Loss: 0.0524 | Val MiFmax: 0.4010 | Val MaFmax: 0.3614 | Val Smin: 24.0946
  --> New best model saved!
Epoch 006 | Loss: 0.0466 | Val MiFmax: 0.4213 | Val MaFmax: 0.4263 | Val Smin: 23.3931
  --> New best model saved!
Epoch 007 | Loss: 0.0419 | Val MiFmax: 0.4409 | Val MaFmax: 0.4821 | Val Smin: 22.6002
  --> New best model saved!
Epoch 008 | Loss: 0.0378 | Val MiFmax: 0.4810 | Val MaFmax: 0.5250 | Val Smin: 21.3542
  --> New best model saved!
Epoch 009 | Loss: 0.0344 | Val MiFmax: 0.4967 | Val MaFmax: 0.5613 | Val Smin: 21.1231
  --> New best model saved!
Epoch 010 | Loss: 0.0316 | Val MiFmax: 0.5107 | Val MaFmax: 0.5887 | Val Smin: 20.1133
  --> New best model saved!
Epoch 011 | Loss: 0.0290 | Val MiFmax: 0.5281 | Val MaFmax: 0.6125 | Val Smin: 19.8496
  --> New best model saved!
Epoch 012 | Loss: 0.0268 | Val MiFmax: 0.5524 | Val MaFmax: 0.6284 | Val Smin: 18.8182
  --> New best model saved!
Epoch 013 | Loss: 0.0249 | Val MiFmax: 0.5610 | Val MaFmax: 0.6418 | Val Smin: 18.6998
  --> New best model saved!
Epoch 014 | Loss: 0.0231 | Val MiFmax: 0.5766 | Val MaFmax: 0.6603 | Val Smin: 17.9930
  --> New best model saved!
Epoch 015 | Loss: 0.0215 | Val MiFmax: 0.6008 | Val MaFmax: 0.6773 | Val Smin: 17.0272
  --> New best model saved!
Epoch 016 | Loss: 0.0200 | Val MiFmax: 0.6042 | Val MaFmax: 0.6820 | Val Smin: 16.9089
  --> New best model saved!
Epoch 017 | Loss: 0.0189 | Val MiFmax: 0.6280 | Val MaFmax: 0.7012 | Val Smin: 15.8942
  --> New best model saved!
Epoch 018 | Loss: 0.0174 | Val MiFmax: 0.6355 | Val MaFmax: 0.7174 | Val Smin: 15.6149
  --> New best model saved!
Epoch 019 | Loss: 0.0165 | Val MiFmax: 0.6415 | Val MaFmax: 0.7235 | Val Smin: 15.5421
  --> New best model saved!
Epoch 020 | Loss: 0.0154 | Val MiFmax: 0.6452 | Val MaFmax: 0.7289 | Val Smin: 15.2846
  --> New best model saved!
Epoch 021 | Loss: 0.0147 | Val MiFmax: 0.6577 | Val MaFmax: 0.7434 | Val Smin: 14.8692
  --> New best model saved!
Epoch 022 | Loss: 0.0138 | Val MiFmax: 0.6627 | Val MaFmax: 0.7509 | Val Smin: 14.7208
  --> New best model saved!
Epoch 023 | Loss: 0.0130 | Val MiFmax: 0.6777 | Val MaFmax: 0.7560 | Val Smin: 13.9050
  --> New best model saved!
Epoch 024 | Loss: 0.0122 | Val MiFmax: 0.6802 | Val MaFmax: 0.7575 | Val Smin: 14.0386
  --> New best model saved!
Epoch 025 | Loss: 0.0116 | Val MiFmax: 0.6880 | Val MaFmax: 0.7635 | Val Smin: 13.6843
  --> New best model saved!
Epoch 026 | Loss: 0.0110 | Val MiFmax: 0.6922 | Val MaFmax: 0.7693 | Val Smin: 13.3680
  --> New best model saved!
Epoch 027 | Loss: 0.0105 | Val MiFmax: 0.6966 | Val MaFmax: 0.7714 | Val Smin: 13.3272
  --> New best model saved!
Epoch 028 | Loss: 0.0100 | Val MiFmax: 0.7096 | Val MaFmax: 0.7767 | Val Smin: 12.4943
  --> New best model saved!
Epoch 029 | Loss: 0.0095 | Val MiFmax: 0.7057 | Val MaFmax: 0.7897 | Val Smin: 12.8883
  --> New best model saved!
Epoch 030 | Loss: 0.0092 | Val MiFmax: 0.7077 | Val MaFmax: 0.7885 | Val Smin: 12.6527
Epoch 031 | Loss: 0.0086 | Val MiFmax: 0.7153 | Val MaFmax: 0.8020 | Val Smin: 12.2581
  --> New best model saved!
Epoch 032 | Loss: 0.0083 | Val MiFmax: 0.7221 | Val MaFmax: 0.8110 | Val Smin: 12.0314
  --> New best model saved!
Epoch 033 | Loss: 0.0078 | Val MiFmax: 0.7310 | Val MaFmax: 0.8030 | Val Smin: 11.6242
Epoch 034 | Loss: 0.0075 | Val MiFmax: 0.7267 | Val MaFmax: 0.8054 | Val Smin: 11.7822
Epoch 035 | Loss: 0.0072 | Val MiFmax: 0.7355 | Val MaFmax: 0.8169 | Val Smin: 11.4315
  --> New best model saved!
Epoch 036 | Loss: 0.0068 | Val MiFmax: 0.7384 | Val MaFmax: 0.8214 | Val Smin: 11.2409
  --> New best model saved!
Epoch 037 | Loss: 0.0067 | Val MiFmax: 0.7373 | Val MaFmax: 0.8222 | Val Smin: 11.3760
  --> New best model saved!
Epoch 038 | Loss: 0.0063 | Val MiFmax: 0.7447 | Val MaFmax: 0.8261 | Val Smin: 11.1056
  --> New best model saved!
Epoch 039 | Loss: 0.0062 | Val MiFmax: 0.7378 | Val MaFmax: 0.8349 | Val Smin: 11.2042
  --> New best model saved!
Epoch 040 | Loss: 0.0059 | Val MiFmax: 0.7449 | Val MaFmax: 0.8307 | Val Smin: 11.0210
Epoch 041 | Loss: 0.0057 | Val MiFmax: 0.7519 | Val MaFmax: 0.8357 | Val Smin: 10.7040
  --> New best model saved!
Epoch 042 | Loss: 0.0055 | Val MiFmax: 0.7576 | Val MaFmax: 0.8410 | Val Smin: 10.6063
  --> New best model saved!
Epoch 043 | Loss: 0.0052 | Val MiFmax: 0.7591 | Val MaFmax: 0.8433 | Val Smin: 10.4342
  --> New best model saved!
Epoch 044 | Loss: 0.0051 | Val MiFmax: 0.7600 | Val MaFmax: 0.8414 | Val Smin: 10.4091
Epoch 045 | Loss: 0.0049 | Val MiFmax: 0.7603 | Val MaFmax: 0.8432 | Val Smin: 10.4376
Epoch 046 | Loss: 0.0047 | Val MiFmax: 0.7600 | Val MaFmax: 0.8485 | Val Smin: 10.5550
  --> New best model saved!
Epoch 047 | Loss: 0.0045 | Val MiFmax: 0.7667 | Val MaFmax: 0.8458 | Val Smin: 10.1652
Epoch 048 | Loss: 0.0044 | Val MiFmax: 0.7575 | Val MaFmax: 0.8423 | Val Smin: 10.6136
Epoch 049 | Loss: 0.0043 | Val MiFmax: 0.7663 | Val MaFmax: 0.8473 | Val Smin: 10.1622
Epoch 050 | Loss: 0.0041 | Val MiFmax: 0.7639 | Val MaFmax: 0.8519 | Val Smin: 10.1430
  --> New best model saved!
Epoch 051 | Loss: 0.0039 | Val MiFmax: 0.7661 | Val MaFmax: 0.8497 | Val Smin: 10.1601
Epoch 052 | Loss: 0.0038 | Val MiFmax: 0.7669 | Val MaFmax: 0.8522 | Val Smin: 10.1535
  --> New best model saved!
Epoch 053 | Loss: 0.0038 | Val MiFmax: 0.7742 | Val MaFmax: 0.8605 | Val Smin: 9.9181
  --> New best model saved!
Epoch 054 | Loss: 0.0035 | Val MiFmax: 0.7800 | Val MaFmax: 0.8611 | Val Smin: 9.7944
  --> New best model saved!
Epoch 055 | Loss: 0.0034 | Val MiFmax: 0.7822 | Val MaFmax: 0.8648 | Val Smin: 9.5476
  --> New best model saved!
Epoch 056 | Loss: 0.0033 | Val MiFmax: 0.7830 | Val MaFmax: 0.8641 | Val Smin: 9.5549
Epoch 057 | Loss: 0.0033 | Val MiFmax: 0.7806 | Val MaFmax: 0.8666 | Val Smin: 9.5338
  --> New best model saved!
Epoch 058 | Loss: 0.0031 | Val MiFmax: 0.7851 | Val MaFmax: 0.8621 | Val Smin: 9.3865
Epoch 059 | Loss: 0.0030 | Val MiFmax: 0.7904 | Val MaFmax: 0.8685 | Val Smin: 9.1636
  --> New best model saved!
Epoch 060 | Loss: 0.0030 | Val MiFmax: 0.7858 | Val MaFmax: 0.8650 | Val Smin: 9.2995
Epoch 061 | Loss: 0.0029 | Val MiFmax: 0.7859 | Val MaFmax: 0.8606 | Val Smin: 9.4258
Epoch 062 | Loss: 0.0029 | Val MiFmax: 0.7767 | Val MaFmax: 0.8679 | Val Smin: 9.8527
Epoch 063 | Loss: 0.0028 | Val MiFmax: 0.7864 | Val MaFmax: 0.8636 | Val Smin: 9.4521
Epoch 064 | Loss: 0.0027 | Val MiFmax: 0.7897 | Val MaFmax: 0.8664 | Val Smin: 9.2483
Epoch 065 | Loss: 0.0025 | Val MiFmax: 0.7926 | Val MaFmax: 0.8725 | Val Smin: 9.0557
  --> New best model saved!
Epoch 066 | Loss: 0.0025 | Val MiFmax: 0.7930 | Val MaFmax: 0.8699 | Val Smin: 8.9861
Epoch 067 | Loss: 0.0025 | Val MiFmax: 0.7911 | Val MaFmax: 0.8691 | Val Smin: 9.0812
Epoch 068 | Loss: 0.0023 | Val MiFmax: 0.7909 | Val MaFmax: 0.8654 | Val Smin: 9.1326
Epoch 069 | Loss: 0.0023 | Val MiFmax: 0.7925 | Val MaFmax: 0.8737 | Val Smin: 9.1301
  --> New best model saved!
Epoch 070 | Loss: 0.0022 | Val MiFmax: 0.7937 | Val MaFmax: 0.8702 | Val Smin: 9.0397
Epoch 071 | Loss: 0.0022 | Val MiFmax: 0.7953 | Val MaFmax: 0.8740 | Val Smin: 8.9724
  --> New best model saved!
Epoch 072 | Loss: 0.0022 | Val MiFmax: 0.7950 | Val MaFmax: 0.8745 | Val Smin: 8.9992
  --> New best model saved!
Epoch 073 | Loss: 0.0022 | Val MiFmax: 0.7819 | Val MaFmax: 0.8705 | Val Smin: 9.4309
Epoch 074 | Loss: 0.0021 | Val MiFmax: 0.8005 | Val MaFmax: 0.8787 | Val Smin: 8.6764
  --> New best model saved!
Epoch 075 | Loss: 0.0020 | Val MiFmax: 0.8009 | Val MaFmax: 0.8789 | Val Smin: 8.7183
  --> New best model saved!
Epoch 076 | Loss: 0.0019 | Val MiFmax: 0.8015 | Val MaFmax: 0.8812 | Val Smin: 8.7616
  --> New best model saved!
Epoch 077 | Loss: 0.0018 | Val MiFmax: 0.7976 | Val MaFmax: 0.8816 | Val Smin: 8.9751
  --> New best model saved!
Epoch 078 | Loss: 0.0018 | Val MiFmax: 0.7996 | Val MaFmax: 0.8731 | Val Smin: 8.9135
Epoch 079 | Loss: 0.0019 | Val MiFmax: 0.7995 | Val MaFmax: 0.8734 | Val Smin: 8.7994
Epoch 080 | Loss: 0.0018 | Val MiFmax: 0.7996 | Val MaFmax: 0.8784 | Val Smin: 8.8920
Epoch 081 | Loss: 0.0018 | Val MiFmax: 0.7975 | Val MaFmax: 0.8770 | Val Smin: 9.0348
Epoch 082 | Loss: 0.0018 | Val MiFmax: 0.8015 | Val MaFmax: 0.8815 | Val Smin: 8.6863
Epoch 083 | Loss: 0.0017 | Val MiFmax: 0.7985 | Val MaFmax: 0.8791 | Val Smin: 8.7750
Epoch 084 | Loss: 0.0014 | Val MiFmax: 0.8123 | Val MaFmax: 0.8806 | Val Smin: 8.2212
Epoch 085 | Loss: 0.0013 | Val MiFmax: 0.8106 | Val MaFmax: 0.8838 | Val Smin: 8.3103
  --> New best model saved!
Epoch 086 | Loss: 0.0013 | Val MiFmax: 0.8074 | Val MaFmax: 0.8802 | Val Smin: 8.5194
Epoch 087 | Loss: 0.0013 | Val MiFmax: 0.8070 | Val MaFmax: 0.8811 | Val Smin: 8.4365
Epoch 088 | Loss: 0.0013 | Val MiFmax: 0.8121 | Val MaFmax: 0.8840 | Val Smin: 8.2314
  --> New best model saved!
Epoch 089 | Loss: 0.0012 | Val MiFmax: 0.8133 | Val MaFmax: 0.8849 | Val Smin: 8.1847
  --> New best model saved!
Epoch 090 | Loss: 0.0012 | Val MiFmax: 0.8137 | Val MaFmax: 0.8804 | Val Smin: 8.2331
Epoch 091 | Loss: 0.0012 | Val MiFmax: 0.8085 | Val MaFmax: 0.8773 | Val Smin: 8.4842
Epoch 092 | Loss: 0.0012 | Val MiFmax: 0.8110 | Val MaFmax: 0.8772 | Val Smin: 8.4111
Epoch 093 | Loss: 0.0011 | Val MiFmax: 0.8160 | Val MaFmax: 0.8806 | Val Smin: 8.1322
Epoch 094 | Loss: 0.0012 | Val MiFmax: 0.8102 | Val MaFmax: 0.8768 | Val Smin: 8.2918
Epoch 095 | Loss: 0.0011 | Val MiFmax: 0.8167 | Val MaFmax: 0.8836 | Val Smin: 8.1072
Epoch 096 | Loss: 0.0010 | Val MiFmax: 0.8122 | Val MaFmax: 0.8821 | Val Smin: 8.2931
Epoch 097 | Loss: 0.0010 | Val MiFmax: 0.8126 | Val MaFmax: 0.8818 | Val Smin: 8.4472
Epoch 098 | Loss: 0.0010 | Val MiFmax: 0.8115 | Val MaFmax: 0.8811 | Val Smin: 8.3215
Epoch 099 | Loss: 0.0010 | Val MiFmax: 0.8115 | Val MaFmax: 0.8821 | Val Smin: 8.2962
Epoch 100 | Loss: 0.0010 | Val MiFmax: 0.8138 | Val MaFmax: 0.8819 | Val Smin: 8.2599
Epoch 101 | Loss: 0.0010 | Val MiFmax: 0.8153 | Val MaFmax: 0.8843 | Val Smin: 8.1956
Epoch 102 | Loss: 0.0009 | Val MiFmax: 0.8172 | Val MaFmax: 0.8830 | Val Smin: 8.0596
Epoch 103 | Loss: 0.0009 | Val MiFmax: 0.8165 | Val MaFmax: 0.8815 | Val Smin: 8.0994
Epoch 104 | Loss: 0.0009 | Val MiFmax: 0.8163 | Val MaFmax: 0.8827 | Val Smin: 8.0816
Early stopping triggered after 104 epochs.
Training finished. Evaluating on Test Set...

--- TEST METRICS ---
Micro_Fmax: 0.7987
Macro_Fmax: 0.8315
Macro_AUROC: 0.9588
Micro_AUROC: 0.9575
Macro_AUPRC: 0.8030
Micro_AUPRC: 0.7955
Smin: 9.8374
------------------------------------------------------
  Run 2 / 24
  Run: molecular_function_MLP_BCE_s123
------------------------------------------------------
