========================================================
Job ID        : 44278217
Node          : fg6
CPUs          : 8
Start time    : Thu Jun 25 23:25:01 MDT 2026
Project dir   : /home/ganeshiny.sridharan/dgg/deep-green-GO
Log .out      : /home/ganeshiny.sridharan/dgg/deep-green-GO/logs/deepgreengo_44278217.out
Log .err      : /home/ganeshiny.sridharan/dgg/deep-green-GO/logs/deepgreengo_44278217.err
========================================================
Python : /home/ganeshiny.sridharan/miniconda3/envs/deepgreengo/bin/python
PyTorch: 2.4.1
CUDA   : Tesla V100-PCIE-16GB
Scratch dir   : /scratch/44278217
CMAP_THREADS  : 8
========================================================
Running sequentially for all ontologies (Warning: May timeout)
  [33m▸[0m Project root: /home/ganeshiny.sridharan/dgg/deep-green-GO
  [33m▸[0m Settings: EPOCHS=100  BATCH=32  MODEL=Hybrid  LOSS=Focal
  [33m▸[0m Ontology: biological_process
  [33m⚠[0m  Skipping preprocessing (--skip-preprocess)
  [33m⚠[0m  Skipping hyperparameter tuning (pass --tune to run)

[1m[32m══════════════════════════════════════════[0m
[1m[32m  Step 3: Ablation Study (all Model×Loss×Seed×Ontology combos)[0m
[1m[32m══════════════════════════════════════════[0m
  [33m▸[0m This can take many hours. Override epochs: EPOCHS=50 bash run_all.sh
=========================================
  DeepGreenGO  Ablation Sweep
=========================================
Dataset: preprocessing/data/split_files/datasets.pkl
Epochs:  100  | Batch: 32

------------------------------------------------------
  Run 1 / 72
  Ontology: biological_process | Model: MLP | Loss: BCE | Seed: 42
------------------------------------------------------
Using device: cuda
Loading datasets from preprocessing/data/split_files/datasets.pkl for biological_process...
Epoch 001 | Loss: 0.6804 | Val MiFmax: 0.0382 | Val MaFmax: 0.0798 | Val Smin: 69.2234
  --> New best model saved!
Epoch 002 | Loss: 0.5658 | Val MiFmax: 0.0436 | Val MaFmax: 0.0772 | Val Smin: 69.1074
Epoch 003 | Loss: 0.3004 | Val MiFmax: 0.0469 | Val MaFmax: 0.0769 | Val Smin: 69.1870
Epoch 004 | Loss: 0.1580 | Val MiFmax: 0.0563 | Val MaFmax: 0.0765 | Val Smin: 68.8212
Epoch 005 | Loss: 0.1177 | Val MiFmax: 0.0855 | Val MaFmax: 0.0761 | Val Smin: 68.4517
Epoch 006 | Loss: 0.1034 | Val MiFmax: 0.1056 | Val MaFmax: 0.0754 | Val Smin: 68.4830
Epoch 007 | Loss: 0.0967 | Val MiFmax: 0.1111 | Val MaFmax: 0.0751 | Val Smin: 68.4674
Epoch 008 | Loss: 0.0937 | Val MiFmax: 0.1146 | Val MaFmax: 0.0748 | Val Smin: 68.4933
Epoch 009 | Loss: 0.0922 | Val MiFmax: 0.1166 | Val MaFmax: 0.0743 | Val Smin: 68.5026
Epoch 010 | Loss: 0.0910 | Val MiFmax: 0.1189 | Val MaFmax: 0.0739 | Val Smin: 68.4865
Epoch 011 | Loss: 0.0899 | Val MiFmax: 0.1207 | Val MaFmax: 0.0737 | Val Smin: 68.5076
Epoch 012 | Loss: 0.0890 | Val MiFmax: 0.1219 | Val MaFmax: 0.0737 | Val Smin: 68.4754
Epoch 013 | Loss: 0.0882 | Val MiFmax: 0.1215 | Val MaFmax: 0.0736 | Val Smin: 68.4453
Epoch 014 | Loss: 0.0876 | Val MiFmax: 0.1213 | Val MaFmax: 0.0736 | Val Smin: 68.4505
Epoch 015 | Loss: 0.0873 | Val MiFmax: 0.1218 | Val MaFmax: 0.0735 | Val Smin: 68.4477
Epoch 016 | Loss: 0.0869 | Val MiFmax: 0.1223 | Val MaFmax: 0.0734 | Val Smin: 68.4320
Early stopping triggered after 16 epochs.
Training finished. Evaluating on Test Set...

--- TEST METRICS ---
Micro_Fmax: 0.0419
Macro_Fmax: 0.1103
Macro_AUROC: 0.5132
Micro_AUROC: 0.5087
Macro_AUPRC: 0.0507
Micro_AUPRC: 0.0207
Smin: 74.0425
------------------------------------------------------
  Run 2 / 72
  Ontology: biological_process | Model: MLP | Loss: BCE | Seed: 123
------------------------------------------------------
Using device: cuda
Loading datasets from preprocessing/data/split_files/datasets.pkl for biological_process...
Epoch 001 | Loss: 0.6808 | Val MiFmax: 0.0392 | Val MaFmax: 0.0805 | Val Smin: 69.1876
  --> New best model saved!
Epoch 002 | Loss: 0.5678 | Val MiFmax: 0.0424 | Val MaFmax: 0.0785 | Val Smin: 69.2234
Epoch 003 | Loss: 0.3022 | Val MiFmax: 0.0468 | Val MaFmax: 0.0781 | Val Smin: 69.2234
Epoch 004 | Loss: 0.1585 | Val MiFmax: 0.0571 | Val MaFmax: 0.0777 | Val Smin: 68.8656
Epoch 005 | Loss: 0.1178 | Val MiFmax: 0.0845 | Val MaFmax: 0.0770 | Val Smin: 68.4911
Epoch 006 | Loss: 0.1036 | Val MiFmax: 0.1048 | Val MaFmax: 0.0767 | Val Smin: 68.4508
Epoch 007 | Loss: 0.0969 | Val MiFmax: 0.1100 | Val MaFmax: 0.0760 | Val Smin: 68.5186
Epoch 008 | Loss: 0.0939 | Val MiFmax: 0.1140 | Val MaFmax: 0.0756 | Val Smin: 68.5163
Epoch 009 | Loss: 0.0924 | Val MiFmax: 0.1168 | Val MaFmax: 0.0752 | Val Smin: 68.5278
Epoch 010 | Loss: 0.0911 | Val MiFmax: 0.1192 | Val MaFmax: 0.0747 | Val Smin: 68.5145
Epoch 011 | Loss: 0.0900 | Val MiFmax: 0.1207 | Val MaFmax: 0.0744 | Val Smin: 68.4993
Epoch 012 | Loss: 0.0891 | Val MiFmax: 0.1215 | Val MaFmax: 0.0743 | Val Smin: 68.4919
Epoch 013 | Loss: 0.0883 | Val MiFmax: 0.1223 | Val MaFmax: 0.0744 | Val Smin: 68.4847
Epoch 014 | Loss: 0.0877 | Val MiFmax: 0.1224 | Val MaFmax: 0.0743 | Val Smin: 68.4558
Epoch 015 | Loss: 0.0874 | Val MiFmax: 0.1219 | Val MaFmax: 0.0742 | Val Smin: 68.4455
Epoch 016 | Loss: 0.0870 | Val MiFmax: 0.1225 | Val MaFmax: 0.0741 | Val Smin: 68.4583
Early stopping triggered after 16 epochs.
Training finished. Evaluating on Test Set...

--- TEST METRICS ---
Micro_Fmax: 0.0429
Macro_Fmax: 0.1072
Macro_AUROC: 0.5130
Micro_AUROC: 0.5220
Macro_AUPRC: 0.0478
Micro_AUPRC: 0.0224
Smin: 73.9277
------------------------------------------------------
  Run 3 / 72
  Ontology: biological_process | Model: MLP | Loss: BCE | Seed: 456
------------------------------------------------------
Using device: cuda
Loading datasets from preprocessing/data/split_files/datasets.pkl for biological_process...
Epoch 001 | Loss: 0.6810 | Val MiFmax: 0.0391 | Val MaFmax: 0.0751 | Val Smin: 69.2234
  --> New best model saved!
Epoch 002 | Loss: 0.5664 | Val MiFmax: 0.0445 | Val MaFmax: 0.0769 | Val Smin: 69.2234
  --> New best model saved!
Epoch 003 | Loss: 0.2996 | Val MiFmax: 0.0473 | Val MaFmax: 0.0768 | Val Smin: 69.2234
Epoch 004 | Loss: 0.1579 | Val MiFmax: 0.0549 | Val MaFmax: 0.0766 | Val Smin: 68.8887
Epoch 005 | Loss: 0.1178 | Val MiFmax: 0.0821 | Val MaFmax: 0.0764 | Val Smin: 68.5265
Epoch 006 | Loss: 0.1036 | Val MiFmax: 0.1016 | Val MaFmax: 0.0756 | Val Smin: 68.5111
Epoch 007 | Loss: 0.0970 | Val MiFmax: 0.1089 | Val MaFmax: 0.0754 | Val Smin: 68.5177
Epoch 008 | Loss: 0.0932 | Val MiFmax: 0.1167 | Val MaFmax: 0.0747 | Val Smin: 68.5016
Epoch 009 | Loss: 0.0912 | Val MiFmax: 0.1181 | Val MaFmax: 0.0744 | Val Smin: 68.5253
Epoch 010 | Loss: 0.0902 | Val MiFmax: 0.1200 | Val MaFmax: 0.0743 | Val Smin: 68.5026
Epoch 011 | Loss: 0.0893 | Val MiFmax: 0.1206 | Val MaFmax: 0.0742 | Val Smin: 68.5070
Epoch 012 | Loss: 0.0885 | Val MiFmax: 0.1212 | Val MaFmax: 0.0742 | Val Smin: 68.4841
Epoch 013 | Loss: 0.0878 | Val MiFmax: 0.1211 | Val MaFmax: 0.0740 | Val Smin: 68.4532
Epoch 014 | Loss: 0.0872 | Val MiFmax: 0.1210 | Val MaFmax: 0.0737 | Val Smin: 68.4835
Epoch 015 | Loss: 0.0867 | Val MiFmax: 0.1216 | Val MaFmax: 0.0735 | Val Smin: 68.4422
Epoch 016 | Loss: 0.0864 | Val MiFmax: 0.1219 | Val MaFmax: 0.0734 | Val Smin: 68.4307
Epoch 017 | Loss: 0.0861 | Val MiFmax: 0.1225 | Val MaFmax: 0.0734 | Val Smin: 68.4067
Early stopping triggered after 17 epochs.
Training finished. Evaluating on Test Set...

--- TEST METRICS ---
Micro_Fmax: 0.0561
Macro_Fmax: 0.1121
Macro_AUROC: 0.5177
Micro_AUROC: 0.5783
Macro_AUPRC: 0.0616
Micro_AUPRC: 0.0275
Smin: 74.0502
------------------------------------------------------
  Run 4 / 72
  Ontology: biological_process | Model: MLP | Loss: Focal | Seed: 42
------------------------------------------------------
Using device: cuda
Loading datasets from preprocessing/data/split_files/datasets.pkl for biological_process...
Alpha weights not found. Using default FocalLoss (alpha=0.25, gamma=4.0).
Epoch 001 | Loss: 0.0102 | Val MiFmax: 0.0383 | Val MaFmax: 0.0798 | Val Smin: 69.2234
  --> New best model saved!
Epoch 002 | Loss: 0.0063 | Val MiFmax: 0.0465 | Val MaFmax: 0.0772 | Val Smin: 69.1294
Epoch 003 | Loss: 0.0027 | Val MiFmax: 0.1063 | Val MaFmax: 0.0767 | Val Smin: 68.4191
Epoch 004 | Loss: 0.0021 | Val MiFmax: 0.1210 | Val MaFmax: 0.0760 | Val Smin: 68.3231
Epoch 005 | Loss: 0.0019 | Val MiFmax: 0.1233 | Val MaFmax: 0.0747 | Val Smin: 68.3430
Epoch 006 | Loss: 0.0018 | Val MiFmax: 0.1205 | Val MaFmax: 0.0737 | Val Smin: 68.4081
Epoch 007 | Loss: 0.0018 | Val MiFmax: 0.1241 | Val MaFmax: 0.0737 | Val Smin: 68.2139
Epoch 008 | Loss: 0.0017 | Val MiFmax: 0.1237 | Val MaFmax: 0.0744 | Val Smin: 68.1608
Epoch 009 | Loss: 0.0017 | Val MiFmax: 0.1225 | Val MaFmax: 0.0751 | Val Smin: 68.2049
Epoch 010 | Loss: 0.0017 | Val MiFmax: 0.1246 | Val MaFmax: 0.0764 | Val Smin: 68.1314
Epoch 011 | Loss: 0.0017 | Val MiFmax: 0.1298 | Val MaFmax: 0.0778 | Val Smin: 68.0284
Epoch 012 | Loss: 0.0017 | Val MiFmax: 0.1324 | Val MaFmax: 0.0790 | Val Smin: 67.9721
Epoch 013 | Loss: 0.0017 | Val MiFmax: 0.1329 | Val MaFmax: 0.0798 | Val Smin: 67.9627
Epoch 014 | Loss: 0.0017 | Val MiFmax: 0.1336 | Val MaFmax: 0.0801 | Val Smin: 67.9105
  --> New best model saved!
Epoch 015 | Loss: 0.0017 | Val MiFmax: 0.1352 | Val MaFmax: 0.0808 | Val Smin: 67.8634
  --> New best model saved!
Epoch 016 | Loss: 0.0016 | Val MiFmax: 0.1371 | Val MaFmax: 0.0817 | Val Smin: 67.7696
  --> New best model saved!
Epoch 017 | Loss: 0.0016 | Val MiFmax: 0.1383 | Val MaFmax: 0.0823 | Val Smin: 67.7714
  --> New best model saved!
Epoch 018 | Loss: 0.0016 | Val MiFmax: 0.1390 | Val MaFmax: 0.0830 | Val Smin: 67.7406
  --> New best model saved!
Epoch 019 | Loss: 0.0016 | Val MiFmax: 0.1404 | Val MaFmax: 0.0835 | Val Smin: 67.7449
  --> New best model saved!
Epoch 020 | Loss: 0.0016 | Val MiFmax: 0.1427 | Val MaFmax: 0.0842 | Val Smin: 67.6447
  --> New best model saved!
Epoch 021 | Loss: 0.0016 | Val MiFmax: 0.1442 | Val MaFmax: 0.0851 | Val Smin: 67.6222
  --> New best model saved!
Epoch 022 | Loss: 0.0016 | Val MiFmax: 0.1456 | Val MaFmax: 0.0857 | Val Smin: 67.6302
  --> New best model saved!
Epoch 023 | Loss: 0.0016 | Val MiFmax: 0.1470 | Val MaFmax: 0.0862 | Val Smin: 67.5191
  --> New best model saved!
Epoch 024 | Loss: 0.0016 | Val MiFmax: 0.1478 | Val MaFmax: 0.0865 | Val Smin: 67.5350
  --> New best model saved!
Epoch 025 | Loss: 0.0016 | Val MiFmax: 0.1486 | Val MaFmax: 0.0870 | Val Smin: 67.5450
  --> New best model saved!
Epoch 026 | Loss: 0.0016 | Val MiFmax: 0.1498 | Val MaFmax: 0.0873 | Val Smin: 67.5589
  --> New best model saved!
Epoch 027 | Loss: 0.0016 | Val MiFmax: 0.1505 | Val MaFmax: 0.0878 | Val Smin: 67.5539
  --> New best model saved!
Epoch 028 | Loss: 0.0016 | Val MiFmax: 0.1508 | Val MaFmax: 0.0886 | Val Smin: 67.6373
  --> New best model saved!
Epoch 029 | Loss: 0.0015 | Val MiFmax: 0.1511 | Val MaFmax: 0.0891 | Val Smin: 67.6218
  --> New best model saved!
Epoch 030 | Loss: 0.0015 | Val MiFmax: 0.1520 | Val MaFmax: 0.0901 | Val Smin: 67.6176
  --> New best model saved!
Epoch 031 | Loss: 0.0015 | Val MiFmax: 0.1530 | Val MaFmax: 0.0908 | Val Smin: 67.6146
  --> New best model saved!
Epoch 032 | Loss: 0.0015 | Val MiFmax: 0.1547 | Val MaFmax: 0.0914 | Val Smin: 67.6093
  --> New best model saved!
Epoch 033 | Loss: 0.0015 | Val MiFmax: 0.1555 | Val MaFmax: 0.0922 | Val Smin: 67.6445
  --> New best model saved!
Epoch 034 | Loss: 0.0015 | Val MiFmax: 0.1563 | Val MaFmax: 0.0927 | Val Smin: 67.6368
  --> New best model saved!
Epoch 035 | Loss: 0.0015 | Val MiFmax: 0.1575 | Val MaFmax: 0.0930 | Val Smin: 67.6520
  --> New best model saved!
Epoch 036 | Loss: 0.0015 | Val MiFmax: 0.1593 | Val MaFmax: 0.0934 | Val Smin: 67.6401
  --> New best model saved!
Epoch 037 | Loss: 0.0015 | Val MiFmax: 0.1603 | Val MaFmax: 0.0939 | Val Smin: 67.6486
  --> New best model saved!
Epoch 038 | Loss: 0.0015 | Val MiFmax: 0.1613 | Val MaFmax: 0.0943 | Val Smin: 67.6306
  --> New best model saved!
Epoch 039 | Loss: 0.0015 | Val MiFmax: 0.1622 | Val MaFmax: 0.0950 | Val Smin: 67.6639
  --> New best model saved!
Epoch 040 | Loss: 0.0015 | Val MiFmax: 0.1623 | Val MaFmax: 0.0954 | Val Smin: 67.6815
  --> New best model saved!
Epoch 041 | Loss: 0.0015 | Val MiFmax: 0.1625 | Val MaFmax: 0.0961 | Val Smin: 67.6625
  --> New best model saved!
Epoch 042 | Loss: 0.0015 | Val MiFmax: 0.1635 | Val MaFmax: 0.0963 | Val Smin: 67.6085
  --> New best model saved!
Epoch 043 | Loss: 0.0015 | Val MiFmax: 0.1639 | Val MaFmax: 0.0966 | Val Smin: 67.6313
  --> New best model saved!
Epoch 044 | Loss: 0.0015 | Val MiFmax: 0.1651 | Val MaFmax: 0.0971 | Val Smin: 67.5883
  --> New best model saved!
Epoch 045 | Loss: 0.0015 | Val MiFmax: 0.1659 | Val MaFmax: 0.0976 | Val Smin: 67.5860
  --> New best model saved!
Epoch 046 | Loss: 0.0015 | Val MiFmax: 0.1662 | Val MaFmax: 0.0979 | Val Smin: 67.6133
  --> New best model saved!
Epoch 047 | Loss: 0.0015 | Val MiFmax: 0.1669 | Val MaFmax: 0.0983 | Val Smin: 67.5769
  --> New best model saved!
Epoch 048 | Loss: 0.0015 | Val MiFmax: 0.1675 | Val MaFmax: 0.0986 | Val Smin: 67.5972
  --> New best model saved!
Epoch 049 | Loss: 0.0015 | Val MiFmax: 0.1683 | Val MaFmax: 0.0990 | Val Smin: 67.6465
  --> New best model saved!
Epoch 050 | Loss: 0.0014 | Val MiFmax: 0.1683 | Val MaFmax: 0.0993 | Val Smin: 67.6707
  --> New best model saved!
Epoch 051 | Loss: 0.0014 | Val MiFmax: 0.1691 | Val MaFmax: 0.0997 | Val Smin: 67.6214
  --> New best model saved!
Epoch 052 | Loss: 0.0014 | Val MiFmax: 0.1694 | Val MaFmax: 0.1000 | Val Smin: 67.6193
  --> New best model saved!
Epoch 053 | Loss: 0.0014 | Val MiFmax: 0.1699 | Val MaFmax: 0.1002 | Val Smin: 67.5932
  --> New best model saved!
Epoch 054 | Loss: 0.0014 | Val MiFmax: 0.1706 | Val MaFmax: 0.1005 | Val Smin: 67.6111
  --> New best model saved!
Epoch 055 | Loss: 0.0014 | Val MiFmax: 0.1703 | Val MaFmax: 0.1006 | Val Smin: 67.6157
  --> New best model saved!
Epoch 056 | Loss: 0.0014 | Val MiFmax: 0.1710 | Val MaFmax: 0.1009 | Val Smin: 67.5837
  --> New best model saved!
Epoch 057 | Loss: 0.0014 | Val MiFmax: 0.1708 | Val MaFmax: 0.1012 | Val Smin: 67.5775
  --> New best model saved!
Epoch 058 | Loss: 0.0014 | Val MiFmax: 0.1713 | Val MaFmax: 0.1015 | Val Smin: 67.5837
  --> New best model saved!
Epoch 059 | Loss: 0.0014 | Val MiFmax: 0.1716 | Val MaFmax: 0.1017 | Val Smin: 67.5671
  --> New best model saved!
Epoch 060 | Loss: 0.0014 | Val MiFmax: 0.1718 | Val MaFmax: 0.1020 | Val Smin: 67.5006
  --> New best model saved!
Epoch 061 | Loss: 0.0014 | Val MiFmax: 0.1722 | Val MaFmax: 0.1024 | Val Smin: 67.5403
  --> New best model saved!
Epoch 062 | Loss: 0.0014 | Val MiFmax: 0.1722 | Val MaFmax: 0.1026 | Val Smin: 67.5100
  --> New best model saved!
Epoch 063 | Loss: 0.0014 | Val MiFmax: 0.1725 | Val MaFmax: 0.1030 | Val Smin: 67.5135
  --> New best model saved!
Epoch 064 | Loss: 0.0014 | Val MiFmax: 0.1732 | Val MaFmax: 0.1034 | Val Smin: 67.4548
  --> New best model saved!
Epoch 065 | Loss: 0.0014 | Val MiFmax: 0.1733 | Val MaFmax: 0.1038 | Val Smin: 67.5084
  --> New best model saved!
Epoch 066 | Loss: 0.0014 | Val MiFmax: 0.1735 | Val MaFmax: 0.1042 | Val Smin: 67.5049
  --> New best model saved!
Epoch 067 | Loss: 0.0014 | Val MiFmax: 0.1742 | Val MaFmax: 0.1045 | Val Smin: 67.4705
  --> New best model saved!
Epoch 068 | Loss: 0.0014 | Val MiFmax: 0.1748 | Val MaFmax: 0.1049 | Val Smin: 67.4628
  --> New best model saved!
Epoch 069 | Loss: 0.0014 | Val MiFmax: 0.1754 | Val MaFmax: 0.1055 | Val Smin: 67.4390
  --> New best model saved!
Epoch 070 | Loss: 0.0014 | Val MiFmax: 0.1755 | Val MaFmax: 0.1059 | Val Smin: 67.4123
  --> New best model saved!
Epoch 071 | Loss: 0.0014 | Val MiFmax: 0.1765 | Val MaFmax: 0.1064 | Val Smin: 67.4196
  --> New best model saved!
Epoch 072 | Loss: 0.0014 | Val MiFmax: 0.1769 | Val MaFmax: 0.1070 | Val Smin: 67.3931
  --> New best model saved!
Epoch 073 | Loss: 0.0014 | Val MiFmax: 0.1766 | Val MaFmax: 0.1076 | Val Smin: 67.3704
  --> New best model saved!
Epoch 074 | Loss: 0.0014 | Val MiFmax: 0.1774 | Val MaFmax: 0.1081 | Val Smin: 67.3660
  --> New best model saved!
Epoch 075 | Loss: 0.0014 | Val MiFmax: 0.1774 | Val MaFmax: 0.1086 | Val Smin: 67.3316
  --> New best model saved!
Epoch 076 | Loss: 0.0014 | Val MiFmax: 0.1780 | Val MaFmax: 0.1089 | Val Smin: 67.3101
  --> New best model saved!
Epoch 077 | Loss: 0.0014 | Val MiFmax: 0.1783 | Val MaFmax: 0.1095 | Val Smin: 67.3159
  --> New best model saved!
Epoch 078 | Loss: 0.0014 | Val MiFmax: 0.1786 | Val MaFmax: 0.1099 | Val Smin: 67.3615
  --> New best model saved!
Epoch 079 | Loss: 0.0014 | Val MiFmax: 0.1792 | Val MaFmax: 0.1105 | Val Smin: 67.3604
  --> New best model saved!
Epoch 080 | Loss: 0.0014 | Val MiFmax: 0.1794 | Val MaFmax: 0.1108 | Val Smin: 67.3347
  --> New best model saved!
Epoch 081 | Loss: 0.0014 | Val MiFmax: 0.1797 | Val MaFmax: 0.1112 | Val Smin: 67.3389
  --> New best model saved!
Epoch 082 | Loss: 0.0014 | Val MiFmax: 0.1798 | Val MaFmax: 0.1119 | Val Smin: 67.3436
  --> New best model saved!
Epoch 083 | Loss: 0.0014 | Val MiFmax: 0.1801 | Val MaFmax: 0.1124 | Val Smin: 67.3659
  --> New best model saved!
Epoch 084 | Loss: 0.0013 | Val MiFmax: 0.1802 | Val MaFmax: 0.1128 | Val Smin: 67.3984
  --> New best model saved!
Epoch 085 | Loss: 0.0013 | Val MiFmax: 0.1806 | Val MaFmax: 0.1133 | Val Smin: 67.3775
  --> New best model saved!
Epoch 086 | Loss: 0.0013 | Val MiFmax: 0.1808 | Val MaFmax: 0.1139 | Val Smin: 67.3974
  --> New best model saved!
Epoch 087 | Loss: 0.0013 | Val MiFmax: 0.1813 | Val MaFmax: 0.1146 | Val Smin: 67.4268
  --> New best model saved!
Epoch 088 | Loss: 0.0013 | Val MiFmax: 0.1817 | Val MaFmax: 0.1151 | Val Smin: 67.3803
  --> New best model saved!
Epoch 089 | Loss: 0.0013 | Val MiFmax: 0.1814 | Val MaFmax: 0.1156 | Val Smin: 67.4257
  --> New best model saved!
Epoch 090 | Loss: 0.0013 | Val MiFmax: 0.1824 | Val MaFmax: 0.1163 | Val Smin: 67.4365
  --> New best model saved!
Epoch 091 | Loss: 0.0013 | Val MiFmax: 0.1828 | Val MaFmax: 0.1170 | Val Smin: 67.4065
  --> New best model saved!
Epoch 092 | Loss: 0.0013 | Val MiFmax: 0.1831 | Val MaFmax: 0.1175 | Val Smin: 67.4011
  --> New best model saved!
Epoch 093 | Loss: 0.0013 | Val MiFmax: 0.1835 | Val MaFmax: 0.1182 | Val Smin: 67.4090
  --> New best model saved!
Epoch 094 | Loss: 0.0013 | Val MiFmax: 0.1842 | Val MaFmax: 0.1187 | Val Smin: 67.3998
  --> New best model saved!
Epoch 095 | Loss: 0.0013 | Val MiFmax: 0.1845 | Val MaFmax: 0.1193 | Val Smin: 67.4034
  --> New best model saved!
Epoch 096 | Loss: 0.0013 | Val MiFmax: 0.1855 | Val MaFmax: 0.1200 | Val Smin: 67.3599
  --> New best model saved!
Epoch 097 | Loss: 0.0013 | Val MiFmax: 0.1857 | Val MaFmax: 0.1206 | Val Smin: 67.3960
  --> New best model saved!
Epoch 098 | Loss: 0.0013 | Val MiFmax: 0.1861 | Val MaFmax: 0.1213 | Val Smin: 67.3381
  --> New best model saved!
Epoch 099 | Loss: 0.0013 | Val MiFmax: 0.1866 | Val MaFmax: 0.1219 | Val Smin: 67.3395
  --> New best model saved!
Epoch 100 | Loss: 0.0013 | Val MiFmax: 0.1870 | Val MaFmax: 0.1224 | Val Smin: 67.3442
  --> New best model saved!
Training finished. Evaluating on Test Set...

--- TEST METRICS ---
Micro_Fmax: 0.2267
Macro_Fmax: 0.1355
Macro_AUROC: 0.6957
Micro_AUROC: 0.7977
Macro_AUPRC: 0.0625
Micro_AUPRC: 0.1266
Smin: 70.5034
------------------------------------------------------
  Run 5 / 72
  Ontology: biological_process | Model: MLP | Loss: Focal | Seed: 123
------------------------------------------------------
Using device: cuda
Loading datasets from preprocessing/data/split_files/datasets.pkl for biological_process...
Alpha weights not found. Using default FocalLoss (alpha=0.25, gamma=4.0).
Epoch 001 | Loss: 0.0102 | Val MiFmax: 0.0389 | Val MaFmax: 0.0807 | Val Smin: 69.1656
  --> New best model saved!
Epoch 002 | Loss: 0.0064 | Val MiFmax: 0.0471 | Val MaFmax: 0.0786 | Val Smin: 69.2234
Epoch 003 | Loss: 0.0027 | Val MiFmax: 0.1026 | Val MaFmax: 0.0780 | Val Smin: 68.4562
Epoch 004 | Loss: 0.0021 | Val MiFmax: 0.1204 | Val MaFmax: 0.0771 | Val Smin: 68.4830
Epoch 005 | Loss: 0.0019 | Val MiFmax: 0.1226 | Val MaFmax: 0.0757 | Val Smin: 68.5001
Epoch 006 | Loss: 0.0018 | Val MiFmax: 0.1202 | Val MaFmax: 0.0748 | Val Smin: 68.4113
Epoch 007 | Loss: 0.0018 | Val MiFmax: 0.1197 | Val MaFmax: 0.0746 | Val Smin: 68.4260
Epoch 008 | Loss: 0.0017 | Val MiFmax: 0.1220 | Val MaFmax: 0.0754 | Val Smin: 68.3255
Epoch 009 | Loss: 0.0017 | Val MiFmax: 0.1236 | Val MaFmax: 0.0759 | Val Smin: 68.0731
Epoch 010 | Loss: 0.0017 | Val MiFmax: 0.1249 | Val MaFmax: 0.0770 | Val Smin: 68.0063
Epoch 011 | Loss: 0.0017 | Val MiFmax: 0.1276 | Val MaFmax: 0.0782 | Val Smin: 67.9475
Epoch 012 | Loss: 0.0017 | Val MiFmax: 0.1287 | Val MaFmax: 0.0790 | Val Smin: 67.8856
Epoch 013 | Loss: 0.0017 | Val MiFmax: 0.1322 | Val MaFmax: 0.0799 | Val Smin: 67.8433
Epoch 014 | Loss: 0.0017 | Val MiFmax: 0.1328 | Val MaFmax: 0.0805 | Val Smin: 67.8078
Epoch 015 | Loss: 0.0017 | Val MiFmax: 0.1339 | Val MaFmax: 0.0811 | Val Smin: 67.8215
  --> New best model saved!
Epoch 016 | Loss: 0.0017 | Val MiFmax: 0.1355 | Val MaFmax: 0.0818 | Val Smin: 67.7730
  --> New best model saved!
Epoch 017 | Loss: 0.0016 | Val MiFmax: 0.1363 | Val MaFmax: 0.0824 | Val Smin: 67.7905
  --> New best model saved!
Epoch 018 | Loss: 0.0016 | Val MiFmax: 0.1378 | Val MaFmax: 0.0828 | Val Smin: 67.7713
  --> New best model saved!
Epoch 019 | Loss: 0.0016 | Val MiFmax: 0.1391 | Val MaFmax: 0.0835 | Val Smin: 67.7630
  --> New best model saved!
Epoch 020 | Loss: 0.0016 | Val MiFmax: 0.1406 | Val MaFmax: 0.0841 | Val Smin: 67.7586
  --> New best model saved!
Epoch 021 | Loss: 0.0016 | Val MiFmax: 0.1423 | Val MaFmax: 0.0850 | Val Smin: 67.7910
  --> New best model saved!
Epoch 022 | Loss: 0.0016 | Val MiFmax: 0.1438 | Val MaFmax: 0.0855 | Val Smin: 67.7874
  --> New best model saved!
Epoch 023 | Loss: 0.0016 | Val MiFmax: 0.1446 | Val MaFmax: 0.0863 | Val Smin: 67.7929
  --> New best model saved!
Epoch 024 | Loss: 0.0016 | Val MiFmax: 0.1464 | Val MaFmax: 0.0869 | Val Smin: 67.7746
  --> New best model saved!
Epoch 025 | Loss: 0.0016 | Val MiFmax: 0.1477 | Val MaFmax: 0.0876 | Val Smin: 67.8077
  --> New best model saved!
Epoch 026 | Loss: 0.0016 | Val MiFmax: 0.1484 | Val MaFmax: 0.0886 | Val Smin: 67.8216
  --> New best model saved!
Epoch 027 | Loss: 0.0016 | Val MiFmax: 0.1495 | Val MaFmax: 0.0896 | Val Smin: 67.7390
  --> New best model saved!
Epoch 028 | Loss: 0.0016 | Val MiFmax: 0.1502 | Val MaFmax: 0.0904 | Val Smin: 67.7563
  --> New best model saved!
Epoch 029 | Loss: 0.0016 | Val MiFmax: 0.1507 | Val MaFmax: 0.0913 | Val Smin: 67.7456
  --> New best model saved!
Epoch 030 | Loss: 0.0015 | Val MiFmax: 0.1513 | Val MaFmax: 0.0920 | Val Smin: 67.7437
  --> New best model saved!
Epoch 031 | Loss: 0.0015 | Val MiFmax: 0.1522 | Val MaFmax: 0.0926 | Val Smin: 67.7054
  --> New best model saved!
Epoch 032 | Loss: 0.0015 | Val MiFmax: 0.1531 | Val MaFmax: 0.0930 | Val Smin: 67.7115
  --> New best model saved!
Epoch 033 | Loss: 0.0015 | Val MiFmax: 0.1539 | Val MaFmax: 0.0936 | Val Smin: 67.7282
  --> New best model saved!
Epoch 034 | Loss: 0.0015 | Val MiFmax: 0.1545 | Val MaFmax: 0.0940 | Val Smin: 67.7169
  --> New best model saved!
Epoch 035 | Loss: 0.0015 | Val MiFmax: 0.1552 | Val MaFmax: 0.0941 | Val Smin: 67.6842
  --> New best model saved!
Epoch 036 | Loss: 0.0015 | Val MiFmax: 0.1555 | Val MaFmax: 0.0944 | Val Smin: 67.6979
  --> New best model saved!
Epoch 037 | Loss: 0.0015 | Val MiFmax: 0.1563 | Val MaFmax: 0.0948 | Val Smin: 67.6733
  --> New best model saved!
Epoch 038 | Loss: 0.0015 | Val MiFmax: 0.1572 | Val MaFmax: 0.0952 | Val Smin: 67.6808
  --> New best model saved!
Epoch 039 | Loss: 0.0015 | Val MiFmax: 0.1581 | Val MaFmax: 0.0960 | Val Smin: 67.6625
  --> New best model saved!
Epoch 040 | Loss: 0.0015 | Val MiFmax: 0.1589 | Val MaFmax: 0.0965 | Val Smin: 67.6493
  --> New best model saved!
Epoch 041 | Loss: 0.0015 | Val MiFmax: 0.1596 | Val MaFmax: 0.0969 | Val Smin: 67.6746
  --> New best model saved!
Epoch 042 | Loss: 0.0015 | Val MiFmax: 0.1609 | Val MaFmax: 0.0975 | Val Smin: 67.6350
  --> New best model saved!
Epoch 043 | Loss: 0.0015 | Val MiFmax: 0.1618 | Val MaFmax: 0.0977 | Val Smin: 67.6357
  --> New best model saved!
Epoch 044 | Loss: 0.0015 | Val MiFmax: 0.1621 | Val MaFmax: 0.0979 | Val Smin: 67.6238
  --> New best model saved!
Epoch 045 | Loss: 0.0015 | Val MiFmax: 0.1627 | Val MaFmax: 0.0983 | Val Smin: 67.5896
  --> New best model saved!
Epoch 046 | Loss: 0.0015 | Val MiFmax: 0.1634 | Val MaFmax: 0.0987 | Val Smin: 67.5773
  --> New best model saved!
Epoch 047 | Loss: 0.0015 | Val MiFmax: 0.1641 | Val MaFmax: 0.0989 | Val Smin: 67.6407
  --> New best model saved!
Epoch 048 | Loss: 0.0015 | Val MiFmax: 0.1641 | Val MaFmax: 0.0992 | Val Smin: 67.6174
  --> New best model saved!
Epoch 049 | Loss: 0.0015 | Val MiFmax: 0.1645 | Val MaFmax: 0.0995 | Val Smin: 67.6291
  --> New best model saved!
Epoch 050 | Loss: 0.0014 | Val MiFmax: 0.1653 | Val MaFmax: 0.0998 | Val Smin: 67.6013
  --> New best model saved!
Epoch 051 | Loss: 0.0014 | Val MiFmax: 0.1658 | Val MaFmax: 0.1000 | Val Smin: 67.5804
  --> New best model saved!
Epoch 052 | Loss: 0.0014 | Val MiFmax: 0.1668 | Val MaFmax: 0.1001 | Val Smin: 67.5520
  --> New best model saved!
Epoch 053 | Loss: 0.0014 | Val MiFmax: 0.1669 | Val MaFmax: 0.1005 | Val Smin: 67.5883
  --> New best model saved!
Epoch 054 | Loss: 0.0014 | Val MiFmax: 0.1678 | Val MaFmax: 0.1008 | Val Smin: 67.5542
  --> New best model saved!
Epoch 055 | Loss: 0.0014 | Val MiFmax: 0.1680 | Val MaFmax: 0.1011 | Val Smin: 67.6055
  --> New best model saved!
Epoch 056 | Loss: 0.0014 | Val MiFmax: 0.1687 | Val MaFmax: 0.1014 | Val Smin: 67.5554
  --> New best model saved!
Epoch 057 | Loss: 0.0014 | Val MiFmax: 0.1691 | Val MaFmax: 0.1016 | Val Smin: 67.5285
  --> New best model saved!
Epoch 058 | Loss: 0.0014 | Val MiFmax: 0.1698 | Val MaFmax: 0.1019 | Val Smin: 67.4868
  --> New best model saved!
Epoch 059 | Loss: 0.0014 | Val MiFmax: 0.1698 | Val MaFmax: 0.1022 | Val Smin: 67.5154
  --> New best model saved!
Epoch 060 | Loss: 0.0014 | Val MiFmax: 0.1707 | Val MaFmax: 0.1025 | Val Smin: 67.4970
  --> New best model saved!
Epoch 061 | Loss: 0.0014 | Val MiFmax: 0.1713 | Val MaFmax: 0.1027 | Val Smin: 67.4759
  --> New best model saved!
Epoch 062 | Loss: 0.0014 | Val MiFmax: 0.1718 | Val MaFmax: 0.1030 | Val Smin: 67.4616
  --> New best model saved!
Epoch 063 | Loss: 0.0014 | Val MiFmax: 0.1719 | Val MaFmax: 0.1034 | Val Smin: 67.4387
  --> New best model saved!
Epoch 064 | Loss: 0.0014 | Val MiFmax: 0.1719 | Val MaFmax: 0.1039 | Val Smin: 67.4845
  --> New best model saved!
Epoch 065 | Loss: 0.0014 | Val MiFmax: 0.1723 | Val MaFmax: 0.1042 | Val Smin: 67.4550
  --> New best model saved!
Epoch 066 | Loss: 0.0014 | Val MiFmax: 0.1732 | Val MaFmax: 0.1047 | Val Smin: 67.4694
  --> New best model saved!
Epoch 067 | Loss: 0.0014 | Val MiFmax: 0.1741 | Val MaFmax: 0.1052 | Val Smin: 67.4389
  --> New best model saved!
Epoch 068 | Loss: 0.0014 | Val MiFmax: 0.1744 | Val MaFmax: 0.1055 | Val Smin: 67.4337
  --> New best model saved!
Epoch 069 | Loss: 0.0014 | Val MiFmax: 0.1748 | Val MaFmax: 0.1059 | Val Smin: 67.4895
  --> New best model saved!
Epoch 070 | Loss: 0.0014 | Val MiFmax: 0.1755 | Val MaFmax: 0.1064 | Val Smin: 67.4682
  --> New best model saved!
Epoch 071 | Loss: 0.0014 | Val MiFmax: 0.1759 | Val MaFmax: 0.1069 | Val Smin: 67.4236
  --> New best model saved!
Epoch 072 | Loss: 0.0014 | Val MiFmax: 0.1768 | Val MaFmax: 0.1075 | Val Smin: 67.4310
  --> New best model saved!
Epoch 073 | Loss: 0.0014 | Val MiFmax: 0.1766 | Val MaFmax: 0.1079 | Val Smin: 67.4350
  --> New best model saved!
Epoch 074 | Loss: 0.0014 | Val MiFmax: 0.1778 | Val MaFmax: 0.1085 | Val Smin: 67.3795
  --> New best model saved!
Epoch 075 | Loss: 0.0014 | Val MiFmax: 0.1782 | Val MaFmax: 0.1090 | Val Smin: 67.3748
  --> New best model saved!
Epoch 076 | Loss: 0.0014 | Val MiFmax: 0.1786 | Val MaFmax: 0.1095 | Val Smin: 67.4235
  --> New best model saved!
Epoch 077 | Loss: 0.0014 | Val MiFmax: 0.1787 | Val MaFmax: 0.1102 | Val Smin: 67.3766
  --> New best model saved!
Epoch 078 | Loss: 0.0014 | Val MiFmax: 0.1793 | Val MaFmax: 0.1107 | Val Smin: 67.3449
  --> New best model saved!
Epoch 079 | Loss: 0.0014 | Val MiFmax: 0.1795 | Val MaFmax: 0.1112 | Val Smin: 67.3492
  --> New best model saved!
Epoch 080 | Loss: 0.0014 | Val MiFmax: 0.1801 | Val MaFmax: 0.1116 | Val Smin: 67.3351
  --> New best model saved!
Epoch 081 | Loss: 0.0014 | Val MiFmax: 0.1803 | Val MaFmax: 0.1122 | Val Smin: 67.3208
  --> New best model saved!
Epoch 082 | Loss: 0.0014 | Val MiFmax: 0.1806 | Val MaFmax: 0.1127 | Val Smin: 67.3207
  --> New best model saved!
Epoch 083 | Loss: 0.0014 | Val MiFmax: 0.1810 | Val MaFmax: 0.1134 | Val Smin: 67.3243
  --> New best model saved!
Epoch 084 | Loss: 0.0013 | Val MiFmax: 0.1807 | Val MaFmax: 0.1139 | Val Smin: 67.2708
  --> New best model saved!
Epoch 085 | Loss: 0.0013 | Val MiFmax: 0.1813 | Val MaFmax: 0.1146 | Val Smin: 67.3279
  --> New best model saved!
Epoch 086 | Loss: 0.0013 | Val MiFmax: 0.1812 | Val MaFmax: 0.1152 | Val Smin: 67.3731
  --> New best model saved!
Epoch 087 | Loss: 0.0013 | Val MiFmax: 0.1817 | Val MaFmax: 0.1158 | Val Smin: 67.3075
  --> New best model saved!
Epoch 088 | Loss: 0.0013 | Val MiFmax: 0.1822 | Val MaFmax: 0.1164 | Val Smin: 67.3305
  --> New best model saved!
Epoch 089 | Loss: 0.0013 | Val MiFmax: 0.1821 | Val MaFmax: 0.1170 | Val Smin: 67.3230
  --> New best model saved!
Epoch 090 | Loss: 0.0013 | Val MiFmax: 0.1824 | Val MaFmax: 0.1177 | Val Smin: 67.3192
  --> New best model saved!
Epoch 091 | Loss: 0.0013 | Val MiFmax: 0.1829 | Val MaFmax: 0.1182 | Val Smin: 67.3210
  --> New best model saved!
Epoch 092 | Loss: 0.0013 | Val MiFmax: 0.1833 | Val MaFmax: 0.1188 | Val Smin: 67.2872
  --> New best model saved!
Epoch 093 | Loss: 0.0013 | Val MiFmax: 0.1834 | Val MaFmax: 0.1194 | Val Smin: 67.3366
  --> New best model saved!
Epoch 094 | Loss: 0.0013 | Val MiFmax: 0.1840 | Val MaFmax: 0.1200 | Val Smin: 67.3037
  --> New best model saved!
Epoch 095 | Loss: 0.0013 | Val MiFmax: 0.1852 | Val MaFmax: 0.1206 | Val Smin: 67.2666
  --> New best model saved!
Epoch 096 | Loss: 0.0013 | Val MiFmax: 0.1854 | Val MaFmax: 0.1212 | Val Smin: 67.2756
  --> New best model saved!
Epoch 097 | Loss: 0.0013 | Val MiFmax: 0.1860 | Val MaFmax: 0.1219 | Val Smin: 67.2952
  --> New best model saved!
Epoch 098 | Loss: 0.0013 | Val MiFmax: 0.1864 | Val MaFmax: 0.1225 | Val Smin: 67.2995
  --> New best model saved!
Epoch 099 | Loss: 0.0013 | Val MiFmax: 0.1872 | Val MaFmax: 0.1231 | Val Smin: 67.2670
  --> New best model saved!
Epoch 100 | Loss: 0.0013 | Val MiFmax: 0.1881 | Val MaFmax: 0.1239 | Val Smin: 67.2521
  --> New best model saved!
Training finished. Evaluating on Test Set...

--- TEST METRICS ---
Micro_Fmax: 0.2278
Macro_Fmax: 0.1365
Macro_AUROC: 0.6988
Micro_AUROC: 0.7997
Macro_AUPRC: 0.0642
Micro_AUPRC: 0.1293
Smin: 70.2099
------------------------------------------------------
  Run 6 / 72
  Ontology: biological_process | Model: MLP | Loss: Focal | Seed: 456
------------------------------------------------------
Using device: cuda
Loading datasets from preprocessing/data/split_files/datasets.pkl for biological_process...
Alpha weights not found. Using default FocalLoss (alpha=0.25, gamma=4.0).
Epoch 001 | Loss: 0.0102 | Val MiFmax: 0.0390 | Val MaFmax: 0.0750 | Val Smin: 69.2234
  --> New best model saved!
Epoch 002 | Loss: 0.0063 | Val MiFmax: 0.0475 | Val MaFmax: 0.0766 | Val Smin: 69.2234
  --> New best model saved!
Epoch 003 | Loss: 0.0027 | Val MiFmax: 0.0953 | Val MaFmax: 0.0766 | Val Smin: 68.5431
  --> New best model saved!
Epoch 004 | Loss: 0.0021 | Val MiFmax: 0.1183 | Val MaFmax: 0.0761 | Val Smin: 68.5748
Epoch 005 | Loss: 0.0019 | Val MiFmax: 0.1208 | Val MaFmax: 0.0751 | Val Smin: 68.4848
Epoch 006 | Loss: 0.0018 | Val MiFmax: 0.1215 | Val MaFmax: 0.0737 | Val Smin: 68.5214
Epoch 007 | Loss: 0.0018 | Val MiFmax: 0.1204 | Val MaFmax: 0.0735 | Val Smin: 68.2028
Epoch 008 | Loss: 0.0017 | Val MiFmax: 0.1267 | Val MaFmax: 0.0746 | Val Smin: 68.0007
Epoch 009 | Loss: 0.0017 | Val MiFmax: 0.1225 | Val MaFmax: 0.0770 | Val Smin: 68.0788
  --> New best model saved!
Epoch 010 | Loss: 0.0017 | Val MiFmax: 0.1297 | Val MaFmax: 0.0794 | Val Smin: 67.9497
  --> New best model saved!
Epoch 011 | Loss: 0.0017 | Val MiFmax: 0.1359 | Val MaFmax: 0.0817 | Val Smin: 67.9099
  --> New best model saved!
Epoch 012 | Loss: 0.0016 | Val MiFmax: 0.1402 | Val MaFmax: 0.0843 | Val Smin: 68.0226
  --> New best model saved!
Epoch 013 | Loss: 0.0016 | Val MiFmax: 0.1450 | Val MaFmax: 0.0867 | Val Smin: 67.9482
  --> New best model saved!
Epoch 014 | Loss: 0.0016 | Val MiFmax: 0.1489 | Val MaFmax: 0.0888 | Val Smin: 67.8050
  --> New best model saved!
Epoch 015 | Loss: 0.0016 | Val MiFmax: 0.1522 | Val MaFmax: 0.0916 | Val Smin: 67.6859
  --> New best model saved!
Epoch 016 | Loss: 0.0015 | Val MiFmax: 0.1559 | Val MaFmax: 0.0941 | Val Smin: 67.6545
  --> New best model saved!
Epoch 017 | Loss: 0.0015 | Val MiFmax: 0.1577 | Val MaFmax: 0.0948 | Val Smin: 67.6426
  --> New best model saved!
Epoch 018 | Loss: 0.0015 | Val MiFmax: 0.1596 | Val MaFmax: 0.0956 | Val Smin: 67.5778
  --> New best model saved!
Epoch 019 | Loss: 0.0015 | Val MiFmax: 0.1635 | Val MaFmax: 0.0976 | Val Smin: 67.4605
  --> New best model saved!
Epoch 020 | Loss: 0.0015 | Val MiFmax: 0.1638 | Val MaFmax: 0.0988 | Val Smin: 67.5895
  --> New best model saved!
Epoch 021 | Loss: 0.0015 | Val MiFmax: 0.1652 | Val MaFmax: 0.0995 | Val Smin: 67.6207
  --> New best model saved!
Epoch 022 | Loss: 0.0014 | Val MiFmax: 0.1667 | Val MaFmax: 0.0997 | Val Smin: 67.5890
  --> New best model saved!
Epoch 023 | Loss: 0.0014 | Val MiFmax: 0.1685 | Val MaFmax: 0.1006 | Val Smin: 67.4165
  --> New best model saved!
Epoch 024 | Loss: 0.0014 | Val MiFmax: 0.1700 | Val MaFmax: 0.1011 | Val Smin: 67.5896
  --> New best model saved!
Epoch 025 | Loss: 0.0014 | Val MiFmax: 0.1709 | Val MaFmax: 0.1017 | Val Smin: 67.5314
  --> New best model saved!
Epoch 026 | Loss: 0.0014 | Val MiFmax: 0.1725 | Val MaFmax: 0.1026 | Val Smin: 67.4234
  --> New best model saved!
Epoch 027 | Loss: 0.0014 | Val MiFmax: 0.1742 | Val MaFmax: 0.1039 | Val Smin: 67.3500
  --> New best model saved!
Epoch 028 | Loss: 0.0014 | Val MiFmax: 0.1737 | Val MaFmax: 0.1054 | Val Smin: 67.4270
  --> New best model saved!
Epoch 029 | Loss: 0.0014 | Val MiFmax: 0.1761 | Val MaFmax: 0.1071 | Val Smin: 67.3036
  --> New best model saved!
Epoch 030 | Loss: 0.0014 | Val MiFmax: 0.1769 | Val MaFmax: 0.1087 | Val Smin: 67.3656
  --> New best model saved!
Epoch 031 | Loss: 0.0014 | Val MiFmax: 0.1781 | Val MaFmax: 0.1107 | Val Smin: 67.2935
  --> New best model saved!
Epoch 032 | Loss: 0.0014 | Val MiFmax: 0.1796 | Val MaFmax: 0.1123 | Val Smin: 67.3301
  --> New best model saved!
Epoch 033 | Loss: 0.0013 | Val MiFmax: 0.1796 | Val MaFmax: 0.1144 | Val Smin: 67.2960
  --> New best model saved!
Epoch 034 | Loss: 0.0013 | Val MiFmax: 0.1793 | Val MaFmax: 0.1163 | Val Smin: 67.3666
  --> New best model saved!
Epoch 035 | Loss: 0.0013 | Val MiFmax: 0.1817 | Val MaFmax: 0.1186 | Val Smin: 67.4435
  --> New best model saved!
Epoch 036 | Loss: 0.0013 | Val MiFmax: 0.1827 | Val MaFmax: 0.1206 | Val Smin: 67.3754
  --> New best model saved!
Epoch 037 | Loss: 0.0013 | Val MiFmax: 0.1862 | Val MaFmax: 0.1227 | Val Smin: 67.2272
  --> New best model saved!
Epoch 038 | Loss: 0.0013 | Val MiFmax: 0.1871 | Val MaFmax: 0.1254 | Val Smin: 67.3140
  --> New best model saved!
Epoch 039 | Loss: 0.0013 | Val MiFmax: 0.1903 | Val MaFmax: 0.1279 | Val Smin: 67.2729
  --> New best model saved!
Epoch 040 | Loss: 0.0013 | Val MiFmax: 0.1922 | Val MaFmax: 0.1311 | Val Smin: 67.2298
  --> New best model saved!
Epoch 041 | Loss: 0.0013 | Val MiFmax: 0.1934 | Val MaFmax: 0.1340 | Val Smin: 67.1457
  --> New best model saved!
Epoch 042 | Loss: 0.0013 | Val MiFmax: 0.1961 | Val MaFmax: 0.1369 | Val Smin: 67.1170
  --> New best model saved!
Epoch 043 | Loss: 0.0013 | Val MiFmax: 0.1973 | Val MaFmax: 0.1399 | Val Smin: 67.0471
  --> New best model saved!
Epoch 044 | Loss: 0.0013 | Val MiFmax: 0.1996 | Val MaFmax: 0.1431 | Val Smin: 66.9664
  --> New best model saved!
Epoch 045 | Loss: 0.0012 | Val MiFmax: 0.2012 | Val MaFmax: 0.1470 | Val Smin: 67.0171
  --> New best model saved!
Epoch 046 | Loss: 0.0012 | Val MiFmax: 0.2048 | Val MaFmax: 0.1500 | Val Smin: 66.8689
  --> New best model saved!
Epoch 047 | Loss: 0.0012 | Val MiFmax: 0.2072 | Val MaFmax: 0.1549 | Val Smin: 66.8090
  --> New best model saved!
Epoch 048 | Loss: 0.0012 | Val MiFmax: 0.2104 | Val MaFmax: 0.1586 | Val Smin: 66.7417
  --> New best model saved!
Epoch 049 | Loss: 0.0012 | Val MiFmax: 0.2096 | Val MaFmax: 0.1617 | Val Smin: 66.8406
  --> New best model saved!
Epoch 050 | Loss: 0.0012 | Val MiFmax: 0.2134 | Val MaFmax: 0.1657 | Val Smin: 66.6790
  --> New best model saved!
Epoch 051 | Loss: 0.0012 | Val MiFmax: 0.2166 | Val MaFmax: 0.1698 | Val Smin: 66.3670
  --> New best model saved!
Epoch 052 | Loss: 0.0012 | Val MiFmax: 0.2177 | Val MaFmax: 0.1728 | Val Smin: 66.3861
  --> New best model saved!
Epoch 053 | Loss: 0.0012 | Val MiFmax: 0.2197 | Val MaFmax: 0.1761 | Val Smin: 66.1684
  --> New best model saved!
Epoch 054 | Loss: 0.0012 | Val MiFmax: 0.2214 | Val MaFmax: 0.1784 | Val Smin: 66.1487
  --> New best model saved!
Epoch 055 | Loss: 0.0012 | Val MiFmax: 0.2246 | Val MaFmax: 0.1810 | Val Smin: 66.0812
  --> New best model saved!
Epoch 056 | Loss: 0.0012 | Val MiFmax: 0.2271 | Val MaFmax: 0.1848 | Val Smin: 65.9097
  --> New best model saved!
Epoch 057 | Loss: 0.0012 | Val MiFmax: 0.2307 | Val MaFmax: 0.1853 | Val Smin: 65.8330
  --> New best model saved!
Epoch 058 | Loss: 0.0012 | Val MiFmax: 0.2344 | Val MaFmax: 0.1885 | Val Smin: 65.6055
  --> New best model saved!
Epoch 059 | Loss: 0.0011 | Val MiFmax: 0.2371 | Val MaFmax: 0.1915 | Val Smin: 65.4720
  --> New best model saved!
Epoch 060 | Loss: 0.0011 | Val MiFmax: 0.2364 | Val MaFmax: 0.1916 | Val Smin: 65.5370
  --> New best model saved!
Epoch 061 | Loss: 0.0011 | Val MiFmax: 0.2404 | Val MaFmax: 0.1942 | Val Smin: 65.2902
  --> New best model saved!
Epoch 062 | Loss: 0.0011 | Val MiFmax: 0.2454 | Val MaFmax: 0.1962 | Val Smin: 65.1488
  --> New best model saved!
Epoch 063 | Loss: 0.0011 | Val MiFmax: 0.2457 | Val MaFmax: 0.1981 | Val Smin: 64.9472
  --> New best model saved!
Epoch 064 | Loss: 0.0011 | Val MiFmax: 0.2500 | Val MaFmax: 0.1995 | Val Smin: 64.8117
  --> New best model saved!
Epoch 065 | Loss: 0.0011 | Val MiFmax: 0.2506 | Val MaFmax: 0.2017 | Val Smin: 64.7001
  --> New best model saved!
Epoch 066 | Loss: 0.0011 | Val MiFmax: 0.2548 | Val MaFmax: 0.2040 | Val Smin: 64.5086
  --> New best model saved!
Epoch 067 | Loss: 0.0011 | Val MiFmax: 0.2556 | Val MaFmax: 0.2063 | Val Smin: 64.3952
  --> New best model saved!
Epoch 068 | Loss: 0.0011 | Val MiFmax: 0.2593 | Val MaFmax: 0.2083 | Val Smin: 64.2309
  --> New best model saved!
Epoch 069 | Loss: 0.0011 | Val MiFmax: 0.2608 | Val MaFmax: 0.2107 | Val Smin: 64.1515
  --> New best model saved!
Epoch 070 | Loss: 0.0011 | Val MiFmax: 0.2628 | Val MaFmax: 0.2130 | Val Smin: 63.8825
  --> New best model saved!
Epoch 071 | Loss: 0.0011 | Val MiFmax: 0.2678 | Val MaFmax: 0.2150 | Val Smin: 63.5757
  --> New best model saved!
Epoch 072 | Loss: 0.0011 | Val MiFmax: 0.2685 | Val MaFmax: 0.2166 | Val Smin: 63.5799
  --> New best model saved!
Epoch 073 | Loss: 0.0010 | Val MiFmax: 0.2718 | Val MaFmax: 0.2188 | Val Smin: 63.2099
  --> New best model saved!
Epoch 074 | Loss: 0.0010 | Val MiFmax: 0.2712 | Val MaFmax: 0.2205 | Val Smin: 63.0758
  --> New best model saved!
Epoch 075 | Loss: 0.0010 | Val MiFmax: 0.2724 | Val MaFmax: 0.2229 | Val Smin: 63.0338
  --> New best model saved!
Epoch 076 | Loss: 0.0010 | Val MiFmax: 0.2752 | Val MaFmax: 0.2250 | Val Smin: 62.6337
  --> New best model saved!
Epoch 077 | Loss: 0.0010 | Val MiFmax: 0.2763 | Val MaFmax: 0.2272 | Val Smin: 62.5702
  --> New best model saved!
Epoch 078 | Loss: 0.0010 | Val MiFmax: 0.2773 | Val MaFmax: 0.2297 | Val Smin: 62.4238
  --> New best model saved!
Epoch 079 | Loss: 0.0010 | Val MiFmax: 0.2789 | Val MaFmax: 0.2308 | Val Smin: 62.2138
  --> New best model saved!
Epoch 080 | Loss: 0.0010 | Val MiFmax: 0.2810 | Val MaFmax: 0.2325 | Val Smin: 61.8861
  --> New best model saved!
Epoch 081 | Loss: 0.0010 | Val MiFmax: 0.2822 | Val MaFmax: 0.2349 | Val Smin: 61.9615
  --> New best model saved!
Epoch 082 | Loss: 0.0010 | Val MiFmax: 0.2831 | Val MaFmax: 0.2368 | Val Smin: 61.9887
  --> New best model saved!
Epoch 083 | Loss: 0.0010 | Val MiFmax: 0.2852 | Val MaFmax: 0.2383 | Val Smin: 61.7272
  --> New best model saved!
Epoch 084 | Loss: 0.0010 | Val MiFmax: 0.2866 | Val MaFmax: 0.2387 | Val Smin: 61.6030
  --> New best model saved!
Epoch 085 | Loss: 0.0010 | Val MiFmax: 0.2885 | Val MaFmax: 0.2430 | Val Smin: 61.3436
  --> New best model saved!
Epoch 086 | Loss: 0.0010 | Val MiFmax: 0.2882 | Val MaFmax: 0.2428 | Val Smin: 61.5709
Epoch 087 | Loss: 0.0010 | Val MiFmax: 0.2896 | Val MaFmax: 0.2459 | Val Smin: 61.3783
  --> New best model saved!
Epoch 088 | Loss: 0.0010 | Val MiFmax: 0.2916 | Val MaFmax: 0.2469 | Val Smin: 61.3138
  --> New best model saved!
Epoch 089 | Loss: 0.0010 | Val MiFmax: 0.2941 | Val MaFmax: 0.2490 | Val Smin: 60.9566
  --> New best model saved!
Epoch 090 | Loss: 0.0010 | Val MiFmax: 0.2959 | Val MaFmax: 0.2502 | Val Smin: 60.9529
  --> New best model saved!
Epoch 091 | Loss: 0.0009 | Val MiFmax: 0.2961 | Val MaFmax: 0.2529 | Val Smin: 60.9665
  --> New best model saved!
Epoch 092 | Loss: 0.0009 | Val MiFmax: 0.2979 | Val MaFmax: 0.2538 | Val Smin: 61.0247
  --> New best model saved!
Epoch 093 | Loss: 0.0009 | Val MiFmax: 0.2980 | Val MaFmax: 0.2562 | Val Smin: 60.8082
  --> New best model saved!
Epoch 094 | Loss: 0.0009 | Val MiFmax: 0.2992 | Val MaFmax: 0.2576 | Val Smin: 60.7278
  --> New best model saved!
Epoch 095 | Loss: 0.0009 | Val MiFmax: 0.2998 | Val MaFmax: 0.2597 | Val Smin: 60.9147
  --> New best model saved!
Epoch 096 | Loss: 0.0009 | Val MiFmax: 0.3026 | Val MaFmax: 0.2616 | Val Smin: 60.5519
  --> New best model saved!
Epoch 097 | Loss: 0.0009 | Val MiFmax: 0.3015 | Val MaFmax: 0.2629 | Val Smin: 60.5146
  --> New best model saved!
Epoch 098 | Loss: 0.0009 | Val MiFmax: 0.3038 | Val MaFmax: 0.2640 | Val Smin: 60.7118
  --> New best model saved!
Epoch 099 | Loss: 0.0009 | Val MiFmax: 0.3063 | Val MaFmax: 0.2657 | Val Smin: 60.4167
  --> New best model saved!
Epoch 100 | Loss: 0.0009 | Val MiFmax: 0.3054 | Val MaFmax: 0.2671 | Val Smin: 60.4243
  --> New best model saved!
Training finished. Evaluating on Test Set...

--- TEST METRICS ---
Micro_Fmax: 0.3646
Macro_Fmax: 0.3124
Macro_AUROC: 0.8043
Micro_AUROC: 0.8481
Macro_AUPRC: 0.2146
Micro_AUPRC: 0.3326
Smin: 59.6839
------------------------------------------------------
  Run 7 / 72
  Ontology: biological_process | Model: GCN | Loss: BCE | Seed: 42
------------------------------------------------------
Using device: cuda
Loading datasets from preprocessing/data/split_files/datasets.pkl for biological_process...
Epoch 001 | Loss: 0.6788 | Val MiFmax: 0.0376 | Val MaFmax: 0.0782 | Val Smin: 69.2234
  --> New best model saved!
Epoch 002 | Loss: 0.5647 | Val MiFmax: 0.0421 | Val MaFmax: 0.0764 | Val Smin: 69.2055
Epoch 003 | Loss: 0.3143 | Val MiFmax: 0.0455 | Val MaFmax: 0.0764 | Val Smin: 69.2234
Epoch 004 | Loss: 0.1695 | Val MiFmax: 0.0509 | Val MaFmax: 0.0762 | Val Smin: 69.0488
Epoch 005 | Loss: 0.1240 | Val MiFmax: 0.0685 | Val MaFmax: 0.0757 | Val Smin: 68.7033
Epoch 006 | Loss: 0.1072 | Val MiFmax: 0.0906 | Val MaFmax: 0.0754 | Val Smin: 68.5686
Epoch 007 | Loss: 0.0994 | Val MiFmax: 0.1023 | Val MaFmax: 0.0747 | Val Smin: 68.5767
Epoch 008 | Loss: 0.0959 | Val MiFmax: 0.1055 | Val MaFmax: 0.0742 | Val Smin: 68.5659
Epoch 009 | Loss: 0.0941 | Val MiFmax: 0.1098 | Val MaFmax: 0.0740 | Val Smin: 68.5886
Epoch 010 | Loss: 0.0927 | Val MiFmax: 0.1125 | Val MaFmax: 0.0738 | Val Smin: 68.5862
Epoch 011 | Loss: 0.0915 | Val MiFmax: 0.1158 | Val MaFmax: 0.0737 | Val Smin: 68.5431
Epoch 012 | Loss: 0.0904 | Val MiFmax: 0.1178 | Val MaFmax: 0.0736 | Val Smin: 68.5568
Epoch 013 | Loss: 0.0895 | Val MiFmax: 0.1195 | Val MaFmax: 0.0736 | Val Smin: 68.5333
Epoch 014 | Loss: 0.0889 | Val MiFmax: 0.1201 | Val MaFmax: 0.0734 | Val Smin: 68.4987
Epoch 015 | Loss: 0.0885 | Val MiFmax: 0.1198 | Val MaFmax: 0.0733 | Val Smin: 68.4972
Epoch 016 | Loss: 0.0881 | Val MiFmax: 0.1201 | Val MaFmax: 0.0729 | Val Smin: 68.5156
Early stopping triggered after 16 epochs.
Training finished. Evaluating on Test Set...

--- TEST METRICS ---
Micro_Fmax: 0.0430
Macro_Fmax: 0.1027
Macro_AUROC: 0.5161
Micro_AUROC: 0.5198
Macro_AUPRC: 0.0525
Micro_AUPRC: 0.0215
Smin: 74.0502
------------------------------------------------------
  Run 8 / 72
  Ontology: biological_process | Model: GCN | Loss: BCE | Seed: 123
------------------------------------------------------
Using device: cuda
Loading datasets from preprocessing/data/split_files/datasets.pkl for biological_process...
Epoch 001 | Loss: 0.6787 | Val MiFmax: 0.0376 | Val MaFmax: 0.0779 | Val Smin: 69.2234
  --> New best model saved!
Epoch 002 | Loss: 0.5633 | Val MiFmax: 0.0430 | Val MaFmax: 0.0778 | Val Smin: 69.2234
Epoch 003 | Loss: 0.3125 | Val MiFmax: 0.0456 | Val MaFmax: 0.0775 | Val Smin: 69.2234
Epoch 004 | Loss: 0.1681 | Val MiFmax: 0.0522 | Val MaFmax: 0.0770 | Val Smin: 69.0632
Epoch 005 | Loss: 0.1231 | Val MiFmax: 0.0693 | Val MaFmax: 0.0767 | Val Smin: 68.7104
Epoch 006 | Loss: 0.1067 | Val MiFmax: 0.0908 | Val MaFmax: 0.0761 | Val Smin: 68.5774
Epoch 007 | Loss: 0.0990 | Val MiFmax: 0.1031 | Val MaFmax: 0.0754 | Val Smin: 68.5975
Epoch 008 | Loss: 0.0956 | Val MiFmax: 0.1057 | Val MaFmax: 0.0750 | Val Smin: 68.6101
Epoch 009 | Loss: 0.0938 | Val MiFmax: 0.1104 | Val MaFmax: 0.0744 | Val Smin: 68.5917
Epoch 010 | Loss: 0.0924 | Val MiFmax: 0.1133 | Val MaFmax: 0.0742 | Val Smin: 68.5699
Epoch 011 | Loss: 0.0912 | Val MiFmax: 0.1167 | Val MaFmax: 0.0741 | Val Smin: 68.5858
Epoch 012 | Loss: 0.0902 | Val MiFmax: 0.1188 | Val MaFmax: 0.0740 | Val Smin: 68.5541
Epoch 013 | Loss: 0.0893 | Val MiFmax: 0.1202 | Val MaFmax: 0.0739 | Val Smin: 68.5143
Epoch 014 | Loss: 0.0886 | Val MiFmax: 0.1206 | Val MaFmax: 0.0737 | Val Smin: 68.4976
Epoch 015 | Loss: 0.0883 | Val MiFmax: 0.1209 | Val MaFmax: 0.0736 | Val Smin: 68.5082
Epoch 016 | Loss: 0.0879 | Val MiFmax: 0.1213 | Val MaFmax: 0.0734 | Val Smin: 68.4948
Early stopping triggered after 16 epochs.
Training finished. Evaluating on Test Set...

--- TEST METRICS ---
Micro_Fmax: 0.0471
Macro_Fmax: 0.1084
Macro_AUROC: 0.5144
Micro_AUROC: 0.5478
Macro_AUPRC: 0.0569
Micro_AUPRC: 0.0236
Smin: 74.0502
------------------------------------------------------
  Run 9 / 72
  Ontology: biological_process | Model: GCN | Loss: BCE | Seed: 456
------------------------------------------------------
Using device: cuda
Loading datasets from preprocessing/data/split_files/datasets.pkl for biological_process...
Epoch 001 | Loss: 0.6780 | Val MiFmax: 0.0458 | Val MaFmax: 0.0799 | Val Smin: 69.2234
  --> New best model saved!
Epoch 002 | Loss: 0.5629 | Val MiFmax: 0.0452 | Val MaFmax: 0.0773 | Val Smin: 69.2234
Epoch 003 | Loss: 0.3094 | Val MiFmax: 0.0471 | Val MaFmax: 0.0767 | Val Smin: 69.2234
Epoch 004 | Loss: 0.1661 | Val MiFmax: 0.0534 | Val MaFmax: 0.0764 | Val Smin: 69.0829
Epoch 005 | Loss: 0.1223 | Val MiFmax: 0.0700 | Val MaFmax: 0.0761 | Val Smin: 68.7348
Epoch 006 | Loss: 0.1064 | Val MiFmax: 0.0901 | Val MaFmax: 0.0757 | Val Smin: 68.5815
Epoch 007 | Loss: 0.0989 | Val MiFmax: 0.1018 | Val MaFmax: 0.0751 | Val Smin: 68.6106
Epoch 008 | Loss: 0.0955 | Val MiFmax: 0.1054 | Val MaFmax: 0.0747 | Val Smin: 68.5796
Epoch 009 | Loss: 0.0938 | Val MiFmax: 0.1102 | Val MaFmax: 0.0744 | Val Smin: 68.5787
Epoch 010 | Loss: 0.0924 | Val MiFmax: 0.1134 | Val MaFmax: 0.0743 | Val Smin: 68.5886
Epoch 011 | Loss: 0.0912 | Val MiFmax: 0.1162 | Val MaFmax: 0.0743 | Val Smin: 68.5551
Epoch 012 | Loss: 0.0902 | Val MiFmax: 0.1189 | Val MaFmax: 0.0742 | Val Smin: 68.5533
Epoch 013 | Loss: 0.0893 | Val MiFmax: 0.1199 | Val MaFmax: 0.0740 | Val Smin: 68.5240
Epoch 014 | Loss: 0.0887 | Val MiFmax: 0.1204 | Val MaFmax: 0.0739 | Val Smin: 68.5057
Epoch 015 | Loss: 0.0883 | Val MiFmax: 0.1206 | Val MaFmax: 0.0738 | Val Smin: 68.5017
Epoch 016 | Loss: 0.0879 | Val MiFmax: 0.1209 | Val MaFmax: 0.0737 | Val Smin: 68.4994
Early stopping triggered after 16 epochs.
Training finished. Evaluating on Test Set...

--- TEST METRICS ---
Micro_Fmax: 0.0558
Macro_Fmax: 0.1038
Macro_AUROC: 0.5092
Micro_AUROC: 0.5733
Macro_AUPRC: 0.0519
Micro_AUPRC: 0.0276
Smin: 73.9809
------------------------------------------------------
  Run 10 / 72
  Ontology: biological_process | Model: GCN | Loss: Focal | Seed: 42
------------------------------------------------------
Using device: cuda
Loading datasets from preprocessing/data/split_files/datasets.pkl for biological_process...
Alpha weights not found. Using default FocalLoss (alpha=0.25, gamma=4.0).
Epoch 001 | Loss: 0.0101 | Val MiFmax: 0.0376 | Val MaFmax: 0.0784 | Val Smin: 69.2234
  --> New best model saved!
Epoch 002 | Loss: 0.0063 | Val MiFmax: 0.0450 | Val MaFmax: 0.0760 | Val Smin: 69.2234
Epoch 003 | Loss: 0.0029 | Val MiFmax: 0.0820 | Val MaFmax: 0.0756 | Val Smin: 68.7015
Epoch 004 | Loss: 0.0022 | Val MiFmax: 0.1117 | Val MaFmax: 0.0748 | Val Smin: 68.4337
Epoch 005 | Loss: 0.0019 | Val MiFmax: 0.1209 | Val MaFmax: 0.0739 | Val Smin: 68.5190
Epoch 006 | Loss: 0.0018 | Val MiFmax: 0.1210 | Val MaFmax: 0.0735 | Val Smin: 68.4450
Epoch 007 | Loss: 0.0018 | Val MiFmax: 0.1276 | Val MaFmax: 0.0732 | Val Smin: 68.3405
Epoch 008 | Loss: 0.0017 | Val MiFmax: 0.1292 | Val MaFmax: 0.0736 | Val Smin: 68.2706
Epoch 009 | Loss: 0.0017 | Val MiFmax: 0.1309 | Val MaFmax: 0.0744 | Val Smin: 68.0364
Epoch 010 | Loss: 0.0017 | Val MiFmax: 0.1329 | Val MaFmax: 0.0752 | Val Smin: 67.9802
Epoch 011 | Loss: 0.0017 | Val MiFmax: 0.1344 | Val MaFmax: 0.0764 | Val Smin: 67.8308
Epoch 012 | Loss: 0.0017 | Val MiFmax: 0.1367 | Val MaFmax: 0.0777 | Val Smin: 67.8058
Epoch 013 | Loss: 0.0016 | Val MiFmax: 0.1397 | Val MaFmax: 0.0789 | Val Smin: 67.7538
  --> New best model saved!
Epoch 014 | Loss: 0.0016 | Val MiFmax: 0.1417 | Val MaFmax: 0.0798 | Val Smin: 67.7291
  --> New best model saved!
Epoch 015 | Loss: 0.0016 | Val MiFmax: 0.1434 | Val MaFmax: 0.0804 | Val Smin: 67.7567
  --> New best model saved!
Epoch 016 | Loss: 0.0016 | Val MiFmax: 0.1455 | Val MaFmax: 0.0815 | Val Smin: 67.7513
  --> New best model saved!
Epoch 017 | Loss: 0.0016 | Val MiFmax: 0.1477 | Val MaFmax: 0.0828 | Val Smin: 67.7152
  --> New best model saved!
Epoch 018 | Loss: 0.0016 | Val MiFmax: 0.1488 | Val MaFmax: 0.0840 | Val Smin: 67.8330
  --> New best model saved!
Epoch 019 | Loss: 0.0015 | Val MiFmax: 0.1505 | Val MaFmax: 0.0849 | Val Smin: 67.8816
  --> New best model saved!
Epoch 020 | Loss: 0.0015 | Val MiFmax: 0.1518 | Val MaFmax: 0.0862 | Val Smin: 67.8051
  --> New best model saved!
Epoch 021 | Loss: 0.0015 | Val MiFmax: 0.1528 | Val MaFmax: 0.0874 | Val Smin: 67.8368
  --> New best model saved!
Epoch 022 | Loss: 0.0015 | Val MiFmax: 0.1532 | Val MaFmax: 0.0890 | Val Smin: 67.8577
  --> New best model saved!
Epoch 023 | Loss: 0.0015 | Val MiFmax: 0.1551 | Val MaFmax: 0.0906 | Val Smin: 67.8547
  --> New best model saved!
Epoch 024 | Loss: 0.0015 | Val MiFmax: 0.1575 | Val MaFmax: 0.0915 | Val Smin: 67.7398
  --> New best model saved!
Epoch 025 | Loss: 0.0015 | Val MiFmax: 0.1590 | Val MaFmax: 0.0927 | Val Smin: 67.7925
  --> New best model saved!
Epoch 026 | Loss: 0.0015 | Val MiFmax: 0.1607 | Val MaFmax: 0.0938 | Val Smin: 67.7199
  --> New best model saved!
Epoch 027 | Loss: 0.0015 | Val MiFmax: 0.1622 | Val MaFmax: 0.0945 | Val Smin: 67.7525
  --> New best model saved!
Epoch 028 | Loss: 0.0015 | Val MiFmax: 0.1643 | Val MaFmax: 0.0956 | Val Smin: 67.7909
  --> New best model saved!
Epoch 029 | Loss: 0.0015 | Val MiFmax: 0.1660 | Val MaFmax: 0.0968 | Val Smin: 67.7724
  --> New best model saved!
Epoch 030 | Loss: 0.0014 | Val MiFmax: 0.1663 | Val MaFmax: 0.0977 | Val Smin: 67.7571
  --> New best model saved!
Epoch 031 | Loss: 0.0014 | Val MiFmax: 0.1681 | Val MaFmax: 0.0984 | Val Smin: 67.8102
  --> New best model saved!
Epoch 032 | Loss: 0.0014 | Val MiFmax: 0.1703 | Val MaFmax: 0.0989 | Val Smin: 67.7469
  --> New best model saved!
Epoch 033 | Loss: 0.0014 | Val MiFmax: 0.1717 | Val MaFmax: 0.0997 | Val Smin: 67.7156
  --> New best model saved!
Epoch 034 | Loss: 0.0014 | Val MiFmax: 0.1723 | Val MaFmax: 0.1005 | Val Smin: 67.6769
  --> New best model saved!
Epoch 035 | Loss: 0.0014 | Val MiFmax: 0.1742 | Val MaFmax: 0.1014 | Val Smin: 67.5786
  --> New best model saved!
Epoch 036 | Loss: 0.0014 | Val MiFmax: 0.1758 | Val MaFmax: 0.1020 | Val Smin: 67.5667
  --> New best model saved!
Epoch 037 | Loss: 0.0014 | Val MiFmax: 0.1761 | Val MaFmax: 0.1028 | Val Smin: 67.4929
  --> New best model saved!
Epoch 038 | Loss: 0.0014 | Val MiFmax: 0.1772 | Val MaFmax: 0.1039 | Val Smin: 67.4732
  --> New best model saved!
Epoch 039 | Loss: 0.0014 | Val MiFmax: 0.1766 | Val MaFmax: 0.1047 | Val Smin: 67.4736
  --> New best model saved!
Epoch 040 | Loss: 0.0014 | Val MiFmax: 0.1780 | Val MaFmax: 0.1056 | Val Smin: 67.4934
  --> New best model saved!
Epoch 041 | Loss: 0.0014 | Val MiFmax: 0.1793 | Val MaFmax: 0.1064 | Val Smin: 67.4116
  --> New best model saved!
Epoch 042 | Loss: 0.0014 | Val MiFmax: 0.1798 | Val MaFmax: 0.1076 | Val Smin: 67.4952
  --> New best model saved!
Epoch 043 | Loss: 0.0014 | Val MiFmax: 0.1800 | Val MaFmax: 0.1085 | Val Smin: 67.4816
  --> New best model saved!
Epoch 044 | Loss: 0.0014 | Val MiFmax: 0.1812 | Val MaFmax: 0.1099 | Val Smin: 67.4859
  --> New best model saved!
Epoch 045 | Loss: 0.0013 | Val MiFmax: 0.1821 | Val MaFmax: 0.1110 | Val Smin: 67.4282
  --> New best model saved!
Epoch 046 | Loss: 0.0013 | Val MiFmax: 0.1843 | Val MaFmax: 0.1124 | Val Smin: 67.3470
  --> New best model saved!
Epoch 047 | Loss: 0.0013 | Val MiFmax: 0.1848 | Val MaFmax: 0.1137 | Val Smin: 67.4110
  --> New best model saved!
Epoch 048 | Loss: 0.0013 | Val MiFmax: 0.1859 | Val MaFmax: 0.1153 | Val Smin: 67.3464
  --> New best model saved!
Epoch 049 | Loss: 0.0013 | Val MiFmax: 0.1870 | Val MaFmax: 0.1168 | Val Smin: 67.2970
  --> New best model saved!
Epoch 050 | Loss: 0.0013 | Val MiFmax: 0.1882 | Val MaFmax: 0.1184 | Val Smin: 67.2942
  --> New best model saved!
Epoch 051 | Loss: 0.0013 | Val MiFmax: 0.1895 | Val MaFmax: 0.1198 | Val Smin: 67.2817
  --> New best model saved!
Epoch 052 | Loss: 0.0013 | Val MiFmax: 0.1908 | Val MaFmax: 0.1214 | Val Smin: 67.2995
  --> New best model saved!
Epoch 053 | Loss: 0.0013 | Val MiFmax: 0.1920 | Val MaFmax: 0.1230 | Val Smin: 67.2896
  --> New best model saved!
Epoch 054 | Loss: 0.0013 | Val MiFmax: 0.1937 | Val MaFmax: 0.1243 | Val Smin: 67.2704
  --> New best model saved!
Epoch 055 | Loss: 0.0013 | Val MiFmax: 0.1953 | Val MaFmax: 0.1263 | Val Smin: 67.2279
  --> New best model saved!
Epoch 056 | Loss: 0.0013 | Val MiFmax: 0.1973 | Val MaFmax: 0.1279 | Val Smin: 67.1825
  --> New best model saved!
Epoch 057 | Loss: 0.0013 | Val MiFmax: 0.1995 | Val MaFmax: 0.1299 | Val Smin: 67.1044
  --> New best model saved!
Epoch 058 | Loss: 0.0013 | Val MiFmax: 0.2007 | Val MaFmax: 0.1318 | Val Smin: 67.0867
  --> New best model saved!
Epoch 059 | Loss: 0.0013 | Val MiFmax: 0.2022 | Val MaFmax: 0.1334 | Val Smin: 67.0500
  --> New best model saved!
Epoch 060 | Loss: 0.0013 | Val MiFmax: 0.2035 | Val MaFmax: 0.1358 | Val Smin: 67.1111
  --> New best model saved!
Epoch 061 | Loss: 0.0013 | Val MiFmax: 0.2048 | Val MaFmax: 0.1387 | Val Smin: 67.0107
  --> New best model saved!
Epoch 062 | Loss: 0.0013 | Val MiFmax: 0.2058 | Val MaFmax: 0.1408 | Val Smin: 66.9654
  --> New best model saved!
Epoch 063 | Loss: 0.0013 | Val MiFmax: 0.2070 | Val MaFmax: 0.1429 | Val Smin: 66.9363
  --> New best model saved!
Epoch 064 | Loss: 0.0012 | Val MiFmax: 0.2075 | Val MaFmax: 0.1449 | Val Smin: 66.9557
  --> New best model saved!
Epoch 065 | Loss: 0.0012 | Val MiFmax: 0.2084 | Val MaFmax: 0.1474 | Val Smin: 66.9238
  --> New best model saved!
Epoch 066 | Loss: 0.0012 | Val MiFmax: 0.2103 | Val MaFmax: 0.1500 | Val Smin: 66.8131
  --> New best model saved!
Epoch 067 | Loss: 0.0012 | Val MiFmax: 0.2109 | Val MaFmax: 0.1525 | Val Smin: 66.7781
  --> New best model saved!
Epoch 068 | Loss: 0.0012 | Val MiFmax: 0.2118 | Val MaFmax: 0.1561 | Val Smin: 66.7184
  --> New best model saved!
Epoch 069 | Loss: 0.0012 | Val MiFmax: 0.2130 | Val MaFmax: 0.1588 | Val Smin: 66.7617
  --> New best model saved!
Epoch 070 | Loss: 0.0012 | Val MiFmax: 0.2151 | Val MaFmax: 0.1620 | Val Smin: 66.6922
  --> New best model saved!
Epoch 071 | Loss: 0.0012 | Val MiFmax: 0.2162 | Val MaFmax: 0.1650 | Val Smin: 66.6639
  --> New best model saved!
Epoch 072 | Loss: 0.0012 | Val MiFmax: 0.2171 | Val MaFmax: 0.1678 | Val Smin: 66.6551
  --> New best model saved!
Epoch 073 | Loss: 0.0012 | Val MiFmax: 0.2181 | Val MaFmax: 0.1712 | Val Smin: 66.6746
  --> New best model saved!
Epoch 074 | Loss: 0.0012 | Val MiFmax: 0.2200 | Val MaFmax: 0.1741 | Val Smin: 66.5502
  --> New best model saved!
Epoch 075 | Loss: 0.0012 | Val MiFmax: 0.2206 | Val MaFmax: 0.1771 | Val Smin: 66.5149
  --> New best model saved!
Epoch 076 | Loss: 0.0012 | Val MiFmax: 0.2223 | Val MaFmax: 0.1793 | Val Smin: 66.4371
  --> New best model saved!
Epoch 077 | Loss: 0.0012 | Val MiFmax: 0.2233 | Val MaFmax: 0.1816 | Val Smin: 66.3521
  --> New best model saved!
Epoch 078 | Loss: 0.0012 | Val MiFmax: 0.2233 | Val MaFmax: 0.1838 | Val Smin: 66.3512
  --> New best model saved!
Epoch 079 | Loss: 0.0012 | Val MiFmax: 0.2255 | Val MaFmax: 0.1862 | Val Smin: 66.2666
  --> New best model saved!
Epoch 080 | Loss: 0.0012 | Val MiFmax: 0.2262 | Val MaFmax: 0.1867 | Val Smin: 66.2805
  --> New best model saved!
Epoch 081 | Loss: 0.0012 | Val MiFmax: 0.2292 | Val MaFmax: 0.1901 | Val Smin: 65.9257
  --> New best model saved!
Epoch 082 | Loss: 0.0012 | Val MiFmax: 0.2300 | Val MaFmax: 0.1920 | Val Smin: 65.9515
  --> New best model saved!
Epoch 083 | Loss: 0.0012 | Val MiFmax: 0.2318 | Val MaFmax: 0.1928 | Val Smin: 65.8740
  --> New best model saved!
Epoch 084 | Loss: 0.0011 | Val MiFmax: 0.2311 | Val MaFmax: 0.1923 | Val Smin: 65.9194
Epoch 085 | Loss: 0.0011 | Val MiFmax: 0.2339 | Val MaFmax: 0.1952 | Val Smin: 65.6894
  --> New best model saved!
Epoch 086 | Loss: 0.0011 | Val MiFmax: 0.2351 | Val MaFmax: 0.1964 | Val Smin: 65.5102
  --> New best model saved!
Epoch 087 | Loss: 0.0011 | Val MiFmax: 0.2369 | Val MaFmax: 0.1983 | Val Smin: 65.4861
  --> New best model saved!
Epoch 088 | Loss: 0.0011 | Val MiFmax: 0.2376 | Val MaFmax: 0.1994 | Val Smin: 65.3677
  --> New best model saved!
Epoch 089 | Loss: 0.0011 | Val MiFmax: 0.2389 | Val MaFmax: 0.1990 | Val Smin: 65.3056
Epoch 090 | Loss: 0.0011 | Val MiFmax: 0.2415 | Val MaFmax: 0.2009 | Val Smin: 65.1054
  --> New best model saved!
Epoch 091 | Loss: 0.0011 | Val MiFmax: 0.2428 | Val MaFmax: 0.2021 | Val Smin: 65.0839
  --> New best model saved!
Epoch 092 | Loss: 0.0011 | Val MiFmax: 0.2430 | Val MaFmax: 0.2023 | Val Smin: 64.9863
  --> New best model saved!
Epoch 093 | Loss: 0.0011 | Val MiFmax: 0.2462 | Val MaFmax: 0.2039 | Val Smin: 64.7802
  --> New best model saved!
Epoch 094 | Loss: 0.0011 | Val MiFmax: 0.2470 | Val MaFmax: 0.2051 | Val Smin: 64.7433
  --> New best model saved!
Epoch 095 | Loss: 0.0011 | Val MiFmax: 0.2493 | Val MaFmax: 0.2067 | Val Smin: 64.7255
  --> New best model saved!
Epoch 096 | Loss: 0.0011 | Val MiFmax: 0.2486 | Val MaFmax: 0.2068 | Val Smin: 64.6582
  --> New best model saved!
Epoch 097 | Loss: 0.0011 | Val MiFmax: 0.2510 | Val MaFmax: 0.2074 | Val Smin: 64.5543
  --> New best model saved!
Epoch 098 | Loss: 0.0011 | Val MiFmax: 0.2526 | Val MaFmax: 0.2091 | Val Smin: 64.4487
  --> New best model saved!
Epoch 099 | Loss: 0.0011 | Val MiFmax: 0.2558 | Val MaFmax: 0.2111 | Val Smin: 64.2900
  --> New best model saved!
Epoch 100 | Loss: 0.0011 | Val MiFmax: 0.2563 | Val MaFmax: 0.2111 | Val Smin: 64.2155
Training finished. Evaluating on Test Set...

--- TEST METRICS ---
Micro_Fmax: 0.3098
Macro_Fmax: 0.2440
Macro_AUROC: 0.7581
Micro_AUROC: 0.8230
Macro_AUPRC: 0.1593
Micro_AUPRC: 0.2421
Smin: 63.7657
------------------------------------------------------
  Run 11 / 72
  Ontology: biological_process | Model: GCN | Loss: Focal | Seed: 123
------------------------------------------------------
