========================================================
Job ID        : 44315745
Node          : mlg3
CPUs          : 8
Start time    : Sat Jun 27 12:49:38 MDT 2026
Project dir   : /home/ganeshiny.sridharan/dgg/deep-green-GO
Log .out      : /home/ganeshiny.sridharan/dgg/deep-green-GO/logs/deepgreengo_44315745.out
Log .err      : /home/ganeshiny.sridharan/dgg/deep-green-GO/logs/deepgreengo_44315745.err
========================================================
Python : /home/ganeshiny.sridharan/miniconda3/envs/deepgreengo/bin/python
PyTorch: 2.4.1
CUDA   : NVIDIA L40S
Scratch dir   : /scratch/44315745
CMAP_THREADS  : 8
========================================================
Running sequentially for all ontologies (Warning: May timeout)
=========================================
  DeepGreenGO Hyperparameter Tuning
=========================================
Dataset: preprocessing/data/split_files/datasets.pkl
Output Directory: tuning_runs

------------------------------------------------------
  Tuning Run 1 / 27
  Ontology: biological_process | LR: 1e-4 | Dropout: 0.2 | Batch: 64
------------------------------------------------------
Using device: cuda
Loading datasets from preprocessing/data/split_files/datasets.pkl for biological_process...
Alpha weights not found. Using default FocalLoss (alpha=0.25, gamma=4.0).
Epoch 001 | Loss: 0.0148 | Val MiFmax: 0.0508 | Val MaFmax: 0.0776 | Val Smin: 69.1312
  --> New best model saved!
Epoch 002 | Loss: 0.0129 | Val MiFmax: 0.0531 | Val MaFmax: 0.0811 | Val Smin: 69.0513
  --> New best model saved!
Epoch 003 | Loss: 0.0122 | Val MiFmax: 0.0610 | Val MaFmax: 0.0843 | Val Smin: 68.9969
  --> New best model saved!
Epoch 004 | Loss: 0.0113 | Val MiFmax: 0.0705 | Val MaFmax: 0.0909 | Val Smin: 69.0153
  --> New best model saved!
Epoch 005 | Loss: 0.0101 | Val MiFmax: 0.0892 | Val MaFmax: 0.0932 | Val Smin: 68.9829
  --> New best model saved!
Epoch 006 | Loss: 0.0087 | Val MiFmax: 0.0780 | Val MaFmax: 0.0874 | Val Smin: 68.8535
Epoch 007 | Loss: 0.0070 | Val MiFmax: 0.1137 | Val MaFmax: 0.1004 | Val Smin: 68.5847
  --> New best model saved!
Epoch 008 | Loss: 0.0054 | Val MiFmax: 0.1318 | Val MaFmax: 0.1063 | Val Smin: 68.0059
  --> New best model saved!
Epoch 009 | Loss: 0.0043 | Val MiFmax: 0.1060 | Val MaFmax: 0.1071 | Val Smin: 67.8010
  --> New best model saved!
Epoch 010 | Loss: 0.0035 | Val MiFmax: 0.1757 | Val MaFmax: 0.1139 | Val Smin: 66.7707
  --> New best model saved!
Epoch 011 | Loss: 0.0027 | Val MiFmax: 0.1864 | Val MaFmax: 0.1125 | Val Smin: 66.9927
Epoch 012 | Loss: 0.0023 | Val MiFmax: 0.1883 | Val MaFmax: 0.1249 | Val Smin: 66.5924
  --> New best model saved!
Epoch 013 | Loss: 0.0020 | Val MiFmax: 0.2680 | Val MaFmax: 0.1602 | Val Smin: 62.8830
  --> New best model saved!
Epoch 014 | Loss: 0.0018 | Val MiFmax: 0.3050 | Val MaFmax: 0.2247 | Val Smin: 60.4245
  --> New best model saved!
Epoch 015 | Loss: 0.0015 | Val MiFmax: 0.3463 | Val MaFmax: 0.2988 | Val Smin: 58.1316
  --> New best model saved!
Epoch 016 | Loss: 0.0013 | Val MiFmax: 0.3684 | Val MaFmax: 0.3377 | Val Smin: 57.3974
  --> New best model saved!
Epoch 017 | Loss: 0.0012 | Val MiFmax: 0.4231 | Val MaFmax: 0.4011 | Val Smin: 54.0915
  --> New best model saved!
Epoch 018 | Loss: 0.0010 | Val MiFmax: 0.4624 | Val MaFmax: 0.4247 | Val Smin: 50.5825
  --> New best model saved!
Epoch 019 | Loss: 0.0009 | Val MiFmax: 0.4979 | Val MaFmax: 0.4459 | Val Smin: 47.3184
  --> New best model saved!
Epoch 020 | Loss: 0.0008 | Val MiFmax: 0.5231 | Val MaFmax: 0.4839 | Val Smin: 44.9915
  --> New best model saved!
Epoch 021 | Loss: 0.0008 | Val MiFmax: 0.5513 | Val MaFmax: 0.5233 | Val Smin: 42.6975
  --> New best model saved!
Epoch 022 | Loss: 0.0007 | Val MiFmax: 0.5570 | Val MaFmax: 0.5179 | Val Smin: 42.0934
Epoch 023 | Loss: 0.0006 | Val MiFmax: 0.5854 | Val MaFmax: 0.5768 | Val Smin: 39.4423
  --> New best model saved!
Epoch 024 | Loss: 0.0006 | Val MiFmax: 0.5976 | Val MaFmax: 0.5745 | Val Smin: 38.6762
Epoch 025 | Loss: 0.0005 | Val MiFmax: 0.6081 | Val MaFmax: 0.6021 | Val Smin: 37.6053
  --> New best model saved!
Epoch 026 | Loss: 0.0005 | Val MiFmax: 0.6271 | Val MaFmax: 0.6162 | Val Smin: 36.3459
  --> New best model saved!
Epoch 027 | Loss: 0.0004 | Val MiFmax: 0.6330 | Val MaFmax: 0.6268 | Val Smin: 35.6070
  --> New best model saved!
Epoch 028 | Loss: 0.0004 | Val MiFmax: 0.6455 | Val MaFmax: 0.6419 | Val Smin: 34.8786
  --> New best model saved!
Epoch 029 | Loss: 0.0004 | Val MiFmax: 0.6519 | Val MaFmax: 0.6604 | Val Smin: 34.1174
  --> New best model saved!
Epoch 030 | Loss: 0.0003 | Val MiFmax: 0.6599 | Val MaFmax: 0.6565 | Val Smin: 33.6579
Epoch 031 | Loss: 0.0003 | Val MiFmax: 0.6601 | Val MaFmax: 0.6637 | Val Smin: 33.5087
  --> New best model saved!
Epoch 032 | Loss: 0.0003 | Val MiFmax: 0.6612 | Val MaFmax: 0.6730 | Val Smin: 33.2762
  --> New best model saved!
Epoch 033 | Loss: 0.0003 | Val MiFmax: 0.6729 | Val MaFmax: 0.6755 | Val Smin: 32.3040
  --> New best model saved!
Epoch 034 | Loss: 0.0003 | Val MiFmax: 0.6814 | Val MaFmax: 0.6836 | Val Smin: 31.5319
  --> New best model saved!
Epoch 035 | Loss: 0.0002 | Val MiFmax: 0.6834 | Val MaFmax: 0.6768 | Val Smin: 31.5529
Epoch 036 | Loss: 0.0002 | Val MiFmax: 0.6879 | Val MaFmax: 0.6903 | Val Smin: 31.0179
  --> New best model saved!
Epoch 037 | Loss: 0.0002 | Val MiFmax: 0.6939 | Val MaFmax: 0.6945 | Val Smin: 30.4530
  --> New best model saved!
Epoch 038 | Loss: 0.0002 | Val MiFmax: 0.6920 | Val MaFmax: 0.6922 | Val Smin: 30.4741
Epoch 039 | Loss: 0.0002 | Val MiFmax: 0.6977 | Val MaFmax: 0.7008 | Val Smin: 30.0993
  --> New best model saved!
Epoch 040 | Loss: 0.0002 | Val MiFmax: 0.7055 | Val MaFmax: 0.6966 | Val Smin: 29.7567
Epoch 041 | Loss: 0.0002 | Val MiFmax: 0.7067 | Val MaFmax: 0.7069 | Val Smin: 29.4008
  --> New best model saved!
Epoch 042 | Loss: 0.0002 | Val MiFmax: 0.7122 | Val MaFmax: 0.7085 | Val Smin: 29.1183
  --> New best model saved!
Epoch 043 | Loss: 0.0002 | Val MiFmax: 0.7116 | Val MaFmax: 0.7089 | Val Smin: 29.2318
  --> New best model saved!
Epoch 044 | Loss: 0.0002 | Val MiFmax: 0.7146 | Val MaFmax: 0.7029 | Val Smin: 28.8714
Epoch 045 | Loss: 0.0001 | Val MiFmax: 0.7108 | Val MaFmax: 0.7046 | Val Smin: 29.0286
Epoch 046 | Loss: 0.0001 | Val MiFmax: 0.7124 | Val MaFmax: 0.7119 | Val Smin: 28.7027
  --> New best model saved!
Epoch 047 | Loss: 0.0001 | Val MiFmax: 0.7117 | Val MaFmax: 0.7101 | Val Smin: 28.7519
Epoch 048 | Loss: 0.0001 | Val MiFmax: 0.7181 | Val MaFmax: 0.7144 | Val Smin: 28.3717
  --> New best model saved!
Epoch 049 | Loss: 0.0001 | Val MiFmax: 0.7253 | Val MaFmax: 0.7143 | Val Smin: 27.8791
Epoch 050 | Loss: 0.0001 | Val MiFmax: 0.7259 | Val MaFmax: 0.7162 | Val Smin: 27.5879
  --> New best model saved!
Epoch 051 | Loss: 0.0001 | Val MiFmax: 0.7213 | Val MaFmax: 0.7168 | Val Smin: 27.9627
  --> New best model saved!
Epoch 052 | Loss: 0.0001 | Val MiFmax: 0.7255 | Val MaFmax: 0.7118 | Val Smin: 27.4808
Epoch 053 | Loss: 0.0001 | Val MiFmax: 0.7272 | Val MaFmax: 0.7182 | Val Smin: 27.5998
  --> New best model saved!
Epoch 054 | Loss: 0.0001 | Val MiFmax: 0.7304 | Val MaFmax: 0.7192 | Val Smin: 27.2402
  --> New best model saved!
Epoch 055 | Loss: 0.0001 | Val MiFmax: 0.7247 | Val MaFmax: 0.7030 | Val Smin: 27.7231
Epoch 056 | Loss: 0.0001 | Val MiFmax: 0.7293 | Val MaFmax: 0.7154 | Val Smin: 27.3361
Epoch 057 | Loss: 0.0001 | Val MiFmax: 0.7284 | Val MaFmax: 0.7146 | Val Smin: 27.2061
Epoch 058 | Loss: 0.0001 | Val MiFmax: 0.7296 | Val MaFmax: 0.7123 | Val Smin: 27.1606
Epoch 059 | Loss: 0.0001 | Val MiFmax: 0.7309 | Val MaFmax: 0.7133 | Val Smin: 27.1109
Epoch 060 | Loss: 0.0001 | Val MiFmax: 0.7300 | Val MaFmax: 0.7097 | Val Smin: 27.4080
Epoch 061 | Loss: 0.0001 | Val MiFmax: 0.7307 | Val MaFmax: 0.7166 | Val Smin: 26.9725
Epoch 062 | Loss: 0.0001 | Val MiFmax: 0.7376 | Val MaFmax: 0.7194 | Val Smin: 26.5997
  --> New best model saved!
Epoch 063 | Loss: 0.0001 | Val MiFmax: 0.7386 | Val MaFmax: 0.7222 | Val Smin: 26.6438
  --> New best model saved!
Epoch 064 | Loss: 0.0001 | Val MiFmax: 0.7327 | Val MaFmax: 0.7230 | Val Smin: 26.8407
  --> New best model saved!
Epoch 065 | Loss: 0.0001 | Val MiFmax: 0.7385 | Val MaFmax: 0.7217 | Val Smin: 26.6283
Epoch 066 | Loss: 0.0001 | Val MiFmax: 0.7380 | Val MaFmax: 0.7230 | Val Smin: 26.6241
  --> New best model saved!
Epoch 067 | Loss: 0.0001 | Val MiFmax: 0.7378 | Val MaFmax: 0.7216 | Val Smin: 26.6695
Epoch 068 | Loss: 0.0001 | Val MiFmax: 0.7384 | Val MaFmax: 0.7191 | Val Smin: 26.5675
Epoch 069 | Loss: 0.0001 | Val MiFmax: 0.7374 | Val MaFmax: 0.7218 | Val Smin: 26.7011
Epoch 070 | Loss: 0.0001 | Val MiFmax: 0.7403 | Val MaFmax: 0.7253 | Val Smin: 26.4245
  --> New best model saved!
Epoch 071 | Loss: 0.0000 | Val MiFmax: 0.7468 | Val MaFmax: 0.7248 | Val Smin: 25.8874
Epoch 072 | Loss: 0.0000 | Val MiFmax: 0.7431 | Val MaFmax: 0.7236 | Val Smin: 26.1644
Epoch 073 | Loss: 0.0000 | Val MiFmax: 0.7447 | Val MaFmax: 0.7242 | Val Smin: 26.1397
Epoch 074 | Loss: 0.0000 | Val MiFmax: 0.7440 | Val MaFmax: 0.7246 | Val Smin: 26.1679
Epoch 075 | Loss: 0.0000 | Val MiFmax: 0.7480 | Val MaFmax: 0.7233 | Val Smin: 25.6867
Epoch 076 | Loss: 0.0000 | Val MiFmax: 0.7422 | Val MaFmax: 0.7245 | Val Smin: 26.1365
Epoch 077 | Loss: 0.0000 | Val MiFmax: 0.7432 | Val MaFmax: 0.7246 | Val Smin: 26.0881
Epoch 078 | Loss: 0.0000 | Val MiFmax: 0.7439 | Val MaFmax: 0.7260 | Val Smin: 26.0619
  --> New best model saved!
Epoch 079 | Loss: 0.0000 | Val MiFmax: 0.7427 | Val MaFmax: 0.7255 | Val Smin: 26.1647
Epoch 080 | Loss: 0.0000 | Val MiFmax: 0.7418 | Val MaFmax: 0.7254 | Val Smin: 26.1730
Epoch 081 | Loss: 0.0000 | Val MiFmax: 0.7441 | Val MaFmax: 0.7251 | Val Smin: 25.9972
Epoch 082 | Loss: 0.0000 | Val MiFmax: 0.7445 | Val MaFmax: 0.7241 | Val Smin: 26.0549
Epoch 083 | Loss: 0.0000 | Val MiFmax: 0.7435 | Val MaFmax: 0.7252 | Val Smin: 26.0649
Epoch 084 | Loss: 0.0000 | Val MiFmax: 0.7427 | Val MaFmax: 0.7255 | Val Smin: 26.1769
Epoch 085 | Loss: 0.0000 | Val MiFmax: 0.7442 | Val MaFmax: 0.7252 | Val Smin: 26.0486
Epoch 086 | Loss: 0.0000 | Val MiFmax: 0.7448 | Val MaFmax: 0.7267 | Val Smin: 25.9610
  --> New best model saved!
Epoch 087 | Loss: 0.0000 | Val MiFmax: 0.7447 | Val MaFmax: 0.7251 | Val Smin: 25.9835
Epoch 088 | Loss: 0.0000 | Val MiFmax: 0.7449 | Val MaFmax: 0.7250 | Val Smin: 25.9967
Epoch 089 | Loss: 0.0000 | Val MiFmax: 0.7451 | Val MaFmax: 0.7266 | Val Smin: 26.0174
Epoch 090 | Loss: 0.0000 | Val MiFmax: 0.7463 | Val MaFmax: 0.7256 | Val Smin: 25.8161
Epoch 091 | Loss: 0.0000 | Val MiFmax: 0.7476 | Val MaFmax: 0.7256 | Val Smin: 25.8015
Epoch 092 | Loss: 0.0000 | Val MiFmax: 0.7481 | Val MaFmax: 0.7252 | Val Smin: 25.7331
Epoch 093 | Loss: 0.0000 | Val MiFmax: 0.7460 | Val MaFmax: 0.7261 | Val Smin: 25.7978
Epoch 094 | Loss: 0.0000 | Val MiFmax: 0.7466 | Val MaFmax: 0.7261 | Val Smin: 25.7660
Epoch 095 | Loss: 0.0000 | Val MiFmax: 0.7465 | Val MaFmax: 0.7267 | Val Smin: 25.8252
Epoch 096 | Loss: 0.0000 | Val MiFmax: 0.7468 | Val MaFmax: 0.7260 | Val Smin: 25.7620
Epoch 097 | Loss: 0.0000 | Val MiFmax: 0.7479 | Val MaFmax: 0.7266 | Val Smin: 25.7060
Epoch 098 | Loss: 0.0000 | Val MiFmax: 0.7481 | Val MaFmax: 0.7261 | Val Smin: 25.7038
Epoch 099 | Loss: 0.0000 | Val MiFmax: 0.7486 | Val MaFmax: 0.7268 | Val Smin: 25.7740
  --> New best model saved!
Epoch 100 | Loss: 0.0000 | Val MiFmax: 0.7477 | Val MaFmax: 0.7265 | Val Smin: 25.7659
Epoch 101 | Loss: 0.0000 | Val MiFmax: 0.7479 | Val MaFmax: 0.7261 | Val Smin: 25.7757
Epoch 102 | Loss: 0.0000 | Val MiFmax: 0.7481 | Val MaFmax: 0.7263 | Val Smin: 25.7660
Epoch 103 | Loss: 0.0000 | Val MiFmax: 0.7473 | Val MaFmax: 0.7261 | Val Smin: 25.8116
Epoch 104 | Loss: 0.0000 | Val MiFmax: 0.7472 | Val MaFmax: 0.7259 | Val Smin: 25.8024
Epoch 105 | Loss: 0.0000 | Val MiFmax: 0.7479 | Val MaFmax: 0.7259 | Val Smin: 25.7840
Epoch 106 | Loss: 0.0000 | Val MiFmax: 0.7471 | Val MaFmax: 0.7264 | Val Smin: 25.8074
Epoch 107 | Loss: 0.0000 | Val MiFmax: 0.7473 | Val MaFmax: 0.7263 | Val Smin: 25.7974
Epoch 108 | Loss: 0.0000 | Val MiFmax: 0.7474 | Val MaFmax: 0.7262 | Val Smin: 25.7975
Epoch 109 | Loss: 0.0000 | Val MiFmax: 0.7478 | Val MaFmax: 0.7263 | Val Smin: 25.7508
Epoch 110 | Loss: 0.0000 | Val MiFmax: 0.7479 | Val MaFmax: 0.7261 | Val Smin: 25.7299
Epoch 111 | Loss: 0.0000 | Val MiFmax: 0.7461 | Val MaFmax: 0.7264 | Val Smin: 25.8648
Epoch 112 | Loss: 0.0000 | Val MiFmax: 0.7487 | Val MaFmax: 0.7263 | Val Smin: 25.7066
Epoch 113 | Loss: 0.0000 | Val MiFmax: 0.7478 | Val MaFmax: 0.7264 | Val Smin: 25.7308
Epoch 114 | Loss: 0.0000 | Val MiFmax: 0.7486 | Val MaFmax: 0.7262 | Val Smin: 25.6939
Early stopping triggered after 114 epochs.
Training finished. Evaluating on Test Set...

--- TEST METRICS ---
Micro_Fmax: 0.6728
Macro_Fmax: 0.6558
Macro_AUROC: 0.8455
Micro_AUROC: 0.8300
Macro_AUPRC: 0.6061
Micro_AUPRC: 0.6296
Smin: 35.7029
------------------------------------------------------
  Tuning Run 2 / 27
  Ontology: biological_process | LR: 1e-4 | Dropout: 0.3 | Batch: 64
------------------------------------------------------
Using device: cuda
Loading datasets from preprocessing/data/split_files/datasets.pkl for biological_process...
Alpha weights not found. Using default FocalLoss (alpha=0.25, gamma=4.0).
Epoch 001 | Loss: 0.0168 | Val MiFmax: 0.0429 | Val MaFmax: 0.0767 | Val Smin: 69.1035
  --> New best model saved!
Epoch 002 | Loss: 0.0145 | Val MiFmax: 0.0456 | Val MaFmax: 0.0786 | Val Smin: 69.1114
  --> New best model saved!
Epoch 003 | Loss: 0.0135 | Val MiFmax: 0.0459 | Val MaFmax: 0.0843 | Val Smin: 69.0975
  --> New best model saved!
Epoch 004 | Loss: 0.0125 | Val MiFmax: 0.0566 | Val MaFmax: 0.0849 | Val Smin: 68.9402
  --> New best model saved!
Epoch 005 | Loss: 0.0114 | Val MiFmax: 0.0531 | Val MaFmax: 0.0862 | Val Smin: 68.9780
  --> New best model saved!
Epoch 006 | Loss: 0.0102 | Val MiFmax: 0.0554 | Val MaFmax: 0.0860 | Val Smin: 69.1350
Epoch 007 | Loss: 0.0084 | Val MiFmax: 0.0750 | Val MaFmax: 0.1015 | Val Smin: 68.9894
  --> New best model saved!
Epoch 008 | Loss: 0.0068 | Val MiFmax: 0.1208 | Val MaFmax: 0.1209 | Val Smin: 68.2851
  --> New best model saved!
Epoch 009 | Loss: 0.0054 | Val MiFmax: 0.1603 | Val MaFmax: 0.1182 | Val Smin: 67.4224
Epoch 010 | Loss: 0.0043 | Val MiFmax: 0.1766 | Val MaFmax: 0.1502 | Val Smin: 66.9062
  --> New best model saved!
Epoch 011 | Loss: 0.0036 | Val MiFmax: 0.2092 | Val MaFmax: 0.1640 | Val Smin: 65.7681
  --> New best model saved!
Epoch 012 | Loss: 0.0030 | Val MiFmax: 0.2029 | Val MaFmax: 0.1595 | Val Smin: 65.8613
Epoch 013 | Loss: 0.0025 | Val MiFmax: 0.2534 | Val MaFmax: 0.1947 | Val Smin: 63.4003
  --> New best model saved!
Epoch 014 | Loss: 0.0021 | Val MiFmax: 0.2455 | Val MaFmax: 0.2377 | Val Smin: 63.2462
  --> New best model saved!
Epoch 015 | Loss: 0.0019 | Val MiFmax: 0.2879 | Val MaFmax: 0.2833 | Val Smin: 60.4699
  --> New best model saved!
Epoch 016 | Loss: 0.0016 | Val MiFmax: 0.3571 | Val MaFmax: 0.3038 | Val Smin: 57.6601
  --> New best model saved!
Epoch 017 | Loss: 0.0014 | Val MiFmax: 0.3887 | Val MaFmax: 0.3512 | Val Smin: 55.9690
  --> New best model saved!
Epoch 018 | Loss: 0.0013 | Val MiFmax: 0.4131 | Val MaFmax: 0.3833 | Val Smin: 53.5800
  --> New best model saved!
Epoch 019 | Loss: 0.0012 | Val MiFmax: 0.4353 | Val MaFmax: 0.4058 | Val Smin: 51.6839
  --> New best model saved!
Epoch 020 | Loss: 0.0010 | Val MiFmax: 0.4387 | Val MaFmax: 0.4176 | Val Smin: 52.0078
  --> New best model saved!
Epoch 021 | Loss: 0.0010 | Val MiFmax: 0.4877 | Val MaFmax: 0.4573 | Val Smin: 47.6011
  --> New best model saved!
Epoch 022 | Loss: 0.0009 | Val MiFmax: 0.4938 | Val MaFmax: 0.4770 | Val Smin: 46.5159
  --> New best model saved!
Epoch 023 | Loss: 0.0008 | Val MiFmax: 0.4912 | Val MaFmax: 0.5041 | Val Smin: 48.0319
  --> New best model saved!
Epoch 024 | Loss: 0.0008 | Val MiFmax: 0.4691 | Val MaFmax: 0.5227 | Val Smin: 49.5522
  --> New best model saved!
Epoch 025 | Loss: 0.0007 | Val MiFmax: 0.5549 | Val MaFmax: 0.5417 | Val Smin: 42.1216
  --> New best model saved!
Epoch 026 | Loss: 0.0006 | Val MiFmax: 0.5569 | Val MaFmax: 0.5585 | Val Smin: 41.9959
  --> New best model saved!
Epoch 027 | Loss: 0.0006 | Val MiFmax: 0.5272 | Val MaFmax: 0.5769 | Val Smin: 44.2122
  --> New best model saved!
Epoch 028 | Loss: 0.0006 | Val MiFmax: 0.5674 | Val MaFmax: 0.5749 | Val Smin: 41.3054
Epoch 029 | Loss: 0.0005 | Val MiFmax: 0.5785 | Val MaFmax: 0.5905 | Val Smin: 40.2917
  --> New best model saved!
Epoch 030 | Loss: 0.0005 | Val MiFmax: 0.5898 | Val MaFmax: 0.5933 | Val Smin: 39.5453
  --> New best model saved!
Epoch 031 | Loss: 0.0005 | Val MiFmax: 0.5901 | Val MaFmax: 0.6131 | Val Smin: 38.9868
  --> New best model saved!
Epoch 032 | Loss: 0.0004 | Val MiFmax: 0.6078 | Val MaFmax: 0.6153 | Val Smin: 37.8789
  --> New best model saved!
Epoch 033 | Loss: 0.0004 | Val MiFmax: 0.5730 | Val MaFmax: 0.6206 | Val Smin: 39.2694
  --> New best model saved!
Epoch 034 | Loss: 0.0004 | Val MiFmax: 0.6142 | Val MaFmax: 0.6325 | Val Smin: 37.0661
  --> New best model saved!
Epoch 035 | Loss: 0.0004 | Val MiFmax: 0.6153 | Val MaFmax: 0.6307 | Val Smin: 37.1355
Epoch 036 | Loss: 0.0004 | Val MiFmax: 0.6253 | Val MaFmax: 0.6357 | Val Smin: 36.4370
  --> New best model saved!
Epoch 037 | Loss: 0.0003 | Val MiFmax: 0.6230 | Val MaFmax: 0.6460 | Val Smin: 36.4210
  --> New best model saved!
Epoch 038 | Loss: 0.0003 | Val MiFmax: 0.6254 | Val MaFmax: 0.6468 | Val Smin: 36.1337
  --> New best model saved!
Epoch 039 | Loss: 0.0003 | Val MiFmax: 0.6351 | Val MaFmax: 0.6571 | Val Smin: 35.6079
  --> New best model saved!
Epoch 040 | Loss: 0.0003 | Val MiFmax: 0.6209 | Val MaFmax: 0.6478 | Val Smin: 36.3940
Epoch 041 | Loss: 0.0003 | Val MiFmax: 0.6432 | Val MaFmax: 0.6547 | Val Smin: 34.7405
Epoch 042 | Loss: 0.0003 | Val MiFmax: 0.6466 | Val MaFmax: 0.6658 | Val Smin: 34.5977
  --> New best model saved!
Epoch 043 | Loss: 0.0002 | Val MiFmax: 0.6454 | Val MaFmax: 0.6683 | Val Smin: 34.6600
  --> New best model saved!
Epoch 044 | Loss: 0.0002 | Val MiFmax: 0.5540 | Val MaFmax: 0.6620 | Val Smin: 39.6282
Epoch 045 | Loss: 0.0002 | Val MiFmax: 0.6486 | Val MaFmax: 0.6721 | Val Smin: 34.3319
  --> New best model saved!
Epoch 046 | Loss: 0.0002 | Val MiFmax: 0.6522 | Val MaFmax: 0.6754 | Val Smin: 34.1680
  --> New best model saved!
Epoch 047 | Loss: 0.0002 | Val MiFmax: 0.6510 | Val MaFmax: 0.6828 | Val Smin: 33.7786
  --> New best model saved!
Epoch 048 | Loss: 0.0002 | Val MiFmax: 0.6652 | Val MaFmax: 0.6784 | Val Smin: 33.0319
Epoch 049 | Loss: 0.0002 | Val MiFmax: 0.6693 | Val MaFmax: 0.6839 | Val Smin: 32.7583
  --> New best model saved!
Epoch 050 | Loss: 0.0002 | Val MiFmax: 0.6640 | Val MaFmax: 0.6852 | Val Smin: 33.1803
  --> New best model saved!
Epoch 051 | Loss: 0.0002 | Val MiFmax: 0.6735 | Val MaFmax: 0.6855 | Val Smin: 32.4920
  --> New best model saved!
Epoch 052 | Loss: 0.0002 | Val MiFmax: 0.6754 | Val MaFmax: 0.6896 | Val Smin: 32.4973
  --> New best model saved!
Epoch 053 | Loss: 0.0002 | Val MiFmax: 0.6757 | Val MaFmax: 0.6961 | Val Smin: 32.3090
  --> New best model saved!
Epoch 054 | Loss: 0.0002 | Val MiFmax: 0.6682 | Val MaFmax: 0.6938 | Val Smin: 32.3039
Epoch 055 | Loss: 0.0002 | Val MiFmax: 0.6849 | Val MaFmax: 0.6928 | Val Smin: 31.6046
Epoch 056 | Loss: 0.0001 | Val MiFmax: 0.6763 | Val MaFmax: 0.6911 | Val Smin: 32.2833
Epoch 057 | Loss: 0.0001 | Val MiFmax: 0.6812 | Val MaFmax: 0.7034 | Val Smin: 31.7844
  --> New best model saved!
Epoch 058 | Loss: 0.0001 | Val MiFmax: 0.6879 | Val MaFmax: 0.7017 | Val Smin: 31.0500
Epoch 059 | Loss: 0.0001 | Val MiFmax: 0.6525 | Val MaFmax: 0.7030 | Val Smin: 32.7090
Epoch 060 | Loss: 0.0001 | Val MiFmax: 0.6834 | Val MaFmax: 0.7051 | Val Smin: 31.3872
  --> New best model saved!
Epoch 061 | Loss: 0.0001 | Val MiFmax: 0.6844 | Val MaFmax: 0.7049 | Val Smin: 31.4878
Epoch 062 | Loss: 0.0001 | Val MiFmax: 0.6695 | Val MaFmax: 0.7006 | Val Smin: 31.7108
Epoch 063 | Loss: 0.0001 | Val MiFmax: 0.6881 | Val MaFmax: 0.7038 | Val Smin: 31.0320
Epoch 064 | Loss: 0.0001 | Val MiFmax: 0.7021 | Val MaFmax: 0.7039 | Val Smin: 29.4541
Epoch 065 | Loss: 0.0001 | Val MiFmax: 0.6901 | Val MaFmax: 0.7109 | Val Smin: 30.4672
  --> New best model saved!
Epoch 066 | Loss: 0.0001 | Val MiFmax: 0.6969 | Val MaFmax: 0.7115 | Val Smin: 30.2119
  --> New best model saved!
Epoch 067 | Loss: 0.0001 | Val MiFmax: 0.6976 | Val MaFmax: 0.7114 | Val Smin: 30.0435
Epoch 068 | Loss: 0.0001 | Val MiFmax: 0.6792 | Val MaFmax: 0.7084 | Val Smin: 30.5754
Epoch 069 | Loss: 0.0001 | Val MiFmax: 0.6888 | Val MaFmax: 0.7144 | Val Smin: 30.8108
  --> New best model saved!
Epoch 070 | Loss: 0.0001 | Val MiFmax: 0.6982 | Val MaFmax: 0.7133 | Val Smin: 29.8767
Epoch 071 | Loss: 0.0001 | Val MiFmax: 0.6983 | Val MaFmax: 0.7050 | Val Smin: 30.4231
Epoch 072 | Loss: 0.0001 | Val MiFmax: 0.7028 | Val MaFmax: 0.7118 | Val Smin: 29.5874
Epoch 073 | Loss: 0.0001 | Val MiFmax: 0.6973 | Val MaFmax: 0.7130 | Val Smin: 29.8605
Epoch 074 | Loss: 0.0001 | Val MiFmax: 0.6877 | Val MaFmax: 0.7095 | Val Smin: 30.8412
Epoch 075 | Loss: 0.0001 | Val MiFmax: 0.7047 | Val MaFmax: 0.7110 | Val Smin: 29.1412
Epoch 076 | Loss: 0.0001 | Val MiFmax: 0.7058 | Val MaFmax: 0.7168 | Val Smin: 29.3666
  --> New best model saved!
Epoch 077 | Loss: 0.0001 | Val MiFmax: 0.7149 | Val MaFmax: 0.7141 | Val Smin: 28.1294
Epoch 078 | Loss: 0.0001 | Val MiFmax: 0.7124 | Val MaFmax: 0.7219 | Val Smin: 28.6338
  --> New best model saved!
Epoch 079 | Loss: 0.0001 | Val MiFmax: 0.7137 | Val MaFmax: 0.7181 | Val Smin: 28.2739
Epoch 080 | Loss: 0.0001 | Val MiFmax: 0.7146 | Val MaFmax: 0.7196 | Val Smin: 28.1499
Epoch 081 | Loss: 0.0001 | Val MiFmax: 0.7125 | Val MaFmax: 0.7167 | Val Smin: 28.8440
Epoch 082 | Loss: 0.0001 | Val MiFmax: 0.7150 | Val MaFmax: 0.7188 | Val Smin: 28.0888
Epoch 083 | Loss: 0.0001 | Val MiFmax: 0.7065 | Val MaFmax: 0.7173 | Val Smin: 28.6231
Epoch 084 | Loss: 0.0001 | Val MiFmax: 0.7118 | Val MaFmax: 0.7147 | Val Smin: 28.6051
Epoch 085 | Loss: 0.0001 | Val MiFmax: 0.7150 | Val MaFmax: 0.7202 | Val Smin: 28.0768
Epoch 086 | Loss: 0.0000 | Val MiFmax: 0.7160 | Val MaFmax: 0.7193 | Val Smin: 28.0108
Epoch 087 | Loss: 0.0000 | Val MiFmax: 0.7166 | Val MaFmax: 0.7168 | Val Smin: 27.8471
Epoch 088 | Loss: 0.0000 | Val MiFmax: 0.7153 | Val MaFmax: 0.7167 | Val Smin: 28.0489
Epoch 089 | Loss: 0.0000 | Val MiFmax: 0.7186 | Val MaFmax: 0.7176 | Val Smin: 27.7639
Epoch 090 | Loss: 0.0000 | Val MiFmax: 0.7168 | Val MaFmax: 0.7174 | Val Smin: 27.8852
Epoch 091 | Loss: 0.0000 | Val MiFmax: 0.7171 | Val MaFmax: 0.7172 | Val Smin: 27.9292
Epoch 092 | Loss: 0.0000 | Val MiFmax: 0.7173 | Val MaFmax: 0.7170 | Val Smin: 27.9784
Epoch 093 | Loss: 0.0000 | Val MiFmax: 0.7187 | Val MaFmax: 0.7180 | Val Smin: 27.8874
Early stopping triggered after 93 epochs.
Training finished. Evaluating on Test Set...

--- TEST METRICS ---
Micro_Fmax: 0.6644
Macro_Fmax: 0.6747
Macro_AUROC: 0.8621
Micro_AUROC: 0.8378
Macro_AUPRC: 0.6252
Micro_AUPRC: 0.6329
Smin: 35.7211
------------------------------------------------------
  Tuning Run 3 / 27
  Ontology: biological_process | LR: 1e-4 | Dropout: 0.4 | Batch: 64
------------------------------------------------------
Using device: cuda
Loading datasets from preprocessing/data/split_files/datasets.pkl for biological_process...
Alpha weights not found. Using default FocalLoss (alpha=0.25, gamma=4.0).
Epoch 001 | Loss: 0.0194 | Val MiFmax: 0.0400 | Val MaFmax: 0.0737 | Val Smin: 69.1654
  --> New best model saved!
Epoch 002 | Loss: 0.0162 | Val MiFmax: 0.0417 | Val MaFmax: 0.0759 | Val Smin: 69.0886
  --> New best model saved!
Epoch 003 | Loss: 0.0143 | Val MiFmax: 0.0506 | Val MaFmax: 0.0756 | Val Smin: 69.2124
Epoch 004 | Loss: 0.0132 | Val MiFmax: 0.0674 | Val MaFmax: 0.0801 | Val Smin: 69.1861
  --> New best model saved!
Epoch 005 | Loss: 0.0121 | Val MiFmax: 0.0589 | Val MaFmax: 0.0842 | Val Smin: 69.0835
  --> New best model saved!
Epoch 006 | Loss: 0.0110 | Val MiFmax: 0.0698 | Val MaFmax: 0.0853 | Val Smin: 69.0126
  --> New best model saved!
Epoch 007 | Loss: 0.0095 | Val MiFmax: 0.0852 | Val MaFmax: 0.0840 | Val Smin: 68.6075
Epoch 008 | Loss: 0.0082 | Val MiFmax: 0.0966 | Val MaFmax: 0.0936 | Val Smin: 68.9836
  --> New best model saved!
Epoch 009 | Loss: 0.0068 | Val MiFmax: 0.0963 | Val MaFmax: 0.0948 | Val Smin: 69.0992
  --> New best model saved!
Epoch 010 | Loss: 0.0057 | Val MiFmax: 0.1025 | Val MaFmax: 0.0991 | Val Smin: 68.0201
  --> New best model saved!
Epoch 011 | Loss: 0.0047 | Val MiFmax: 0.1425 | Val MaFmax: 0.1001 | Val Smin: 67.8839
  --> New best model saved!
Epoch 012 | Loss: 0.0038 | Val MiFmax: 0.1067 | Val MaFmax: 0.0886 | Val Smin: 68.0970
Epoch 013 | Loss: 0.0032 | Val MiFmax: 0.1655 | Val MaFmax: 0.1143 | Val Smin: 67.4745
  --> New best model saved!
Epoch 014 | Loss: 0.0028 | Val MiFmax: 0.1357 | Val MaFmax: 0.1254 | Val Smin: 67.5002
  --> New best model saved!
Epoch 015 | Loss: 0.0024 | Val MiFmax: 0.1415 | Val MaFmax: 0.1273 | Val Smin: 68.3345
  --> New best model saved!
Epoch 016 | Loss: 0.0022 | Val MiFmax: 0.1662 | Val MaFmax: 0.1281 | Val Smin: 67.5524
  --> New best model saved!
Epoch 017 | Loss: 0.0020 | Val MiFmax: 0.1629 | Val MaFmax: 0.1361 | Val Smin: 67.5977
  --> New best model saved!
Epoch 018 | Loss: 0.0018 | Val MiFmax: 0.1870 | Val MaFmax: 0.1425 | Val Smin: 66.5746
  --> New best model saved!
Epoch 019 | Loss: 0.0017 | Val MiFmax: 0.1497 | Val MaFmax: 0.1468 | Val Smin: 67.8938
  --> New best model saved!
Epoch 020 | Loss: 0.0015 | Val MiFmax: 0.1878 | Val MaFmax: 0.1477 | Val Smin: 67.0216
  --> New best model saved!
Epoch 021 | Loss: 0.0014 | Val MiFmax: 0.1565 | Val MaFmax: 0.1596 | Val Smin: 67.5067
  --> New best model saved!
Epoch 022 | Loss: 0.0013 | Val MiFmax: 0.3105 | Val MaFmax: 0.2861 | Val Smin: 60.0314
  --> New best model saved!
Epoch 023 | Loss: 0.0012 | Val MiFmax: 0.2771 | Val MaFmax: 0.2765 | Val Smin: 61.7931
Epoch 024 | Loss: 0.0011 | Val MiFmax: 0.3468 | Val MaFmax: 0.3173 | Val Smin: 57.9681
  --> New best model saved!
Epoch 025 | Loss: 0.0011 | Val MiFmax: 0.3486 | Val MaFmax: 0.3309 | Val Smin: 57.5743
  --> New best model saved!
Epoch 026 | Loss: 0.0010 | Val MiFmax: 0.3907 | Val MaFmax: 0.3638 | Val Smin: 55.0291
  --> New best model saved!
Epoch 027 | Loss: 0.0009 | Val MiFmax: 0.3976 | Val MaFmax: 0.3779 | Val Smin: 55.1035
  --> New best model saved!
Epoch 028 | Loss: 0.0009 | Val MiFmax: 0.4076 | Val MaFmax: 0.4073 | Val Smin: 54.1965
  --> New best model saved!
Epoch 029 | Loss: 0.0008 | Val MiFmax: 0.4290 | Val MaFmax: 0.4115 | Val Smin: 52.6612
  --> New best model saved!
Epoch 030 | Loss: 0.0008 | Val MiFmax: 0.4542 | Val MaFmax: 0.4300 | Val Smin: 50.5280
  --> New best model saved!
Epoch 031 | Loss: 0.0007 | Val MiFmax: 0.4755 | Val MaFmax: 0.4554 | Val Smin: 48.9426
  --> New best model saved!
Epoch 032 | Loss: 0.0007 | Val MiFmax: 0.4850 | Val MaFmax: 0.4739 | Val Smin: 48.3234
  --> New best model saved!
Epoch 033 | Loss: 0.0007 | Val MiFmax: 0.4955 | Val MaFmax: 0.5003 | Val Smin: 47.0675
  --> New best model saved!
Epoch 034 | Loss: 0.0006 | Val MiFmax: 0.5181 | Val MaFmax: 0.5110 | Val Smin: 45.4638
  --> New best model saved!
Epoch 035 | Loss: 0.0006 | Val MiFmax: 0.5092 | Val MaFmax: 0.5209 | Val Smin: 44.4523
  --> New best model saved!
Epoch 036 | Loss: 0.0006 | Val MiFmax: 0.5596 | Val MaFmax: 0.5439 | Val Smin: 41.8665
  --> New best model saved!
Epoch 037 | Loss: 0.0005 | Val MiFmax: 0.5356 | Val MaFmax: 0.5593 | Val Smin: 43.9554
  --> New best model saved!
Epoch 038 | Loss: 0.0005 | Val MiFmax: 0.5729 | Val MaFmax: 0.5649 | Val Smin: 40.6555
  --> New best model saved!
Epoch 039 | Loss: 0.0005 | Val MiFmax: 0.5782 | Val MaFmax: 0.5767 | Val Smin: 39.8303
  --> New best model saved!
Epoch 040 | Loss: 0.0004 | Val MiFmax: 0.5930 | Val MaFmax: 0.5872 | Val Smin: 39.0596
  --> New best model saved!
Epoch 041 | Loss: 0.0004 | Val MiFmax: 0.6007 | Val MaFmax: 0.5878 | Val Smin: 38.5840
  --> New best model saved!
Epoch 042 | Loss: 0.0004 | Val MiFmax: 0.6035 | Val MaFmax: 0.5996 | Val Smin: 38.2764
  --> New best model saved!
Epoch 043 | Loss: 0.0004 | Val MiFmax: 0.6102 | Val MaFmax: 0.6139 | Val Smin: 37.4769
  --> New best model saved!
Epoch 044 | Loss: 0.0004 | Val MiFmax: 0.6154 | Val MaFmax: 0.6167 | Val Smin: 37.3470
  --> New best model saved!
Epoch 045 | Loss: 0.0004 | Val MiFmax: 0.6202 | Val MaFmax: 0.6222 | Val Smin: 36.8645
  --> New best model saved!
Epoch 046 | Loss: 0.0003 | Val MiFmax: 0.6042 | Val MaFmax: 0.6216 | Val Smin: 37.5609
Epoch 047 | Loss: 0.0003 | Val MiFmax: 0.6235 | Val MaFmax: 0.6307 | Val Smin: 36.6703
  --> New best model saved!
Epoch 048 | Loss: 0.0003 | Val MiFmax: 0.6366 | Val MaFmax: 0.6439 | Val Smin: 35.6286
  --> New best model saved!
Epoch 049 | Loss: 0.0003 | Val MiFmax: 0.6235 | Val MaFmax: 0.6423 | Val Smin: 36.7438
Epoch 050 | Loss: 0.0003 | Val MiFmax: 0.6477 | Val MaFmax: 0.6541 | Val Smin: 34.8698
  --> New best model saved!
Epoch 051 | Loss: 0.0003 | Val MiFmax: 0.6416 | Val MaFmax: 0.6487 | Val Smin: 35.1961
Epoch 052 | Loss: 0.0003 | Val MiFmax: 0.6476 | Val MaFmax: 0.6559 | Val Smin: 34.5722
  --> New best model saved!
Epoch 053 | Loss: 0.0003 | Val MiFmax: 0.6423 | Val MaFmax: 0.6615 | Val Smin: 34.8479
  --> New best model saved!
Epoch 054 | Loss: 0.0002 | Val MiFmax: 0.6530 | Val MaFmax: 0.6623 | Val Smin: 34.2206
  --> New best model saved!
Epoch 055 | Loss: 0.0002 | Val MiFmax: 0.6540 | Val MaFmax: 0.6676 | Val Smin: 34.2266
  --> New best model saved!
Epoch 056 | Loss: 0.0002 | Val MiFmax: 0.6531 | Val MaFmax: 0.6707 | Val Smin: 34.0437
  --> New best model saved!
Epoch 057 | Loss: 0.0002 | Val MiFmax: 0.6654 | Val MaFmax: 0.6766 | Val Smin: 33.5087
  --> New best model saved!
Epoch 058 | Loss: 0.0002 | Val MiFmax: 0.6713 | Val MaFmax: 0.6769 | Val Smin: 32.9867
  --> New best model saved!
Epoch 059 | Loss: 0.0002 | Val MiFmax: 0.6256 | Val MaFmax: 0.6841 | Val Smin: 34.7364
  --> New best model saved!
Epoch 060 | Loss: 0.0002 | Val MiFmax: 0.6631 | Val MaFmax: 0.6813 | Val Smin: 33.3992
Epoch 061 | Loss: 0.0002 | Val MiFmax: 0.6697 | Val MaFmax: 0.6801 | Val Smin: 33.0962
Epoch 062 | Loss: 0.0002 | Val MiFmax: 0.6649 | Val MaFmax: 0.6848 | Val Smin: 33.3400
  --> New best model saved!
Epoch 063 | Loss: 0.0002 | Val MiFmax: 0.6757 | Val MaFmax: 0.6922 | Val Smin: 32.3838
  --> New best model saved!
Epoch 064 | Loss: 0.0002 | Val MiFmax: 0.6821 | Val MaFmax: 0.6959 | Val Smin: 32.1450
  --> New best model saved!
Epoch 065 | Loss: 0.0002 | Val MiFmax: 0.6777 | Val MaFmax: 0.6954 | Val Smin: 32.1214
Epoch 066 | Loss: 0.0002 | Val MiFmax: 0.6831 | Val MaFmax: 0.6889 | Val Smin: 32.0380
Epoch 067 | Loss: 0.0002 | Val MiFmax: 0.6760 | Val MaFmax: 0.6979 | Val Smin: 32.4204
  --> New best model saved!
Epoch 068 | Loss: 0.0001 | Val MiFmax: 0.6868 | Val MaFmax: 0.6987 | Val Smin: 30.8386
  --> New best model saved!
Epoch 069 | Loss: 0.0001 | Val MiFmax: 0.6788 | Val MaFmax: 0.6977 | Val Smin: 31.5886
Epoch 070 | Loss: 0.0001 | Val MiFmax: 0.6926 | Val MaFmax: 0.7035 | Val Smin: 31.3912
  --> New best model saved!
Epoch 071 | Loss: 0.0001 | Val MiFmax: 0.6815 | Val MaFmax: 0.7034 | Val Smin: 31.8098
Epoch 072 | Loss: 0.0001 | Val MiFmax: 0.6878 | Val MaFmax: 0.7093 | Val Smin: 31.4285
  --> New best model saved!
Epoch 073 | Loss: 0.0001 | Val MiFmax: 0.6819 | Val MaFmax: 0.6956 | Val Smin: 31.4056
Epoch 074 | Loss: 0.0001 | Val MiFmax: 0.6862 | Val MaFmax: 0.7025 | Val Smin: 31.4660
Epoch 075 | Loss: 0.0001 | Val MiFmax: 0.6903 | Val MaFmax: 0.7093 | Val Smin: 30.9846
  --> New best model saved!
Epoch 076 | Loss: 0.0001 | Val MiFmax: 0.6892 | Val MaFmax: 0.7132 | Val Smin: 30.8403
  --> New best model saved!
Epoch 077 | Loss: 0.0001 | Val MiFmax: 0.6977 | Val MaFmax: 0.7096 | Val Smin: 30.4373
Epoch 078 | Loss: 0.0001 | Val MiFmax: 0.6929 | Val MaFmax: 0.7078 | Val Smin: 30.5686
Epoch 079 | Loss: 0.0001 | Val MiFmax: 0.6917 | Val MaFmax: 0.7144 | Val Smin: 30.3393
  --> New best model saved!
Epoch 080 | Loss: 0.0001 | Val MiFmax: 0.6950 | Val MaFmax: 0.7123 | Val Smin: 30.7836
Epoch 081 | Loss: 0.0001 | Val MiFmax: 0.6939 | Val MaFmax: 0.7118 | Val Smin: 30.4863
Epoch 082 | Loss: 0.0001 | Val MiFmax: 0.7078 | Val MaFmax: 0.7134 | Val Smin: 28.8422
Epoch 083 | Loss: 0.0001 | Val MiFmax: 0.6988 | Val MaFmax: 0.7065 | Val Smin: 29.7811
Epoch 084 | Loss: 0.0001 | Val MiFmax: 0.7048 | Val MaFmax: 0.7053 | Val Smin: 30.1082
Epoch 085 | Loss: 0.0001 | Val MiFmax: 0.6995 | Val MaFmax: 0.7155 | Val Smin: 29.6944
  --> New best model saved!
Epoch 086 | Loss: 0.0001 | Val MiFmax: 0.7010 | Val MaFmax: 0.7112 | Val Smin: 29.9805
Epoch 087 | Loss: 0.0001 | Val MiFmax: 0.7065 | Val MaFmax: 0.7118 | Val Smin: 29.8799
Epoch 088 | Loss: 0.0001 | Val MiFmax: 0.6985 | Val MaFmax: 0.7114 | Val Smin: 30.3981
Epoch 089 | Loss: 0.0001 | Val MiFmax: 0.7038 | Val MaFmax: 0.7131 | Val Smin: 29.9710
Epoch 090 | Loss: 0.0001 | Val MiFmax: 0.7156 | Val MaFmax: 0.7163 | Val Smin: 29.0386
  --> New best model saved!
Epoch 091 | Loss: 0.0001 | Val MiFmax: 0.7077 | Val MaFmax: 0.7121 | Val Smin: 29.6991
Epoch 092 | Loss: 0.0001 | Val MiFmax: 0.7050 | Val MaFmax: 0.7192 | Val Smin: 29.8246
  --> New best model saved!
Epoch 093 | Loss: 0.0001 | Val MiFmax: 0.7013 | Val MaFmax: 0.7123 | Val Smin: 30.3476
Epoch 094 | Loss: 0.0001 | Val MiFmax: 0.7131 | Val MaFmax: 0.7262 | Val Smin: 29.1094
  --> New best model saved!
Epoch 095 | Loss: 0.0001 | Val MiFmax: 0.7115 | Val MaFmax: 0.7170 | Val Smin: 29.4549
Epoch 096 | Loss: 0.0001 | Val MiFmax: 0.7150 | Val MaFmax: 0.7211 | Val Smin: 29.0488
Epoch 097 | Loss: 0.0001 | Val MiFmax: 0.7110 | Val MaFmax: 0.7261 | Val Smin: 29.0019
Epoch 098 | Loss: 0.0001 | Val MiFmax: 0.7112 | Val MaFmax: 0.7214 | Val Smin: 29.1959
Epoch 099 | Loss: 0.0001 | Val MiFmax: 0.7151 | Val MaFmax: 0.7271 | Val Smin: 28.2079
  --> New best model saved!
Epoch 100 | Loss: 0.0001 | Val MiFmax: 0.7152 | Val MaFmax: 0.7245 | Val Smin: 29.2458
Epoch 101 | Loss: 0.0001 | Val MiFmax: 0.7155 | Val MaFmax: 0.7254 | Val Smin: 28.9575
Epoch 102 | Loss: 0.0001 | Val MiFmax: 0.7203 | Val MaFmax: 0.7282 | Val Smin: 28.6862
  --> New best model saved!
Epoch 103 | Loss: 0.0001 | Val MiFmax: 0.7161 | Val MaFmax: 0.7225 | Val Smin: 28.3221
Epoch 104 | Loss: 0.0001 | Val MiFmax: 0.7120 | Val MaFmax: 0.7077 | Val Smin: 28.7603
Epoch 105 | Loss: 0.0001 | Val MiFmax: 0.7156 | Val MaFmax: 0.7119 | Val Smin: 28.9071
Epoch 106 | Loss: 0.0001 | Val MiFmax: 0.7158 | Val MaFmax: 0.7165 | Val Smin: 28.8884
Epoch 107 | Loss: 0.0001 | Val MiFmax: 0.7098 | Val MaFmax: 0.7161 | Val Smin: 29.1181
Epoch 108 | Loss: 0.0001 | Val MiFmax: 0.7086 | Val MaFmax: 0.7172 | Val Smin: 29.3293
Epoch 109 | Loss: 0.0000 | Val MiFmax: 0.7199 | Val MaFmax: 0.7207 | Val Smin: 28.6368
Epoch 110 | Loss: 0.0000 | Val MiFmax: 0.7198 | Val MaFmax: 0.7205 | Val Smin: 28.5678
Epoch 111 | Loss: 0.0000 | Val MiFmax: 0.7197 | Val MaFmax: 0.7202 | Val Smin: 28.5183
Epoch 112 | Loss: 0.0000 | Val MiFmax: 0.7227 | Val MaFmax: 0.7198 | Val Smin: 28.4527
Epoch 113 | Loss: 0.0000 | Val MiFmax: 0.7281 | Val MaFmax: 0.7219 | Val Smin: 27.9849
Epoch 114 | Loss: 0.0000 | Val MiFmax: 0.7252 | Val MaFmax: 0.7228 | Val Smin: 28.2007
Epoch 115 | Loss: 0.0000 | Val MiFmax: 0.7283 | Val MaFmax: 0.7224 | Val Smin: 28.0768
Epoch 116 | Loss: 0.0000 | Val MiFmax: 0.7262 | Val MaFmax: 0.7229 | Val Smin: 27.9108
Epoch 117 | Loss: 0.0000 | Val MiFmax: 0.7290 | Val MaFmax: 0.7239 | Val Smin: 27.6111
Early stopping triggered after 117 epochs.
Training finished. Evaluating on Test Set...

--- TEST METRICS ---
Micro_Fmax: 0.6693
Macro_Fmax: 0.6669
Macro_AUROC: 0.8520
Micro_AUROC: 0.8386
Macro_AUPRC: 0.6214
Micro_AUPRC: 0.6391
Smin: 35.5543
------------------------------------------------------
  Tuning Run 4 / 27
  Ontology: biological_process | LR: 5e-4 | Dropout: 0.2 | Batch: 64
------------------------------------------------------
