Traceback (most recent call last):
  File "/home/ganeshiny.sridharan/dgg/deep-green-GO/train.py", line 16, in <module>
    from utils import load_alpha_weights
  File "/home/ganeshiny.sridharan/dgg/deep-green-GO/utils.py", line 9, in <module>
    from preprocessing.biotoolbox.structure_file_reader import build_structure_container_for_pdb
ModuleNotFoundError: No module named 'preprocessing.biotoolbox'
Traceback (most recent call last):
  File "/home/ganeshiny.sridharan/dgg/deep-green-GO/train.py", line 16, in <module>
    from utils import load_alpha_weights
  File "/home/ganeshiny.sridharan/dgg/deep-green-GO/utils.py", line 9, in <module>
    from preprocessing.biotoolbox.structure_file_reader import build_structure_container_for_pdb
ModuleNotFoundError: No module named 'preprocessing.biotoolbox'
Traceback (most recent call last):
  File "/home/ganeshiny.sridharan/dgg/deep-green-GO/train.py", line 16, in <module>
    from utils import load_alpha_weights
  File "/home/ganeshiny.sridharan/dgg/deep-green-GO/utils.py", line 9, in <module>
    from preprocessing.biotoolbox.structure_file_reader import build_structure_container_for_pdb
ModuleNotFoundError: No module named 'preprocessing.biotoolbox'
Traceback (most recent call last):
  File "/home/ganeshiny.sridharan/dgg/deep-green-GO/train.py", line 16, in <module>
    from utils import load_alpha_weights
  File "/home/ganeshiny.sridharan/dgg/deep-green-GO/utils.py", line 9, in <module>
    from preprocessing.biotoolbox.structure_file_reader import build_structure_container_for_pdb
ModuleNotFoundError: No module named 'preprocessing.biotoolbox'
Traceback (most recent call last):
  File "/home/ganeshiny.sridharan/dgg/deep-green-GO/train.py", line 16, in <module>
    from utils import load_alpha_weights
  File "/home/ganeshiny.sridharan/dgg/deep-green-GO/utils.py", line 9, in <module>
    from preprocessing.biotoolbox.structure_file_reader import build_structure_container_for_pdb
ModuleNotFoundError: No module named 'preprocessing.biotoolbox'
Traceback (most recent call last):
  File "/home/ganeshiny.sridharan/dgg/deep-green-GO/train.py", line 16, in <module>
    from utils import load_alpha_weights
  File "/home/ganeshiny.sridharan/dgg/deep-green-GO/utils.py", line 9, in <module>
    from preprocessing.biotoolbox.structure_file_reader import build_structure_container_for_pdb
ModuleNotFoundError: No module named 'preprocessing.biotoolbox'
Traceback (most recent call last):
  File "/home/ganeshiny.sridharan/dgg/deep-green-GO/train.py", line 16, in <module>
    from utils import load_alpha_weights
  File "/home/ganeshiny.sridharan/dgg/deep-green-GO/utils.py", line 9, in <module>
    from preprocessing.biotoolbox.structure_file_reader import build_structure_container_for_pdb
ModuleNotFoundError: No module named 'preprocessing.biotoolbox'
Traceback (most recent call last):
  File "/home/ganeshiny.sridharan/dgg/deep-green-GO/train.py", line 16, in <module>
    from utils import load_alpha_weights
  File "/home/ganeshiny.sridharan/dgg/deep-green-GO/utils.py", line 9, in <module>
    from preprocessing.biotoolbox.structure_file_reader import build_structure_container_for_pdb
ModuleNotFoundError: No module named 'preprocessing.biotoolbox'
Traceback (most recent call last):
  File "/home/ganeshiny.sridharan/dgg/deep-green-GO/train.py", line 16, in <module>
    from utils import load_alpha_weights
  File "/home/ganeshiny.sridharan/dgg/deep-green-GO/utils.py", line 9, in <module>
    from preprocessing.biotoolbox.structure_file_reader import build_structure_container_for_pdb
ModuleNotFoundError: No module named 'preprocessing.biotoolbox'
Traceback (most recent call last):
  File "/home/ganeshiny.sridharan/dgg/deep-green-GO/train.py", line 16, in <module>
    from utils import load_alpha_weights
  File "/home/ganeshiny.sridharan/dgg/deep-green-GO/utils.py", line 9, in <module>
    from preprocessing.biotoolbox.structure_file_reader import build_structure_container_for_pdb
ModuleNotFoundError: No module named 'preprocessing.biotoolbox'
Traceback (most recent call last):
  File "/home/ganeshiny.sridharan/dgg/deep-green-GO/train.py", line 16, in <module>
    from utils import load_alpha_weights
  File "/home/ganeshiny.sridharan/dgg/deep-green-GO/utils.py", line 9, in <module>
    from preprocessing.biotoolbox.structure_file_reader import build_structure_container_for_pdb
ModuleNotFoundError: No module named 'preprocessing.biotoolbox'
Traceback (most recent call last):
  File "/home/ganeshiny.sridharan/dgg/deep-green-GO/train.py", line 16, in <module>
    from utils import load_alpha_weights
  File "/home/ganeshiny.sridharan/dgg/deep-green-GO/utils.py", line 9, in <module>
    from preprocessing.biotoolbox.structure_file_reader import build_structure_container_for_pdb
ModuleNotFoundError: No module named 'preprocessing.biotoolbox'
Traceback (most recent call last):
  File "/home/ganeshiny.sridharan/dgg/deep-green-GO/train.py", line 16, in <module>
    from utils import load_alpha_weights
  File "/home/ganeshiny.sridharan/dgg/deep-green-GO/utils.py", line 9, in <module>
    from preprocessing.biotoolbox.structure_file_reader import build_structure_container_for_pdb
ModuleNotFoundError: No module named 'preprocessing.biotoolbox'
Traceback (most recent call last):
  File "/home/ganeshiny.sridharan/dgg/deep-green-GO/train.py", line 16, in <module>
    from utils import load_alpha_weights
  File "/home/ganeshiny.sridharan/dgg/deep-green-GO/utils.py", line 9, in <module>
    from preprocessing.biotoolbox.structure_file_reader import build_structure_container_for_pdb
ModuleNotFoundError: No module named 'preprocessing.biotoolbox'
Traceback (most recent call last):
  File "/home/ganeshiny.sridharan/dgg/deep-green-GO/train.py", line 16, in <module>
    from utils import load_alpha_weights
  File "/home/ganeshiny.sridharan/dgg/deep-green-GO/utils.py", line 9, in <module>
    from preprocessing.biotoolbox.structure_file_reader import build_structure_container_for_pdb
ModuleNotFoundError: No module named 'preprocessing.biotoolbox'
Traceback (most recent call last):
  File "/home/ganeshiny.sridharan/dgg/deep-green-GO/train.py", line 16, in <module>
    from utils import load_alpha_weights
  File "/home/ganeshiny.sridharan/dgg/deep-green-GO/utils.py", line 9, in <module>
    from preprocessing.biotoolbox.structure_file_reader import build_structure_container_for_pdb
ModuleNotFoundError: No module named 'preprocessing.biotoolbox'
Traceback (most recent call last):
  File "/home/ganeshiny.sridharan/dgg/deep-green-GO/train.py", line 16, in <module>
    from utils import load_alpha_weights
  File "/home/ganeshiny.sridharan/dgg/deep-green-GO/utils.py", line 9, in <module>
    from preprocessing.biotoolbox.structure_file_reader import build_structure_container_for_pdb
ModuleNotFoundError: No module named 'preprocessing.biotoolbox'
Traceback (most recent call last):
  File "/home/ganeshiny.sridharan/dgg/deep-green-GO/train.py", line 16, in <module>
    from utils import load_alpha_weights
  File "/home/ganeshiny.sridharan/dgg/deep-green-GO/utils.py", line 9, in <module>
    from preprocessing.biotoolbox.structure_file_reader import build_structure_container_for_pdb
ModuleNotFoundError: No module named 'preprocessing.biotoolbox'
Traceback (most recent call last):
  File "/home/ganeshiny.sridharan/dgg/deep-green-GO/train.py", line 16, in <module>
    from utils import load_alpha_weights
  File "/home/ganeshiny.sridharan/dgg/deep-green-GO/utils.py", line 9, in <module>
    from preprocessing.biotoolbox.structure_file_reader import build_structure_container_for_pdb
ModuleNotFoundError: No module named 'preprocessing.biotoolbox'
Traceback (most recent call last):
  File "/home/ganeshiny.sridharan/dgg/deep-green-GO/train.py", line 16, in <module>
    from utils import load_alpha_weights
  File "/home/ganeshiny.sridharan/dgg/deep-green-GO/utils.py", line 9, in <module>
    from preprocessing.biotoolbox.structure_file_reader import build_structure_container_for_pdb
ModuleNotFoundError: No module named 'preprocessing.biotoolbox'
Traceback (most recent call last):
  File "/home/ganeshiny.sridharan/dgg/deep-green-GO/train.py", line 16, in <module>
    from utils import load_alpha_weights
  File "/home/ganeshiny.sridharan/dgg/deep-green-GO/utils.py", line 9, in <module>
    from preprocessing.biotoolbox.structure_file_reader import build_structure_container_for_pdb
ModuleNotFoundError: No module named 'preprocessing.biotoolbox'
Traceback (most recent call last):
  File "/home/ganeshiny.sridharan/dgg/deep-green-GO/train.py", line 16, in <module>
    from utils import load_alpha_weights
  File "/home/ganeshiny.sridharan/dgg/deep-green-GO/utils.py", line 9, in <module>
    from preprocessing.biotoolbox.structure_file_reader import build_structure_container_for_pdb
ModuleNotFoundError: No module named 'preprocessing.biotoolbox'
Traceback (most recent call last):
  File "/home/ganeshiny.sridharan/dgg/deep-green-GO/train.py", line 16, in <module>
    from utils import load_alpha_weights
  File "/home/ganeshiny.sridharan/dgg/deep-green-GO/utils.py", line 9, in <module>
    from preprocessing.biotoolbox.structure_file_reader import build_structure_container_for_pdb
ModuleNotFoundError: No module named 'preprocessing.biotoolbox'
Traceback (most recent call last):
  File "/home/ganeshiny.sridharan/dgg/deep-green-GO/train.py", line 16, in <module>
    from utils import load_alpha_weights
  File "/home/ganeshiny.sridharan/dgg/deep-green-GO/utils.py", line 9, in <module>
    from preprocessing.biotoolbox.structure_file_reader import build_structure_container_for_pdb
ModuleNotFoundError: No module named 'preprocessing.biotoolbox'
Traceback (most recent call last):
  File "/home/ganeshiny.sridharan/dgg/deep-green-GO/train.py", line 16, in <module>
    from utils import load_alpha_weights
  File "/home/ganeshiny.sridharan/dgg/deep-green-GO/utils.py", line 9, in <module>
    from preprocessing.biotoolbox.structure_file_reader import build_structure_container_for_pdb
ModuleNotFoundError: No module named 'preprocessing.biotoolbox'
Traceback (most recent call last):
  File "/home/ganeshiny.sridharan/dgg/deep-green-GO/train.py", line 16, in <module>
    from utils import load_alpha_weights
  File "/home/ganeshiny.sridharan/dgg/deep-green-GO/utils.py", line 9, in <module>
    from preprocessing.biotoolbox.structure_file_reader import build_structure_container_for_pdb
ModuleNotFoundError: No module named 'preprocessing.biotoolbox'
Traceback (most recent call last):
  File "/home/ganeshiny.sridharan/dgg/deep-green-GO/train.py", line 16, in <module>
    from utils import load_alpha_weights
  File "/home/ganeshiny.sridharan/dgg/deep-green-GO/utils.py", line 9, in <module>
    from preprocessing.biotoolbox.structure_file_reader import build_structure_container_for_pdb
ModuleNotFoundError: No module named 'preprocessing.biotoolbox'
Traceback (most recent call last):
  File "/home/ganeshiny.sridharan/dgg/deep-green-GO/train.py", line 16, in <module>
    from utils import load_alpha_weights
  File "/home/ganeshiny.sridharan/dgg/deep-green-GO/utils.py", line 9, in <module>
    from preprocessing.biotoolbox.structure_file_reader import build_structure_container_for_pdb
ModuleNotFoundError: No module named 'preprocessing.biotoolbox'
Traceback (most recent call last):
  File "/home/ganeshiny.sridharan/dgg/deep-green-GO/train.py", line 16, in <module>
    from utils import load_alpha_weights
  File "/home/ganeshiny.sridharan/dgg/deep-green-GO/utils.py", line 9, in <module>
    from preprocessing.biotoolbox.structure_file_reader import build_structure_container_for_pdb
ModuleNotFoundError: No module named 'preprocessing.biotoolbox'
Traceback (most recent call last):
  File "/home/ganeshiny.sridharan/dgg/deep-green-GO/train.py", line 16, in <module>
    from utils import load_alpha_weights
  File "/home/ganeshiny.sridharan/dgg/deep-green-GO/utils.py", line 9, in <module>
    from preprocessing.biotoolbox.structure_file_reader import build_structure_container_for_pdb
ModuleNotFoundError: No module named 'preprocessing.biotoolbox'
Traceback (most recent call last):
  File "/home/ganeshiny.sridharan/dgg/deep-green-GO/train.py", line 16, in <module>
    from utils import load_alpha_weights
  File "/home/ganeshiny.sridharan/dgg/deep-green-GO/utils.py", line 9, in <module>
    from preprocessing.biotoolbox.structure_file_reader import build_structure_container_for_pdb
ModuleNotFoundError: No module named 'preprocessing.biotoolbox'
Traceback (most recent call last):
  File "/home/ganeshiny.sridharan/dgg/deep-green-GO/train.py", line 16, in <module>
    from utils import load_alpha_weights
  File "/home/ganeshiny.sridharan/dgg/deep-green-GO/utils.py", line 9, in <module>
    from preprocessing.biotoolbox.structure_file_reader import build_structure_container_for_pdb
ModuleNotFoundError: No module named 'preprocessing.biotoolbox'
Traceback (most recent call last):
  File "/home/ganeshiny.sridharan/dgg/deep-green-GO/train.py", line 16, in <module>
    from utils import load_alpha_weights
  File "/home/ganeshiny.sridharan/dgg/deep-green-GO/utils.py", line 9, in <module>
    from preprocessing.biotoolbox.structure_file_reader import build_structure_container_for_pdb
ModuleNotFoundError: No module named 'preprocessing.biotoolbox'
Traceback (most recent call last):
  File "/home/ganeshiny.sridharan/dgg/deep-green-GO/train.py", line 16, in <module>
    from utils import load_alpha_weights
  File "/home/ganeshiny.sridharan/dgg/deep-green-GO/utils.py", line 9, in <module>
    from preprocessing.biotoolbox.structure_file_reader import build_structure_container_for_pdb
ModuleNotFoundError: No module named 'preprocessing.biotoolbox'
Traceback (most recent call last):
  File "/home/ganeshiny.sridharan/dgg/deep-green-GO/train.py", line 16, in <module>
    from utils import load_alpha_weights
  File "/home/ganeshiny.sridharan/dgg/deep-green-GO/utils.py", line 9, in <module>
    from preprocessing.biotoolbox.structure_file_reader import build_structure_container_for_pdb
ModuleNotFoundError: No module named 'preprocessing.biotoolbox'
Traceback (most recent call last):
  File "/home/ganeshiny.sridharan/dgg/deep-green-GO/train.py", line 16, in <module>
    from utils import load_alpha_weights
  File "/home/ganeshiny.sridharan/dgg/deep-green-GO/utils.py", line 9, in <module>
    from preprocessing.biotoolbox.structure_file_reader import build_structure_container_for_pdb
ModuleNotFoundError: No module named 'preprocessing.biotoolbox'
slurmstepd: error: *** JOB 44265505 ON fg6 CANCELLED AT 2026-06-25T14:46:15 ***
